
RAxML-NG v. 0.9.0 released on 20.05.2019 by The Exelixis Lab.
Developed by: Alexey M. Kozlov and Alexandros Stamatakis.
Contributors: Diego Darriba, Tomas Flouri, Benoit Morel, Sarah Lutteropp, Ben Bettisworth.
Latest version: https://github.com/amkozlov/raxml-ng
Questions/problems/suggestions? Please visit: https://groups.google.com/forum/#!forum/raxml

RAxML-NG was called at 14-Jul-2023 23:20:02 as follows:

raxml-ng --all --model Blosum62+G --msa results/windows/window_position_1040_1140.fa --prefix results/RaxMl/1040_1140 --msa-format FASTA --tree pars{5} --seed 239 --threads 2 --force --bs-trees 100 --bs-metric fbp

Analysis options:
  run mode: ML tree search + bootstrapping (Felsenstein Bootstrap)
  start tree(s): parsimony (5)
  bootstrap replicates: 100
  random seed: 239
  tip-inner: OFF
  pattern compression: ON
  per-rate scalers: OFF
  site repeats: ON
  branch lengths: proportional (ML estimate, algorithm: NR-FAST)
  SIMD kernels: SSE3
  parallelization: PTHREADS (2 threads), thread pinning: OFF

WARNING: Running in FORCE mode: all safety checks are disabled!

[00:00:00] Reading alignment from file: results/windows/window_position_1040_1140.fa
[00:00:00] Loaded alignment with 47 taxa and 100 sites

Alignment comprises 1 partitions and 94 patterns

Partition 0: noname
Model: BLOSUM62+G4m
Alignment sites / patterns: 100 / 94
Gaps: 0.00 %
Invariant sites: 14.00 %


NOTE: Binary MSA file created: results/RaxMl/1040_1140.raxml.rba

[00:00:00] Generating 5 parsimony starting tree(s) with 47 taxa
[00:00:00] Data distribution: max. partitions/sites/weight per thread: 1 / 47 / 3760

Starting ML tree search with 5 distinct starting trees

[00:01:34] ML tree search #1, logLikelihood: -1208.427397
[00:02:37] ML tree search #2, logLikelihood: -1208.427403
[00:04:22] ML tree search #3, logLikelihood: -1208.427405
[00:05:38] ML tree search #4, logLikelihood: -1208.427454
[00:06:54] ML tree search #5, logLikelihood: -1208.427451

[00:06:54] ML tree search completed, best tree logLH: -1208.427397

[00:06:54] Starting bootstrapping analysis with 100 replicates.

[00:07:57] Bootstrap tree #1, logLikelihood: -1260.022529
[00:09:00] Bootstrap tree #2, logLikelihood: -1123.520539
[00:10:01] Bootstrap tree #3, logLikelihood: -1114.960045
[00:11:01] Bootstrap tree #4, logLikelihood: -1261.855592
[00:12:04] Bootstrap tree #5, logLikelihood: -1155.139313
[00:13:11] Bootstrap tree #6, logLikelihood: -1132.274637
[00:14:13] Bootstrap tree #7, logLikelihood: -1235.622278
[00:15:09] Bootstrap tree #8, logLikelihood: -1159.303005
[00:16:27] Bootstrap tree #9, logLikelihood: -1111.824209
[00:17:42] Bootstrap tree #10, logLikelihood: -1072.202484
[00:18:45] Bootstrap tree #11, logLikelihood: -1261.142815
[00:19:54] Bootstrap tree #12, logLikelihood: -1189.100482
[00:20:48] Bootstrap tree #13, logLikelihood: -1142.338673
[00:22:04] Bootstrap tree #14, logLikelihood: -1165.649038
[00:23:07] Bootstrap tree #15, logLikelihood: -1174.350469
[00:24:06] Bootstrap tree #16, logLikelihood: -1188.879756
[00:25:00] Bootstrap tree #17, logLikelihood: -1094.298283
[00:26:02] Bootstrap tree #18, logLikelihood: -1185.961362
[00:26:59] Bootstrap tree #19, logLikelihood: -1179.552089
[00:27:53] Bootstrap tree #20, logLikelihood: -1155.516343
[00:28:49] Bootstrap tree #21, logLikelihood: -1238.050384
[00:29:48] Bootstrap tree #22, logLikelihood: -1260.687082
[00:30:49] Bootstrap tree #23, logLikelihood: -1166.115005
[00:31:51] Bootstrap tree #24, logLikelihood: -1236.670789
[00:32:57] Bootstrap tree #25, logLikelihood: -1167.782214
[00:34:09] Bootstrap tree #26, logLikelihood: -1139.999609
[00:34:59] Bootstrap tree #27, logLikelihood: -1084.200155
[00:35:54] Bootstrap tree #28, logLikelihood: -1321.487110
[00:36:54] Bootstrap tree #29, logLikelihood: -1180.284590
[00:38:21] Bootstrap tree #30, logLikelihood: -1176.408689
[00:39:46] Bootstrap tree #31, logLikelihood: -1211.291177
[00:40:44] Bootstrap tree #32, logLikelihood: -1124.209464
[00:41:42] Bootstrap tree #33, logLikelihood: -1128.843841
[00:42:44] Bootstrap tree #34, logLikelihood: -1204.483025
[00:43:41] Bootstrap tree #35, logLikelihood: -1273.832411
[00:44:48] Bootstrap tree #36, logLikelihood: -1257.109919
[00:45:39] Bootstrap tree #37, logLikelihood: -1072.340518
[00:46:47] Bootstrap tree #38, logLikelihood: -1282.408331
[00:47:48] Bootstrap tree #39, logLikelihood: -1108.407000
[00:48:46] Bootstrap tree #40, logLikelihood: -1217.982109
[00:49:52] Bootstrap tree #41, logLikelihood: -1194.512159
[00:51:00] Bootstrap tree #42, logLikelihood: -1319.584513
[00:51:59] Bootstrap tree #43, logLikelihood: -1162.954434
[00:52:52] Bootstrap tree #44, logLikelihood: -1152.325110
[00:53:55] Bootstrap tree #45, logLikelihood: -1165.811162
[00:55:03] Bootstrap tree #46, logLikelihood: -1275.581074
[00:56:00] Bootstrap tree #47, logLikelihood: -1105.464473
[00:57:09] Bootstrap tree #48, logLikelihood: -1177.531710
[00:58:09] Bootstrap tree #49, logLikelihood: -1203.616616
[00:59:01] Bootstrap tree #50, logLikelihood: -1162.109573
[01:00:03] Bootstrap tree #51, logLikelihood: -1123.020204
[01:01:34] Bootstrap tree #52, logLikelihood: -1116.885598
[01:02:36] Bootstrap tree #53, logLikelihood: -1234.694629
[01:03:27] Bootstrap tree #54, logLikelihood: -1156.974817
[01:04:16] Bootstrap tree #55, logLikelihood: -1108.040907
[01:05:19] Bootstrap tree #56, logLikelihood: -992.241363
[01:06:12] Bootstrap tree #57, logLikelihood: -1158.043553
[01:07:01] Bootstrap tree #58, logLikelihood: -1132.110436
[01:08:17] Bootstrap tree #59, logLikelihood: -1164.069060
