
RAxML-NG v. 0.9.0 released on 20.05.2019 by The Exelixis Lab.
Developed by: Alexey M. Kozlov and Alexandros Stamatakis.
Contributors: Diego Darriba, Tomas Flouri, Benoit Morel, Sarah Lutteropp, Ben Bettisworth.
Latest version: https://github.com/amkozlov/raxml-ng
Questions/problems/suggestions? Please visit: https://groups.google.com/forum/#!forum/raxml

RAxML-NG was called at 13-Jul-2023 14:51:54 as follows:

raxml-ng --all --model Blosum62+G --msa results/windows/window_position_1090_1190.fa --prefix results/RaxMl/1090_1190 --msa-format FASTA --tree pars{5} --seed 239 --threads 2 --force --bs-trees 100 --bs-metric fbp

Analysis options:
  run mode: ML tree search + bootstrapping (Felsenstein Bootstrap)
  start tree(s): parsimony (5)
  bootstrap replicates: 100
  random seed: 239
  tip-inner: OFF
  pattern compression: ON
  per-rate scalers: OFF
  site repeats: ON
  branch lengths: proportional (ML estimate, algorithm: NR-FAST)
  SIMD kernels: SSE3
  parallelization: PTHREADS (2 threads), thread pinning: OFF

WARNING: Running in FORCE mode: all safety checks are disabled!

[00:00:00] Reading alignment from file: results/windows/window_position_1090_1190.fa
[00:00:00] Loaded alignment with 47 taxa and 100 sites

Alignment comprises 1 partitions and 92 patterns

Partition 0: noname
Model: BLOSUM62+G4m
Alignment sites / patterns: 100 / 92
Gaps: 0.00 %
Invariant sites: 15.00 %


NOTE: Binary MSA file created: results/RaxMl/1090_1190.raxml.rba

[00:00:00] Generating 5 parsimony starting tree(s) with 47 taxa
[00:00:00] Data distribution: max. partitions/sites/weight per thread: 1 / 46 / 3680

Starting ML tree search with 5 distinct starting trees

[00:01:21] ML tree search #1, logLikelihood: -1137.408976
[00:02:25] ML tree search #2, logLikelihood: -1137.408018
[00:03:32] ML tree search #3, logLikelihood: -1137.407973
[00:04:53] ML tree search #4, logLikelihood: -1137.408682
[00:06:20] ML tree search #5, logLikelihood: -1137.407825

[00:06:20] ML tree search completed, best tree logLH: -1137.407825

[00:06:20] Starting bootstrapping analysis with 100 replicates.

[00:07:31] Bootstrap tree #1, logLikelihood: -1084.021362
[00:08:38] Bootstrap tree #2, logLikelihood: -1146.783525
[00:09:46] Bootstrap tree #3, logLikelihood: -1079.690416
[00:10:47] Bootstrap tree #4, logLikelihood: -1106.267347
[00:12:11] Bootstrap tree #5, logLikelihood: -1108.736388
[00:13:21] Bootstrap tree #6, logLikelihood: -1123.695912
[00:14:35] Bootstrap tree #7, logLikelihood: -1119.445431
[00:15:39] Bootstrap tree #8, logLikelihood: -1123.884296
[00:16:35] Bootstrap tree #9, logLikelihood: -1097.023553
[00:17:41] Bootstrap tree #10, logLikelihood: -1071.571665
[00:18:47] Bootstrap tree #11, logLikelihood: -1009.666083
[00:19:43] Bootstrap tree #12, logLikelihood: -1103.621402
[00:20:57] Bootstrap tree #13, logLikelihood: -1042.493796
[00:22:02] Bootstrap tree #14, logLikelihood: -1098.070540
[00:23:19] Bootstrap tree #15, logLikelihood: -1032.229309
[00:24:24] Bootstrap tree #16, logLikelihood: -1060.334694
[00:25:26] Bootstrap tree #17, logLikelihood: -1240.562476
[00:26:21] Bootstrap tree #18, logLikelihood: -1118.371322
[00:27:22] Bootstrap tree #19, logLikelihood: -1162.937693
[00:28:27] Bootstrap tree #20, logLikelihood: -1051.878935
[00:29:42] Bootstrap tree #21, logLikelihood: -1155.991476
[00:31:05] Bootstrap tree #22, logLikelihood: -1066.323938
[00:32:22] Bootstrap tree #23, logLikelihood: -1233.040069
[00:33:32] Bootstrap tree #24, logLikelihood: -1155.082475
[00:34:38] Bootstrap tree #25, logLikelihood: -1133.357959
[00:35:59] Bootstrap tree #26, logLikelihood: -1114.464843
[00:37:17] Bootstrap tree #27, logLikelihood: -1111.143122
[00:38:43] Bootstrap tree #28, logLikelihood: -992.960188
[00:39:52] Bootstrap tree #29, logLikelihood: -1160.168875
[00:41:17] Bootstrap tree #30, logLikelihood: -1123.989470
[00:42:27] Bootstrap tree #31, logLikelihood: -1114.991008
[00:43:29] Bootstrap tree #32, logLikelihood: -1102.673044
[00:44:39] Bootstrap tree #33, logLikelihood: -1179.019175
[00:45:49] Bootstrap tree #34, logLikelihood: -1130.890849
[00:47:08] Bootstrap tree #35, logLikelihood: -1253.476474
[00:48:22] Bootstrap tree #36, logLikelihood: -1119.134323
[00:49:34] Bootstrap tree #37, logLikelihood: -1152.069324
[00:50:34] Bootstrap tree #38, logLikelihood: -1110.086463
[00:51:40] Bootstrap tree #39, logLikelihood: -1158.627923
[00:52:52] Bootstrap tree #40, logLikelihood: -1065.929759
[00:54:01] Bootstrap tree #41, logLikelihood: -1108.729940
[00:54:59] Bootstrap tree #42, logLikelihood: -1053.720377
[00:56:12] Bootstrap tree #43, logLikelihood: -1050.081900
[00:57:18] Bootstrap tree #44, logLikelihood: -1139.924801
[00:58:34] Bootstrap tree #45, logLikelihood: -1144.480418
[00:59:44] Bootstrap tree #46, logLikelihood: -1141.782798
[01:01:01] Bootstrap tree #47, logLikelihood: -1141.634714
[01:02:10] Bootstrap tree #48, logLikelihood: -1134.223513
[01:03:25] Bootstrap tree #49, logLikelihood: -1074.111847
[01:04:32] Bootstrap tree #50, logLikelihood: -988.243395
[01:05:26] Bootstrap tree #51, logLikelihood: -1090.209443
[01:07:00] Bootstrap tree #52, logLikelihood: -1147.215606
[01:07:54] Bootstrap tree #53, logLikelihood: -1072.051109
[01:08:52] Bootstrap tree #54, logLikelihood: -1042.171884
[01:09:49] Bootstrap tree #55, logLikelihood: -1107.542759
[01:10:56] Bootstrap tree #56, logLikelihood: -1149.568071
[01:11:56] Bootstrap tree #57, logLikelihood: -1012.320724
[01:13:02] Bootstrap tree #58, logLikelihood: -1055.964801
[01:13:52] Bootstrap tree #59, logLikelihood: -1104.208836
[01:14:48] Bootstrap tree #60, logLikelihood: -1110.286027
[01:15:53] Bootstrap tree #61, logLikelihood: -1112.821881
[01:16:55] Bootstrap tree #62, logLikelihood: -1133.967064
[01:18:07] Bootstrap tree #63, logLikelihood: -1209.668756
[01:19:27] Bootstrap tree #64, logLikelihood: -1193.396310
[01:20:37] Bootstrap tree #65, logLikelihood: -1057.107834
