
RAxML-NG v. 0.9.0 released on 20.05.2019 by The Exelixis Lab.
Developed by: Alexey M. Kozlov and Alexandros Stamatakis.
Contributors: Diego Darriba, Tomas Flouri, Benoit Morel, Sarah Lutteropp, Ben Bettisworth.
Latest version: https://github.com/amkozlov/raxml-ng
Questions/problems/suggestions? Please visit: https://groups.google.com/forum/#!forum/raxml

RAxML-NG was called at 14-Jul-2023 14:54:59 as follows:

raxml-ng --all --model Blosum62+G --msa results/windows/window_position_1210_1310.fa --prefix results/RaxMl/1210_1310 --msa-format FASTA --tree pars{5} --seed 239 --threads 2 --force --bs-trees 100 --bs-metric fbp

Analysis options:
  run mode: ML tree search + bootstrapping (Felsenstein Bootstrap)
  start tree(s): parsimony (5)
  bootstrap replicates: 100
  random seed: 239
  tip-inner: OFF
  pattern compression: ON
  per-rate scalers: OFF
  site repeats: ON
  branch lengths: proportional (ML estimate, algorithm: NR-FAST)
  SIMD kernels: SSE3
  parallelization: PTHREADS (2 threads), thread pinning: OFF

WARNING: Running in FORCE mode: all safety checks are disabled!

[00:00:00] Reading alignment from file: results/windows/window_position_1210_1310.fa
[00:00:00] Loaded alignment with 47 taxa and 100 sites

Alignment comprises 1 partitions and 79 patterns

Partition 0: noname
Model: BLOSUM62+G4m
Alignment sites / patterns: 100 / 79
Gaps: 0.00 %
Invariant sites: 35.00 %


NOTE: Binary MSA file created: results/RaxMl/1210_1310.raxml.rba

[00:00:00] Generating 5 parsimony starting tree(s) with 47 taxa
[00:00:00] Data distribution: max. partitions/sites/weight per thread: 1 / 40 / 3200

Starting ML tree search with 5 distinct starting trees

[00:01:22] ML tree search #1, logLikelihood: -872.613870
[00:02:20] ML tree search #2, logLikelihood: -872.608260
[00:03:18] ML tree search #3, logLikelihood: -872.608252
[00:04:14] ML tree search #4, logLikelihood: -872.608251
[00:05:16] ML tree search #5, logLikelihood: -872.608244

[00:05:16] ML tree search completed, best tree logLH: -872.608244

[00:05:16] Starting bootstrapping analysis with 100 replicates.

[00:06:13] Bootstrap tree #1, logLikelihood: -815.022179
[00:07:31] Bootstrap tree #2, logLikelihood: -856.177715
[00:08:43] Bootstrap tree #3, logLikelihood: -825.933132
[00:09:33] Bootstrap tree #4, logLikelihood: -938.286855
[00:10:30] Bootstrap tree #5, logLikelihood: -864.393725
[00:12:12] Bootstrap tree #6, logLikelihood: -802.710141
[00:13:08] Bootstrap tree #7, logLikelihood: -783.976012
[00:14:08] Bootstrap tree #8, logLikelihood: -835.301872
[00:15:12] Bootstrap tree #9, logLikelihood: -942.276142
[00:16:33] Bootstrap tree #10, logLikelihood: -820.794370
[00:17:44] Bootstrap tree #11, logLikelihood: -876.439616
[00:18:37] Bootstrap tree #12, logLikelihood: -803.261159
[00:19:49] Bootstrap tree #13, logLikelihood: -832.840313
[00:20:49] Bootstrap tree #14, logLikelihood: -816.066508
[00:21:46] Bootstrap tree #15, logLikelihood: -891.193100
[00:22:51] Bootstrap tree #16, logLikelihood: -919.496660
[00:23:57] Bootstrap tree #17, logLikelihood: -869.407045
[00:25:09] Bootstrap tree #18, logLikelihood: -834.327409
[00:26:16] Bootstrap tree #19, logLikelihood: -838.229733
[00:27:15] Bootstrap tree #20, logLikelihood: -792.669539
[00:28:20] Bootstrap tree #21, logLikelihood: -827.278069
[00:29:22] Bootstrap tree #22, logLikelihood: -904.508172
[00:30:36] Bootstrap tree #23, logLikelihood: -809.776759
[00:31:29] Bootstrap tree #24, logLikelihood: -795.924740
[00:32:31] Bootstrap tree #25, logLikelihood: -891.533550
[00:34:24] Bootstrap tree #26, logLikelihood: -860.369838
[00:35:17] Bootstrap tree #27, logLikelihood: -883.521102
[00:36:11] Bootstrap tree #28, logLikelihood: -793.813645
[00:37:19] Bootstrap tree #29, logLikelihood: -934.600788
[00:38:12] Bootstrap tree #30, logLikelihood: -837.290262
[00:39:06] Bootstrap tree #31, logLikelihood: -845.503762
