
RAxML-NG v. 0.9.0 released on 20.05.2019 by The Exelixis Lab.
Developed by: Alexey M. Kozlov and Alexandros Stamatakis.
Contributors: Diego Darriba, Tomas Flouri, Benoit Morel, Sarah Lutteropp, Ben Bettisworth.
Latest version: https://github.com/amkozlov/raxml-ng
Questions/problems/suggestions? Please visit: https://groups.google.com/forum/#!forum/raxml

RAxML-NG was called at 14-Jul-2023 22:23:37 as follows:

raxml-ng --all --model Blosum62+G --msa results/windows/window_position_1270_1370.fa --prefix results/RaxMl/1270_1370 --msa-format FASTA --tree pars{5} --seed 239 --threads 2 --force --bs-trees 100 --bs-metric fbp

Analysis options:
  run mode: ML tree search + bootstrapping (Felsenstein Bootstrap)
  start tree(s): parsimony (5)
  bootstrap replicates: 100
  random seed: 239
  tip-inner: OFF
  pattern compression: ON
  per-rate scalers: OFF
  site repeats: ON
  branch lengths: proportional (ML estimate, algorithm: NR-FAST)
  SIMD kernels: SSE3
  parallelization: PTHREADS (2 threads), thread pinning: OFF

WARNING: Running in FORCE mode: all safety checks are disabled!

[00:00:00] Reading alignment from file: results/windows/window_position_1270_1370.fa
[00:00:00] Loaded alignment with 47 taxa and 100 sites

Alignment comprises 1 partitions and 89 patterns

Partition 0: noname
Model: BLOSUM62+G4m
Alignment sites / patterns: 100 / 89
Gaps: 0.00 %
Invariant sites: 22.00 %


NOTE: Binary MSA file created: results/RaxMl/1270_1370.raxml.rba

[00:00:00] Generating 5 parsimony starting tree(s) with 47 taxa
[00:00:00] Data distribution: max. partitions/sites/weight per thread: 1 / 45 / 3600

Starting ML tree search with 5 distinct starting trees

[00:01:08] ML tree search #1, logLikelihood: -925.495945
[00:02:12] ML tree search #2, logLikelihood: -925.493711
[00:03:23] ML tree search #3, logLikelihood: -925.491814
[00:04:44] ML tree search #4, logLikelihood: -925.489242
[00:05:50] ML tree search #5, logLikelihood: -925.496513

[00:05:50] ML tree search completed, best tree logLH: -925.489242

[00:05:50] Starting bootstrapping analysis with 100 replicates.

[00:06:49] Bootstrap tree #1, logLikelihood: -936.161588
[00:07:50] Bootstrap tree #2, logLikelihood: -932.388097
[00:08:59] Bootstrap tree #3, logLikelihood: -968.120173
[00:10:08] Bootstrap tree #4, logLikelihood: -1021.829366
[00:11:38] Bootstrap tree #5, logLikelihood: -964.400924
[00:12:36] Bootstrap tree #6, logLikelihood: -852.430114
[00:13:38] Bootstrap tree #7, logLikelihood: -796.666758
[00:14:39] Bootstrap tree #8, logLikelihood: -923.324849
[00:15:36] Bootstrap tree #9, logLikelihood: -871.129852
[00:16:44] Bootstrap tree #10, logLikelihood: -916.005509
[00:17:41] Bootstrap tree #11, logLikelihood: -868.678802
[00:18:46] Bootstrap tree #12, logLikelihood: -857.518355
[00:20:00] Bootstrap tree #13, logLikelihood: -861.012284
[00:21:11] Bootstrap tree #14, logLikelihood: -933.108017
[00:22:22] Bootstrap tree #15, logLikelihood: -977.471141
[00:23:28] Bootstrap tree #16, logLikelihood: -903.352906
[00:24:36] Bootstrap tree #17, logLikelihood: -846.421569
[00:25:40] Bootstrap tree #18, logLikelihood: -844.133050
[00:26:41] Bootstrap tree #19, logLikelihood: -964.098939
[00:27:45] Bootstrap tree #20, logLikelihood: -991.930372
[00:28:48] Bootstrap tree #21, logLikelihood: -926.285134
[00:29:42] Bootstrap tree #22, logLikelihood: -797.109791
[00:30:50] Bootstrap tree #23, logLikelihood: -867.861479
[00:31:48] Bootstrap tree #24, logLikelihood: -886.644675
[00:32:53] Bootstrap tree #25, logLikelihood: -957.166638
[00:33:48] Bootstrap tree #26, logLikelihood: -920.402152
[00:34:49] Bootstrap tree #27, logLikelihood: -970.935865
[00:35:49] Bootstrap tree #28, logLikelihood: -877.929199
[00:37:12] Bootstrap tree #29, logLikelihood: -879.630057
[00:38:09] Bootstrap tree #30, logLikelihood: -910.741962
[00:39:05] Bootstrap tree #31, logLikelihood: -923.488099
[00:40:07] Bootstrap tree #32, logLikelihood: -939.211431
[00:41:30] Bootstrap tree #33, logLikelihood: -851.598916
[00:42:32] Bootstrap tree #34, logLikelihood: -981.243021
[00:43:40] Bootstrap tree #35, logLikelihood: -919.060537
[00:45:13] Bootstrap tree #36, logLikelihood: -981.379908
[00:47:08] Bootstrap tree #37, logLikelihood: -869.446448
[00:48:06] Bootstrap tree #38, logLikelihood: -866.551151
[00:49:11] Bootstrap tree #39, logLikelihood: -966.424277
[00:50:34] Bootstrap tree #40, logLikelihood: -877.760091
[00:51:29] Bootstrap tree #41, logLikelihood: -859.674956
[00:52:32] Bootstrap tree #42, logLikelihood: -901.071238
[00:53:31] Bootstrap tree #43, logLikelihood: -909.525800
[00:54:23] Bootstrap tree #44, logLikelihood: -869.747208
[00:55:30] Bootstrap tree #45, logLikelihood: -928.706050
[00:56:26] Bootstrap tree #46, logLikelihood: -896.241588
[00:57:34] Bootstrap tree #47, logLikelihood: -975.361996
[00:58:34] Bootstrap tree #48, logLikelihood: -893.083735
