
RAxML-NG v. 0.9.0 released on 20.05.2019 by The Exelixis Lab.
Developed by: Alexey M. Kozlov and Alexandros Stamatakis.
Contributors: Diego Darriba, Tomas Flouri, Benoit Morel, Sarah Lutteropp, Ben Bettisworth.
Latest version: https://github.com/amkozlov/raxml-ng
Questions/problems/suggestions? Please visit: https://groups.google.com/forum/#!forum/raxml

RAxML-NG was called at 15-Jul-2023 21:37:40 as follows:

raxml-ng --all --model Blosum62+G --msa results/windows/window_position_1280_1380.fa --prefix results/RaxMl/1280_1380 --msa-format FASTA --tree pars{5} --seed 239 --threads 2 --force --bs-trees 100 --bs-metric fbp

Analysis options:
  run mode: ML tree search + bootstrapping (Felsenstein Bootstrap)
  start tree(s): parsimony (5)
  bootstrap replicates: 100
  random seed: 239
  tip-inner: OFF
  pattern compression: ON
  per-rate scalers: OFF
  site repeats: ON
  branch lengths: proportional (ML estimate, algorithm: NR-FAST)
  SIMD kernels: SSE3
  parallelization: PTHREADS (2 threads), thread pinning: OFF

WARNING: Running in FORCE mode: all safety checks are disabled!

[00:00:00] Reading alignment from file: results/windows/window_position_1280_1380.fa
[00:00:00] Loaded alignment with 47 taxa and 100 sites

Alignment comprises 1 partitions and 88 patterns

Partition 0: noname
Model: BLOSUM62+G4m
Alignment sites / patterns: 100 / 88
Gaps: 0.00 %
Invariant sites: 22.00 %


NOTE: Binary MSA file created: results/RaxMl/1280_1380.raxml.rba

[00:00:00] Generating 5 parsimony starting tree(s) with 47 taxa
[00:00:00] Data distribution: max. partitions/sites/weight per thread: 1 / 44 / 3520

Starting ML tree search with 5 distinct starting trees

[00:01:08] ML tree search #1, logLikelihood: -927.717362
[00:02:17] ML tree search #2, logLikelihood: -927.718294
[00:03:20] ML tree search #3, logLikelihood: -927.712139
[00:04:37] ML tree search #4, logLikelihood: -927.710036
[00:06:16] ML tree search #5, logLikelihood: -927.712097

[00:06:16] ML tree search completed, best tree logLH: -927.710036

[00:06:16] Starting bootstrapping analysis with 100 replicates.

[00:07:37] Bootstrap tree #1, logLikelihood: -904.074750
[00:08:32] Bootstrap tree #2, logLikelihood: -801.656725
[00:09:40] Bootstrap tree #3, logLikelihood: -914.015325
[00:10:37] Bootstrap tree #4, logLikelihood: -932.663444
[00:11:41] Bootstrap tree #5, logLikelihood: -915.188917
[00:12:46] Bootstrap tree #6, logLikelihood: -923.354430
[00:13:53] Bootstrap tree #7, logLikelihood: -904.233003
[00:14:53] Bootstrap tree #8, logLikelihood: -905.081988
[00:16:19] Bootstrap tree #9, logLikelihood: -879.257443
[00:17:16] Bootstrap tree #10, logLikelihood: -899.326062
[00:18:18] Bootstrap tree #11, logLikelihood: -911.232908
[00:19:15] Bootstrap tree #12, logLikelihood: -855.961313
[00:20:15] Bootstrap tree #13, logLikelihood: -929.627830
[00:21:24] Bootstrap tree #14, logLikelihood: -944.202846
[00:22:27] Bootstrap tree #15, logLikelihood: -890.928723
[00:23:28] Bootstrap tree #16, logLikelihood: -833.562559
[00:24:48] Bootstrap tree #17, logLikelihood: -796.704115
[00:25:54] Bootstrap tree #18, logLikelihood: -851.107604
[00:26:53] Bootstrap tree #19, logLikelihood: -1003.056185
[00:27:56] Bootstrap tree #20, logLikelihood: -972.054045
[00:28:57] Bootstrap tree #21, logLikelihood: -973.146944
[00:29:57] Bootstrap tree #22, logLikelihood: -885.904152
[00:31:17] Bootstrap tree #23, logLikelihood: -867.267916
[00:32:39] Bootstrap tree #24, logLikelihood: -895.708661
[00:33:34] Bootstrap tree #25, logLikelihood: -888.459409
[00:34:24] Bootstrap tree #26, logLikelihood: -857.128048
[00:35:23] Bootstrap tree #27, logLikelihood: -879.096614
[00:36:30] Bootstrap tree #28, logLikelihood: -914.816877
[00:37:51] Bootstrap tree #29, logLikelihood: -885.133185
[00:38:50] Bootstrap tree #30, logLikelihood: -1027.478759
[00:39:48] Bootstrap tree #31, logLikelihood: -861.952890
[00:40:45] Bootstrap tree #32, logLikelihood: -836.997259
[00:41:40] Bootstrap tree #33, logLikelihood: -921.537213
[00:42:33] Bootstrap tree #34, logLikelihood: -935.490609
[00:43:27] Bootstrap tree #35, logLikelihood: -966.359830
[00:44:57] Bootstrap tree #36, logLikelihood: -923.758222
[00:46:11] Bootstrap tree #37, logLikelihood: -972.103922
[00:47:10] Bootstrap tree #38, logLikelihood: -885.350075
