
RAxML-NG v. 0.9.0 released on 20.05.2019 by The Exelixis Lab.
Developed by: Alexey M. Kozlov and Alexandros Stamatakis.
Contributors: Diego Darriba, Tomas Flouri, Benoit Morel, Sarah Lutteropp, Ben Bettisworth.
Latest version: https://github.com/amkozlov/raxml-ng
Questions/problems/suggestions? Please visit: https://groups.google.com/forum/#!forum/raxml

RAxML-NG was called at 16-Jul-2023 00:32:25 as follows:

raxml-ng --all --model Blosum62+G --msa results/windows/window_position_1300_1400.fa --prefix results/RaxMl/1300_1400 --msa-format FASTA --tree pars{5} --seed 239 --threads 2 --force --bs-trees 100 --bs-metric fbp

Analysis options:
  run mode: ML tree search + bootstrapping (Felsenstein Bootstrap)
  start tree(s): parsimony (5)
  bootstrap replicates: 100
  random seed: 239
  tip-inner: OFF
  pattern compression: ON
  per-rate scalers: OFF
  site repeats: ON
  branch lengths: proportional (ML estimate, algorithm: NR-FAST)
  SIMD kernels: SSE3
  parallelization: PTHREADS (2 threads), thread pinning: OFF

WARNING: Running in FORCE mode: all safety checks are disabled!

[00:00:00] Reading alignment from file: results/windows/window_position_1300_1400.fa
[00:00:00] Loaded alignment with 47 taxa and 100 sites

Alignment comprises 1 partitions and 88 patterns

Partition 0: noname
Model: BLOSUM62+G4m
Alignment sites / patterns: 100 / 88
Gaps: 0.00 %
Invariant sites: 17.00 %


NOTE: Binary MSA file created: results/RaxMl/1300_1400.raxml.rba

[00:00:00] Generating 5 parsimony starting tree(s) with 47 taxa
[00:00:00] Data distribution: max. partitions/sites/weight per thread: 1 / 44 / 3520

Starting ML tree search with 5 distinct starting trees

[00:01:11] ML tree search #1, logLikelihood: -932.691736
[00:02:49] ML tree search #2, logLikelihood: -932.669767
[00:03:57] ML tree search #3, logLikelihood: -932.674412
[00:04:55] ML tree search #4, logLikelihood: -932.672409
[00:05:56] ML tree search #5, logLikelihood: -934.156681

[00:05:56] ML tree search completed, best tree logLH: -932.669767

[00:05:56] Starting bootstrapping analysis with 100 replicates.

[00:06:53] Bootstrap tree #1, logLikelihood: -871.026408
[00:07:57] Bootstrap tree #2, logLikelihood: -880.937511
[00:09:04] Bootstrap tree #3, logLikelihood: -927.047620
[00:10:37] Bootstrap tree #4, logLikelihood: -883.245035
[00:11:34] Bootstrap tree #5, logLikelihood: -909.828554
[00:12:33] Bootstrap tree #6, logLikelihood: -908.433709
[00:13:46] Bootstrap tree #7, logLikelihood: -858.940160
[00:14:39] Bootstrap tree #8, logLikelihood: -954.112773
[00:16:15] Bootstrap tree #9, logLikelihood: -938.477636
[00:17:30] Bootstrap tree #10, logLikelihood: -882.079468
[00:18:31] Bootstrap tree #11, logLikelihood: -846.322660
[00:19:41] Bootstrap tree #12, logLikelihood: -870.262147
[00:21:24] Bootstrap tree #13, logLikelihood: -1008.659241
[00:22:20] Bootstrap tree #14, logLikelihood: -973.929516
[00:23:19] Bootstrap tree #15, logLikelihood: -885.450339
[00:24:29] Bootstrap tree #16, logLikelihood: -924.551813
[00:25:27] Bootstrap tree #17, logLikelihood: -826.277885
[00:26:19] Bootstrap tree #18, logLikelihood: -935.392959
[00:27:24] Bootstrap tree #19, logLikelihood: -968.685607
[00:28:44] Bootstrap tree #20, logLikelihood: -928.158319
[00:30:05] Bootstrap tree #21, logLikelihood: -932.800952
[00:31:02] Bootstrap tree #22, logLikelihood: -860.710869
[00:32:08] Bootstrap tree #23, logLikelihood: -917.389161
[00:33:20] Bootstrap tree #24, logLikelihood: -921.217440
[00:34:17] Bootstrap tree #25, logLikelihood: -958.490703
[00:35:05] Bootstrap tree #26, logLikelihood: -886.471769
[00:36:07] Bootstrap tree #27, logLikelihood: -914.006352
[00:37:24] Bootstrap tree #28, logLikelihood: -902.821713
[00:38:36] Bootstrap tree #29, logLikelihood: -825.601636
[00:39:39] Bootstrap tree #30, logLikelihood: -890.998596
[00:40:39] Bootstrap tree #31, logLikelihood: -871.923664
[00:42:20] Bootstrap tree #32, logLikelihood: -935.216890
[00:43:30] Bootstrap tree #33, logLikelihood: -922.738730
[00:44:26] Bootstrap tree #34, logLikelihood: -939.157803
[00:45:35] Bootstrap tree #35, logLikelihood: -956.835764
[00:46:39] Bootstrap tree #36, logLikelihood: -862.361717
[00:47:32] Bootstrap tree #37, logLikelihood: -977.917589
[00:48:32] Bootstrap tree #38, logLikelihood: -911.000692
[00:49:40] Bootstrap tree #39, logLikelihood: -915.191468
[00:50:43] Bootstrap tree #40, logLikelihood: -937.469031
[00:51:44] Bootstrap tree #41, logLikelihood: -956.214664
[00:53:17] Bootstrap tree #42, logLikelihood: -856.823229
[00:54:13] Bootstrap tree #43, logLikelihood: -863.671112
[00:55:20] Bootstrap tree #44, logLikelihood: -872.334272
[00:56:24] Bootstrap tree #45, logLikelihood: -930.998006
[00:57:14] Bootstrap tree #46, logLikelihood: -957.494924
[00:58:11] Bootstrap tree #47, logLikelihood: -855.134587
[00:59:18] Bootstrap tree #48, logLikelihood: -890.707928
[01:00:16] Bootstrap tree #49, logLikelihood: -915.864844
[01:01:11] Bootstrap tree #50, logLikelihood: -962.560398
[01:02:05] Bootstrap tree #51, logLikelihood: -873.310017
[01:03:28] Bootstrap tree #52, logLikelihood: -987.749902
[01:05:01] Bootstrap tree #53, logLikelihood: -937.151954
[01:06:40] Bootstrap tree #54, logLikelihood: -958.282952
[01:07:49] Bootstrap tree #55, logLikelihood: -833.299612
[01:09:06] Bootstrap tree #56, logLikelihood: -984.056807
[01:10:15] Bootstrap tree #57, logLikelihood: -912.236229
[01:11:15] Bootstrap tree #58, logLikelihood: -908.584622
[01:12:14] Bootstrap tree #59, logLikelihood: -941.673660
[01:13:21] Bootstrap tree #60, logLikelihood: -853.054799
[01:14:30] Bootstrap tree #61, logLikelihood: -958.074572
[01:15:32] Bootstrap tree #62, logLikelihood: -954.746740
[01:16:34] Bootstrap tree #63, logLikelihood: -882.844296
[01:17:47] Bootstrap tree #64, logLikelihood: -940.089168
[01:18:49] Bootstrap tree #65, logLikelihood: -841.359303
[01:19:45] Bootstrap tree #66, logLikelihood: -837.778275
[01:20:43] Bootstrap tree #67, logLikelihood: -929.287500
[01:21:50] Bootstrap tree #68, logLikelihood: -917.166857
[01:23:05] Bootstrap tree #69, logLikelihood: -946.839287
