
RAxML-NG v. 0.9.0 released on 20.05.2019 by The Exelixis Lab.
Developed by: Alexey M. Kozlov and Alexandros Stamatakis.
Contributors: Diego Darriba, Tomas Flouri, Benoit Morel, Sarah Lutteropp, Ben Bettisworth.
Latest version: https://github.com/amkozlov/raxml-ng
Questions/problems/suggestions? Please visit: https://groups.google.com/forum/#!forum/raxml

RAxML-NG was called at 13-Jul-2023 07:37:25 as follows:

raxml-ng --all --model Blosum62+G --msa results/windows/window_position_1340_1440.fa --prefix results/RaxMl/1340_1440 --msa-format FASTA --tree pars{5} --seed 239 --threads 2 --force --bs-trees 100 --bs-metric fbp

Analysis options:
  run mode: ML tree search + bootstrapping (Felsenstein Bootstrap)
  start tree(s): parsimony (5)
  bootstrap replicates: 100
  random seed: 239
  tip-inner: OFF
  pattern compression: ON
  per-rate scalers: OFF
  site repeats: ON
  branch lengths: proportional (ML estimate, algorithm: NR-FAST)
  SIMD kernels: SSE3
  parallelization: PTHREADS (2 threads), thread pinning: OFF

WARNING: Running in FORCE mode: all safety checks are disabled!

[00:00:00] Reading alignment from file: results/windows/window_position_1340_1440.fa
[00:00:00] Loaded alignment with 47 taxa and 100 sites

Alignment comprises 1 partitions and 86 patterns

Partition 0: noname
Model: BLOSUM62+G4m
Alignment sites / patterns: 100 / 86
Gaps: 0.00 %
Invariant sites: 19.00 %


NOTE: Binary MSA file created: results/RaxMl/1340_1440.raxml.rba

[00:00:00] Generating 5 parsimony starting tree(s) with 47 taxa
[00:00:00] Data distribution: max. partitions/sites/weight per thread: 1 / 43 / 3440

Starting ML tree search with 5 distinct starting trees

[00:01:01] ML tree search #1, logLikelihood: -850.960673
[00:02:04] ML tree search #2, logLikelihood: -850.971153
[00:03:11] ML tree search #3, logLikelihood: -850.971671
[00:04:18] ML tree search #4, logLikelihood: -850.966856
[00:05:32] ML tree search #5, logLikelihood: -850.994457

[00:05:32] ML tree search completed, best tree logLH: -850.960673

[00:05:32] Starting bootstrapping analysis with 100 replicates.

[00:06:59] Bootstrap tree #1, logLikelihood: -785.937430
[00:08:03] Bootstrap tree #2, logLikelihood: -799.277620
[00:09:07] Bootstrap tree #3, logLikelihood: -807.644510
[00:10:15] Bootstrap tree #4, logLikelihood: -841.451274
[00:11:37] Bootstrap tree #5, logLikelihood: -833.571409
[00:12:37] Bootstrap tree #6, logLikelihood: -777.444883
[00:13:39] Bootstrap tree #7, logLikelihood: -884.173823
[00:14:40] Bootstrap tree #8, logLikelihood: -868.273655
[00:15:34] Bootstrap tree #9, logLikelihood: -762.123826
[00:16:30] Bootstrap tree #10, logLikelihood: -792.275239
[00:17:34] Bootstrap tree #11, logLikelihood: -743.492189
[00:18:44] Bootstrap tree #12, logLikelihood: -836.638917
[00:19:50] Bootstrap tree #13, logLikelihood: -830.883192
[00:21:01] Bootstrap tree #14, logLikelihood: -826.295342
[00:22:54] Bootstrap tree #15, logLikelihood: -870.171143
[00:23:54] Bootstrap tree #16, logLikelihood: -903.817663
[00:24:58] Bootstrap tree #17, logLikelihood: -819.872832
[00:25:58] Bootstrap tree #18, logLikelihood: -837.540156
[00:27:11] Bootstrap tree #19, logLikelihood: -920.419089
[00:28:31] Bootstrap tree #20, logLikelihood: -844.938931
[00:29:39] Bootstrap tree #21, logLikelihood: -860.924189
[00:30:38] Bootstrap tree #22, logLikelihood: -853.181635
[00:31:56] Bootstrap tree #23, logLikelihood: -742.050802
[00:33:10] Bootstrap tree #24, logLikelihood: -836.722357
[00:34:13] Bootstrap tree #25, logLikelihood: -869.874983
[00:35:17] Bootstrap tree #26, logLikelihood: -792.191798
[00:36:19] Bootstrap tree #27, logLikelihood: -833.411150
[00:37:24] Bootstrap tree #28, logLikelihood: -840.318324
[00:38:29] Bootstrap tree #29, logLikelihood: -801.793325
[00:39:29] Bootstrap tree #30, logLikelihood: -872.168682
[00:40:34] Bootstrap tree #31, logLikelihood: -864.586257
[00:42:20] Bootstrap tree #32, logLikelihood: -831.192027
[00:43:15] Bootstrap tree #33, logLikelihood: -899.164321
[00:44:16] Bootstrap tree #34, logLikelihood: -868.335159
[00:45:20] Bootstrap tree #35, logLikelihood: -827.241832
[00:46:27] Bootstrap tree #36, logLikelihood: -827.954429
[00:47:31] Bootstrap tree #37, logLikelihood: -902.739724
[00:48:35] Bootstrap tree #38, logLikelihood: -807.174937
[00:56:17] Bootstrap tree #39, logLikelihood: -837.614397
[00:58:47] Bootstrap tree #40, logLikelihood: -812.835032
[00:59:46] Bootstrap tree #41, logLikelihood: -786.921832
[01:00:50] Bootstrap tree #42, logLikelihood: -794.440993
[01:01:52] Bootstrap tree #43, logLikelihood: -770.104088
[01:03:00] Bootstrap tree #44, logLikelihood: -913.121684
[01:04:50] Bootstrap tree #45, logLikelihood: -902.114769
[01:05:48] Bootstrap tree #46, logLikelihood: -842.320286
[01:06:53] Bootstrap tree #47, logLikelihood: -817.486984
[01:07:56] Bootstrap tree #48, logLikelihood: -785.203627
[01:09:48] Bootstrap tree #49, logLikelihood: -830.600397
[01:11:05] Bootstrap tree #50, logLikelihood: -817.283000
[01:12:13] Bootstrap tree #51, logLikelihood: -789.775947
