
RAxML-NG v. 0.9.0 released on 20.05.2019 by The Exelixis Lab.
Developed by: Alexey M. Kozlov and Alexandros Stamatakis.
Contributors: Diego Darriba, Tomas Flouri, Benoit Morel, Sarah Lutteropp, Ben Bettisworth.
Latest version: https://github.com/amkozlov/raxml-ng
Questions/problems/suggestions? Please visit: https://groups.google.com/forum/#!forum/raxml

RAxML-NG was called at 14-Jul-2023 22:03:55 as follows:

raxml-ng --all --model Blosum62+G --msa results/windows/window_position_1410_1510.fa --prefix results/RaxMl/1410_1510 --msa-format FASTA --tree pars{5} --seed 239 --threads 2 --force --bs-trees 100 --bs-metric fbp

Analysis options:
  run mode: ML tree search + bootstrapping (Felsenstein Bootstrap)
  start tree(s): parsimony (5)
  bootstrap replicates: 100
  random seed: 239
  tip-inner: OFF
  pattern compression: ON
  per-rate scalers: OFF
  site repeats: ON
  branch lengths: proportional (ML estimate, algorithm: NR-FAST)
  SIMD kernels: SSE3
  parallelization: PTHREADS (2 threads), thread pinning: OFF

WARNING: Running in FORCE mode: all safety checks are disabled!

[00:00:00] Reading alignment from file: results/windows/window_position_1410_1510.fa
[00:00:00] Loaded alignment with 47 taxa and 100 sites

Alignment comprises 1 partitions and 87 patterns

Partition 0: noname
Model: BLOSUM62+G4m
Alignment sites / patterns: 100 / 87
Gaps: 0.00 %
Invariant sites: 21.00 %


NOTE: Binary MSA file created: results/RaxMl/1410_1510.raxml.rba

[00:00:00] Generating 5 parsimony starting tree(s) with 47 taxa
[00:00:00] Data distribution: max. partitions/sites/weight per thread: 1 / 44 / 3520

Starting ML tree search with 5 distinct starting trees

[00:01:36] ML tree search #1, logLikelihood: -796.801024
[00:03:16] ML tree search #2, logLikelihood: -796.801014
[00:04:11] ML tree search #3, logLikelihood: -799.222127
[00:05:07] ML tree search #4, logLikelihood: -796.801504
[00:06:35] ML tree search #5, logLikelihood: -796.801083

[00:06:35] ML tree search completed, best tree logLH: -796.801014

[00:06:35] Starting bootstrapping analysis with 100 replicates.

[00:07:35] Bootstrap tree #1, logLikelihood: -737.064040
[00:08:30] Bootstrap tree #2, logLikelihood: -820.624918
[00:09:25] Bootstrap tree #3, logLikelihood: -807.866935
[00:10:24] Bootstrap tree #4, logLikelihood: -834.505365
[00:11:22] Bootstrap tree #5, logLikelihood: -734.043184
[00:12:50] Bootstrap tree #6, logLikelihood: -828.824455
[00:13:59] Bootstrap tree #7, logLikelihood: -750.209663
[00:14:58] Bootstrap tree #8, logLikelihood: -766.011990
[00:15:49] Bootstrap tree #9, logLikelihood: -836.612386
[00:16:44] Bootstrap tree #10, logLikelihood: -801.360818
[00:17:39] Bootstrap tree #11, logLikelihood: -819.802343
[00:18:36] Bootstrap tree #12, logLikelihood: -778.578518
[00:19:34] Bootstrap tree #13, logLikelihood: -777.777092
[00:20:45] Bootstrap tree #14, logLikelihood: -807.361668
[00:21:39] Bootstrap tree #15, logLikelihood: -845.021163
[00:22:36] Bootstrap tree #16, logLikelihood: -810.404210
[00:23:35] Bootstrap tree #17, logLikelihood: -801.144072
[00:24:31] Bootstrap tree #18, logLikelihood: -779.843945
[00:25:21] Bootstrap tree #19, logLikelihood: -750.919054
[00:27:10] Bootstrap tree #20, logLikelihood: -738.655869
[00:28:23] Bootstrap tree #21, logLikelihood: -796.023862
[00:29:25] Bootstrap tree #22, logLikelihood: -809.849770
[00:30:22] Bootstrap tree #23, logLikelihood: -795.421485
[00:31:21] Bootstrap tree #24, logLikelihood: -764.260726
[00:32:46] Bootstrap tree #25, logLikelihood: -773.783446
[00:33:44] Bootstrap tree #26, logLikelihood: -765.145702
[00:34:37] Bootstrap tree #27, logLikelihood: -757.167704
[00:35:34] Bootstrap tree #28, logLikelihood: -764.181705
[00:36:34] Bootstrap tree #29, logLikelihood: -780.529137
[00:37:43] Bootstrap tree #30, logLikelihood: -746.710966
[00:39:36] Bootstrap tree #31, logLikelihood: -748.124085
[00:40:56] Bootstrap tree #32, logLikelihood: -781.930485
[00:41:57] Bootstrap tree #33, logLikelihood: -806.160292
[00:42:54] Bootstrap tree #34, logLikelihood: -799.820946
[00:43:55] Bootstrap tree #35, logLikelihood: -789.992772
[00:45:03] Bootstrap tree #36, logLikelihood: -733.038219
[00:46:14] Bootstrap tree #37, logLikelihood: -804.950294
[00:47:28] Bootstrap tree #38, logLikelihood: -794.518893
[00:48:31] Bootstrap tree #39, logLikelihood: -804.846613
[00:49:28] Bootstrap tree #40, logLikelihood: -777.741931
[00:51:13] Bootstrap tree #41, logLikelihood: -764.398766
[00:52:20] Bootstrap tree #42, logLikelihood: -769.890706
[00:53:45] Bootstrap tree #43, logLikelihood: -784.020504
[00:54:37] Bootstrap tree #44, logLikelihood: -770.928025
[00:55:35] Bootstrap tree #45, logLikelihood: -729.582283
[00:57:20] Bootstrap tree #46, logLikelihood: -832.116212
[00:58:20] Bootstrap tree #47, logLikelihood: -841.616457
[01:00:02] Bootstrap tree #48, logLikelihood: -774.581503
[01:01:10] Bootstrap tree #49, logLikelihood: -751.623146
[01:02:07] Bootstrap tree #50, logLikelihood: -782.305094
[01:03:01] Bootstrap tree #51, logLikelihood: -790.951698
[01:04:41] Bootstrap tree #52, logLikelihood: -835.798955
[01:05:45] Bootstrap tree #53, logLikelihood: -774.567608
[01:06:38] Bootstrap tree #54, logLikelihood: -790.106192
[01:07:50] Bootstrap tree #55, logLikelihood: -836.444322
[01:08:44] Bootstrap tree #56, logLikelihood: -750.968269
[01:09:47] Bootstrap tree #57, logLikelihood: -792.179281
[01:10:40] Bootstrap tree #58, logLikelihood: -810.948012
[01:11:44] Bootstrap tree #59, logLikelihood: -832.122965
[01:12:33] Bootstrap tree #60, logLikelihood: -794.867747
[01:13:33] Bootstrap tree #61, logLikelihood: -753.051388
[01:14:39] Bootstrap tree #62, logLikelihood: -768.667713
[01:15:43] Bootstrap tree #63, logLikelihood: -826.698394
[01:16:35] Bootstrap tree #64, logLikelihood: -799.102835
[01:17:41] Bootstrap tree #65, logLikelihood: -748.325126
[01:18:39] Bootstrap tree #66, logLikelihood: -776.163899
