
RAxML-NG v. 0.9.0 released on 20.05.2019 by The Exelixis Lab.
Developed by: Alexey M. Kozlov and Alexandros Stamatakis.
Contributors: Diego Darriba, Tomas Flouri, Benoit Morel, Sarah Lutteropp, Ben Bettisworth.
Latest version: https://github.com/amkozlov/raxml-ng
Questions/problems/suggestions? Please visit: https://groups.google.com/forum/#!forum/raxml

RAxML-NG was called at 12-Jul-2023 15:20:03 as follows:

raxml-ng --all --model Blosum62+G --msa results/windows/window_position_1490_1590.fa --prefix results/RaxMl/1490_1590 --msa-format FASTA --tree pars{5} --seed 239 --threads 2 --force --bs-trees 100 --bs-metric fbp

Analysis options:
  run mode: ML tree search + bootstrapping (Felsenstein Bootstrap)
  start tree(s): parsimony (5)
  bootstrap replicates: 100
  random seed: 239
  tip-inner: OFF
  pattern compression: ON
  per-rate scalers: OFF
  site repeats: ON
  branch lengths: proportional (ML estimate, algorithm: NR-FAST)
  SIMD kernels: SSE3
  parallelization: PTHREADS (2 threads), thread pinning: OFF

WARNING: Running in FORCE mode: all safety checks are disabled!

[00:00:00] Reading alignment from file: results/windows/window_position_1490_1590.fa
[00:00:00] Loaded alignment with 47 taxa and 100 sites

Alignment comprises 1 partitions and 94 patterns

Partition 0: noname
Model: BLOSUM62+G4m
Alignment sites / patterns: 100 / 94
Gaps: 0.00 %
Invariant sites: 20.00 %


NOTE: Binary MSA file created: results/RaxMl/1490_1590.raxml.rba

[00:00:00] Generating 5 parsimony starting tree(s) with 47 taxa
[00:00:00] Data distribution: max. partitions/sites/weight per thread: 1 / 47 / 3760

Starting ML tree search with 5 distinct starting trees

[00:00:58] ML tree search #1, logLikelihood: -1104.329987
[00:01:51] ML tree search #2, logLikelihood: -1104.329918
[00:02:52] ML tree search #3, logLikelihood: -1104.329751
[00:03:55] ML tree search #4, logLikelihood: -1104.329615
[00:05:03] ML tree search #5, logLikelihood: -1104.330650

[00:05:03] ML tree search completed, best tree logLH: -1104.329615

[00:05:03] Starting bootstrapping analysis with 100 replicates.

[00:06:04] Bootstrap tree #1, logLikelihood: -1027.566177
[00:07:19] Bootstrap tree #2, logLikelihood: -1101.267320
[00:08:38] Bootstrap tree #3, logLikelihood: -1134.941180
[00:09:50] Bootstrap tree #4, logLikelihood: -1211.270393
[00:11:00] Bootstrap tree #5, logLikelihood: -1113.668106
[00:11:57] Bootstrap tree #6, logLikelihood: -1009.213724
[00:13:06] Bootstrap tree #7, logLikelihood: -1032.627738
[00:14:00] Bootstrap tree #8, logLikelihood: -1044.455315
[00:15:05] Bootstrap tree #9, logLikelihood: -1035.935174
[00:16:15] Bootstrap tree #10, logLikelihood: -1168.816821
[00:17:28] Bootstrap tree #11, logLikelihood: -962.069910
[00:18:31] Bootstrap tree #12, logLikelihood: -1032.053772
[00:19:52] Bootstrap tree #13, logLikelihood: -1196.978253
[00:20:58] Bootstrap tree #14, logLikelihood: -1095.475277
[00:22:12] Bootstrap tree #15, logLikelihood: -1138.718764
[00:23:19] Bootstrap tree #16, logLikelihood: -1011.253819
[00:24:18] Bootstrap tree #17, logLikelihood: -1164.859728
[00:25:16] Bootstrap tree #18, logLikelihood: -1156.342694
[00:26:23] Bootstrap tree #19, logLikelihood: -1088.857042
[00:27:44] Bootstrap tree #20, logLikelihood: -1156.243474
[00:35:20] Bootstrap tree #21, logLikelihood: -1030.215761
[00:36:27] Bootstrap tree #22, logLikelihood: -1094.621906
[00:37:42] Bootstrap tree #23, logLikelihood: -1123.479355
[00:39:10] Bootstrap tree #24, logLikelihood: -1074.889141
[00:40:40] Bootstrap tree #25, logLikelihood: -1084.142880
[00:41:34] Bootstrap tree #26, logLikelihood: -1277.565031
[00:43:11] Bootstrap tree #27, logLikelihood: -1075.594554
[00:44:02] Bootstrap tree #28, logLikelihood: -1021.592592
[00:44:57] Bootstrap tree #29, logLikelihood: -1100.712483
[00:45:56] Bootstrap tree #30, logLikelihood: -1065.182098
[00:46:56] Bootstrap tree #31, logLikelihood: -1088.230917
[00:48:13] Bootstrap tree #32, logLikelihood: -1171.710978
[00:49:11] Bootstrap tree #33, logLikelihood: -1161.014972
[00:50:02] Bootstrap tree #34, logLikelihood: -1005.323948
[00:51:00] Bootstrap tree #35, logLikelihood: -1082.206787
[00:52:07] Bootstrap tree #36, logLikelihood: -1102.782215
[00:53:09] Bootstrap tree #37, logLikelihood: -1089.095852
[00:55:26] Bootstrap tree #38, logLikelihood: -1047.480320
[00:56:25] Bootstrap tree #39, logLikelihood: -1075.759748
[00:57:12] Bootstrap tree #40, logLikelihood: -1077.754687
[00:58:06] Bootstrap tree #41, logLikelihood: -1059.469824
[00:59:06] Bootstrap tree #42, logLikelihood: -1147.222084
[01:00:20] Bootstrap tree #43, logLikelihood: -978.285339
[01:01:19] Bootstrap tree #44, logLikelihood: -1062.389933
[01:02:19] Bootstrap tree #45, logLikelihood: -1131.908805
[01:03:28] Bootstrap tree #46, logLikelihood: -1072.863149
[01:04:32] Bootstrap tree #47, logLikelihood: -1077.896774
[01:05:36] Bootstrap tree #48, logLikelihood: -1176.967738
[01:06:45] Bootstrap tree #49, logLikelihood: -1095.666495
[01:07:41] Bootstrap tree #50, logLikelihood: -993.604051
[01:08:54] Bootstrap tree #51, logLikelihood: -1063.900036
[01:10:00] Bootstrap tree #52, logLikelihood: -1099.312000
[01:10:57] Bootstrap tree #53, logLikelihood: -1032.669988
[01:12:06] Bootstrap tree #54, logLikelihood: -1172.199192
[01:13:19] Bootstrap tree #55, logLikelihood: -1078.639654
[01:14:19] Bootstrap tree #56, logLikelihood: -1128.621081
[01:15:11] Bootstrap tree #57, logLikelihood: -1103.458656
[01:16:22] Bootstrap tree #58, logLikelihood: -1093.749783
[01:17:21] Bootstrap tree #59, logLikelihood: -1146.583586
[01:18:41] Bootstrap tree #60, logLikelihood: -1006.337116
[01:19:34] Bootstrap tree #61, logLikelihood: -1113.657389
[01:20:50] Bootstrap tree #62, logLikelihood: -1083.955638
