
RAxML-NG v. 0.9.0 released on 20.05.2019 by The Exelixis Lab.
Developed by: Alexey M. Kozlov and Alexandros Stamatakis.
Contributors: Diego Darriba, Tomas Flouri, Benoit Morel, Sarah Lutteropp, Ben Bettisworth.
Latest version: https://github.com/amkozlov/raxml-ng
Questions/problems/suggestions? Please visit: https://groups.google.com/forum/#!forum/raxml

RAxML-NG was called at 13-Jul-2023 15:15:15 as follows:

raxml-ng --all --model Blosum62+G --msa results/windows/window_position_1510_1610.fa --prefix results/RaxMl/1510_1610 --msa-format FASTA --tree pars{5} --seed 239 --threads 2 --force --bs-trees 100 --bs-metric fbp

Analysis options:
  run mode: ML tree search + bootstrapping (Felsenstein Bootstrap)
  start tree(s): parsimony (5)
  bootstrap replicates: 100
  random seed: 239
  tip-inner: OFF
  pattern compression: ON
  per-rate scalers: OFF
  site repeats: ON
  branch lengths: proportional (ML estimate, algorithm: NR-FAST)
  SIMD kernels: SSE3
  parallelization: PTHREADS (2 threads), thread pinning: OFF

WARNING: Running in FORCE mode: all safety checks are disabled!

[00:00:00] Reading alignment from file: results/windows/window_position_1510_1610.fa
[00:00:00] Loaded alignment with 47 taxa and 100 sites

Alignment comprises 1 partitions and 92 patterns

Partition 0: noname
Model: BLOSUM62+G4m
Alignment sites / patterns: 100 / 92
Gaps: 0.00 %
Invariant sites: 20.00 %


NOTE: Binary MSA file created: results/RaxMl/1510_1610.raxml.rba

[00:00:00] Generating 5 parsimony starting tree(s) with 47 taxa
[00:00:00] Data distribution: max. partitions/sites/weight per thread: 1 / 46 / 3680

Starting ML tree search with 5 distinct starting trees

[00:01:05] ML tree search #1, logLikelihood: -1087.991736
[00:02:13] ML tree search #2, logLikelihood: -1087.991984
[00:03:17] ML tree search #3, logLikelihood: -1087.991015
[00:04:25] ML tree search #4, logLikelihood: -1087.869577
[00:05:32] ML tree search #5, logLikelihood: -1087.869865

[00:05:32] ML tree search completed, best tree logLH: -1087.869577

[00:05:32] Starting bootstrapping analysis with 100 replicates.

[00:06:37] Bootstrap tree #1, logLikelihood: -1093.693717
[00:07:45] Bootstrap tree #2, logLikelihood: -1039.323677
[00:09:31] Bootstrap tree #3, logLikelihood: -1052.837358
[00:10:40] Bootstrap tree #4, logLikelihood: -1057.013771
[00:12:14] Bootstrap tree #5, logLikelihood: -1040.932885
[00:13:47] Bootstrap tree #6, logLikelihood: -998.834308
[00:15:10] Bootstrap tree #7, logLikelihood: -1057.529575
[00:16:41] Bootstrap tree #8, logLikelihood: -1069.833193
[00:17:45] Bootstrap tree #9, logLikelihood: -1074.801886
[00:18:57] Bootstrap tree #10, logLikelihood: -1106.750396
[00:19:57] Bootstrap tree #11, logLikelihood: -1119.415875
[00:21:15] Bootstrap tree #12, logLikelihood: -1006.238417
[00:22:24] Bootstrap tree #13, logLikelihood: -1233.189338
[00:23:34] Bootstrap tree #14, logLikelihood: -1156.959788
[00:24:43] Bootstrap tree #15, logLikelihood: -1052.013621
[00:26:27] Bootstrap tree #16, logLikelihood: -1036.517348
[00:27:49] Bootstrap tree #17, logLikelihood: -1105.346357
[00:28:57] Bootstrap tree #18, logLikelihood: -1203.983942
[00:29:58] Bootstrap tree #19, logLikelihood: -1061.590382
[00:30:53] Bootstrap tree #20, logLikelihood: -1048.878108
[00:32:13] Bootstrap tree #21, logLikelihood: -1063.289760
[00:33:24] Bootstrap tree #22, logLikelihood: -1054.423141
[00:34:40] Bootstrap tree #23, logLikelihood: -1013.849137
[00:36:16] Bootstrap tree #24, logLikelihood: -1109.789094
[00:37:33] Bootstrap tree #25, logLikelihood: -1130.685854
[00:38:44] Bootstrap tree #26, logLikelihood: -1129.454717
[00:40:14] Bootstrap tree #27, logLikelihood: -1165.214863
[00:41:11] Bootstrap tree #28, logLikelihood: -1059.107880
[00:42:41] Bootstrap tree #29, logLikelihood: -1149.723197
[00:44:16] Bootstrap tree #30, logLikelihood: -1118.606697
[00:45:14] Bootstrap tree #31, logLikelihood: -945.831940
[00:46:43] Bootstrap tree #32, logLikelihood: -1002.869237
[00:47:54] Bootstrap tree #33, logLikelihood: -1157.298575
[00:49:03] Bootstrap tree #34, logLikelihood: -1151.029306
[00:50:08] Bootstrap tree #35, logLikelihood: -1101.646511
[00:51:37] Bootstrap tree #36, logLikelihood: -1069.719630
[00:52:47] Bootstrap tree #37, logLikelihood: -1032.776847
[00:53:54] Bootstrap tree #38, logLikelihood: -1076.185622
[00:54:49] Bootstrap tree #39, logLikelihood: -1086.346780
[00:55:50] Bootstrap tree #40, logLikelihood: -1119.352321
[00:57:00] Bootstrap tree #41, logLikelihood: -962.341552
