
RAxML-NG v. 0.9.0 released on 20.05.2019 by The Exelixis Lab.
Developed by: Alexey M. Kozlov and Alexandros Stamatakis.
Contributors: Diego Darriba, Tomas Flouri, Benoit Morel, Sarah Lutteropp, Ben Bettisworth.
Latest version: https://github.com/amkozlov/raxml-ng
Questions/problems/suggestions? Please visit: https://groups.google.com/forum/#!forum/raxml

RAxML-NG was called at 13-Jul-2023 22:37:26 as follows:

raxml-ng --all --model Blosum62+G --msa results/windows/window_position_1610_1710.fa --prefix results/RaxMl/1610_1710 --msa-format FASTA --tree pars{5} --seed 239 --threads 2 --force --bs-trees 100 --bs-metric fbp

Analysis options:
  run mode: ML tree search + bootstrapping (Felsenstein Bootstrap)
  start tree(s): parsimony (5)
  bootstrap replicates: 100
  random seed: 239
  tip-inner: OFF
  pattern compression: ON
  per-rate scalers: OFF
  site repeats: ON
  branch lengths: proportional (ML estimate, algorithm: NR-FAST)
  SIMD kernels: SSE3
  parallelization: PTHREADS (2 threads), thread pinning: OFF

WARNING: Running in FORCE mode: all safety checks are disabled!

[00:00:00] Reading alignment from file: results/windows/window_position_1610_1710.fa
[00:00:00] Loaded alignment with 47 taxa and 100 sites

Alignment comprises 1 partitions and 80 patterns

Partition 0: noname
Model: BLOSUM62+G4m
Alignment sites / patterns: 100 / 80
Gaps: 0.00 %
Invariant sites: 31.00 %


NOTE: Binary MSA file created: results/RaxMl/1610_1710.raxml.rba

[00:00:00] Generating 5 parsimony starting tree(s) with 47 taxa
[00:00:00] Data distribution: max. partitions/sites/weight per thread: 1 / 40 / 3200

Starting ML tree search with 5 distinct starting trees

[00:02:10] ML tree search #1, logLikelihood: -802.785898
[00:03:50] ML tree search #2, logLikelihood: -801.484403
[00:04:52] ML tree search #3, logLikelihood: -802.784181
[00:05:50] ML tree search #4, logLikelihood: -802.784303
[00:07:39] ML tree search #5, logLikelihood: -802.788020

[00:07:39] ML tree search completed, best tree logLH: -801.484403

[00:07:39] Starting bootstrapping analysis with 100 replicates.

[00:08:33] Bootstrap tree #1, logLikelihood: -787.591408
[00:09:27] Bootstrap tree #2, logLikelihood: -814.626129
[00:10:25] Bootstrap tree #3, logLikelihood: -778.845556
[00:11:24] Bootstrap tree #4, logLikelihood: -774.780993
[00:12:16] Bootstrap tree #5, logLikelihood: -756.475359
[00:13:10] Bootstrap tree #6, logLikelihood: -798.588701
[00:14:03] Bootstrap tree #7, logLikelihood: -817.020415
[00:15:03] Bootstrap tree #8, logLikelihood: -783.774284
[00:15:58] Bootstrap tree #9, logLikelihood: -816.092716
[00:16:41] Bootstrap tree #10, logLikelihood: -866.899593
[00:17:31] Bootstrap tree #11, logLikelihood: -783.665539
[00:18:29] Bootstrap tree #12, logLikelihood: -792.291399
[00:19:23] Bootstrap tree #13, logLikelihood: -853.711100
[00:20:27] Bootstrap tree #14, logLikelihood: -839.645210
[00:21:39] Bootstrap tree #15, logLikelihood: -770.378722
[00:22:53] Bootstrap tree #16, logLikelihood: -819.650011
[00:23:56] Bootstrap tree #17, logLikelihood: -850.256504
[00:24:51] Bootstrap tree #18, logLikelihood: -795.517989
[00:25:40] Bootstrap tree #19, logLikelihood: -742.952607
[00:26:37] Bootstrap tree #20, logLikelihood: -758.949376
[00:27:37] Bootstrap tree #21, logLikelihood: -792.222595
[00:28:31] Bootstrap tree #22, logLikelihood: -783.778857
[00:29:24] Bootstrap tree #23, logLikelihood: -768.852977
[00:30:14] Bootstrap tree #24, logLikelihood: -738.390381
[00:31:14] Bootstrap tree #25, logLikelihood: -865.821515
[00:32:04] Bootstrap tree #26, logLikelihood: -773.831406
[00:33:01] Bootstrap tree #27, logLikelihood: -808.370961
[00:34:39] Bootstrap tree #28, logLikelihood: -817.108765
[00:35:51] Bootstrap tree #29, logLikelihood: -826.821700
[00:36:45] Bootstrap tree #30, logLikelihood: -741.389132
[00:37:50] Bootstrap tree #31, logLikelihood: -775.976499
[00:38:50] Bootstrap tree #32, logLikelihood: -790.035137
[00:39:45] Bootstrap tree #33, logLikelihood: -822.591892
[00:40:39] Bootstrap tree #34, logLikelihood: -788.244237
[00:41:28] Bootstrap tree #35, logLikelihood: -822.135520
[00:43:22] Bootstrap tree #36, logLikelihood: -827.060267
[00:44:20] Bootstrap tree #37, logLikelihood: -715.271254
[00:45:24] Bootstrap tree #38, logLikelihood: -814.844621
[00:46:17] Bootstrap tree #39, logLikelihood: -733.799080
