
RAxML-NG v. 0.9.0 released on 20.05.2019 by The Exelixis Lab.
Developed by: Alexey M. Kozlov and Alexandros Stamatakis.
Contributors: Diego Darriba, Tomas Flouri, Benoit Morel, Sarah Lutteropp, Ben Bettisworth.
Latest version: https://github.com/amkozlov/raxml-ng
Questions/problems/suggestions? Please visit: https://groups.google.com/forum/#!forum/raxml

RAxML-NG was called at 14-Jul-2023 10:20:27 as follows:

raxml-ng --all --model Blosum62+G --msa results/windows/window_position_1670_1770.fa --prefix results/RaxMl/1670_1770 --msa-format FASTA --tree pars{5} --seed 239 --threads 2 --force --bs-trees 100 --bs-metric fbp

Analysis options:
  run mode: ML tree search + bootstrapping (Felsenstein Bootstrap)
  start tree(s): parsimony (5)
  bootstrap replicates: 100
  random seed: 239
  tip-inner: OFF
  pattern compression: ON
  per-rate scalers: OFF
  site repeats: ON
  branch lengths: proportional (ML estimate, algorithm: NR-FAST)
  SIMD kernels: SSE3
  parallelization: PTHREADS (2 threads), thread pinning: OFF

WARNING: Running in FORCE mode: all safety checks are disabled!

[00:00:00] Reading alignment from file: results/windows/window_position_1670_1770.fa
[00:00:00] Loaded alignment with 47 taxa and 100 sites

Alignment comprises 1 partitions and 91 patterns

Partition 0: noname
Model: BLOSUM62+G4m
Alignment sites / patterns: 100 / 91
Gaps: 0.02 %
Invariant sites: 19.00 %


NOTE: Binary MSA file created: results/RaxMl/1670_1770.raxml.rba

[00:00:00] Generating 5 parsimony starting tree(s) with 47 taxa
[00:00:00] Data distribution: max. partitions/sites/weight per thread: 1 / 46 / 3680

Starting ML tree search with 5 distinct starting trees

[00:02:02] ML tree search #1, logLikelihood: -885.575930
[00:03:12] ML tree search #2, logLikelihood: -885.569466
[00:04:14] ML tree search #3, logLikelihood: -885.571946
[00:05:17] ML tree search #4, logLikelihood: -885.575903
[00:07:26] ML tree search #5, logLikelihood: -885.577187

[00:07:26] ML tree search completed, best tree logLH: -885.569466

[00:07:26] Starting bootstrapping analysis with 100 replicates.

[00:08:29] Bootstrap tree #1, logLikelihood: -904.707397
[00:09:33] Bootstrap tree #2, logLikelihood: -778.030292
[00:11:42] Bootstrap tree #3, logLikelihood: -885.812747
[00:13:00] Bootstrap tree #4, logLikelihood: -907.161653
[00:14:01] Bootstrap tree #5, logLikelihood: -891.023722
[00:15:25] Bootstrap tree #6, logLikelihood: -865.212305
[00:16:14] Bootstrap tree #7, logLikelihood: -875.896142
[00:17:58] Bootstrap tree #8, logLikelihood: -961.117791
[00:19:31] Bootstrap tree #9, logLikelihood: -886.023582
[00:20:48] Bootstrap tree #10, logLikelihood: -909.089391
[00:22:04] Bootstrap tree #11, logLikelihood: -917.770025
[00:23:03] Bootstrap tree #12, logLikelihood: -813.978148
[00:24:16] Bootstrap tree #13, logLikelihood: -900.688258
[00:25:12] Bootstrap tree #14, logLikelihood: -822.940370
[00:26:16] Bootstrap tree #15, logLikelihood: -854.560914
[00:27:16] Bootstrap tree #16, logLikelihood: -920.971662
[00:28:09] Bootstrap tree #17, logLikelihood: -814.764397
[00:30:21] Bootstrap tree #18, logLikelihood: -917.876702
[00:31:22] Bootstrap tree #19, logLikelihood: -902.748049
[00:32:25] Bootstrap tree #20, logLikelihood: -908.769247
[00:33:34] Bootstrap tree #21, logLikelihood: -905.687024
[00:34:41] Bootstrap tree #22, logLikelihood: -929.591920
[00:35:47] Bootstrap tree #23, logLikelihood: -906.164444
[00:36:52] Bootstrap tree #24, logLikelihood: -861.160140
[00:38:02] Bootstrap tree #25, logLikelihood: -872.835833
[00:39:06] Bootstrap tree #26, logLikelihood: -818.135092
[00:40:20] Bootstrap tree #27, logLikelihood: -848.418908
[00:41:21] Bootstrap tree #28, logLikelihood: -866.511316
[00:42:20] Bootstrap tree #29, logLikelihood: -855.935221
[00:43:25] Bootstrap tree #30, logLikelihood: -880.336301
[00:44:40] Bootstrap tree #31, logLikelihood: -868.892448
[00:46:18] Bootstrap tree #32, logLikelihood: -861.187181
[00:47:21] Bootstrap tree #33, logLikelihood: -877.304281
[00:48:12] Bootstrap tree #34, logLikelihood: -820.238980
[00:49:24] Bootstrap tree #35, logLikelihood: -882.623684
[00:50:18] Bootstrap tree #36, logLikelihood: -881.452164
[00:51:16] Bootstrap tree #37, logLikelihood: -854.234327
[00:52:11] Bootstrap tree #38, logLikelihood: -834.837059
[00:53:24] Bootstrap tree #39, logLikelihood: -809.613263
[00:54:25] Bootstrap tree #40, logLikelihood: -954.383967
[00:55:19] Bootstrap tree #41, logLikelihood: -863.208832
[00:56:25] Bootstrap tree #42, logLikelihood: -893.111311
[00:58:10] Bootstrap tree #43, logLikelihood: -939.217400
[00:59:14] Bootstrap tree #44, logLikelihood: -842.431828
[01:00:20] Bootstrap tree #45, logLikelihood: -884.727727
[01:01:38] Bootstrap tree #46, logLikelihood: -846.265606
[01:02:38] Bootstrap tree #47, logLikelihood: -837.919160
[01:03:44] Bootstrap tree #48, logLikelihood: -843.877855
[01:05:40] Bootstrap tree #49, logLikelihood: -903.245817
[01:06:30] Bootstrap tree #50, logLikelihood: -784.128920
[01:07:27] Bootstrap tree #51, logLikelihood: -876.029649
[01:08:23] Bootstrap tree #52, logLikelihood: -843.784407
[01:09:21] Bootstrap tree #53, logLikelihood: -883.698717
[01:10:18] Bootstrap tree #54, logLikelihood: -937.138347
[01:11:21] Bootstrap tree #55, logLikelihood: -853.203153
[01:12:35] Bootstrap tree #56, logLikelihood: -871.312986
[01:14:02] Bootstrap tree #57, logLikelihood: -900.380611
[01:15:07] Bootstrap tree #58, logLikelihood: -932.500017
[01:16:07] Bootstrap tree #59, logLikelihood: -922.264511
[01:17:16] Bootstrap tree #60, logLikelihood: -890.236534
[01:18:15] Bootstrap tree #61, logLikelihood: -831.896035
[01:19:25] Bootstrap tree #62, logLikelihood: -907.939711
[01:20:32] Bootstrap tree #63, logLikelihood: -913.769510
[01:21:44] Bootstrap tree #64, logLikelihood: -850.757051
[01:22:54] Bootstrap tree #65, logLikelihood: -930.294171
[01:24:03] Bootstrap tree #66, logLikelihood: -914.021484
[01:25:11] Bootstrap tree #67, logLikelihood: -948.087614
[01:26:18] Bootstrap tree #68, logLikelihood: -824.640167
[01:27:30] Bootstrap tree #69, logLikelihood: -874.828711
[01:28:57] Bootstrap tree #70, logLikelihood: -838.607766
[01:29:56] Bootstrap tree #71, logLikelihood: -846.292531
[01:31:15] Bootstrap tree #72, logLikelihood: -912.946997
[01:32:52] Bootstrap tree #73, logLikelihood: -916.569260
[01:34:08] Bootstrap tree #74, logLikelihood: -823.885094
[01:35:18] Bootstrap tree #75, logLikelihood: -1000.792180
[01:36:08] Bootstrap tree #76, logLikelihood: -852.222885
[01:38:00] Bootstrap tree #77, logLikelihood: -885.949752
[01:39:06] Bootstrap tree #78, logLikelihood: -923.954835
[01:39:53] Bootstrap tree #79, logLikelihood: -856.209248
[01:41:00] Bootstrap tree #80, logLikelihood: -892.980826
[01:41:56] Bootstrap tree #81, logLikelihood: -877.193858
[01:42:55] Bootstrap tree #82, logLikelihood: -883.295477
[01:44:08] Bootstrap tree #83, logLikelihood: -949.710703
