
RAxML-NG v. 0.9.0 released on 20.05.2019 by The Exelixis Lab.
Developed by: Alexey M. Kozlov and Alexandros Stamatakis.
Contributors: Diego Darriba, Tomas Flouri, Benoit Morel, Sarah Lutteropp, Ben Bettisworth.
Latest version: https://github.com/amkozlov/raxml-ng
Questions/problems/suggestions? Please visit: https://groups.google.com/forum/#!forum/raxml

RAxML-NG was called at 14-Jul-2023 22:14:23 as follows:

raxml-ng --all --model Blosum62+G --msa results/windows/window_position_1690_1790.fa --prefix results/RaxMl/1690_1790 --msa-format FASTA --tree pars{5} --seed 239 --threads 2 --force --bs-trees 100 --bs-metric fbp

Analysis options:
  run mode: ML tree search + bootstrapping (Felsenstein Bootstrap)
  start tree(s): parsimony (5)
  bootstrap replicates: 100
  random seed: 239
  tip-inner: OFF
  pattern compression: ON
  per-rate scalers: OFF
  site repeats: ON
  branch lengths: proportional (ML estimate, algorithm: NR-FAST)
  SIMD kernels: SSE3
  parallelization: PTHREADS (2 threads), thread pinning: OFF

WARNING: Running in FORCE mode: all safety checks are disabled!

[00:00:00] Reading alignment from file: results/windows/window_position_1690_1790.fa
[00:00:00] Loaded alignment with 47 taxa and 100 sites

Alignment comprises 1 partitions and 89 patterns

Partition 0: noname
Model: BLOSUM62+G4m
Alignment sites / patterns: 100 / 89
Gaps: 0.02 %
Invariant sites: 19.00 %


NOTE: Binary MSA file created: results/RaxMl/1690_1790.raxml.rba

[00:00:00] Generating 5 parsimony starting tree(s) with 47 taxa
[00:00:00] Data distribution: max. partitions/sites/weight per thread: 1 / 45 / 3600

Starting ML tree search with 5 distinct starting trees

[00:00:57] ML tree search #1, logLikelihood: -899.086253
[00:01:57] ML tree search #2, logLikelihood: -899.085152
[00:02:56] ML tree search #3, logLikelihood: -899.085431
[00:03:57] ML tree search #4, logLikelihood: -899.088901
[00:04:55] ML tree search #5, logLikelihood: -899.086267

[00:04:55] ML tree search completed, best tree logLH: -899.085152

[00:04:55] Starting bootstrapping analysis with 100 replicates.

[00:06:01] Bootstrap tree #1, logLikelihood: -935.172321
[00:06:57] Bootstrap tree #2, logLikelihood: -823.820853
[00:07:59] Bootstrap tree #3, logLikelihood: -877.305363
[00:08:59] Bootstrap tree #4, logLikelihood: -925.357239
[00:10:13] Bootstrap tree #5, logLikelihood: -914.964381
[00:11:12] Bootstrap tree #6, logLikelihood: -901.344043
[00:12:23] Bootstrap tree #7, logLikelihood: -893.246866
[00:13:39] Bootstrap tree #8, logLikelihood: -901.980353
[00:14:49] Bootstrap tree #9, logLikelihood: -858.318861
[00:15:55] Bootstrap tree #10, logLikelihood: -868.699274
[00:16:46] Bootstrap tree #11, logLikelihood: -851.454929
[00:18:21] Bootstrap tree #12, logLikelihood: -851.562880
[00:19:52] Bootstrap tree #13, logLikelihood: -963.489082
[00:20:49] Bootstrap tree #14, logLikelihood: -910.077442
[00:21:52] Bootstrap tree #15, logLikelihood: -883.054750
[00:22:56] Bootstrap tree #16, logLikelihood: -871.153288
[00:23:55] Bootstrap tree #17, logLikelihood: -832.075285
[00:25:25] Bootstrap tree #18, logLikelihood: -922.540460
[00:26:41] Bootstrap tree #19, logLikelihood: -935.785155
[00:27:45] Bootstrap tree #20, logLikelihood: -909.686313
[00:28:51] Bootstrap tree #21, logLikelihood: -909.033908
[00:29:43] Bootstrap tree #22, logLikelihood: -886.049276
[00:30:34] Bootstrap tree #23, logLikelihood: -873.414580
[00:31:31] Bootstrap tree #24, logLikelihood: -890.521173
[00:32:31] Bootstrap tree #25, logLikelihood: -828.143934
[00:33:39] Bootstrap tree #26, logLikelihood: -864.570768
[00:34:45] Bootstrap tree #27, logLikelihood: -856.261056
[00:35:47] Bootstrap tree #28, logLikelihood: -908.480515
[00:36:53] Bootstrap tree #29, logLikelihood: -857.887410
[00:37:59] Bootstrap tree #30, logLikelihood: -868.592510
[00:38:57] Bootstrap tree #31, logLikelihood: -872.306714
[00:39:59] Bootstrap tree #32, logLikelihood: -883.917046
[00:41:00] Bootstrap tree #33, logLikelihood: -888.223307
[00:41:54] Bootstrap tree #34, logLikelihood: -902.602367
[00:42:55] Bootstrap tree #35, logLikelihood: -919.423506
[00:43:54] Bootstrap tree #36, logLikelihood: -925.596594
[00:44:45] Bootstrap tree #37, logLikelihood: -870.814291
[00:46:19] Bootstrap tree #38, logLikelihood: -926.321745
[00:47:36] Bootstrap tree #39, logLikelihood: -850.617245
[00:48:38] Bootstrap tree #40, logLikelihood: -866.997124
[00:49:37] Bootstrap tree #41, logLikelihood: -875.908850
[00:50:41] Bootstrap tree #42, logLikelihood: -867.662421
[00:51:31] Bootstrap tree #43, logLikelihood: -860.739435
[00:52:27] Bootstrap tree #44, logLikelihood: -840.331647
[00:53:36] Bootstrap tree #45, logLikelihood: -912.338222
[00:54:48] Bootstrap tree #46, logLikelihood: -807.362362
[00:55:55] Bootstrap tree #47, logLikelihood: -849.188568
[00:57:21] Bootstrap tree #48, logLikelihood: -871.903949
[00:58:22] Bootstrap tree #49, logLikelihood: -927.794761
[00:59:18] Bootstrap tree #50, logLikelihood: -885.193408
[01:00:08] Bootstrap tree #51, logLikelihood: -853.114183
[01:00:56] Bootstrap tree #52, logLikelihood: -862.233409
[01:02:11] Bootstrap tree #53, logLikelihood: -921.738270
[01:03:00] Bootstrap tree #54, logLikelihood: -823.315263
[01:03:55] Bootstrap tree #55, logLikelihood: -881.628708
[01:05:10] Bootstrap tree #56, logLikelihood: -896.016024
[01:06:34] Bootstrap tree #57, logLikelihood: -829.078943
[01:08:16] Bootstrap tree #58, logLikelihood: -878.048743
