
RAxML-NG v. 0.9.0 released on 20.05.2019 by The Exelixis Lab.
Developed by: Alexey M. Kozlov and Alexandros Stamatakis.
Contributors: Diego Darriba, Tomas Flouri, Benoit Morel, Sarah Lutteropp, Ben Bettisworth.
Latest version: https://github.com/amkozlov/raxml-ng
Questions/problems/suggestions? Please visit: https://groups.google.com/forum/#!forum/raxml

RAxML-NG was called at 13-Jul-2023 07:25:36 as follows:

raxml-ng --all --model Blosum62+G --msa results/windows/window_position_1700_1800.fa --prefix results/RaxMl/1700_1800 --msa-format FASTA --tree pars{5} --seed 239 --threads 2 --force --bs-trees 100 --bs-metric fbp

Analysis options:
  run mode: ML tree search + bootstrapping (Felsenstein Bootstrap)
  start tree(s): parsimony (5)
  bootstrap replicates: 100
  random seed: 239
  tip-inner: OFF
  pattern compression: ON
  per-rate scalers: OFF
  site repeats: ON
  branch lengths: proportional (ML estimate, algorithm: NR-FAST)
  SIMD kernels: SSE3
  parallelization: PTHREADS (2 threads), thread pinning: OFF

WARNING: Running in FORCE mode: all safety checks are disabled!

[00:00:00] Reading alignment from file: results/windows/window_position_1700_1800.fa
[00:00:00] Loaded alignment with 47 taxa and 100 sites

Alignment comprises 1 partitions and 94 patterns

Partition 0: noname
Model: BLOSUM62+G4m
Alignment sites / patterns: 100 / 94
Gaps: 0.02 %
Invariant sites: 13.00 %


NOTE: Binary MSA file created: results/RaxMl/1700_1800.raxml.rba

[00:00:00] Generating 5 parsimony starting tree(s) with 47 taxa
[00:00:00] Data distribution: max. partitions/sites/weight per thread: 1 / 47 / 3760

Starting ML tree search with 5 distinct starting trees

[00:01:11] ML tree search #1, logLikelihood: -956.941695
[00:03:02] ML tree search #2, logLikelihood: -956.943552
[00:04:13] ML tree search #3, logLikelihood: -956.942195
[00:05:24] ML tree search #4, logLikelihood: -956.948149
[00:06:35] ML tree search #5, logLikelihood: -956.943246

[00:06:35] ML tree search completed, best tree logLH: -956.941695

[00:06:35] Starting bootstrapping analysis with 100 replicates.

[00:08:10] Bootstrap tree #1, logLikelihood: -965.506383
[00:09:23] Bootstrap tree #2, logLikelihood: -859.396897
[00:10:48] Bootstrap tree #3, logLikelihood: -930.378772
[00:12:20] Bootstrap tree #4, logLikelihood: -1016.267288
[00:13:33] Bootstrap tree #5, logLikelihood: -955.629094
[00:14:59] Bootstrap tree #6, logLikelihood: -911.035786
[00:16:37] Bootstrap tree #7, logLikelihood: -949.899819
[00:17:43] Bootstrap tree #8, logLikelihood: -982.399260
[00:19:43] Bootstrap tree #9, logLikelihood: -931.121334
[00:20:39] Bootstrap tree #10, logLikelihood: -937.185302
[00:21:49] Bootstrap tree #11, logLikelihood: -949.265230
[00:23:03] Bootstrap tree #12, logLikelihood: -911.073747
[00:25:07] Bootstrap tree #13, logLikelihood: -960.673108
[00:26:19] Bootstrap tree #14, logLikelihood: -978.231668
[00:27:31] Bootstrap tree #15, logLikelihood: -955.614242
[00:28:59] Bootstrap tree #16, logLikelihood: -930.045162
[00:29:51] Bootstrap tree #17, logLikelihood: -913.681802
[00:31:02] Bootstrap tree #18, logLikelihood: -1011.764792
[00:32:02] Bootstrap tree #19, logLikelihood: -965.881790
[00:33:19] Bootstrap tree #20, logLikelihood: -947.942906
[00:34:27] Bootstrap tree #21, logLikelihood: -1015.007385
[00:35:54] Bootstrap tree #22, logLikelihood: -870.721423
[00:36:56] Bootstrap tree #23, logLikelihood: -958.894922
[00:38:12] Bootstrap tree #24, logLikelihood: -1011.418142
[00:39:29] Bootstrap tree #25, logLikelihood: -884.521278
[00:41:03] Bootstrap tree #26, logLikelihood: -902.678437
[00:42:13] Bootstrap tree #27, logLikelihood: -993.795509
[00:43:13] Bootstrap tree #28, logLikelihood: -957.778012
[00:44:13] Bootstrap tree #29, logLikelihood: -918.809865
[00:45:53] Bootstrap tree #30, logLikelihood: -886.927375
[00:46:57] Bootstrap tree #31, logLikelihood: -890.342159
[00:49:20] Bootstrap tree #32, logLikelihood: -949.759576
[00:50:28] Bootstrap tree #33, logLikelihood: -965.490348
[00:51:40] Bootstrap tree #34, logLikelihood: -907.584473
[00:53:37] Bootstrap tree #35, logLikelihood: -937.006183
[00:54:30] Bootstrap tree #36, logLikelihood: -982.559859
[00:55:34] Bootstrap tree #37, logLikelihood: -963.820556
[00:56:49] Bootstrap tree #38, logLikelihood: -929.593959
[00:58:24] Bootstrap tree #39, logLikelihood: -891.125439
[00:59:31] Bootstrap tree #40, logLikelihood: -908.918441
[01:00:46] Bootstrap tree #41, logLikelihood: -943.642137
[01:08:25] Bootstrap tree #42, logLikelihood: -897.124709
[01:11:26] Bootstrap tree #43, logLikelihood: -981.373122
[01:12:36] Bootstrap tree #44, logLikelihood: -959.254932
[01:14:52] Bootstrap tree #45, logLikelihood: -974.649291
[01:15:59] Bootstrap tree #46, logLikelihood: -895.150267
[01:18:37] Bootstrap tree #47, logLikelihood: -897.599856
[01:19:54] Bootstrap tree #48, logLikelihood: -955.183958
[01:22:12] Bootstrap tree #49, logLikelihood: -973.830635
[01:23:30] Bootstrap tree #50, logLikelihood: -893.133107
