
RAxML-NG v. 0.9.0 released on 20.05.2019 by The Exelixis Lab.
Developed by: Alexey M. Kozlov and Alexandros Stamatakis.
Contributors: Diego Darriba, Tomas Flouri, Benoit Morel, Sarah Lutteropp, Ben Bettisworth.
Latest version: https://github.com/amkozlov/raxml-ng
Questions/problems/suggestions? Please visit: https://groups.google.com/forum/#!forum/raxml

RAxML-NG was called at 15-Jul-2023 20:54:45 as follows:

raxml-ng --all --model Blosum62+G --msa results/windows/window_position_1710_1810.fa --prefix results/RaxMl/1710_1810 --msa-format FASTA --tree pars{5} --seed 239 --threads 2 --force --bs-trees 100 --bs-metric fbp

Analysis options:
  run mode: ML tree search + bootstrapping (Felsenstein Bootstrap)
  start tree(s): parsimony (5)
  bootstrap replicates: 100
  random seed: 239
  tip-inner: OFF
  pattern compression: ON
  per-rate scalers: OFF
  site repeats: ON
  branch lengths: proportional (ML estimate, algorithm: NR-FAST)
  SIMD kernels: SSE3
  parallelization: PTHREADS (2 threads), thread pinning: OFF

WARNING: Running in FORCE mode: all safety checks are disabled!

[00:00:00] Reading alignment from file: results/windows/window_position_1710_1810.fa
[00:00:00] Loaded alignment with 47 taxa and 100 sites

Alignment comprises 1 partitions and 92 patterns

Partition 0: noname
Model: BLOSUM62+G4m
Alignment sites / patterns: 100 / 92
Gaps: 0.02 %
Invariant sites: 14.00 %


NOTE: Binary MSA file created: results/RaxMl/1710_1810.raxml.rba

[00:00:00] Generating 5 parsimony starting tree(s) with 47 taxa
[00:00:00] Data distribution: max. partitions/sites/weight per thread: 1 / 46 / 3680

Starting ML tree search with 5 distinct starting trees

[00:01:09] ML tree search #1, logLikelihood: -931.546557
[00:02:10] ML tree search #2, logLikelihood: -931.548496
[00:04:03] ML tree search #3, logLikelihood: -931.544339
[00:05:10] ML tree search #4, logLikelihood: -931.544787
[00:06:37] ML tree search #5, logLikelihood: -931.560243

[00:06:37] ML tree search completed, best tree logLH: -931.544339

[00:06:37] Starting bootstrapping analysis with 100 replicates.

[00:07:39] Bootstrap tree #1, logLikelihood: -858.875512
[00:08:43] Bootstrap tree #2, logLikelihood: -956.080718
[00:09:36] Bootstrap tree #3, logLikelihood: -914.067481
[00:10:39] Bootstrap tree #4, logLikelihood: -876.369254
[00:11:49] Bootstrap tree #5, logLikelihood: -900.821365
[00:12:59] Bootstrap tree #6, logLikelihood: -923.465814
[00:13:56] Bootstrap tree #7, logLikelihood: -857.177530
[00:15:00] Bootstrap tree #8, logLikelihood: -976.791606
[00:16:07] Bootstrap tree #9, logLikelihood: -1004.805244
[00:17:04] Bootstrap tree #10, logLikelihood: -910.903448
[00:18:16] Bootstrap tree #11, logLikelihood: -912.524754
[00:19:19] Bootstrap tree #12, logLikelihood: -859.375421
[00:20:25] Bootstrap tree #13, logLikelihood: -925.952516
[00:21:21] Bootstrap tree #14, logLikelihood: -905.736843
[00:22:43] Bootstrap tree #15, logLikelihood: -922.938321
[00:23:40] Bootstrap tree #16, logLikelihood: -916.385066
[00:24:42] Bootstrap tree #17, logLikelihood: -859.170812
[00:25:53] Bootstrap tree #18, logLikelihood: -991.076174
[00:27:32] Bootstrap tree #19, logLikelihood: -936.180696
[00:29:34] Bootstrap tree #20, logLikelihood: -956.513722
[00:30:39] Bootstrap tree #21, logLikelihood: -906.100141
[00:31:31] Bootstrap tree #22, logLikelihood: -965.353252
[00:32:31] Bootstrap tree #23, logLikelihood: -925.235632
[00:33:42] Bootstrap tree #24, logLikelihood: -951.745658
[00:34:34] Bootstrap tree #25, logLikelihood: -876.838006
[00:35:49] Bootstrap tree #26, logLikelihood: -860.144100
[00:36:38] Bootstrap tree #27, logLikelihood: -933.697548
[00:37:32] Bootstrap tree #28, logLikelihood: -857.627415
[00:38:44] Bootstrap tree #29, logLikelihood: -925.493099
[00:39:53] Bootstrap tree #30, logLikelihood: -914.544206
[00:41:03] Bootstrap tree #31, logLikelihood: -905.280307
[00:42:01] Bootstrap tree #32, logLikelihood: -919.711813
[00:43:01] Bootstrap tree #33, logLikelihood: -912.730084
[00:44:00] Bootstrap tree #34, logLikelihood: -961.995398
[00:45:08] Bootstrap tree #35, logLikelihood: -876.290529
[00:46:40] Bootstrap tree #36, logLikelihood: -837.272907
[00:47:30] Bootstrap tree #37, logLikelihood: -898.254576
[00:48:40] Bootstrap tree #38, logLikelihood: -910.046752
[00:50:29] Bootstrap tree #39, logLikelihood: -958.965197
[00:51:40] Bootstrap tree #40, logLikelihood: -890.552480
[00:53:01] Bootstrap tree #41, logLikelihood: -1028.681807
[00:54:28] Bootstrap tree #42, logLikelihood: -866.809214
[00:55:34] Bootstrap tree #43, logLikelihood: -945.022217
[00:57:11] Bootstrap tree #44, logLikelihood: -902.597944
[00:58:19] Bootstrap tree #45, logLikelihood: -868.138459
[00:59:44] Bootstrap tree #46, logLikelihood: -925.802203
[01:00:48] Bootstrap tree #47, logLikelihood: -957.283179
[01:01:55] Bootstrap tree #48, logLikelihood: -965.705121
[01:03:00] Bootstrap tree #49, logLikelihood: -963.942177
[01:04:03] Bootstrap tree #50, logLikelihood: -909.265133
[01:05:09] Bootstrap tree #51, logLikelihood: -915.924378
[01:06:10] Bootstrap tree #52, logLikelihood: -923.358305
[01:07:09] Bootstrap tree #53, logLikelihood: -891.018826
[01:08:14] Bootstrap tree #54, logLikelihood: -996.292269
[01:09:14] Bootstrap tree #55, logLikelihood: -938.074547
[01:10:12] Bootstrap tree #56, logLikelihood: -978.873567
[01:11:25] Bootstrap tree #57, logLikelihood: -934.692165
[01:12:23] Bootstrap tree #58, logLikelihood: -833.889748
[01:13:48] Bootstrap tree #59, logLikelihood: -942.990550
[01:14:50] Bootstrap tree #60, logLikelihood: -964.508570
[01:15:54] Bootstrap tree #61, logLikelihood: -947.003974
[01:17:21] Bootstrap tree #62, logLikelihood: -894.379576
[01:18:08] Bootstrap tree #63, logLikelihood: -955.581823
[01:19:26] Bootstrap tree #64, logLikelihood: -930.924424
[01:20:23] Bootstrap tree #65, logLikelihood: -917.148348
[01:21:34] Bootstrap tree #66, logLikelihood: -952.317946
[01:22:31] Bootstrap tree #67, logLikelihood: -884.364865
[01:23:28] Bootstrap tree #68, logLikelihood: -918.299299
[01:24:37] Bootstrap tree #69, logLikelihood: -872.491241
[01:25:50] Bootstrap tree #70, logLikelihood: -902.281864
[01:26:43] Bootstrap tree #71, logLikelihood: -878.144050
[01:27:56] Bootstrap tree #72, logLikelihood: -971.156338
[01:28:58] Bootstrap tree #73, logLikelihood: -933.188394
[01:29:59] Bootstrap tree #74, logLikelihood: -922.877283
[01:30:55] Bootstrap tree #75, logLikelihood: -1004.643635
