
RAxML-NG v. 0.9.0 released on 20.05.2019 by The Exelixis Lab.
Developed by: Alexey M. Kozlov and Alexandros Stamatakis.
Contributors: Diego Darriba, Tomas Flouri, Benoit Morel, Sarah Lutteropp, Ben Bettisworth.
Latest version: https://github.com/amkozlov/raxml-ng
Questions/problems/suggestions? Please visit: https://groups.google.com/forum/#!forum/raxml

RAxML-NG was called at 13-Jul-2023 10:54:32 as follows:

raxml-ng --all --model Blosum62+G --msa results/windows/window_position_1830_1930.fa --prefix results/RaxMl/1830_1930 --msa-format FASTA --tree pars{5} --seed 239 --threads 2 --force --bs-trees 100 --bs-metric fbp

Analysis options:
  run mode: ML tree search + bootstrapping (Felsenstein Bootstrap)
  start tree(s): parsimony (5)
  bootstrap replicates: 100
  random seed: 239
  tip-inner: OFF
  pattern compression: ON
  per-rate scalers: OFF
  site repeats: ON
  branch lengths: proportional (ML estimate, algorithm: NR-FAST)
  SIMD kernels: SSE3
  parallelization: PTHREADS (2 threads), thread pinning: OFF

WARNING: Running in FORCE mode: all safety checks are disabled!

[00:00:00] Reading alignment from file: results/windows/window_position_1830_1930.fa
[00:00:00] Loaded alignment with 47 taxa and 100 sites

Alignment comprises 1 partitions and 86 patterns

Partition 0: noname
Model: BLOSUM62+G4m
Alignment sites / patterns: 100 / 86
Gaps: 0.00 %
Invariant sites: 24.00 %


NOTE: Binary MSA file created: results/RaxMl/1830_1930.raxml.rba

[00:00:00] Generating 5 parsimony starting tree(s) with 47 taxa
[00:00:00] Data distribution: max. partitions/sites/weight per thread: 1 / 43 / 3440

Starting ML tree search with 5 distinct starting trees

[00:01:32] ML tree search #1, logLikelihood: -858.729758
[00:03:32] ML tree search #2, logLikelihood: -858.722984
[00:05:22] ML tree search #3, logLikelihood: -858.734214
[00:07:08] ML tree search #4, logLikelihood: -858.729370
[00:08:10] ML tree search #5, logLikelihood: -861.296386

[00:08:10] ML tree search completed, best tree logLH: -858.722984

[00:08:10] Starting bootstrapping analysis with 100 replicates.

[00:10:01] Bootstrap tree #1, logLikelihood: -753.816997
[00:10:53] Bootstrap tree #2, logLikelihood: -787.036346
[00:12:00] Bootstrap tree #3, logLikelihood: -870.181620
[00:12:52] Bootstrap tree #4, logLikelihood: -899.004199
[00:14:00] Bootstrap tree #5, logLikelihood: -860.811256
[00:15:11] Bootstrap tree #6, logLikelihood: -893.169060
[00:16:21] Bootstrap tree #7, logLikelihood: -861.102795
[00:17:20] Bootstrap tree #8, logLikelihood: -923.348895
[00:18:19] Bootstrap tree #9, logLikelihood: -821.581606
[00:19:11] Bootstrap tree #10, logLikelihood: -887.417074
[00:20:11] Bootstrap tree #11, logLikelihood: -802.273783
[00:21:13] Bootstrap tree #12, logLikelihood: -849.834115
[00:22:13] Bootstrap tree #13, logLikelihood: -835.166849
[00:23:27] Bootstrap tree #14, logLikelihood: -890.323004
[00:24:39] Bootstrap tree #15, logLikelihood: -801.153901
[00:25:32] Bootstrap tree #16, logLikelihood: -846.163149
[00:26:23] Bootstrap tree #17, logLikelihood: -844.533612
[00:27:15] Bootstrap tree #18, logLikelihood: -840.045498
[00:28:08] Bootstrap tree #19, logLikelihood: -831.376777
[00:29:13] Bootstrap tree #20, logLikelihood: -896.072446
[00:30:21] Bootstrap tree #21, logLikelihood: -854.393762
[00:31:20] Bootstrap tree #22, logLikelihood: -827.117247
[00:32:17] Bootstrap tree #23, logLikelihood: -885.737060
[00:33:20] Bootstrap tree #24, logLikelihood: -891.521006
[00:34:16] Bootstrap tree #25, logLikelihood: -801.658307
[00:35:10] Bootstrap tree #26, logLikelihood: -854.102400
[00:50:01] Bootstrap tree #27, logLikelihood: -797.758320
[00:51:03] Bootstrap tree #28, logLikelihood: -897.045183
[00:52:21] Bootstrap tree #29, logLikelihood: -856.662026
[00:53:25] Bootstrap tree #30, logLikelihood: -855.618517
[00:56:42] Bootstrap tree #31, logLikelihood: -929.036383
[01:08:31] Bootstrap tree #32, logLikelihood: -770.398172
[01:18:40] Bootstrap tree #33, logLikelihood: -788.697158
[01:19:44] Bootstrap tree #34, logLikelihood: -812.401420
[01:20:36] Bootstrap tree #35, logLikelihood: -866.734959
[01:21:25] Bootstrap tree #36, logLikelihood: -844.770723
[01:22:23] Bootstrap tree #37, logLikelihood: -889.009995
[01:23:50] Bootstrap tree #38, logLikelihood: -886.743956
[01:24:53] Bootstrap tree #39, logLikelihood: -811.521022
[01:25:46] Bootstrap tree #40, logLikelihood: -860.088874
[01:27:02] Bootstrap tree #41, logLikelihood: -860.201889
[01:27:56] Bootstrap tree #42, logLikelihood: -857.841818
[01:28:55] Bootstrap tree #43, logLikelihood: -788.866810
[01:29:51] Bootstrap tree #44, logLikelihood: -865.369000
[01:30:43] Bootstrap tree #45, logLikelihood: -776.571447
[01:31:39] Bootstrap tree #46, logLikelihood: -801.043534
[01:33:02] Bootstrap tree #47, logLikelihood: -795.248807
[01:34:02] Bootstrap tree #48, logLikelihood: -812.326292
[01:35:21] Bootstrap tree #49, logLikelihood: -903.102064
[01:36:09] Bootstrap tree #50, logLikelihood: -791.727110
[01:37:33] Bootstrap tree #51, logLikelihood: -908.486086
[01:38:16] Bootstrap tree #52, logLikelihood: -862.111683
[01:39:13] Bootstrap tree #53, logLikelihood: -866.633779
[01:40:08] Bootstrap tree #54, logLikelihood: -795.146882
[01:41:12] Bootstrap tree #55, logLikelihood: -874.718812
[01:41:58] Bootstrap tree #56, logLikelihood: -802.444314
[01:42:52] Bootstrap tree #57, logLikelihood: -800.472639
[01:43:48] Bootstrap tree #58, logLikelihood: -872.262769
[01:44:46] Bootstrap tree #59, logLikelihood: -894.839888
[01:45:34] Bootstrap tree #60, logLikelihood: -860.401473
[01:47:06] Bootstrap tree #61, logLikelihood: -844.501834
[01:48:23] Bootstrap tree #62, logLikelihood: -880.973124
[01:49:14] Bootstrap tree #63, logLikelihood: -827.073501
[01:50:20] Bootstrap tree #64, logLikelihood: -869.133390
[01:51:17] Bootstrap tree #65, logLikelihood: -793.546761
[01:52:49] Bootstrap tree #66, logLikelihood: -792.669399
[01:53:52] Bootstrap tree #67, logLikelihood: -848.617704
[01:54:49] Bootstrap tree #68, logLikelihood: -843.263577
[01:56:01] Bootstrap tree #69, logLikelihood: -883.224559
[01:56:53] Bootstrap tree #70, logLikelihood: -820.988635
[01:57:51] Bootstrap tree #71, logLikelihood: -840.819586
[01:59:28] Bootstrap tree #72, logLikelihood: -885.908568
[02:00:29] Bootstrap tree #73, logLikelihood: -882.148941
[02:01:31] Bootstrap tree #74, logLikelihood: -829.594135
[02:02:39] Bootstrap tree #75, logLikelihood: -871.361396
[02:03:47] Bootstrap tree #76, logLikelihood: -825.224605
