
RAxML-NG v. 0.9.0 released on 20.05.2019 by The Exelixis Lab.
Developed by: Alexey M. Kozlov and Alexandros Stamatakis.
Contributors: Diego Darriba, Tomas Flouri, Benoit Morel, Sarah Lutteropp, Ben Bettisworth.
Latest version: https://github.com/amkozlov/raxml-ng
Questions/problems/suggestions? Please visit: https://groups.google.com/forum/#!forum/raxml

RAxML-NG was called at 13-Jul-2023 21:18:27 as follows:

raxml-ng --all --model Blosum62+G --msa results/windows/window_position_1840_1940.fa --prefix results/RaxMl/1840_1940 --msa-format FASTA --tree pars{5} --seed 239 --threads 2 --force --bs-trees 100 --bs-metric fbp

Analysis options:
  run mode: ML tree search + bootstrapping (Felsenstein Bootstrap)
  start tree(s): parsimony (5)
  bootstrap replicates: 100
  random seed: 239
  tip-inner: OFF
  pattern compression: ON
  per-rate scalers: OFF
  site repeats: ON
  branch lengths: proportional (ML estimate, algorithm: NR-FAST)
  SIMD kernels: SSE3
  parallelization: PTHREADS (2 threads), thread pinning: OFF

WARNING: Running in FORCE mode: all safety checks are disabled!

[00:00:00] Reading alignment from file: results/windows/window_position_1840_1940.fa
[00:00:00] Loaded alignment with 47 taxa and 100 sites

Alignment comprises 1 partitions and 84 patterns

Partition 0: noname
Model: BLOSUM62+G4m
Alignment sites / patterns: 100 / 84
Gaps: 0.00 %
Invariant sites: 29.00 %


NOTE: Binary MSA file created: results/RaxMl/1840_1940.raxml.rba

[00:00:00] Generating 5 parsimony starting tree(s) with 47 taxa
[00:00:00] Data distribution: max. partitions/sites/weight per thread: 1 / 42 / 3360

Starting ML tree search with 5 distinct starting trees

[00:01:02] ML tree search #1, logLikelihood: -796.899857
[00:02:03] ML tree search #2, logLikelihood: -796.899746
[00:03:38] ML tree search #3, logLikelihood: -796.899872
[00:05:15] ML tree search #4, logLikelihood: -796.900171
[00:06:47] ML tree search #5, logLikelihood: -796.899843

[00:06:47] ML tree search completed, best tree logLH: -796.899746

[00:06:47] Starting bootstrapping analysis with 100 replicates.

[00:08:17] Bootstrap tree #1, logLikelihood: -733.803631
[00:09:08] Bootstrap tree #2, logLikelihood: -733.938424
[00:10:09] Bootstrap tree #3, logLikelihood: -729.489550
[00:11:05] Bootstrap tree #4, logLikelihood: -731.837585
[00:12:14] Bootstrap tree #5, logLikelihood: -771.553781
[00:13:16] Bootstrap tree #6, logLikelihood: -770.458176
[00:14:06] Bootstrap tree #7, logLikelihood: -773.646673
[00:15:47] Bootstrap tree #8, logLikelihood: -816.648811
[00:16:55] Bootstrap tree #9, logLikelihood: -812.640196
[00:18:04] Bootstrap tree #10, logLikelihood: -840.341217
[00:19:40] Bootstrap tree #11, logLikelihood: -766.352148
[00:20:55] Bootstrap tree #12, logLikelihood: -804.460426
[00:21:52] Bootstrap tree #13, logLikelihood: -828.901942
[00:22:55] Bootstrap tree #14, logLikelihood: -751.361685
[00:23:49] Bootstrap tree #15, logLikelihood: -764.366472
[00:24:42] Bootstrap tree #16, logLikelihood: -818.222264
[00:25:40] Bootstrap tree #17, logLikelihood: -801.120336
[00:26:46] Bootstrap tree #18, logLikelihood: -826.180103
[00:27:49] Bootstrap tree #19, logLikelihood: -793.496240
[00:28:52] Bootstrap tree #20, logLikelihood: -800.759147
[00:29:49] Bootstrap tree #21, logLikelihood: -799.137400
[00:30:47] Bootstrap tree #22, logLikelihood: -797.443952
[00:31:52] Bootstrap tree #23, logLikelihood: -749.049455
[00:32:47] Bootstrap tree #24, logLikelihood: -782.303144
[00:33:47] Bootstrap tree #25, logLikelihood: -787.538376
[00:34:50] Bootstrap tree #26, logLikelihood: -810.961759
[00:35:50] Bootstrap tree #27, logLikelihood: -748.997631
[00:36:47] Bootstrap tree #28, logLikelihood: -785.773151
[00:37:53] Bootstrap tree #29, logLikelihood: -760.700003
[00:38:49] Bootstrap tree #30, logLikelihood: -809.724993
[00:39:47] Bootstrap tree #31, logLikelihood: -768.091829
[00:40:47] Bootstrap tree #32, logLikelihood: -788.472357
[00:41:42] Bootstrap tree #33, logLikelihood: -766.474034
[00:42:39] Bootstrap tree #34, logLikelihood: -828.189583
[00:43:38] Bootstrap tree #35, logLikelihood: -855.292491
[00:44:33] Bootstrap tree #36, logLikelihood: -738.856196
[00:45:25] Bootstrap tree #37, logLikelihood: -839.981598
[00:46:31] Bootstrap tree #38, logLikelihood: -824.350542
[00:47:27] Bootstrap tree #39, logLikelihood: -761.542498
[00:48:19] Bootstrap tree #40, logLikelihood: -832.970036
[00:49:11] Bootstrap tree #41, logLikelihood: -753.146386
[00:50:08] Bootstrap tree #42, logLikelihood: -763.609950
