
RAxML-NG v. 0.9.0 released on 20.05.2019 by The Exelixis Lab.
Developed by: Alexey M. Kozlov and Alexandros Stamatakis.
Contributors: Diego Darriba, Tomas Flouri, Benoit Morel, Sarah Lutteropp, Ben Bettisworth.
Latest version: https://github.com/amkozlov/raxml-ng
Questions/problems/suggestions? Please visit: https://groups.google.com/forum/#!forum/raxml

RAxML-NG was called at 14-Jul-2023 06:32:41 as follows:

raxml-ng --all --model Blosum62+G --msa results/windows/window_position_1850_1950.fa --prefix results/RaxMl/1850_1950 --msa-format FASTA --tree pars{5} --seed 239 --threads 2 --force --bs-trees 100 --bs-metric fbp

Analysis options:
  run mode: ML tree search + bootstrapping (Felsenstein Bootstrap)
  start tree(s): parsimony (5)
  bootstrap replicates: 100
  random seed: 239
  tip-inner: OFF
  pattern compression: ON
  per-rate scalers: OFF
  site repeats: ON
  branch lengths: proportional (ML estimate, algorithm: NR-FAST)
  SIMD kernels: SSE3
  parallelization: PTHREADS (2 threads), thread pinning: OFF

WARNING: Running in FORCE mode: all safety checks are disabled!

[00:00:00] Reading alignment from file: results/windows/window_position_1850_1950.fa
[00:00:00] Loaded alignment with 47 taxa and 100 sites

Alignment comprises 1 partitions and 81 patterns

Partition 0: noname
Model: BLOSUM62+G4m
Alignment sites / patterns: 100 / 81
Gaps: 0.00 %
Invariant sites: 33.00 %


NOTE: Binary MSA file created: results/RaxMl/1850_1950.raxml.rba

[00:00:00] Generating 5 parsimony starting tree(s) with 47 taxa
[00:00:00] Data distribution: max. partitions/sites/weight per thread: 1 / 41 / 3280

Starting ML tree search with 5 distinct starting trees

[00:00:49] ML tree search #1, logLikelihood: -720.016194
[00:01:46] ML tree search #2, logLikelihood: -720.016505
[00:02:37] ML tree search #3, logLikelihood: -720.017168
[00:04:03] ML tree search #4, logLikelihood: -720.018665
[00:04:59] ML tree search #5, logLikelihood: -720.016405

[00:04:59] ML tree search completed, best tree logLH: -720.016194

[00:04:59] Starting bootstrapping analysis with 100 replicates.

[00:05:50] Bootstrap tree #1, logLikelihood: -619.722430
[00:06:38] Bootstrap tree #2, logLikelihood: -744.894409
[00:07:49] Bootstrap tree #3, logLikelihood: -699.376257
[00:08:39] Bootstrap tree #4, logLikelihood: -725.767726
[00:09:36] Bootstrap tree #5, logLikelihood: -705.975493
[00:10:26] Bootstrap tree #6, logLikelihood: -706.243131
[00:11:21] Bootstrap tree #7, logLikelihood: -656.013565
[00:12:05] Bootstrap tree #8, logLikelihood: -758.532516
[00:13:09] Bootstrap tree #9, logLikelihood: -721.062796
[00:13:55] Bootstrap tree #10, logLikelihood: -716.528812
[00:14:45] Bootstrap tree #11, logLikelihood: -688.028025
[00:15:40] Bootstrap tree #12, logLikelihood: -704.101253
[00:16:36] Bootstrap tree #13, logLikelihood: -742.161981
[00:17:59] Bootstrap tree #14, logLikelihood: -707.588135
[00:19:07] Bootstrap tree #15, logLikelihood: -736.525267
[00:19:58] Bootstrap tree #16, logLikelihood: -735.464893
[00:20:37] Bootstrap tree #17, logLikelihood: -690.302837
[00:21:22] Bootstrap tree #18, logLikelihood: -759.563988
[00:22:15] Bootstrap tree #19, logLikelihood: -698.815995
[00:23:24] Bootstrap tree #20, logLikelihood: -675.018615
[00:24:23] Bootstrap tree #21, logLikelihood: -680.400655
[00:25:19] Bootstrap tree #22, logLikelihood: -758.738222
[00:26:27] Bootstrap tree #23, logLikelihood: -704.219271
[00:27:46] Bootstrap tree #24, logLikelihood: -695.771089
[00:28:36] Bootstrap tree #25, logLikelihood: -735.129648
[00:29:49] Bootstrap tree #26, logLikelihood: -718.436335
[00:30:46] Bootstrap tree #27, logLikelihood: -680.870634
[00:31:32] Bootstrap tree #28, logLikelihood: -761.355902
[00:32:21] Bootstrap tree #29, logLikelihood: -712.422352
[00:33:17] Bootstrap tree #30, logLikelihood: -664.556598
[00:34:40] Bootstrap tree #31, logLikelihood: -728.652715
[00:35:35] Bootstrap tree #32, logLikelihood: -644.156787
[00:36:31] Bootstrap tree #33, logLikelihood: -730.935528
