
RAxML-NG v. 0.9.0 released on 20.05.2019 by The Exelixis Lab.
Developed by: Alexey M. Kozlov and Alexandros Stamatakis.
Contributors: Diego Darriba, Tomas Flouri, Benoit Morel, Sarah Lutteropp, Ben Bettisworth.
Latest version: https://github.com/amkozlov/raxml-ng
Questions/problems/suggestions? Please visit: https://groups.google.com/forum/#!forum/raxml

RAxML-NG was called at 13-Jul-2023 14:56:25 as follows:

raxml-ng --all --model Blosum62+G --msa results/windows/window_position_1880_1980.fa --prefix results/RaxMl/1880_1980 --msa-format FASTA --tree pars{5} --seed 239 --threads 2 --force --bs-trees 100 --bs-metric fbp

Analysis options:
  run mode: ML tree search + bootstrapping (Felsenstein Bootstrap)
  start tree(s): parsimony (5)
  bootstrap replicates: 100
  random seed: 239
  tip-inner: OFF
  pattern compression: ON
  per-rate scalers: OFF
  site repeats: ON
  branch lengths: proportional (ML estimate, algorithm: NR-FAST)
  SIMD kernels: SSE3
  parallelization: PTHREADS (2 threads), thread pinning: OFF

WARNING: Running in FORCE mode: all safety checks are disabled!

[00:00:00] Reading alignment from file: results/windows/window_position_1880_1980.fa
[00:00:00] Loaded alignment with 47 taxa and 100 sites

Alignment comprises 1 partitions and 73 patterns

Partition 0: noname
Model: BLOSUM62+G4m
Alignment sites / patterns: 100 / 73
Gaps: 0.00 %
Invariant sites: 41.00 %


NOTE: Binary MSA file created: results/RaxMl/1880_1980.raxml.rba

[00:00:00] Generating 5 parsimony starting tree(s) with 47 taxa
[00:00:00] Data distribution: max. partitions/sites/weight per thread: 1 / 37 / 2960

Starting ML tree search with 5 distinct starting trees

[00:00:52] ML tree search #1, logLikelihood: -673.754283
[00:01:37] ML tree search #2, logLikelihood: -674.224592
[00:02:53] ML tree search #3, logLikelihood: -673.754105
[00:04:29] ML tree search #4, logLikelihood: -673.754147
[00:05:23] ML tree search #5, logLikelihood: -674.225049

[00:05:23] ML tree search completed, best tree logLH: -673.754105

[00:05:23] Starting bootstrapping analysis with 100 replicates.

[00:06:27] Bootstrap tree #1, logLikelihood: -650.519148
[00:07:29] Bootstrap tree #2, logLikelihood: -652.477558
[00:08:35] Bootstrap tree #3, logLikelihood: -670.385924
[00:09:45] Bootstrap tree #4, logLikelihood: -685.559547
[00:11:00] Bootstrap tree #5, logLikelihood: -670.638438
[00:11:44] Bootstrap tree #6, logLikelihood: -724.642777
[00:12:47] Bootstrap tree #7, logLikelihood: -626.602750
[00:13:56] Bootstrap tree #8, logLikelihood: -718.082861
[00:14:47] Bootstrap tree #9, logLikelihood: -623.413731
[00:15:47] Bootstrap tree #10, logLikelihood: -679.864476
[00:16:43] Bootstrap tree #11, logLikelihood: -696.474644
[00:17:44] Bootstrap tree #12, logLikelihood: -734.393570
[00:18:36] Bootstrap tree #13, logLikelihood: -641.259171
[00:19:25] Bootstrap tree #14, logLikelihood: -671.321133
[00:20:29] Bootstrap tree #15, logLikelihood: -666.622716
[00:21:22] Bootstrap tree #16, logLikelihood: -690.719745
[00:22:16] Bootstrap tree #17, logLikelihood: -695.292293
[00:23:07] Bootstrap tree #18, logLikelihood: -692.104500
[00:24:05] Bootstrap tree #19, logLikelihood: -674.869307
[00:24:58] Bootstrap tree #20, logLikelihood: -710.900840
[00:26:08] Bootstrap tree #21, logLikelihood: -649.954200
[00:27:15] Bootstrap tree #22, logLikelihood: -727.419631
[00:28:11] Bootstrap tree #23, logLikelihood: -686.496295
[00:29:03] Bootstrap tree #24, logLikelihood: -725.504662
[00:30:06] Bootstrap tree #25, logLikelihood: -648.036315
[00:31:08] Bootstrap tree #26, logLikelihood: -641.578252
[00:32:06] Bootstrap tree #27, logLikelihood: -584.103096
[00:32:58] Bootstrap tree #28, logLikelihood: -671.110282
[00:34:07] Bootstrap tree #29, logLikelihood: -723.004336
[00:35:05] Bootstrap tree #30, logLikelihood: -658.311744
[00:36:04] Bootstrap tree #31, logLikelihood: -684.106491
[00:37:04] Bootstrap tree #32, logLikelihood: -656.951018
[00:37:54] Bootstrap tree #33, logLikelihood: -687.343458
[00:38:37] Bootstrap tree #34, logLikelihood: -621.475887
[00:39:23] Bootstrap tree #35, logLikelihood: -673.506374
[00:40:22] Bootstrap tree #36, logLikelihood: -651.570596
[00:41:12] Bootstrap tree #37, logLikelihood: -597.281921
[00:42:04] Bootstrap tree #38, logLikelihood: -661.145693
[00:43:08] Bootstrap tree #39, logLikelihood: -627.890729
[00:44:03] Bootstrap tree #40, logLikelihood: -723.589460
[00:44:54] Bootstrap tree #41, logLikelihood: -652.900596
[00:45:59] Bootstrap tree #42, logLikelihood: -639.964639
[00:47:01] Bootstrap tree #43, logLikelihood: -751.092887
[00:48:06] Bootstrap tree #44, logLikelihood: -649.882756
[00:49:00] Bootstrap tree #45, logLikelihood: -679.939060
[00:49:59] Bootstrap tree #46, logLikelihood: -715.002829
[00:50:53] Bootstrap tree #47, logLikelihood: -638.179554
[00:52:23] Bootstrap tree #48, logLikelihood: -682.500705
[00:53:23] Bootstrap tree #49, logLikelihood: -679.339096
[00:54:19] Bootstrap tree #50, logLikelihood: -633.106829
[00:55:31] Bootstrap tree #51, logLikelihood: -693.199355
[00:56:21] Bootstrap tree #52, logLikelihood: -640.260099
[00:57:28] Bootstrap tree #53, logLikelihood: -643.876137
[00:58:54] Bootstrap tree #54, logLikelihood: -627.008666
[01:00:00] Bootstrap tree #55, logLikelihood: -672.943578
[01:00:42] Bootstrap tree #56, logLikelihood: -631.512515
[01:01:22] Bootstrap tree #57, logLikelihood: -676.275891
[01:02:22] Bootstrap tree #58, logLikelihood: -664.305692
[01:03:15] Bootstrap tree #59, logLikelihood: -719.847731
[01:04:21] Bootstrap tree #60, logLikelihood: -682.103137
[01:05:14] Bootstrap tree #61, logLikelihood: -655.638558
[01:06:06] Bootstrap tree #62, logLikelihood: -673.574259
[01:07:16] Bootstrap tree #63, logLikelihood: -679.605713
[01:08:16] Bootstrap tree #64, logLikelihood: -674.825490
[01:09:06] Bootstrap tree #65, logLikelihood: -672.318425
[01:10:14] Bootstrap tree #66, logLikelihood: -666.683747
[01:11:11] Bootstrap tree #67, logLikelihood: -723.686564
[01:12:03] Bootstrap tree #68, logLikelihood: -689.493122
[01:12:56] Bootstrap tree #69, logLikelihood: -657.378887
[01:13:50] Bootstrap tree #70, logLikelihood: -632.999247
[01:14:47] Bootstrap tree #71, logLikelihood: -687.459515
[01:15:59] Bootstrap tree #72, logLikelihood: -706.526426
