
RAxML-NG v. 0.9.0 released on 20.05.2019 by The Exelixis Lab.
Developed by: Alexey M. Kozlov and Alexandros Stamatakis.
Contributors: Diego Darriba, Tomas Flouri, Benoit Morel, Sarah Lutteropp, Ben Bettisworth.
Latest version: https://github.com/amkozlov/raxml-ng
Questions/problems/suggestions? Please visit: https://groups.google.com/forum/#!forum/raxml

RAxML-NG was called at 10-Jul-2023 22:18:33 as follows:

raxml-ng --all --model Blosum62+G --msa results/windows/window_position_1910_2010.fa --prefix results/RaxMl/1910_2010 --msa-format FASTA --tree pars{5} --seed 239 --threads 2 --force --bs-trees 100 --bs-metric fbp

Analysis options:
  run mode: ML tree search + bootstrapping (Felsenstein Bootstrap)
  start tree(s): parsimony (5)
  bootstrap replicates: 100
  random seed: 239
  tip-inner: OFF
  pattern compression: ON
  per-rate scalers: OFF
  site repeats: ON
  branch lengths: proportional (ML estimate, algorithm: NR-FAST)
  SIMD kernels: SSE3
  parallelization: PTHREADS (2 threads), thread pinning: OFF

WARNING: Running in FORCE mode: all safety checks are disabled!

[00:00:00] Reading alignment from file: results/windows/window_position_1910_2010.fa
[00:00:00] Loaded alignment with 47 taxa and 100 sites

Alignment comprises 1 partitions and 74 patterns

Partition 0: noname
Model: BLOSUM62+G4m
Alignment sites / patterns: 100 / 74
Gaps: 0.00 %
Invariant sites: 40.00 %


NOTE: Binary MSA file created: results/RaxMl/1910_2010.raxml.rba

[00:00:00] Generating 5 parsimony starting tree(s) with 47 taxa
[00:00:00] Data distribution: max. partitions/sites/weight per thread: 1 / 37 / 2960

Starting ML tree search with 5 distinct starting trees

[00:01:30] ML tree search #1, logLikelihood: -740.343385
[00:02:21] ML tree search #2, logLikelihood: -740.342546
[00:03:34] ML tree search #3, logLikelihood: -740.342976
[00:05:14] ML tree search #4, logLikelihood: -740.342418
[00:06:09] ML tree search #5, logLikelihood: -740.342881

[00:06:09] ML tree search completed, best tree logLH: -740.342418

[00:06:09] Starting bootstrapping analysis with 100 replicates.

[00:07:06] Bootstrap tree #1, logLikelihood: -691.877487
[00:07:59] Bootstrap tree #2, logLikelihood: -687.644410
[00:08:49] Bootstrap tree #3, logLikelihood: -720.936932
[00:09:40] Bootstrap tree #4, logLikelihood: -798.423042
[00:10:31] Bootstrap tree #5, logLikelihood: -736.834599
[00:11:26] Bootstrap tree #6, logLikelihood: -705.145896
[00:12:20] Bootstrap tree #7, logLikelihood: -691.349208
[00:13:25] Bootstrap tree #8, logLikelihood: -662.396707
[00:14:18] Bootstrap tree #9, logLikelihood: -706.590942
[00:16:03] Bootstrap tree #10, logLikelihood: -735.273307
[00:16:52] Bootstrap tree #11, logLikelihood: -708.602087
[00:17:56] Bootstrap tree #12, logLikelihood: -655.474390
[00:18:47] Bootstrap tree #13, logLikelihood: -714.641911
[00:19:49] Bootstrap tree #14, logLikelihood: -794.456941
[00:21:01] Bootstrap tree #15, logLikelihood: -843.995679
[00:22:04] Bootstrap tree #16, logLikelihood: -669.208268
[00:23:07] Bootstrap tree #17, logLikelihood: -734.690772
[00:23:58] Bootstrap tree #18, logLikelihood: -718.078698
[00:24:55] Bootstrap tree #19, logLikelihood: -757.538400
[00:25:50] Bootstrap tree #20, logLikelihood: -749.751472
[00:26:58] Bootstrap tree #21, logLikelihood: -694.930209
[00:27:49] Bootstrap tree #22, logLikelihood: -789.224106
[00:28:42] Bootstrap tree #23, logLikelihood: -658.542759
[00:30:43] Bootstrap tree #24, logLikelihood: -736.188757
[00:31:35] Bootstrap tree #25, logLikelihood: -730.940375
[00:33:02] Bootstrap tree #26, logLikelihood: -818.864829
[00:34:07] Bootstrap tree #27, logLikelihood: -773.409552
[00:35:17] Bootstrap tree #28, logLikelihood: -710.989416
[00:36:12] Bootstrap tree #29, logLikelihood: -731.377060
[00:37:13] Bootstrap tree #30, logLikelihood: -740.438577
[00:38:11] Bootstrap tree #31, logLikelihood: -749.393134
[00:39:13] Bootstrap tree #32, logLikelihood: -793.135053
[00:41:09] Bootstrap tree #33, logLikelihood: -717.896611
[00:42:59] Bootstrap tree #34, logLikelihood: -692.622414
[00:43:58] Bootstrap tree #35, logLikelihood: -744.311795
[00:45:10] Bootstrap tree #36, logLikelihood: -708.787959
[00:46:20] Bootstrap tree #37, logLikelihood: -648.265410
[00:47:44] Bootstrap tree #38, logLikelihood: -754.636455
[00:48:45] Bootstrap tree #39, logLikelihood: -676.371485
[00:50:02] Bootstrap tree #40, logLikelihood: -706.250808
[00:51:40] Bootstrap tree #41, logLikelihood: -729.569668
[00:52:44] Bootstrap tree #42, logLikelihood: -724.156937
[00:53:48] Bootstrap tree #43, logLikelihood: -707.321865
[00:54:50] Bootstrap tree #44, logLikelihood: -732.906811
[00:56:35] Bootstrap tree #45, logLikelihood: -725.986245
[00:57:42] Bootstrap tree #46, logLikelihood: -697.413645
[00:58:51] Bootstrap tree #47, logLikelihood: -689.322620
[00:59:57] Bootstrap tree #48, logLikelihood: -754.132692
[01:01:02] Bootstrap tree #49, logLikelihood: -729.037495
[01:02:02] Bootstrap tree #50, logLikelihood: -708.931718
[01:03:09] Bootstrap tree #51, logLikelihood: -762.531339
[01:04:01] Bootstrap tree #52, logLikelihood: -684.322181
[01:05:07] Bootstrap tree #53, logLikelihood: -688.940793
[01:06:07] Bootstrap tree #54, logLikelihood: -729.156720
[01:07:31] Bootstrap tree #55, logLikelihood: -714.822844
[01:08:29] Bootstrap tree #56, logLikelihood: -744.744995
[01:09:32] Bootstrap tree #57, logLikelihood: -751.388935
[01:10:29] Bootstrap tree #58, logLikelihood: -708.124970
[01:12:13] Bootstrap tree #59, logLikelihood: -771.625817
[01:13:15] Bootstrap tree #60, logLikelihood: -771.182547
[01:14:19] Bootstrap tree #61, logLikelihood: -717.863487
[01:15:15] Bootstrap tree #62, logLikelihood: -722.894904
