
RAxML-NG v. 0.9.0 released on 20.05.2019 by The Exelixis Lab.
Developed by: Alexey M. Kozlov and Alexandros Stamatakis.
Contributors: Diego Darriba, Tomas Flouri, Benoit Morel, Sarah Lutteropp, Ben Bettisworth.
Latest version: https://github.com/amkozlov/raxml-ng
Questions/problems/suggestions? Please visit: https://groups.google.com/forum/#!forum/raxml

RAxML-NG was called at 13-Jul-2023 20:36:34 as follows:

raxml-ng --all --model Blosum62+G --msa results/windows/window_position_1930_2030.fa --prefix results/RaxMl/1930_2030 --msa-format FASTA --tree pars{5} --seed 239 --threads 2 --force --bs-trees 100 --bs-metric fbp

Analysis options:
  run mode: ML tree search + bootstrapping (Felsenstein Bootstrap)
  start tree(s): parsimony (5)
  bootstrap replicates: 100
  random seed: 239
  tip-inner: OFF
  pattern compression: ON
  per-rate scalers: OFF
  site repeats: ON
  branch lengths: proportional (ML estimate, algorithm: NR-FAST)
  SIMD kernels: SSE3
  parallelization: PTHREADS (2 threads), thread pinning: OFF

WARNING: Running in FORCE mode: all safety checks are disabled!

[00:00:00] Reading alignment from file: results/windows/window_position_1930_2030.fa
[00:00:00] Loaded alignment with 47 taxa and 100 sites

Alignment comprises 1 partitions and 79 patterns

Partition 0: noname
Model: BLOSUM62+G4m
Alignment sites / patterns: 100 / 79
Gaps: 0.00 %
Invariant sites: 37.00 %


NOTE: Binary MSA file created: results/RaxMl/1930_2030.raxml.rba

[00:00:00] Generating 5 parsimony starting tree(s) with 47 taxa
[00:00:00] Data distribution: max. partitions/sites/weight per thread: 1 / 40 / 3200

Starting ML tree search with 5 distinct starting trees

[00:01:37] ML tree search #1, logLikelihood: -752.265133
[00:02:33] ML tree search #2, logLikelihood: -752.264196
[00:03:24] ML tree search #3, logLikelihood: -752.264187
[00:04:19] ML tree search #4, logLikelihood: -752.264179
[00:05:08] ML tree search #5, logLikelihood: -752.264166

[00:05:08] ML tree search completed, best tree logLH: -752.264166

[00:05:08] Starting bootstrapping analysis with 100 replicates.

[00:06:05] Bootstrap tree #1, logLikelihood: -738.201139
[00:06:53] Bootstrap tree #2, logLikelihood: -720.896265
[00:07:53] Bootstrap tree #3, logLikelihood: -724.480897
[00:08:43] Bootstrap tree #4, logLikelihood: -712.030529
[00:09:37] Bootstrap tree #5, logLikelihood: -756.514269
[00:10:40] Bootstrap tree #6, logLikelihood: -675.247825
[00:11:38] Bootstrap tree #7, logLikelihood: -726.289743
[00:12:29] Bootstrap tree #8, logLikelihood: -745.844212
[00:13:20] Bootstrap tree #9, logLikelihood: -673.662795
[00:14:18] Bootstrap tree #10, logLikelihood: -697.424370
[00:15:13] Bootstrap tree #11, logLikelihood: -779.447869
[00:16:43] Bootstrap tree #12, logLikelihood: -713.725249
[00:17:40] Bootstrap tree #13, logLikelihood: -688.389254
[00:18:37] Bootstrap tree #14, logLikelihood: -761.371554
[00:19:32] Bootstrap tree #15, logLikelihood: -777.107195
[00:21:22] Bootstrap tree #16, logLikelihood: -782.682932
[00:22:39] Bootstrap tree #17, logLikelihood: -724.386054
[00:23:42] Bootstrap tree #18, logLikelihood: -756.197652
[00:24:40] Bootstrap tree #19, logLikelihood: -729.345241
[00:25:39] Bootstrap tree #20, logLikelihood: -747.868234
[00:26:36] Bootstrap tree #21, logLikelihood: -749.288584
[00:27:32] Bootstrap tree #22, logLikelihood: -765.228541
[00:28:21] Bootstrap tree #23, logLikelihood: -761.992381
[00:29:20] Bootstrap tree #24, logLikelihood: -761.214184
[00:30:11] Bootstrap tree #25, logLikelihood: -685.626687
[00:31:11] Bootstrap tree #26, logLikelihood: -670.827233
[00:32:09] Bootstrap tree #27, logLikelihood: -720.484042
[00:33:03] Bootstrap tree #28, logLikelihood: -695.383828
[00:34:05] Bootstrap tree #29, logLikelihood: -800.828589
[00:35:01] Bootstrap tree #30, logLikelihood: -728.234654
[00:35:54] Bootstrap tree #31, logLikelihood: -751.950407
[00:36:46] Bootstrap tree #32, logLikelihood: -795.275162
[00:37:38] Bootstrap tree #33, logLikelihood: -713.866798
[00:38:34] Bootstrap tree #34, logLikelihood: -655.281174
[00:39:37] Bootstrap tree #35, logLikelihood: -762.737867
[00:40:33] Bootstrap tree #36, logLikelihood: -732.289268
[00:41:39] Bootstrap tree #37, logLikelihood: -751.227160
[00:42:28] Bootstrap tree #38, logLikelihood: -781.850656
[00:43:21] Bootstrap tree #39, logLikelihood: -745.514047
[00:44:20] Bootstrap tree #40, logLikelihood: -755.392657
[00:45:10] Bootstrap tree #41, logLikelihood: -719.607515
[00:46:06] Bootstrap tree #42, logLikelihood: -778.925641
[00:47:10] Bootstrap tree #43, logLikelihood: -828.161163
[00:47:59] Bootstrap tree #44, logLikelihood: -696.053864
[00:49:09] Bootstrap tree #45, logLikelihood: -689.870067
[00:50:05] Bootstrap tree #46, logLikelihood: -716.096619
[00:50:56] Bootstrap tree #47, logLikelihood: -738.452800
[00:52:09] Bootstrap tree #48, logLikelihood: -759.305193
[00:53:13] Bootstrap tree #49, logLikelihood: -722.561112
[00:54:08] Bootstrap tree #50, logLikelihood: -693.357178
[00:55:01] Bootstrap tree #51, logLikelihood: -717.918067
[00:55:49] Bootstrap tree #52, logLikelihood: -727.239670
[00:56:51] Bootstrap tree #53, logLikelihood: -768.245651
[00:57:42] Bootstrap tree #54, logLikelihood: -740.359896
[00:58:36] Bootstrap tree #55, logLikelihood: -766.023151
[00:59:40] Bootstrap tree #56, logLikelihood: -723.213394
[01:00:51] Bootstrap tree #57, logLikelihood: -749.179789
[01:01:48] Bootstrap tree #58, logLikelihood: -730.751046
[01:02:35] Bootstrap tree #59, logLikelihood: -704.438902
[01:03:35] Bootstrap tree #60, logLikelihood: -765.596424
[01:04:28] Bootstrap tree #61, logLikelihood: -778.154422
[01:05:26] Bootstrap tree #62, logLikelihood: -755.873585
[01:06:27] Bootstrap tree #63, logLikelihood: -715.619083
[01:07:32] Bootstrap tree #64, logLikelihood: -724.214990
[01:08:26] Bootstrap tree #65, logLikelihood: -783.365942
[01:09:22] Bootstrap tree #66, logLikelihood: -792.634471
[01:10:15] Bootstrap tree #67, logLikelihood: -725.538928
[01:11:08] Bootstrap tree #68, logLikelihood: -766.856060
[01:12:36] Bootstrap tree #69, logLikelihood: -746.200016
[01:13:28] Bootstrap tree #70, logLikelihood: -730.113478
[01:14:13] Bootstrap tree #71, logLikelihood: -672.043178
[01:15:22] Bootstrap tree #72, logLikelihood: -717.271930
[01:16:19] Bootstrap tree #73, logLikelihood: -717.153594
[01:17:51] Bootstrap tree #74, logLikelihood: -755.655060
[01:18:40] Bootstrap tree #75, logLikelihood: -736.952992
[01:19:36] Bootstrap tree #76, logLikelihood: -775.027312
[01:20:58] Bootstrap tree #77, logLikelihood: -756.534103
[01:21:54] Bootstrap tree #78, logLikelihood: -738.659403
[01:22:57] Bootstrap tree #79, logLikelihood: -743.223839
[01:23:50] Bootstrap tree #80, logLikelihood: -779.598819
[01:24:40] Bootstrap tree #81, logLikelihood: -734.228423
[01:25:41] Bootstrap tree #82, logLikelihood: -737.374298
[01:26:40] Bootstrap tree #83, logLikelihood: -811.920793
[01:27:31] Bootstrap tree #84, logLikelihood: -676.029402
[01:28:27] Bootstrap tree #85, logLikelihood: -697.254784
[01:29:14] Bootstrap tree #86, logLikelihood: -768.218795
[01:30:17] Bootstrap tree #87, logLikelihood: -719.754636
[01:31:04] Bootstrap tree #88, logLikelihood: -766.156910
[01:32:06] Bootstrap tree #89, logLikelihood: -705.709477
