
RAxML-NG v. 0.9.0 released on 20.05.2019 by The Exelixis Lab.
Developed by: Alexey M. Kozlov and Alexandros Stamatakis.
Contributors: Diego Darriba, Tomas Flouri, Benoit Morel, Sarah Lutteropp, Ben Bettisworth.
Latest version: https://github.com/amkozlov/raxml-ng
Questions/problems/suggestions? Please visit: https://groups.google.com/forum/#!forum/raxml

RAxML-NG was called at 14-Jul-2023 05:35:00 as follows:

raxml-ng --all --model Blosum62+G --msa results/windows/window_position_1940_2040.fa --prefix results/RaxMl/1940_2040 --msa-format FASTA --tree pars{5} --seed 239 --threads 2 --force --bs-trees 100 --bs-metric fbp

Analysis options:
  run mode: ML tree search + bootstrapping (Felsenstein Bootstrap)
  start tree(s): parsimony (5)
  bootstrap replicates: 100
  random seed: 239
  tip-inner: OFF
  pattern compression: ON
  per-rate scalers: OFF
  site repeats: ON
  branch lengths: proportional (ML estimate, algorithm: NR-FAST)
  SIMD kernels: SSE3
  parallelization: PTHREADS (2 threads), thread pinning: OFF

WARNING: Running in FORCE mode: all safety checks are disabled!

[00:00:00] Reading alignment from file: results/windows/window_position_1940_2040.fa
[00:00:00] Loaded alignment with 47 taxa and 100 sites

Alignment comprises 1 partitions and 82 patterns

Partition 0: noname
Model: BLOSUM62+G4m
Alignment sites / patterns: 100 / 82
Gaps: 0.00 %
Invariant sites: 35.00 %


NOTE: Binary MSA file created: results/RaxMl/1940_2040.raxml.rba

[00:00:00] Generating 5 parsimony starting tree(s) with 47 taxa
[00:00:00] Data distribution: max. partitions/sites/weight per thread: 1 / 41 / 3280

Starting ML tree search with 5 distinct starting trees

[00:01:33] ML tree search #1, logLikelihood: -780.504167
[00:02:29] ML tree search #2, logLikelihood: -780.503436
[00:03:22] ML tree search #3, logLikelihood: -780.503433
[00:04:14] ML tree search #4, logLikelihood: -780.503387
[00:05:01] ML tree search #5, logLikelihood: -780.503412

[00:05:01] ML tree search completed, best tree logLH: -780.503387

[00:05:01] Starting bootstrapping analysis with 100 replicates.

[00:05:50] Bootstrap tree #1, logLikelihood: -821.387194
[00:06:40] Bootstrap tree #2, logLikelihood: -784.331627
[00:07:50] Bootstrap tree #3, logLikelihood: -769.148619
[00:08:48] Bootstrap tree #4, logLikelihood: -750.904750
[00:10:19] Bootstrap tree #5, logLikelihood: -807.850853
[00:11:15] Bootstrap tree #6, logLikelihood: -695.365366
[00:12:22] Bootstrap tree #7, logLikelihood: -789.636601
[00:13:17] Bootstrap tree #8, logLikelihood: -757.476540
[00:14:07] Bootstrap tree #9, logLikelihood: -658.325316
[00:15:04] Bootstrap tree #10, logLikelihood: -738.559850
[00:15:58] Bootstrap tree #11, logLikelihood: -767.307929
[00:16:57] Bootstrap tree #12, logLikelihood: -787.002842
[00:17:51] Bootstrap tree #13, logLikelihood: -733.048234
[00:18:39] Bootstrap tree #14, logLikelihood: -804.250142
[00:19:33] Bootstrap tree #15, logLikelihood: -830.308788
[00:20:34] Bootstrap tree #16, logLikelihood: -786.226126
[00:21:22] Bootstrap tree #17, logLikelihood: -746.385242
[00:22:11] Bootstrap tree #18, logLikelihood: -791.379721
[00:23:05] Bootstrap tree #19, logLikelihood: -775.191806
[00:24:03] Bootstrap tree #20, logLikelihood: -797.019167
[00:25:02] Bootstrap tree #21, logLikelihood: -795.125314
[00:25:48] Bootstrap tree #22, logLikelihood: -782.989680
[00:26:50] Bootstrap tree #23, logLikelihood: -811.022929
[00:28:17] Bootstrap tree #24, logLikelihood: -758.706320
[00:29:11] Bootstrap tree #25, logLikelihood: -715.725518
[00:30:02] Bootstrap tree #26, logLikelihood: -763.935665
[00:30:55] Bootstrap tree #27, logLikelihood: -785.318467
[00:31:45] Bootstrap tree #28, logLikelihood: -671.145018
[00:32:47] Bootstrap tree #29, logLikelihood: -868.562359
[00:33:36] Bootstrap tree #30, logLikelihood: -727.624302
[00:34:38] Bootstrap tree #31, logLikelihood: -806.881171
[00:35:38] Bootstrap tree #32, logLikelihood: -849.124501
[00:36:36] Bootstrap tree #33, logLikelihood: -764.557955
[00:37:30] Bootstrap tree #34, logLikelihood: -733.215503
[00:38:41] Bootstrap tree #35, logLikelihood: -791.668874
[00:39:45] Bootstrap tree #36, logLikelihood: -756.712449
[00:40:36] Bootstrap tree #37, logLikelihood: -815.785681
[00:41:31] Bootstrap tree #38, logLikelihood: -857.019437
[00:42:35] Bootstrap tree #39, logLikelihood: -763.427542
[00:43:24] Bootstrap tree #40, logLikelihood: -773.156346
[00:44:09] Bootstrap tree #41, logLikelihood: -717.208780
[00:45:12] Bootstrap tree #42, logLikelihood: -844.132570
[00:46:11] Bootstrap tree #43, logLikelihood: -780.025695
[00:47:39] Bootstrap tree #44, logLikelihood: -764.485333
[00:48:34] Bootstrap tree #45, logLikelihood: -755.735179
[00:49:57] Bootstrap tree #46, logLikelihood: -761.338647
[00:50:50] Bootstrap tree #47, logLikelihood: -773.738249
[00:51:49] Bootstrap tree #48, logLikelihood: -805.395946
[00:52:43] Bootstrap tree #49, logLikelihood: -770.341562
[00:53:33] Bootstrap tree #50, logLikelihood: -716.794158
[00:54:25] Bootstrap tree #51, logLikelihood: -727.318982
[00:55:21] Bootstrap tree #52, logLikelihood: -706.190673
[00:56:13] Bootstrap tree #53, logLikelihood: -812.098787
[00:57:06] Bootstrap tree #54, logLikelihood: -729.942142
[00:57:55] Bootstrap tree #55, logLikelihood: -762.554656
[00:58:59] Bootstrap tree #56, logLikelihood: -782.813443
[01:00:21] Bootstrap tree #57, logLikelihood: -808.518938
[01:01:14] Bootstrap tree #58, logLikelihood: -770.731654
[01:02:14] Bootstrap tree #59, logLikelihood: -769.094553
[01:03:12] Bootstrap tree #60, logLikelihood: -807.236883
[01:04:11] Bootstrap tree #61, logLikelihood: -768.162155
[01:05:10] Bootstrap tree #62, logLikelihood: -820.815204
[01:06:16] Bootstrap tree #63, logLikelihood: -733.895598
[01:07:25] Bootstrap tree #64, logLikelihood: -777.240736
[01:08:23] Bootstrap tree #65, logLikelihood: -841.760521
[01:09:25] Bootstrap tree #66, logLikelihood: -888.146330
[01:10:17] Bootstrap tree #67, logLikelihood: -758.712685
[01:11:15] Bootstrap tree #68, logLikelihood: -757.758785
[01:12:18] Bootstrap tree #69, logLikelihood: -776.003739
[01:13:19] Bootstrap tree #70, logLikelihood: -795.507976
[01:14:22] Bootstrap tree #71, logLikelihood: -705.022262
[01:15:27] Bootstrap tree #72, logLikelihood: -769.956162
[01:16:33] Bootstrap tree #73, logLikelihood: -751.602096
[01:17:41] Bootstrap tree #74, logLikelihood: -773.520109
[01:18:38] Bootstrap tree #75, logLikelihood: -743.466823
[01:19:33] Bootstrap tree #76, logLikelihood: -789.309928
[01:20:29] Bootstrap tree #77, logLikelihood: -726.107711
[01:21:34] Bootstrap tree #78, logLikelihood: -783.799652
[01:22:31] Bootstrap tree #79, logLikelihood: -724.760745
[01:23:34] Bootstrap tree #80, logLikelihood: -814.593834
[01:24:29] Bootstrap tree #81, logLikelihood: -770.035813
[01:25:35] Bootstrap tree #82, logLikelihood: -739.838139
[01:26:30] Bootstrap tree #83, logLikelihood: -841.024156
[01:27:26] Bootstrap tree #84, logLikelihood: -726.121810
[01:28:23] Bootstrap tree #85, logLikelihood: -755.726961
[01:29:17] Bootstrap tree #86, logLikelihood: -826.830647
[01:30:10] Bootstrap tree #87, logLikelihood: -718.990916
[01:31:07] Bootstrap tree #88, logLikelihood: -814.280842
[01:32:22] Bootstrap tree #89, logLikelihood: -724.176816
[01:33:12] Bootstrap tree #90, logLikelihood: -762.317662
[01:34:27] Bootstrap tree #91, logLikelihood: -825.533632
