
RAxML-NG v. 0.9.0 released on 20.05.2019 by The Exelixis Lab.
Developed by: Alexey M. Kozlov and Alexandros Stamatakis.
Contributors: Diego Darriba, Tomas Flouri, Benoit Morel, Sarah Lutteropp, Ben Bettisworth.
Latest version: https://github.com/amkozlov/raxml-ng
Questions/problems/suggestions? Please visit: https://groups.google.com/forum/#!forum/raxml

RAxML-NG was called at 14-Jul-2023 22:58:40 as follows:

raxml-ng --all --model Blosum62+G --msa results/windows/window_position_200_300.fa --prefix results/RaxMl/200_300 --msa-format FASTA --tree pars{5} --seed 239 --threads 2 --force --bs-trees 100 --bs-metric fbp

Analysis options:
  run mode: ML tree search + bootstrapping (Felsenstein Bootstrap)
  start tree(s): parsimony (5)
  bootstrap replicates: 100
  random seed: 239
  tip-inner: OFF
  pattern compression: ON
  per-rate scalers: OFF
  site repeats: ON
  branch lengths: proportional (ML estimate, algorithm: NR-FAST)
  SIMD kernels: SSE3
  parallelization: PTHREADS (2 threads), thread pinning: OFF

WARNING: Running in FORCE mode: all safety checks are disabled!

[00:00:00] Reading alignment from file: results/windows/window_position_200_300.fa
[00:00:00] Loaded alignment with 47 taxa and 100 sites

Alignment comprises 1 partitions and 97 patterns

Partition 0: noname
Model: BLOSUM62+G4m
Alignment sites / patterns: 100 / 97
Gaps: 0.00 %
Invariant sites: 4.00 %


NOTE: Binary MSA file created: results/RaxMl/200_300.raxml.rba

[00:00:00] Generating 5 parsimony starting tree(s) with 47 taxa
[00:00:00] Data distribution: max. partitions/sites/weight per thread: 1 / 49 / 3920

Starting ML tree search with 5 distinct starting trees

[00:01:07] ML tree search #1, logLikelihood: -1522.291590
[00:02:17] ML tree search #2, logLikelihood: -1522.291534
[00:03:22] ML tree search #3, logLikelihood: -1522.291533
[00:04:29] ML tree search #4, logLikelihood: -1522.291543
[00:05:35] ML tree search #5, logLikelihood: -1522.291570

[00:05:35] ML tree search completed, best tree logLH: -1522.291533

[00:05:35] Starting bootstrapping analysis with 100 replicates.

[00:06:32] Bootstrap tree #1, logLikelihood: -1464.526829
[00:07:37] Bootstrap tree #2, logLikelihood: -1554.247270
[00:08:41] Bootstrap tree #3, logLikelihood: -1542.320486
[00:09:45] Bootstrap tree #4, logLikelihood: -1526.031175
[00:10:55] Bootstrap tree #5, logLikelihood: -1519.721793
[00:12:04] Bootstrap tree #6, logLikelihood: -1545.073510
[00:13:34] Bootstrap tree #7, logLikelihood: -1455.050327
[00:14:40] Bootstrap tree #8, logLikelihood: -1643.965095
[00:15:50] Bootstrap tree #9, logLikelihood: -1444.104183
[00:17:02] Bootstrap tree #10, logLikelihood: -1476.687230
[00:18:06] Bootstrap tree #11, logLikelihood: -1462.486617
[00:19:11] Bootstrap tree #12, logLikelihood: -1579.616596
[00:20:20] Bootstrap tree #13, logLikelihood: -1543.440857
[00:21:20] Bootstrap tree #14, logLikelihood: -1579.652553
[00:22:37] Bootstrap tree #15, logLikelihood: -1471.023062
[00:23:46] Bootstrap tree #16, logLikelihood: -1550.337116
