
RAxML-NG v. 0.9.0 released on 20.05.2019 by The Exelixis Lab.
Developed by: Alexey M. Kozlov and Alexandros Stamatakis.
Contributors: Diego Darriba, Tomas Flouri, Benoit Morel, Sarah Lutteropp, Ben Bettisworth.
Latest version: https://github.com/amkozlov/raxml-ng
Questions/problems/suggestions? Please visit: https://groups.google.com/forum/#!forum/raxml

RAxML-NG was called at 13-Jul-2023 06:53:51 as follows:

raxml-ng --all --model Blosum62+G --msa results/windows/window_position_2010_2110.fa --prefix results/RaxMl/2010_2110 --msa-format FASTA --tree pars{5} --seed 239 --threads 2 --force --bs-trees 100 --bs-metric fbp

Analysis options:
  run mode: ML tree search + bootstrapping (Felsenstein Bootstrap)
  start tree(s): parsimony (5)
  bootstrap replicates: 100
  random seed: 239
  tip-inner: OFF
  pattern compression: ON
  per-rate scalers: OFF
  site repeats: ON
  branch lengths: proportional (ML estimate, algorithm: NR-FAST)
  SIMD kernels: SSE3
  parallelization: PTHREADS (2 threads), thread pinning: OFF

WARNING: Running in FORCE mode: all safety checks are disabled!

[00:00:00] Reading alignment from file: results/windows/window_position_2010_2110.fa
[00:00:00] Loaded alignment with 47 taxa and 100 sites

Alignment comprises 1 partitions and 73 patterns

Partition 0: noname
Model: BLOSUM62+G4m
Alignment sites / patterns: 100 / 73
Gaps: 0.00 %
Invariant sites: 39.00 %


NOTE: Binary MSA file created: results/RaxMl/2010_2110.raxml.rba

[00:00:00] Generating 5 parsimony starting tree(s) with 47 taxa
[00:00:00] Data distribution: max. partitions/sites/weight per thread: 1 / 37 / 2960

Starting ML tree search with 5 distinct starting trees

[00:01:30] ML tree search #1, logLikelihood: -766.800651
[00:02:19] ML tree search #2, logLikelihood: -766.800613
[00:03:04] ML tree search #3, logLikelihood: -766.800625
[00:04:01] ML tree search #4, logLikelihood: -765.378009
[00:04:45] ML tree search #5, logLikelihood: -765.378012

[00:04:45] ML tree search completed, best tree logLH: -765.378009

[00:04:45] Starting bootstrapping analysis with 100 replicates.

[00:05:45] Bootstrap tree #1, logLikelihood: -762.796524
[00:06:41] Bootstrap tree #2, logLikelihood: -818.111277
[00:07:41] Bootstrap tree #3, logLikelihood: -746.373394
[00:08:30] Bootstrap tree #4, logLikelihood: -757.551188
[00:09:27] Bootstrap tree #5, logLikelihood: -735.923181
[00:10:37] Bootstrap tree #6, logLikelihood: -745.875667
[00:11:47] Bootstrap tree #7, logLikelihood: -742.690788
[00:13:11] Bootstrap tree #8, logLikelihood: -708.026152
[00:14:00] Bootstrap tree #9, logLikelihood: -750.560856
[00:14:57] Bootstrap tree #10, logLikelihood: -780.086402
[00:16:16] Bootstrap tree #11, logLikelihood: -754.795697
[00:17:12] Bootstrap tree #12, logLikelihood: -667.248780
[00:18:00] Bootstrap tree #13, logLikelihood: -777.128935
[00:18:58] Bootstrap tree #14, logLikelihood: -742.995154
[00:20:06] Bootstrap tree #15, logLikelihood: -749.796877
[00:20:58] Bootstrap tree #16, logLikelihood: -715.526491
[00:21:55] Bootstrap tree #17, logLikelihood: -636.460701
[00:22:55] Bootstrap tree #18, logLikelihood: -820.333523
[00:23:55] Bootstrap tree #19, logLikelihood: -787.929212
[00:24:52] Bootstrap tree #20, logLikelihood: -742.551141
[00:25:48] Bootstrap tree #21, logLikelihood: -781.786221
[00:26:45] Bootstrap tree #22, logLikelihood: -795.072231
[00:27:50] Bootstrap tree #23, logLikelihood: -788.539883
[00:29:03] Bootstrap tree #24, logLikelihood: -772.708633
[00:29:56] Bootstrap tree #25, logLikelihood: -732.911814
[00:31:03] Bootstrap tree #26, logLikelihood: -791.347755
[00:32:01] Bootstrap tree #27, logLikelihood: -770.919916
[00:33:06] Bootstrap tree #28, logLikelihood: -667.323803
[00:34:14] Bootstrap tree #29, logLikelihood: -659.987358
[00:35:30] Bootstrap tree #30, logLikelihood: -810.555445
[00:36:36] Bootstrap tree #31, logLikelihood: -706.922729
[00:37:30] Bootstrap tree #32, logLikelihood: -754.056061
[00:38:35] Bootstrap tree #33, logLikelihood: -767.114975
[00:39:36] Bootstrap tree #34, logLikelihood: -742.575755
[00:40:33] Bootstrap tree #35, logLikelihood: -738.443302
[00:41:47] Bootstrap tree #36, logLikelihood: -717.104121
[00:42:54] Bootstrap tree #37, logLikelihood: -821.430903
[00:43:47] Bootstrap tree #38, logLikelihood: -769.729891
[00:44:56] Bootstrap tree #39, logLikelihood: -776.114469
[00:45:53] Bootstrap tree #40, logLikelihood: -743.025297
[00:47:11] Bootstrap tree #41, logLikelihood: -751.456327
[00:48:11] Bootstrap tree #42, logLikelihood: -784.512857
[00:49:32] Bootstrap tree #43, logLikelihood: -689.014243
[00:50:33] Bootstrap tree #44, logLikelihood: -715.081706
[00:52:07] Bootstrap tree #45, logLikelihood: -735.330922
[00:53:16] Bootstrap tree #46, logLikelihood: -809.790026
[00:54:20] Bootstrap tree #47, logLikelihood: -815.970471
[00:55:13] Bootstrap tree #48, logLikelihood: -685.363693
[00:56:17] Bootstrap tree #49, logLikelihood: -746.495452
[00:57:07] Bootstrap tree #50, logLikelihood: -731.726717
[00:58:17] Bootstrap tree #51, logLikelihood: -741.156674
[00:59:07] Bootstrap tree #52, logLikelihood: -854.761723
[01:00:05] Bootstrap tree #53, logLikelihood: -773.362615
[01:01:05] Bootstrap tree #54, logLikelihood: -763.311623
[01:01:57] Bootstrap tree #55, logLikelihood: -734.280397
[01:02:50] Bootstrap tree #56, logLikelihood: -720.398509
[01:03:43] Bootstrap tree #57, logLikelihood: -819.558029
[01:04:38] Bootstrap tree #58, logLikelihood: -804.981380
[01:05:30] Bootstrap tree #59, logLikelihood: -709.613958
[01:06:19] Bootstrap tree #60, logLikelihood: -777.952531
[01:07:20] Bootstrap tree #61, logLikelihood: -755.994904
[01:08:23] Bootstrap tree #62, logLikelihood: -770.695302
[01:09:23] Bootstrap tree #63, logLikelihood: -891.405167
[01:10:27] Bootstrap tree #64, logLikelihood: -732.701200
[01:13:23] Bootstrap tree #65, logLikelihood: -750.347622
[01:14:33] Bootstrap tree #66, logLikelihood: -736.833715
[01:15:29] Bootstrap tree #67, logLikelihood: -780.867218
[01:16:36] Bootstrap tree #68, logLikelihood: -782.267777
[01:18:04] Bootstrap tree #69, logLikelihood: -713.018522
[01:19:02] Bootstrap tree #70, logLikelihood: -767.714457
[01:20:12] Bootstrap tree #71, logLikelihood: -665.925764
[01:21:20] Bootstrap tree #72, logLikelihood: -776.106808
[01:22:35] Bootstrap tree #73, logLikelihood: -758.518563
[01:23:31] Bootstrap tree #74, logLikelihood: -807.686736
[01:24:27] Bootstrap tree #75, logLikelihood: -740.790258
[01:25:22] Bootstrap tree #76, logLikelihood: -662.559213
[01:26:26] Bootstrap tree #77, logLikelihood: -740.530495
[01:27:23] Bootstrap tree #78, logLikelihood: -744.601153
[01:28:26] Bootstrap tree #79, logLikelihood: -720.034070
[01:29:50] Bootstrap tree #80, logLikelihood: -808.405913
[01:30:47] Bootstrap tree #81, logLikelihood: -761.645335
[01:31:47] Bootstrap tree #82, logLikelihood: -770.029283
[01:32:38] Bootstrap tree #83, logLikelihood: -718.486603
[01:40:09] Bootstrap tree #84, logLikelihood: -738.767226
[01:42:50] Bootstrap tree #85, logLikelihood: -749.541623
[01:43:48] Bootstrap tree #86, logLikelihood: -823.709622
[01:44:50] Bootstrap tree #87, logLikelihood: -750.803228
[01:45:56] Bootstrap tree #88, logLikelihood: -835.585897
[01:46:58] Bootstrap tree #89, logLikelihood: -875.745013
[01:47:59] Bootstrap tree #90, logLikelihood: -812.486851
[01:50:10] Bootstrap tree #91, logLikelihood: -794.465785
[01:51:09] Bootstrap tree #92, logLikelihood: -760.110906
[01:52:15] Bootstrap tree #93, logLikelihood: -713.345866
[01:53:24] Bootstrap tree #94, logLikelihood: -771.704609
[01:54:20] Bootstrap tree #95, logLikelihood: -739.935890
