
RAxML-NG v. 0.9.0 released on 20.05.2019 by The Exelixis Lab.
Developed by: Alexey M. Kozlov and Alexandros Stamatakis.
Contributors: Diego Darriba, Tomas Flouri, Benoit Morel, Sarah Lutteropp, Ben Bettisworth.
Latest version: https://github.com/amkozlov/raxml-ng
Questions/problems/suggestions? Please visit: https://groups.google.com/forum/#!forum/raxml

RAxML-NG was called at 13-Jul-2023 09:56:46 as follows:

raxml-ng --all --model Blosum62+G --msa results/windows/window_position_2060_2160.fa --prefix results/RaxMl/2060_2160 --msa-format FASTA --tree pars{5} --seed 239 --threads 2 --force --bs-trees 100 --bs-metric fbp

Analysis options:
  run mode: ML tree search + bootstrapping (Felsenstein Bootstrap)
  start tree(s): parsimony (5)
  bootstrap replicates: 100
  random seed: 239
  tip-inner: OFF
  pattern compression: ON
  per-rate scalers: OFF
  site repeats: ON
  branch lengths: proportional (ML estimate, algorithm: NR-FAST)
  SIMD kernels: SSE3
  parallelization: PTHREADS (2 threads), thread pinning: OFF

WARNING: Running in FORCE mode: all safety checks are disabled!

[00:00:00] Reading alignment from file: results/windows/window_position_2060_2160.fa
[00:00:00] Loaded alignment with 47 taxa and 100 sites

Alignment comprises 1 partitions and 67 patterns

Partition 0: noname
Model: BLOSUM62+G4m
Alignment sites / patterns: 100 / 67
Gaps: 0.00 %
Invariant sites: 46.00 %


NOTE: Binary MSA file created: results/RaxMl/2060_2160.raxml.rba

[00:00:00] Generating 5 parsimony starting tree(s) with 47 taxa
[00:00:00] Data distribution: max. partitions/sites/weight per thread: 1 / 34 / 2720

Starting ML tree search with 5 distinct starting trees

[00:01:19] ML tree search #1, logLikelihood: -705.076590
[00:02:04] ML tree search #2, logLikelihood: -705.070598
[00:02:47] ML tree search #3, logLikelihood: -705.070581
[00:03:35] ML tree search #4, logLikelihood: -705.070586
[00:04:15] ML tree search #5, logLikelihood: -705.070582

[00:04:15] ML tree search completed, best tree logLH: -705.070581

[00:04:15] Starting bootstrapping analysis with 100 replicates.

[00:05:07] Bootstrap tree #1, logLikelihood: -685.823239
[00:05:57] Bootstrap tree #2, logLikelihood: -667.389598
[00:06:47] Bootstrap tree #3, logLikelihood: -599.742112
[00:07:43] Bootstrap tree #4, logLikelihood: -661.667575
[00:08:39] Bootstrap tree #5, logLikelihood: -767.110872
[00:09:29] Bootstrap tree #6, logLikelihood: -692.337150
[00:10:22] Bootstrap tree #7, logLikelihood: -641.263486
[00:11:49] Bootstrap tree #8, logLikelihood: -725.928515
[00:12:42] Bootstrap tree #9, logLikelihood: -690.834812
[00:13:26] Bootstrap tree #10, logLikelihood: -627.498263
[00:14:35] Bootstrap tree #11, logLikelihood: -727.824787
[00:15:35] Bootstrap tree #12, logLikelihood: -748.165224
[00:16:35] Bootstrap tree #13, logLikelihood: -742.775397
[00:17:23] Bootstrap tree #14, logLikelihood: -722.329826
[00:18:24] Bootstrap tree #15, logLikelihood: -705.882257
[00:19:16] Bootstrap tree #16, logLikelihood: -780.374161
[00:20:05] Bootstrap tree #17, logLikelihood: -640.626551
[00:20:58] Bootstrap tree #18, logLikelihood: -766.789720
[00:21:50] Bootstrap tree #19, logLikelihood: -704.433215
[00:22:44] Bootstrap tree #20, logLikelihood: -654.044106
[00:23:34] Bootstrap tree #21, logLikelihood: -753.490489
