
RAxML-NG v. 0.9.0 released on 20.05.2019 by The Exelixis Lab.
Developed by: Alexey M. Kozlov and Alexandros Stamatakis.
Contributors: Diego Darriba, Tomas Flouri, Benoit Morel, Sarah Lutteropp, Ben Bettisworth.
Latest version: https://github.com/amkozlov/raxml-ng
Questions/problems/suggestions? Please visit: https://groups.google.com/forum/#!forum/raxml

RAxML-NG was called at 14-Jul-2023 11:49:30 as follows:

raxml-ng --all --model Blosum62+G --msa results/windows/window_position_2090_2190.fa --prefix results/RaxMl/2090_2190 --msa-format FASTA --tree pars{5} --seed 239 --threads 2 --force --bs-trees 100 --bs-metric fbp

Analysis options:
  run mode: ML tree search + bootstrapping (Felsenstein Bootstrap)
  start tree(s): parsimony (5)
  bootstrap replicates: 100
  random seed: 239
  tip-inner: OFF
  pattern compression: ON
  per-rate scalers: OFF
  site repeats: ON
  branch lengths: proportional (ML estimate, algorithm: NR-FAST)
  SIMD kernels: SSE3
  parallelization: PTHREADS (2 threads), thread pinning: OFF

WARNING: Running in FORCE mode: all safety checks are disabled!

[00:00:00] Reading alignment from file: results/windows/window_position_2090_2190.fa
[00:00:00] Loaded alignment with 47 taxa and 100 sites

Alignment comprises 1 partitions and 78 patterns

Partition 0: noname
Model: BLOSUM62+G4m
Alignment sites / patterns: 100 / 78
Gaps: 0.00 %
Invariant sites: 33.00 %


NOTE: Binary MSA file created: results/RaxMl/2090_2190.raxml.rba

[00:00:00] Generating 5 parsimony starting tree(s) with 47 taxa
[00:00:00] Data distribution: max. partitions/sites/weight per thread: 1 / 39 / 3120

Starting ML tree search with 5 distinct starting trees

[00:00:47] ML tree search #1, logLikelihood: -802.509150
[00:02:43] ML tree search #2, logLikelihood: -802.520647
[00:03:29] ML tree search #3, logLikelihood: -802.508915
[00:04:17] ML tree search #4, logLikelihood: -802.509017
[00:05:03] ML tree search #5, logLikelihood: -802.511074

[00:05:03] ML tree search completed, best tree logLH: -802.508915

[00:05:03] Starting bootstrapping analysis with 100 replicates.

[00:06:08] Bootstrap tree #1, logLikelihood: -791.546996
[00:07:03] Bootstrap tree #2, logLikelihood: -1022.373916
[00:08:07] Bootstrap tree #3, logLikelihood: -755.931663
[00:09:15] Bootstrap tree #4, logLikelihood: -851.280730
[00:10:26] Bootstrap tree #5, logLikelihood: -788.339248
[00:11:20] Bootstrap tree #6, logLikelihood: -754.935484
[00:12:23] Bootstrap tree #7, logLikelihood: -709.046664
[00:13:28] Bootstrap tree #8, logLikelihood: -771.256123
[00:14:27] Bootstrap tree #9, logLikelihood: -826.675313
