
RAxML-NG v. 0.9.0 released on 20.05.2019 by The Exelixis Lab.
Developed by: Alexey M. Kozlov and Alexandros Stamatakis.
Contributors: Diego Darriba, Tomas Flouri, Benoit Morel, Sarah Lutteropp, Ben Bettisworth.
Latest version: https://github.com/amkozlov/raxml-ng
Questions/problems/suggestions? Please visit: https://groups.google.com/forum/#!forum/raxml

RAxML-NG was called at 13-Jul-2023 07:08:18 as follows:

raxml-ng --all --model Blosum62+G --msa results/windows/window_position_2150_2250.fa --prefix results/RaxMl/2150_2250 --msa-format FASTA --tree pars{5} --seed 239 --threads 2 --force --bs-trees 100 --bs-metric fbp

Analysis options:
  run mode: ML tree search + bootstrapping (Felsenstein Bootstrap)
  start tree(s): parsimony (5)
  bootstrap replicates: 100
  random seed: 239
  tip-inner: OFF
  pattern compression: ON
  per-rate scalers: OFF
  site repeats: ON
  branch lengths: proportional (ML estimate, algorithm: NR-FAST)
  SIMD kernels: SSE3
  parallelization: PTHREADS (2 threads), thread pinning: OFF

WARNING: Running in FORCE mode: all safety checks are disabled!

[00:00:00] Reading alignment from file: results/windows/window_position_2150_2250.fa
[00:00:00] Loaded alignment with 47 taxa and 100 sites

Alignment comprises 1 partitions and 83 patterns

Partition 0: noname
Model: BLOSUM62+G4m
Alignment sites / patterns: 100 / 83
Gaps: 0.00 %
Invariant sites: 29.00 %


NOTE: Binary MSA file created: results/RaxMl/2150_2250.raxml.rba

[00:00:00] Generating 5 parsimony starting tree(s) with 47 taxa
[00:00:00] Data distribution: max. partitions/sites/weight per thread: 1 / 42 / 3360

Starting ML tree search with 5 distinct starting trees

[00:00:53] ML tree search #1, logLikelihood: -801.004101
[00:02:23] ML tree search #2, logLikelihood: -801.003801
[00:03:16] ML tree search #3, logLikelihood: -801.003873
[00:04:19] ML tree search #4, logLikelihood: -801.004040
[00:05:12] ML tree search #5, logLikelihood: -801.295741

[00:05:12] ML tree search completed, best tree logLH: -801.003801

[00:05:12] Starting bootstrapping analysis with 100 replicates.

[00:06:09] Bootstrap tree #1, logLikelihood: -755.575033
[00:07:13] Bootstrap tree #2, logLikelihood: -809.685765
[00:08:13] Bootstrap tree #3, logLikelihood: -793.954699
[00:09:14] Bootstrap tree #4, logLikelihood: -751.734797
[00:10:24] Bootstrap tree #5, logLikelihood: -816.758436
[00:11:37] Bootstrap tree #6, logLikelihood: -797.251448
[00:12:33] Bootstrap tree #7, logLikelihood: -753.283901
[00:13:36] Bootstrap tree #8, logLikelihood: -784.566265
[00:14:31] Bootstrap tree #9, logLikelihood: -768.503930
[00:15:22] Bootstrap tree #10, logLikelihood: -798.040369
[00:16:23] Bootstrap tree #11, logLikelihood: -762.821035
[00:17:22] Bootstrap tree #12, logLikelihood: -834.318638
[00:18:18] Bootstrap tree #13, logLikelihood: -762.319369
[00:19:32] Bootstrap tree #14, logLikelihood: -780.249181
[00:21:02] Bootstrap tree #15, logLikelihood: -820.704372
[00:22:10] Bootstrap tree #16, logLikelihood: -821.673755
[00:23:16] Bootstrap tree #17, logLikelihood: -805.412644
[00:24:23] Bootstrap tree #18, logLikelihood: -803.163223
[00:25:21] Bootstrap tree #19, logLikelihood: -846.761553
[00:26:19] Bootstrap tree #20, logLikelihood: -827.029685
[00:27:20] Bootstrap tree #21, logLikelihood: -852.815887
[00:28:14] Bootstrap tree #22, logLikelihood: -763.473400
[00:29:44] Bootstrap tree #23, logLikelihood: -782.719148
[00:30:45] Bootstrap tree #24, logLikelihood: -818.730714
[00:31:50] Bootstrap tree #25, logLikelihood: -804.927515
[00:33:04] Bootstrap tree #26, logLikelihood: -772.806963
[00:34:46] Bootstrap tree #27, logLikelihood: -794.629815
[00:35:44] Bootstrap tree #28, logLikelihood: -766.094955
[00:36:42] Bootstrap tree #29, logLikelihood: -779.591311
[00:37:55] Bootstrap tree #30, logLikelihood: -732.270893
[00:38:59] Bootstrap tree #31, logLikelihood: -784.883577
[00:40:12] Bootstrap tree #32, logLikelihood: -808.024170
[00:41:14] Bootstrap tree #33, logLikelihood: -769.056618
[00:42:13] Bootstrap tree #34, logLikelihood: -832.835945
[00:43:15] Bootstrap tree #35, logLikelihood: -770.964084
[00:44:12] Bootstrap tree #36, logLikelihood: -820.055112
[00:45:07] Bootstrap tree #37, logLikelihood: -782.672296
[00:46:08] Bootstrap tree #38, logLikelihood: -826.104492
[00:47:17] Bootstrap tree #39, logLikelihood: -706.597543
[00:48:16] Bootstrap tree #40, logLikelihood: -834.503016
[00:49:20] Bootstrap tree #41, logLikelihood: -804.866722
[00:50:17] Bootstrap tree #42, logLikelihood: -773.710522
[00:51:27] Bootstrap tree #43, logLikelihood: -852.649392
[00:52:49] Bootstrap tree #44, logLikelihood: -830.322050
[00:53:53] Bootstrap tree #45, logLikelihood: -835.237459
[00:54:59] Bootstrap tree #46, logLikelihood: -853.713680
[00:56:24] Bootstrap tree #47, logLikelihood: -816.834204
[00:57:41] Bootstrap tree #48, logLikelihood: -730.311601
[00:58:42] Bootstrap tree #49, logLikelihood: -827.759014
[00:59:41] Bootstrap tree #50, logLikelihood: -764.386051
[01:00:39] Bootstrap tree #51, logLikelihood: -713.304063
[01:01:40] Bootstrap tree #52, logLikelihood: -769.009174
[01:02:47] Bootstrap tree #53, logLikelihood: -779.339753
[01:03:55] Bootstrap tree #54, logLikelihood: -842.642964
[01:04:52] Bootstrap tree #55, logLikelihood: -710.666468
[01:06:15] Bootstrap tree #56, logLikelihood: -858.752029
[01:07:16] Bootstrap tree #57, logLikelihood: -823.004727
[01:08:25] Bootstrap tree #58, logLikelihood: -754.813446
[01:09:25] Bootstrap tree #59, logLikelihood: -835.922248
[01:10:32] Bootstrap tree #60, logLikelihood: -828.303461
[01:11:49] Bootstrap tree #61, logLikelihood: -777.071052
[01:13:05] Bootstrap tree #62, logLikelihood: -844.308849
[01:14:44] Bootstrap tree #63, logLikelihood: -799.242087
[01:15:46] Bootstrap tree #64, logLikelihood: -798.954295
[01:16:49] Bootstrap tree #65, logLikelihood: -800.283496
[01:17:51] Bootstrap tree #66, logLikelihood: -780.932896
[01:25:24] Bootstrap tree #67, logLikelihood: -785.080216
[01:28:14] Bootstrap tree #68, logLikelihood: -790.691775
[01:29:18] Bootstrap tree #69, logLikelihood: -839.293581
[01:30:29] Bootstrap tree #70, logLikelihood: -798.910129
[01:31:32] Bootstrap tree #71, logLikelihood: -717.860687
[01:33:42] Bootstrap tree #72, logLikelihood: -884.339968
[01:35:01] Bootstrap tree #73, logLikelihood: -781.849798
[01:36:02] Bootstrap tree #74, logLikelihood: -770.314458
[01:37:16] Bootstrap tree #75, logLikelihood: -811.332099
[01:38:29] Bootstrap tree #76, logLikelihood: -772.957021
[01:39:44] Bootstrap tree #77, logLikelihood: -825.617818
[01:40:55] Bootstrap tree #78, logLikelihood: -841.095376
