
RAxML-NG v. 0.9.0 released on 20.05.2019 by The Exelixis Lab.
Developed by: Alexey M. Kozlov and Alexandros Stamatakis.
Contributors: Diego Darriba, Tomas Flouri, Benoit Morel, Sarah Lutteropp, Ben Bettisworth.
Latest version: https://github.com/amkozlov/raxml-ng
Questions/problems/suggestions? Please visit: https://groups.google.com/forum/#!forum/raxml

RAxML-NG was called at 15-Jul-2023 00:05:55 as follows:

raxml-ng --all --model Blosum62+G --msa results/windows/window_position_2250_2350.fa --prefix results/RaxMl/2250_2350 --msa-format FASTA --tree pars{5} --seed 239 --threads 2 --force --bs-trees 100 --bs-metric fbp

Analysis options:
  run mode: ML tree search + bootstrapping (Felsenstein Bootstrap)
  start tree(s): parsimony (5)
  bootstrap replicates: 100
  random seed: 239
  tip-inner: OFF
  pattern compression: ON
  per-rate scalers: OFF
  site repeats: ON
  branch lengths: proportional (ML estimate, algorithm: NR-FAST)
  SIMD kernels: SSE3
  parallelization: PTHREADS (2 threads), thread pinning: OFF

WARNING: Running in FORCE mode: all safety checks are disabled!

[00:00:00] Reading alignment from file: results/windows/window_position_2250_2350.fa
[00:00:00] Loaded alignment with 47 taxa and 100 sites

Alignment comprises 1 partitions and 92 patterns

Partition 0: noname
Model: BLOSUM62+G4m
Alignment sites / patterns: 100 / 92
Gaps: 0.00 %
Invariant sites: 16.00 %


NOTE: Binary MSA file created: results/RaxMl/2250_2350.raxml.rba

[00:00:00] Generating 5 parsimony starting tree(s) with 47 taxa
[00:00:00] Data distribution: max. partitions/sites/weight per thread: 1 / 46 / 3680

Starting ML tree search with 5 distinct starting trees

[00:01:00] ML tree search #1, logLikelihood: -918.271227
[00:02:00] ML tree search #2, logLikelihood: -918.263185
[00:03:31] ML tree search #3, logLikelihood: -918.267947
[00:05:21] ML tree search #4, logLikelihood: -918.266596
[00:06:18] ML tree search #5, logLikelihood: -918.267543

[00:06:18] ML tree search completed, best tree logLH: -918.263185

[00:06:18] Starting bootstrapping analysis with 100 replicates.

[00:07:23] Bootstrap tree #1, logLikelihood: -866.357251
[00:08:21] Bootstrap tree #2, logLikelihood: -826.588240
[00:09:20] Bootstrap tree #3, logLikelihood: -890.980438
[00:10:27] Bootstrap tree #4, logLikelihood: -867.954228
[00:11:25] Bootstrap tree #5, logLikelihood: -926.766543
[00:12:26] Bootstrap tree #6, logLikelihood: -934.847361
[00:13:55] Bootstrap tree #7, logLikelihood: -915.081662
[00:14:48] Bootstrap tree #8, logLikelihood: -839.309535
[00:16:05] Bootstrap tree #9, logLikelihood: -888.931227
[00:17:15] Bootstrap tree #10, logLikelihood: -912.728399
[00:18:22] Bootstrap tree #11, logLikelihood: -914.173428
[00:19:53] Bootstrap tree #12, logLikelihood: -887.546768
[00:20:59] Bootstrap tree #13, logLikelihood: -919.854018
[00:21:59] Bootstrap tree #14, logLikelihood: -923.225612
[00:23:11] Bootstrap tree #15, logLikelihood: -929.482281
