
RAxML-NG v. 0.9.0 released on 20.05.2019 by The Exelixis Lab.
Developed by: Alexey M. Kozlov and Alexandros Stamatakis.
Contributors: Diego Darriba, Tomas Flouri, Benoit Morel, Sarah Lutteropp, Ben Bettisworth.
Latest version: https://github.com/amkozlov/raxml-ng
Questions/problems/suggestions? Please visit: https://groups.google.com/forum/#!forum/raxml

RAxML-NG was called at 10-Jul-2023 21:38:42 as follows:

raxml-ng --all --model Blosum62+G --msa results/windows/window_position_2330_2430.fa --prefix results/RaxMl/2330_2430 --msa-format FASTA --tree pars{5} --seed 239 --threads 2 --force --bs-trees 100 --bs-metric fbp

Analysis options:
  run mode: ML tree search + bootstrapping (Felsenstein Bootstrap)
  start tree(s): parsimony (5)
  bootstrap replicates: 100
  random seed: 239
  tip-inner: OFF
  pattern compression: ON
  per-rate scalers: OFF
  site repeats: ON
  branch lengths: proportional (ML estimate, algorithm: NR-FAST)
  SIMD kernels: SSE3
  parallelization: PTHREADS (2 threads), thread pinning: OFF

WARNING: Running in FORCE mode: all safety checks are disabled!

[00:00:00] Reading alignment from file: results/windows/window_position_2330_2430.fa
[00:00:00] Loaded alignment with 47 taxa and 100 sites

Alignment comprises 1 partitions and 91 patterns

Partition 0: noname
Model: BLOSUM62+G4m
Alignment sites / patterns: 100 / 91
Gaps: 0.00 %
Invariant sites: 15.00 %


NOTE: Binary MSA file created: results/RaxMl/2330_2430.raxml.rba

[00:00:00] Generating 5 parsimony starting tree(s) with 47 taxa
[00:00:00] Data distribution: max. partitions/sites/weight per thread: 1 / 46 / 3680

Starting ML tree search with 5 distinct starting trees

[00:01:00] ML tree search #1, logLikelihood: -912.087467
[00:01:59] ML tree search #2, logLikelihood: -912.085399
[00:03:00] ML tree search #3, logLikelihood: -912.085587
[00:04:34] ML tree search #4, logLikelihood: -912.082521
[00:06:15] ML tree search #5, logLikelihood: -912.085534

[00:06:15] ML tree search completed, best tree logLH: -912.082521

[00:06:15] Starting bootstrapping analysis with 100 replicates.

[00:07:13] Bootstrap tree #1, logLikelihood: -878.342612
[00:08:24] Bootstrap tree #2, logLikelihood: -848.796743
[00:09:31] Bootstrap tree #3, logLikelihood: -877.651674
[00:10:27] Bootstrap tree #4, logLikelihood: -888.194828
[00:11:39] Bootstrap tree #5, logLikelihood: -897.540035
[00:12:50] Bootstrap tree #6, logLikelihood: -876.522894
[00:14:01] Bootstrap tree #7, logLikelihood: -919.431160
[00:14:58] Bootstrap tree #8, logLikelihood: -912.701367
[00:15:46] Bootstrap tree #9, logLikelihood: -848.188502
[00:16:50] Bootstrap tree #10, logLikelihood: -935.061963
[00:18:03] Bootstrap tree #11, logLikelihood: -923.723791
[00:18:57] Bootstrap tree #12, logLikelihood: -866.183411
[00:20:02] Bootstrap tree #13, logLikelihood: -980.835323
[00:21:02] Bootstrap tree #14, logLikelihood: -886.420584
[00:22:05] Bootstrap tree #15, logLikelihood: -910.476349
[00:22:58] Bootstrap tree #16, logLikelihood: -919.722344
[00:24:03] Bootstrap tree #17, logLikelihood: -908.471003
[00:25:01] Bootstrap tree #18, logLikelihood: -862.207814
[00:26:15] Bootstrap tree #19, logLikelihood: -981.214400
[00:27:20] Bootstrap tree #20, logLikelihood: -857.941038
[00:28:12] Bootstrap tree #21, logLikelihood: -914.678031
[00:29:14] Bootstrap tree #22, logLikelihood: -933.606585
[00:30:32] Bootstrap tree #23, logLikelihood: -927.741886
[00:31:36] Bootstrap tree #24, logLikelihood: -910.408206
[00:32:47] Bootstrap tree #25, logLikelihood: -909.598658
[00:34:00] Bootstrap tree #26, logLikelihood: -942.580897
[00:35:04] Bootstrap tree #27, logLikelihood: -923.181269
[00:35:57] Bootstrap tree #28, logLikelihood: -911.958242
[00:37:14] Bootstrap tree #29, logLikelihood: -928.284557
[00:38:22] Bootstrap tree #30, logLikelihood: -950.224293
[00:39:23] Bootstrap tree #31, logLikelihood: -953.259076
[00:40:20] Bootstrap tree #32, logLikelihood: -871.753442
[00:41:28] Bootstrap tree #33, logLikelihood: -921.435243
[00:42:38] Bootstrap tree #34, logLikelihood: -895.737098
[00:43:46] Bootstrap tree #35, logLikelihood: -871.598676
[00:44:42] Bootstrap tree #36, logLikelihood: -889.249770
[00:45:41] Bootstrap tree #37, logLikelihood: -963.358794
[00:46:49] Bootstrap tree #38, logLikelihood: -920.079410
[00:47:54] Bootstrap tree #39, logLikelihood: -894.838175
[00:48:52] Bootstrap tree #40, logLikelihood: -869.704931
[00:49:50] Bootstrap tree #41, logLikelihood: -871.176047
[00:50:50] Bootstrap tree #42, logLikelihood: -926.723525
[00:52:14] Bootstrap tree #43, logLikelihood: -881.959351
[00:53:15] Bootstrap tree #44, logLikelihood: -891.291628
[00:54:17] Bootstrap tree #45, logLikelihood: -911.516538
[00:55:14] Bootstrap tree #46, logLikelihood: -875.153433
[00:56:12] Bootstrap tree #47, logLikelihood: -864.835379
[00:57:34] Bootstrap tree #48, logLikelihood: -885.907703
[00:58:30] Bootstrap tree #49, logLikelihood: -928.598544
[00:59:39] Bootstrap tree #50, logLikelihood: -833.080282
[01:00:49] Bootstrap tree #51, logLikelihood: -970.641633
[01:01:49] Bootstrap tree #52, logLikelihood: -947.929619
[01:03:06] Bootstrap tree #53, logLikelihood: -969.239271
[01:04:21] Bootstrap tree #54, logLikelihood: -928.759415
[01:05:36] Bootstrap tree #55, logLikelihood: -961.423620
[01:06:30] Bootstrap tree #56, logLikelihood: -854.681446
[01:07:35] Bootstrap tree #57, logLikelihood: -917.907386
[01:08:39] Bootstrap tree #58, logLikelihood: -907.874418
[01:09:39] Bootstrap tree #59, logLikelihood: -839.132880
[01:11:16] Bootstrap tree #60, logLikelihood: -910.998536
[01:12:18] Bootstrap tree #61, logLikelihood: -903.867625
[01:13:15] Bootstrap tree #62, logLikelihood: -855.365089
[01:14:25] Bootstrap tree #63, logLikelihood: -882.478307
[01:15:37] Bootstrap tree #64, logLikelihood: -959.821850
[01:16:44] Bootstrap tree #65, logLikelihood: -898.153198
[01:17:46] Bootstrap tree #66, logLikelihood: -930.747151
[01:19:11] Bootstrap tree #67, logLikelihood: -907.424891
[01:20:24] Bootstrap tree #68, logLikelihood: -938.202509
[01:22:23] Bootstrap tree #69, logLikelihood: -916.794281
[01:23:33] Bootstrap tree #70, logLikelihood: -889.423497
[01:24:48] Bootstrap tree #71, logLikelihood: -944.784328
[01:26:11] Bootstrap tree #72, logLikelihood: -883.641851
[01:27:29] Bootstrap tree #73, logLikelihood: -882.717902
[01:28:49] Bootstrap tree #74, logLikelihood: -893.168150
[01:30:13] Bootstrap tree #75, logLikelihood: -842.544556
[01:31:29] Bootstrap tree #76, logLikelihood: -854.179472
[01:32:46] Bootstrap tree #77, logLikelihood: -894.236135
[01:34:04] Bootstrap tree #78, logLikelihood: -903.926166
[01:35:15] Bootstrap tree #79, logLikelihood: -905.668030
[01:36:31] Bootstrap tree #80, logLikelihood: -859.759377
[01:38:01] Bootstrap tree #81, logLikelihood: -892.356385
[01:39:33] Bootstrap tree #82, logLikelihood: -876.270448
[01:40:41] Bootstrap tree #83, logLikelihood: -937.507010
[01:42:31] Bootstrap tree #84, logLikelihood: -892.409942
[01:43:31] Bootstrap tree #85, logLikelihood: -832.259069
[01:44:37] Bootstrap tree #86, logLikelihood: -898.758480
[01:46:09] Bootstrap tree #87, logLikelihood: -913.799598
[01:47:15] Bootstrap tree #88, logLikelihood: -930.641153
[01:48:11] Bootstrap tree #89, logLikelihood: -920.254409
[01:49:36] Bootstrap tree #90, logLikelihood: -884.940192
[01:50:46] Bootstrap tree #91, logLikelihood: -907.581192
[01:52:07] Bootstrap tree #92, logLikelihood: -891.414364
[01:53:10] Bootstrap tree #93, logLikelihood: -846.087920
[01:54:10] Bootstrap tree #94, logLikelihood: -839.395135
[01:55:12] Bootstrap tree #95, logLikelihood: -845.769568
