
RAxML-NG v. 0.9.0 released on 20.05.2019 by The Exelixis Lab.
Developed by: Alexey M. Kozlov and Alexandros Stamatakis.
Contributors: Diego Darriba, Tomas Flouri, Benoit Morel, Sarah Lutteropp, Ben Bettisworth.
Latest version: https://github.com/amkozlov/raxml-ng
Questions/problems/suggestions? Please visit: https://groups.google.com/forum/#!forum/raxml

RAxML-NG was called at 16-Jul-2023 01:02:28 as follows:

raxml-ng --all --model Blosum62+G --msa results/windows/window_position_2350_2450.fa --prefix results/RaxMl/2350_2450 --msa-format FASTA --tree pars{5} --seed 239 --threads 2 --force --bs-trees 100 --bs-metric fbp

Analysis options:
  run mode: ML tree search + bootstrapping (Felsenstein Bootstrap)
  start tree(s): parsimony (5)
  bootstrap replicates: 100
  random seed: 239
  tip-inner: OFF
  pattern compression: ON
  per-rate scalers: OFF
  site repeats: ON
  branch lengths: proportional (ML estimate, algorithm: NR-FAST)
  SIMD kernels: SSE3
  parallelization: PTHREADS (2 threads), thread pinning: OFF

WARNING: Running in FORCE mode: all safety checks are disabled!

[00:00:00] Reading alignment from file: results/windows/window_position_2350_2450.fa
[00:00:00] Loaded alignment with 47 taxa and 100 sites

Alignment comprises 1 partitions and 88 patterns

Partition 0: noname
Model: BLOSUM62+G4m
Alignment sites / patterns: 100 / 88
Gaps: 0.00 %
Invariant sites: 21.00 %


NOTE: Binary MSA file created: results/RaxMl/2350_2450.raxml.rba

[00:00:00] Generating 5 parsimony starting tree(s) with 47 taxa
[00:00:00] Data distribution: max. partitions/sites/weight per thread: 1 / 44 / 3520

Starting ML tree search with 5 distinct starting trees

[00:00:53] ML tree search #1, logLikelihood: -850.538874
[00:01:48] ML tree search #2, logLikelihood: -850.538752
[00:02:42] ML tree search #3, logLikelihood: -850.538767
[00:04:07] ML tree search #4, logLikelihood: -850.538394
[00:05:38] ML tree search #5, logLikelihood: -850.538874

[00:05:38] ML tree search completed, best tree logLH: -850.538394

[00:05:38] Starting bootstrapping analysis with 100 replicates.

[00:06:26] Bootstrap tree #1, logLikelihood: -884.665921
[00:07:14] Bootstrap tree #2, logLikelihood: -859.988902
[00:08:23] Bootstrap tree #3, logLikelihood: -855.653311
[00:09:19] Bootstrap tree #4, logLikelihood: -939.219684
[00:10:28] Bootstrap tree #5, logLikelihood: -843.880655
[00:11:22] Bootstrap tree #6, logLikelihood: -776.431136
[00:12:17] Bootstrap tree #7, logLikelihood: -826.405826
[00:13:17] Bootstrap tree #8, logLikelihood: -841.712402
[00:14:04] Bootstrap tree #9, logLikelihood: -825.716859
[00:15:02] Bootstrap tree #10, logLikelihood: -832.401245
[00:15:57] Bootstrap tree #11, logLikelihood: -866.973732
[00:17:06] Bootstrap tree #12, logLikelihood: -817.253808
[00:17:57] Bootstrap tree #13, logLikelihood: -874.880395
[00:18:46] Bootstrap tree #14, logLikelihood: -849.284036
[00:19:39] Bootstrap tree #15, logLikelihood: -833.279178
[00:20:38] Bootstrap tree #16, logLikelihood: -854.915207
[00:21:38] Bootstrap tree #17, logLikelihood: -799.640099
[00:22:31] Bootstrap tree #18, logLikelihood: -872.324643
[00:23:38] Bootstrap tree #19, logLikelihood: -893.624117
[00:24:29] Bootstrap tree #20, logLikelihood: -869.426204
[00:25:24] Bootstrap tree #21, logLikelihood: -902.354894
[00:26:15] Bootstrap tree #22, logLikelihood: -802.829002
[00:27:36] Bootstrap tree #23, logLikelihood: -823.863485
[00:28:31] Bootstrap tree #24, logLikelihood: -816.067273
[00:29:31] Bootstrap tree #25, logLikelihood: -923.018196
[00:30:28] Bootstrap tree #26, logLikelihood: -801.726646
[00:31:28] Bootstrap tree #27, logLikelihood: -920.864821
[00:32:23] Bootstrap tree #28, logLikelihood: -793.066802
[00:33:17] Bootstrap tree #29, logLikelihood: -780.982004
[00:34:19] Bootstrap tree #30, logLikelihood: -850.336206
[00:35:13] Bootstrap tree #31, logLikelihood: -889.611425
[00:36:09] Bootstrap tree #32, logLikelihood: -861.219928
[00:37:14] Bootstrap tree #33, logLikelihood: -820.150577
[00:38:11] Bootstrap tree #34, logLikelihood: -874.727227
[00:39:05] Bootstrap tree #35, logLikelihood: -897.856327
[00:39:59] Bootstrap tree #36, logLikelihood: -815.616992
[00:41:20] Bootstrap tree #37, logLikelihood: -848.722783
[00:42:20] Bootstrap tree #38, logLikelihood: -839.838657
[00:43:19] Bootstrap tree #39, logLikelihood: -801.867212
[00:44:11] Bootstrap tree #40, logLikelihood: -858.567371
[00:45:04] Bootstrap tree #41, logLikelihood: -794.218884
[00:45:53] Bootstrap tree #42, logLikelihood: -855.451852
[00:46:51] Bootstrap tree #43, logLikelihood: -843.300607
[00:47:50] Bootstrap tree #44, logLikelihood: -839.284893
[00:48:59] Bootstrap tree #45, logLikelihood: -831.219585
[00:49:47] Bootstrap tree #46, logLikelihood: -794.371114
[00:50:42] Bootstrap tree #47, logLikelihood: -927.579944
[00:51:55] Bootstrap tree #48, logLikelihood: -755.310036
[00:52:59] Bootstrap tree #49, logLikelihood: -858.856124
