
RAxML-NG v. 0.9.0 released on 20.05.2019 by The Exelixis Lab.
Developed by: Alexey M. Kozlov and Alexandros Stamatakis.
Contributors: Diego Darriba, Tomas Flouri, Benoit Morel, Sarah Lutteropp, Ben Bettisworth.
Latest version: https://github.com/amkozlov/raxml-ng
Questions/problems/suggestions? Please visit: https://groups.google.com/forum/#!forum/raxml

RAxML-NG was called at 16-Jul-2023 00:46:26 as follows:

raxml-ng --all --model Blosum62+G --msa results/windows/window_position_2370_2470.fa --prefix results/RaxMl/2370_2470 --msa-format FASTA --tree pars{5} --seed 239 --threads 2 --force --bs-trees 100 --bs-metric fbp

Analysis options:
  run mode: ML tree search + bootstrapping (Felsenstein Bootstrap)
  start tree(s): parsimony (5)
  bootstrap replicates: 100
  random seed: 239
  tip-inner: OFF
  pattern compression: ON
  per-rate scalers: OFF
  site repeats: ON
  branch lengths: proportional (ML estimate, algorithm: NR-FAST)
  SIMD kernels: SSE3
  parallelization: PTHREADS (2 threads), thread pinning: OFF

WARNING: Running in FORCE mode: all safety checks are disabled!

[00:00:00] Reading alignment from file: results/windows/window_position_2370_2470.fa
[00:00:00] Loaded alignment with 47 taxa and 100 sites

Alignment comprises 1 partitions and 84 patterns

Partition 0: noname
Model: BLOSUM62+G4m
Alignment sites / patterns: 100 / 84
Gaps: 0.00 %
Invariant sites: 25.00 %


NOTE: Binary MSA file created: results/RaxMl/2370_2470.raxml.rba

[00:00:00] Generating 5 parsimony starting tree(s) with 47 taxa
[00:00:00] Data distribution: max. partitions/sites/weight per thread: 1 / 42 / 3360

Starting ML tree search with 5 distinct starting trees

[00:00:56] ML tree search #1, logLikelihood: -836.128942
[00:01:53] ML tree search #2, logLikelihood: -836.128688
[00:02:42] ML tree search #3, logLikelihood: -836.130369
[00:04:02] ML tree search #4, logLikelihood: -836.134862
[00:05:31] ML tree search #5, logLikelihood: -836.129749

[00:05:31] ML tree search completed, best tree logLH: -836.128688

[00:05:31] Starting bootstrapping analysis with 100 replicates.

[00:06:24] Bootstrap tree #1, logLikelihood: -759.403861
[00:07:28] Bootstrap tree #2, logLikelihood: -811.178374
[00:08:22] Bootstrap tree #3, logLikelihood: -843.292895
[00:09:20] Bootstrap tree #4, logLikelihood: -827.110624
[00:10:19] Bootstrap tree #5, logLikelihood: -825.410899
[00:11:12] Bootstrap tree #6, logLikelihood: -789.729152
[00:12:06] Bootstrap tree #7, logLikelihood: -783.960847
[00:12:56] Bootstrap tree #8, logLikelihood: -856.918310
[00:13:47] Bootstrap tree #9, logLikelihood: -814.361484
[00:14:40] Bootstrap tree #10, logLikelihood: -842.391765
[00:15:27] Bootstrap tree #11, logLikelihood: -792.541904
[00:16:29] Bootstrap tree #12, logLikelihood: -823.697236
[00:17:23] Bootstrap tree #13, logLikelihood: -896.023234
[00:18:23] Bootstrap tree #14, logLikelihood: -807.624005
[00:19:16] Bootstrap tree #15, logLikelihood: -811.517100
[00:20:12] Bootstrap tree #16, logLikelihood: -791.863084
[00:21:58] Bootstrap tree #17, logLikelihood: -820.115938
[00:22:44] Bootstrap tree #18, logLikelihood: -866.582249
[00:23:40] Bootstrap tree #19, logLikelihood: -821.698523
[00:24:36] Bootstrap tree #20, logLikelihood: -768.335132
[00:25:32] Bootstrap tree #21, logLikelihood: -770.153821
[00:26:21] Bootstrap tree #22, logLikelihood: -870.693216
[00:27:25] Bootstrap tree #23, logLikelihood: -795.420791
[00:28:23] Bootstrap tree #24, logLikelihood: -828.111384
[00:29:17] Bootstrap tree #25, logLikelihood: -876.040300
[00:30:19] Bootstrap tree #26, logLikelihood: -861.256805
[00:31:11] Bootstrap tree #27, logLikelihood: -846.257743
[00:32:25] Bootstrap tree #28, logLikelihood: -810.561365
[00:33:18] Bootstrap tree #29, logLikelihood: -821.874960
[00:34:20] Bootstrap tree #30, logLikelihood: -870.736249
[00:35:20] Bootstrap tree #31, logLikelihood: -797.146015
[00:36:08] Bootstrap tree #32, logLikelihood: -784.755891
[00:36:57] Bootstrap tree #33, logLikelihood: -848.572289
[00:37:53] Bootstrap tree #34, logLikelihood: -818.423888
[00:38:46] Bootstrap tree #35, logLikelihood: -828.147223
[00:39:37] Bootstrap tree #36, logLikelihood: -799.420511
[00:40:32] Bootstrap tree #37, logLikelihood: -859.624233
[00:41:27] Bootstrap tree #38, logLikelihood: -802.244411
[00:42:35] Bootstrap tree #39, logLikelihood: -800.555912
[00:43:34] Bootstrap tree #40, logLikelihood: -740.538667
[00:44:20] Bootstrap tree #41, logLikelihood: -828.884079
[00:45:15] Bootstrap tree #42, logLikelihood: -823.843625
[00:46:11] Bootstrap tree #43, logLikelihood: -846.138071
[00:47:07] Bootstrap tree #44, logLikelihood: -827.671428
[00:48:23] Bootstrap tree #45, logLikelihood: -833.068838
[00:49:23] Bootstrap tree #46, logLikelihood: -806.797788
[00:50:13] Bootstrap tree #47, logLikelihood: -843.000786
[00:51:08] Bootstrap tree #48, logLikelihood: -823.058244
[00:52:05] Bootstrap tree #49, logLikelihood: -844.793074
[00:53:02] Bootstrap tree #50, logLikelihood: -812.535659
[00:54:04] Bootstrap tree #51, logLikelihood: -847.983003
[00:54:54] Bootstrap tree #52, logLikelihood: -854.468954
[00:55:57] Bootstrap tree #53, logLikelihood: -831.144388
[00:57:03] Bootstrap tree #54, logLikelihood: -848.544889
[00:58:04] Bootstrap tree #55, logLikelihood: -853.675289
[00:58:51] Bootstrap tree #56, logLikelihood: -827.013540
[00:59:45] Bootstrap tree #57, logLikelihood: -862.467282
[01:00:33] Bootstrap tree #58, logLikelihood: -812.261581
[01:01:28] Bootstrap tree #59, logLikelihood: -842.310097
[01:02:25] Bootstrap tree #60, logLikelihood: -808.248007
[01:03:26] Bootstrap tree #61, logLikelihood: -837.577847
[01:04:19] Bootstrap tree #62, logLikelihood: -810.865026
[01:05:25] Bootstrap tree #63, logLikelihood: -829.175448
[01:06:22] Bootstrap tree #64, logLikelihood: -879.521737
[01:07:25] Bootstrap tree #65, logLikelihood: -767.050523
[01:08:31] Bootstrap tree #66, logLikelihood: -840.325802
