
RAxML-NG v. 0.9.0 released on 20.05.2019 by The Exelixis Lab.
Developed by: Alexey M. Kozlov and Alexandros Stamatakis.
Contributors: Diego Darriba, Tomas Flouri, Benoit Morel, Sarah Lutteropp, Ben Bettisworth.
Latest version: https://github.com/amkozlov/raxml-ng
Questions/problems/suggestions? Please visit: https://groups.google.com/forum/#!forum/raxml

RAxML-NG was called at 16-Jul-2023 01:12:03 as follows:

raxml-ng --all --model Blosum62+G --msa results/windows/window_position_250_350.fa --prefix results/RaxMl/250_350 --msa-format FASTA --tree pars{5} --seed 239 --threads 2 --force --bs-trees 100 --bs-metric fbp

Analysis options:
  run mode: ML tree search + bootstrapping (Felsenstein Bootstrap)
  start tree(s): parsimony (5)
  bootstrap replicates: 100
  random seed: 239
  tip-inner: OFF
  pattern compression: ON
  per-rate scalers: OFF
  site repeats: ON
  branch lengths: proportional (ML estimate, algorithm: NR-FAST)
  SIMD kernels: SSE3
  parallelization: PTHREADS (2 threads), thread pinning: OFF

WARNING: Running in FORCE mode: all safety checks are disabled!

[00:00:00] Reading alignment from file: results/windows/window_position_250_350.fa
[00:00:00] Loaded alignment with 47 taxa and 100 sites

Alignment comprises 1 partitions and 99 patterns

Partition 0: noname
Model: BLOSUM62+G4m
Alignment sites / patterns: 100 / 99
Gaps: 0.00 %
Invariant sites: 4.00 %


NOTE: Binary MSA file created: results/RaxMl/250_350.raxml.rba

[00:00:00] Generating 5 parsimony starting tree(s) with 47 taxa
[00:00:00] Data distribution: max. partitions/sites/weight per thread: 1 / 50 / 4000

Starting ML tree search with 5 distinct starting trees

[00:01:09] ML tree search #1, logLikelihood: -1414.883845
[00:02:10] ML tree search #2, logLikelihood: -1414.883847
[00:03:09] ML tree search #3, logLikelihood: -1414.883851
[00:04:09] ML tree search #4, logLikelihood: -1414.883854
[00:05:18] ML tree search #5, logLikelihood: -1414.883838

[00:05:18] ML tree search completed, best tree logLH: -1414.883838

[00:05:18] Starting bootstrapping analysis with 100 replicates.

[00:07:02] Bootstrap tree #1, logLikelihood: -1364.668341
[00:08:06] Bootstrap tree #2, logLikelihood: -1410.792361
[00:09:14] Bootstrap tree #3, logLikelihood: -1483.931198
[00:10:14] Bootstrap tree #4, logLikelihood: -1397.643920
[00:11:24] Bootstrap tree #5, logLikelihood: -1364.642926
[00:12:28] Bootstrap tree #6, logLikelihood: -1404.370469
[00:13:26] Bootstrap tree #7, logLikelihood: -1313.159935
[00:14:24] Bootstrap tree #8, logLikelihood: -1397.217147
[00:15:24] Bootstrap tree #9, logLikelihood: -1368.124553
[00:16:35] Bootstrap tree #10, logLikelihood: -1427.306334
[00:17:29] Bootstrap tree #11, logLikelihood: -1448.525913
[00:18:29] Bootstrap tree #12, logLikelihood: -1396.309532
[00:19:32] Bootstrap tree #13, logLikelihood: -1358.732642
[00:20:33] Bootstrap tree #14, logLikelihood: -1318.770236
[00:21:36] Bootstrap tree #15, logLikelihood: -1407.365814
[00:22:51] Bootstrap tree #16, logLikelihood: -1450.312724
[00:23:52] Bootstrap tree #17, logLikelihood: -1468.100155
[00:24:44] Bootstrap tree #18, logLikelihood: -1310.698919
[00:25:44] Bootstrap tree #19, logLikelihood: -1419.402419
[00:26:42] Bootstrap tree #20, logLikelihood: -1483.420868
[00:27:47] Bootstrap tree #21, logLikelihood: -1388.944939
[00:29:00] Bootstrap tree #22, logLikelihood: -1296.136892
[00:29:51] Bootstrap tree #23, logLikelihood: -1417.283295
[00:30:49] Bootstrap tree #24, logLikelihood: -1412.561371
[00:31:50] Bootstrap tree #25, logLikelihood: -1358.356638
[00:32:57] Bootstrap tree #26, logLikelihood: -1469.533646
[00:34:11] Bootstrap tree #27, logLikelihood: -1385.770280
[00:35:13] Bootstrap tree #28, logLikelihood: -1378.640858
[00:36:11] Bootstrap tree #29, logLikelihood: -1308.587493
[00:37:19] Bootstrap tree #30, logLikelihood: -1387.882162
[00:38:18] Bootstrap tree #31, logLikelihood: -1496.989920
[00:39:11] Bootstrap tree #32, logLikelihood: -1337.204461
[00:40:21] Bootstrap tree #33, logLikelihood: -1366.846507
[00:41:29] Bootstrap tree #34, logLikelihood: -1395.505189
[00:42:23] Bootstrap tree #35, logLikelihood: -1414.428727
[00:43:25] Bootstrap tree #36, logLikelihood: -1309.319671
