
RAxML-NG v. 0.9.0 released on 20.05.2019 by The Exelixis Lab.
Developed by: Alexey M. Kozlov and Alexandros Stamatakis.
Contributors: Diego Darriba, Tomas Flouri, Benoit Morel, Sarah Lutteropp, Ben Bettisworth.
Latest version: https://github.com/amkozlov/raxml-ng
Questions/problems/suggestions? Please visit: https://groups.google.com/forum/#!forum/raxml

RAxML-NG was called at 13-Jul-2023 09:15:25 as follows:

raxml-ng --all --model Blosum62+G --msa results/windows/window_position_2760_2860.fa --prefix results/RaxMl/2760_2860 --msa-format FASTA --tree pars{5} --seed 239 --threads 2 --force --bs-trees 100 --bs-metric fbp

Analysis options:
  run mode: ML tree search + bootstrapping (Felsenstein Bootstrap)
  start tree(s): parsimony (5)
  bootstrap replicates: 100
  random seed: 239
  tip-inner: OFF
  pattern compression: ON
  per-rate scalers: OFF
  site repeats: ON
  branch lengths: proportional (ML estimate, algorithm: NR-FAST)
  SIMD kernels: SSE3
  parallelization: PTHREADS (2 threads), thread pinning: OFF

WARNING: Running in FORCE mode: all safety checks are disabled!

[00:00:00] Reading alignment from file: results/windows/window_position_2760_2860.fa
[00:00:00] Loaded alignment with 47 taxa and 100 sites

Alignment comprises 1 partitions and 74 patterns

Partition 0: noname
Model: BLOSUM62+G4m
Alignment sites / patterns: 100 / 74
Gaps: 0.00 %
Invariant sites: 36.00 %


NOTE: Binary MSA file created: results/RaxMl/2760_2860.raxml.rba

[00:00:00] Generating 5 parsimony starting tree(s) with 47 taxa
[00:00:00] Data distribution: max. partitions/sites/weight per thread: 1 / 37 / 2960

Starting ML tree search with 5 distinct starting trees

[00:01:10] ML tree search #1, logLikelihood: -690.257637
[00:02:05] ML tree search #2, logLikelihood: -690.242643
[00:02:54] ML tree search #3, logLikelihood: -690.242615
[00:03:44] ML tree search #4, logLikelihood: -690.242615
[00:04:31] ML tree search #5, logLikelihood: -690.242177

[00:04:31] ML tree search completed, best tree logLH: -690.242177

[00:04:31] Starting bootstrapping analysis with 100 replicates.

[00:05:26] Bootstrap tree #1, logLikelihood: -693.016207
[00:06:14] Bootstrap tree #2, logLikelihood: -655.870843
[00:07:03] Bootstrap tree #3, logLikelihood: -722.239476
[00:08:19] Bootstrap tree #4, logLikelihood: -664.561726
[00:09:14] Bootstrap tree #5, logLikelihood: -658.865527
[00:10:16] Bootstrap tree #6, logLikelihood: -649.810314
[00:11:12] Bootstrap tree #7, logLikelihood: -651.568999
[00:12:05] Bootstrap tree #8, logLikelihood: -654.486702
[00:12:48] Bootstrap tree #9, logLikelihood: -664.832372
[00:13:51] Bootstrap tree #10, logLikelihood: -722.561821
[00:14:44] Bootstrap tree #11, logLikelihood: -683.524283
[00:15:50] Bootstrap tree #12, logLikelihood: -653.507417
[00:16:53] Bootstrap tree #13, logLikelihood: -666.183974
[00:17:45] Bootstrap tree #14, logLikelihood: -669.217137
[00:18:49] Bootstrap tree #15, logLikelihood: -662.483370
[00:19:43] Bootstrap tree #16, logLikelihood: -679.042020
[00:20:32] Bootstrap tree #17, logLikelihood: -713.396460
[00:21:55] Bootstrap tree #18, logLikelihood: -631.431741
[00:23:32] Bootstrap tree #19, logLikelihood: -703.019016
[00:24:39] Bootstrap tree #20, logLikelihood: -651.900886
[00:25:33] Bootstrap tree #21, logLikelihood: -699.768349
[00:26:22] Bootstrap tree #22, logLikelihood: -641.937514
[00:27:10] Bootstrap tree #23, logLikelihood: -676.392951
[00:28:07] Bootstrap tree #24, logLikelihood: -689.862917
[00:29:04] Bootstrap tree #25, logLikelihood: -744.296769
[00:29:58] Bootstrap tree #26, logLikelihood: -671.539650
[00:30:59] Bootstrap tree #27, logLikelihood: -731.543728
[00:31:52] Bootstrap tree #28, logLikelihood: -597.601786
[00:32:50] Bootstrap tree #29, logLikelihood: -747.882270
[00:33:39] Bootstrap tree #30, logLikelihood: -670.092392
[00:34:30] Bootstrap tree #31, logLikelihood: -674.660082
[00:35:57] Bootstrap tree #32, logLikelihood: -717.243883
[00:36:50] Bootstrap tree #33, logLikelihood: -700.872469
[00:37:44] Bootstrap tree #34, logLikelihood: -681.815038
[00:38:42] Bootstrap tree #35, logLikelihood: -653.706987
[00:39:36] Bootstrap tree #36, logLikelihood: -750.351040
[00:40:30] Bootstrap tree #37, logLikelihood: -666.717002
[00:41:24] Bootstrap tree #38, logLikelihood: -705.919864
[00:42:13] Bootstrap tree #39, logLikelihood: -684.555632
[00:43:04] Bootstrap tree #40, logLikelihood: -683.656997
[00:43:53] Bootstrap tree #41, logLikelihood: -643.613901
[00:44:34] Bootstrap tree #42, logLikelihood: -675.832552
[00:45:50] Bootstrap tree #43, logLikelihood: -771.942477
[00:47:26] Bootstrap tree #44, logLikelihood: -676.928849
[00:48:42] Bootstrap tree #45, logLikelihood: -685.394736
[00:50:31] Bootstrap tree #46, logLikelihood: -696.730664
[00:51:24] Bootstrap tree #47, logLikelihood: -719.316187
[00:52:17] Bootstrap tree #48, logLikelihood: -619.336700
[00:53:12] Bootstrap tree #49, logLikelihood: -681.595008
[00:54:09] Bootstrap tree #50, logLikelihood: -633.978629
[00:54:56] Bootstrap tree #51, logLikelihood: -672.908833
[00:55:46] Bootstrap tree #52, logLikelihood: -706.340864
[00:56:35] Bootstrap tree #53, logLikelihood: -667.021283
[00:58:08] Bootstrap tree #54, logLikelihood: -702.413637
[00:59:07] Bootstrap tree #55, logLikelihood: -693.142622
[00:59:54] Bootstrap tree #56, logLikelihood: -683.165922
[01:00:49] Bootstrap tree #57, logLikelihood: -692.894501
[01:01:47] Bootstrap tree #58, logLikelihood: -663.904120
[01:02:37] Bootstrap tree #59, logLikelihood: -663.204798
[01:03:35] Bootstrap tree #60, logLikelihood: -617.286345
[01:04:32] Bootstrap tree #61, logLikelihood: -669.469979
