
RAxML-NG v. 0.9.0 released on 20.05.2019 by The Exelixis Lab.
Developed by: Alexey M. Kozlov and Alexandros Stamatakis.
Contributors: Diego Darriba, Tomas Flouri, Benoit Morel, Sarah Lutteropp, Ben Bettisworth.
Latest version: https://github.com/amkozlov/raxml-ng
Questions/problems/suggestions? Please visit: https://groups.google.com/forum/#!forum/raxml

RAxML-NG was called at 10-Jul-2023 22:31:39 as follows:

raxml-ng --all --model Blosum62+G --msa results/windows/window_position_2800_2900.fa --prefix results/RaxMl/2800_2900 --msa-format FASTA --tree pars{5} --seed 239 --threads 2 --force --bs-trees 100 --bs-metric fbp

Analysis options:
  run mode: ML tree search + bootstrapping (Felsenstein Bootstrap)
  start tree(s): parsimony (5)
  bootstrap replicates: 100
  random seed: 239
  tip-inner: OFF
  pattern compression: ON
  per-rate scalers: OFF
  site repeats: ON
  branch lengths: proportional (ML estimate, algorithm: NR-FAST)
  SIMD kernels: SSE3
  parallelization: PTHREADS (2 threads), thread pinning: OFF

WARNING: Running in FORCE mode: all safety checks are disabled!

[00:00:00] Reading alignment from file: results/windows/window_position_2800_2900.fa
[00:00:00] Loaded alignment with 47 taxa and 100 sites

Alignment comprises 1 partitions and 67 patterns

Partition 0: noname
Model: BLOSUM62+G4m
Alignment sites / patterns: 100 / 67
Gaps: 0.00 %
Invariant sites: 48.00 %


NOTE: Binary MSA file created: results/RaxMl/2800_2900.raxml.rba

[00:00:00] Generating 5 parsimony starting tree(s) with 47 taxa
[00:00:00] Data distribution: max. partitions/sites/weight per thread: 1 / 34 / 2720

Starting ML tree search with 5 distinct starting trees

[00:01:12] ML tree search #1, logLikelihood: -631.835610
[00:02:02] ML tree search #2, logLikelihood: -631.834828
[00:03:17] ML tree search #3, logLikelihood: -631.834829
[00:04:38] ML tree search #4, logLikelihood: -631.834822
[00:05:54] ML tree search #5, logLikelihood: -631.835631

[00:05:54] ML tree search completed, best tree logLH: -631.834822

[00:05:54] Starting bootstrapping analysis with 100 replicates.

[00:06:45] Bootstrap tree #1, logLikelihood: -576.022841
[00:07:39] Bootstrap tree #2, logLikelihood: -633.137913
[00:08:36] Bootstrap tree #3, logLikelihood: -627.181476
[00:09:30] Bootstrap tree #4, logLikelihood: -610.424723
[00:10:26] Bootstrap tree #5, logLikelihood: -591.585576
[00:11:26] Bootstrap tree #6, logLikelihood: -582.253300
[00:12:18] Bootstrap tree #7, logLikelihood: -568.391751
[00:13:07] Bootstrap tree #8, logLikelihood: -618.734234
[00:14:11] Bootstrap tree #9, logLikelihood: -680.732024
[00:15:01] Bootstrap tree #10, logLikelihood: -580.246491
[00:15:50] Bootstrap tree #11, logLikelihood: -590.389278
[00:16:44] Bootstrap tree #12, logLikelihood: -609.697376
[00:17:49] Bootstrap tree #13, logLikelihood: -623.295380
[00:18:53] Bootstrap tree #14, logLikelihood: -636.321566
[00:19:53] Bootstrap tree #15, logLikelihood: -648.841988
[00:20:59] Bootstrap tree #16, logLikelihood: -637.417805
[00:22:24] Bootstrap tree #17, logLikelihood: -572.773370
[00:23:16] Bootstrap tree #18, logLikelihood: -605.502426
[00:25:38] Bootstrap tree #19, logLikelihood: -626.468223
[00:26:53] Bootstrap tree #20, logLikelihood: -595.391395
[00:28:01] Bootstrap tree #21, logLikelihood: -640.121880
[00:29:13] Bootstrap tree #22, logLikelihood: -606.608779
[00:30:32] Bootstrap tree #23, logLikelihood: -612.191513
[00:31:56] Bootstrap tree #24, logLikelihood: -635.696312
[00:33:05] Bootstrap tree #25, logLikelihood: -619.714608
[00:34:19] Bootstrap tree #26, logLikelihood: -555.734839
[00:35:39] Bootstrap tree #27, logLikelihood: -657.215561
[00:36:45] Bootstrap tree #28, logLikelihood: -651.047809
[00:37:57] Bootstrap tree #29, logLikelihood: -556.219299
[00:39:01] Bootstrap tree #30, logLikelihood: -695.288537
[00:40:14] Bootstrap tree #31, logLikelihood: -607.226565
[00:41:25] Bootstrap tree #32, logLikelihood: -595.504710
[00:42:40] Bootstrap tree #33, logLikelihood: -601.176664
[00:43:45] Bootstrap tree #34, logLikelihood: -632.476057
[00:44:43] Bootstrap tree #35, logLikelihood: -618.071399
[00:45:45] Bootstrap tree #36, logLikelihood: -626.572599
[00:46:49] Bootstrap tree #37, logLikelihood: -588.618433
[00:47:58] Bootstrap tree #38, logLikelihood: -594.102062
[00:48:54] Bootstrap tree #39, logLikelihood: -669.010629
[00:49:56] Bootstrap tree #40, logLikelihood: -623.439378
[00:50:55] Bootstrap tree #41, logLikelihood: -661.536282
[00:51:48] Bootstrap tree #42, logLikelihood: -589.653988
[00:53:18] Bootstrap tree #43, logLikelihood: -577.303186
[00:54:48] Bootstrap tree #44, logLikelihood: -625.576836
[00:55:52] Bootstrap tree #45, logLikelihood: -683.645823
[00:56:56] Bootstrap tree #46, logLikelihood: -626.492429
[00:57:59] Bootstrap tree #47, logLikelihood: -637.238713
[00:59:34] Bootstrap tree #48, logLikelihood: -549.766557
[01:00:36] Bootstrap tree #49, logLikelihood: -635.331334
[01:01:45] Bootstrap tree #50, logLikelihood: -657.266303
