
RAxML-NG v. 0.9.0 released on 20.05.2019 by The Exelixis Lab.
Developed by: Alexey M. Kozlov and Alexandros Stamatakis.
Contributors: Diego Darriba, Tomas Flouri, Benoit Morel, Sarah Lutteropp, Ben Bettisworth.
Latest version: https://github.com/amkozlov/raxml-ng
Questions/problems/suggestions? Please visit: https://groups.google.com/forum/#!forum/raxml

RAxML-NG was called at 15-Jul-2023 00:10:01 as follows:

raxml-ng --all --model Blosum62+G --msa results/windows/window_position_2810_2910.fa --prefix results/RaxMl/2810_2910 --msa-format FASTA --tree pars{5} --seed 239 --threads 2 --force --bs-trees 100 --bs-metric fbp

Analysis options:
  run mode: ML tree search + bootstrapping (Felsenstein Bootstrap)
  start tree(s): parsimony (5)
  bootstrap replicates: 100
  random seed: 239
  tip-inner: OFF
  pattern compression: ON
  per-rate scalers: OFF
  site repeats: ON
  branch lengths: proportional (ML estimate, algorithm: NR-FAST)
  SIMD kernels: SSE3
  parallelization: PTHREADS (2 threads), thread pinning: OFF

WARNING: Running in FORCE mode: all safety checks are disabled!

[00:00:00] Reading alignment from file: results/windows/window_position_2810_2910.fa
[00:00:00] Loaded alignment with 47 taxa and 100 sites

Alignment comprises 1 partitions and 66 patterns

Partition 0: noname
Model: BLOSUM62+G4m
Alignment sites / patterns: 100 / 66
Gaps: 0.00 %
Invariant sites: 49.00 %


NOTE: Binary MSA file created: results/RaxMl/2810_2910.raxml.rba

[00:00:00] Generating 5 parsimony starting tree(s) with 47 taxa
[00:00:00] Data distribution: max. partitions/sites/weight per thread: 1 / 33 / 2640

Starting ML tree search with 5 distinct starting trees

[00:01:08] ML tree search #1, logLikelihood: -622.177497
[00:02:04] ML tree search #2, logLikelihood: -622.177546
[00:03:10] ML tree search #3, logLikelihood: -622.176267
[00:04:29] ML tree search #4, logLikelihood: -622.176259
[00:05:38] ML tree search #5, logLikelihood: -622.177522

[00:05:38] ML tree search completed, best tree logLH: -622.176259

[00:05:38] Starting bootstrapping analysis with 100 replicates.

[00:06:25] Bootstrap tree #1, logLikelihood: -556.929800
[00:07:22] Bootstrap tree #2, logLikelihood: -611.603362
[00:08:14] Bootstrap tree #3, logLikelihood: -642.613316
[00:09:19] Bootstrap tree #4, logLikelihood: -612.559080
[00:10:10] Bootstrap tree #5, logLikelihood: -602.371988
[00:11:04] Bootstrap tree #6, logLikelihood: -606.507653
[00:11:50] Bootstrap tree #7, logLikelihood: -550.022420
[00:12:38] Bootstrap tree #8, logLikelihood: -628.305582
[00:13:27] Bootstrap tree #9, logLikelihood: -628.224362
[00:14:15] Bootstrap tree #10, logLikelihood: -603.705399
[00:15:05] Bootstrap tree #11, logLikelihood: -617.955281
[00:15:53] Bootstrap tree #12, logLikelihood: -595.117469
[00:16:44] Bootstrap tree #13, logLikelihood: -639.974676
[00:17:36] Bootstrap tree #14, logLikelihood: -616.444088
[00:18:27] Bootstrap tree #15, logLikelihood: -649.630885
