
RAxML-NG v. 0.9.0 released on 20.05.2019 by The Exelixis Lab.
Developed by: Alexey M. Kozlov and Alexandros Stamatakis.
Contributors: Diego Darriba, Tomas Flouri, Benoit Morel, Sarah Lutteropp, Ben Bettisworth.
Latest version: https://github.com/amkozlov/raxml-ng
Questions/problems/suggestions? Please visit: https://groups.google.com/forum/#!forum/raxml

RAxML-NG was called at 14-Jul-2023 06:15:55 as follows:

raxml-ng --all --model Blosum62+G --msa results/windows/window_position_2820_2920.fa --prefix results/RaxMl/2820_2920 --msa-format FASTA --tree pars{5} --seed 239 --threads 2 --force --bs-trees 100 --bs-metric fbp

Analysis options:
  run mode: ML tree search + bootstrapping (Felsenstein Bootstrap)
  start tree(s): parsimony (5)
  bootstrap replicates: 100
  random seed: 239
  tip-inner: OFF
  pattern compression: ON
  per-rate scalers: OFF
  site repeats: ON
  branch lengths: proportional (ML estimate, algorithm: NR-FAST)
  SIMD kernels: SSE3
  parallelization: PTHREADS (2 threads), thread pinning: OFF

WARNING: Running in FORCE mode: all safety checks are disabled!

[00:00:00] Reading alignment from file: results/windows/window_position_2820_2920.fa
[00:00:00] Loaded alignment with 47 taxa and 100 sites

Alignment comprises 1 partitions and 64 patterns

Partition 0: noname
Model: BLOSUM62+G4m
Alignment sites / patterns: 100 / 64
Gaps: 0.00 %
Invariant sites: 51.00 %


NOTE: Binary MSA file created: results/RaxMl/2820_2920.raxml.rba

[00:00:00] Generating 5 parsimony starting tree(s) with 47 taxa
[00:00:00] Data distribution: max. partitions/sites/weight per thread: 1 / 32 / 2560

Starting ML tree search with 5 distinct starting trees

[00:00:39] ML tree search #1, logLikelihood: -595.839529
[00:01:20] ML tree search #2, logLikelihood: -595.839556
[00:01:58] ML tree search #3, logLikelihood: -595.842387
[00:02:37] ML tree search #4, logLikelihood: -595.883936
[00:03:14] ML tree search #5, logLikelihood: -595.839668

[00:03:14] ML tree search completed, best tree logLH: -595.839529

[00:03:14] Starting bootstrapping analysis with 100 replicates.

[00:04:02] Bootstrap tree #1, logLikelihood: -548.400183
[00:04:49] Bootstrap tree #2, logLikelihood: -511.977487
[00:06:36] Bootstrap tree #3, logLikelihood: -589.239799
[00:07:53] Bootstrap tree #4, logLikelihood: -519.811210
[00:08:45] Bootstrap tree #5, logLikelihood: -546.978880
[00:09:28] Bootstrap tree #6, logLikelihood: -576.237637
[00:10:15] Bootstrap tree #7, logLikelihood: -563.846362
[00:10:58] Bootstrap tree #8, logLikelihood: -587.306339
[00:11:42] Bootstrap tree #9, logLikelihood: -544.573977
[00:12:29] Bootstrap tree #10, logLikelihood: -643.765059
[00:13:13] Bootstrap tree #11, logLikelihood: -544.037123
[00:14:01] Bootstrap tree #12, logLikelihood: -560.869744
[00:15:23] Bootstrap tree #13, logLikelihood: -624.041690
[00:16:15] Bootstrap tree #14, logLikelihood: -570.289556
[00:17:05] Bootstrap tree #15, logLikelihood: -618.104137
[00:17:58] Bootstrap tree #16, logLikelihood: -603.360126
[00:20:03] Bootstrap tree #17, logLikelihood: -539.883152
[00:20:54] Bootstrap tree #18, logLikelihood: -571.454606
[00:21:36] Bootstrap tree #19, logLikelihood: -613.345902
[00:23:03] Bootstrap tree #20, logLikelihood: -565.425411
[00:24:29] Bootstrap tree #21, logLikelihood: -650.628620
[00:25:10] Bootstrap tree #22, logLikelihood: -546.703783
[00:26:02] Bootstrap tree #23, logLikelihood: -562.489938
[00:26:54] Bootstrap tree #24, logLikelihood: -583.581431
[00:27:45] Bootstrap tree #25, logLikelihood: -581.814918
[00:28:26] Bootstrap tree #26, logLikelihood: -583.038039
[00:29:42] Bootstrap tree #27, logLikelihood: -611.922037
[00:30:33] Bootstrap tree #28, logLikelihood: -531.767412
[00:31:27] Bootstrap tree #29, logLikelihood: -580.322141
[00:32:14] Bootstrap tree #30, logLikelihood: -575.691915
[00:33:09] Bootstrap tree #31, logLikelihood: -581.546551
[00:34:30] Bootstrap tree #32, logLikelihood: -599.777090
[00:35:41] Bootstrap tree #33, logLikelihood: -576.938173
[00:36:31] Bootstrap tree #34, logLikelihood: -592.688191
[00:37:24] Bootstrap tree #35, logLikelihood: -578.671459
[00:38:22] Bootstrap tree #36, logLikelihood: -666.311061
[00:39:14] Bootstrap tree #37, logLikelihood: -603.277216
[00:40:08] Bootstrap tree #38, logLikelihood: -592.288556
[00:40:57] Bootstrap tree #39, logLikelihood: -582.877255
[00:41:48] Bootstrap tree #40, logLikelihood: -569.287403
[00:42:54] Bootstrap tree #41, logLikelihood: -597.882370
[00:43:45] Bootstrap tree #42, logLikelihood: -561.900273
[00:44:32] Bootstrap tree #43, logLikelihood: -558.461312
[00:45:21] Bootstrap tree #44, logLikelihood: -613.527413
[00:46:12] Bootstrap tree #45, logLikelihood: -658.676104
[00:47:02] Bootstrap tree #46, logLikelihood: -596.444930
[00:47:59] Bootstrap tree #47, logLikelihood: -611.226635
[00:49:20] Bootstrap tree #48, logLikelihood: -524.840339
[00:50:22] Bootstrap tree #49, logLikelihood: -583.019251
[00:51:20] Bootstrap tree #50, logLikelihood: -575.913048
[00:52:11] Bootstrap tree #51, logLikelihood: -579.448780
[00:52:54] Bootstrap tree #52, logLikelihood: -584.270767
