
RAxML-NG v. 0.9.0 released on 20.05.2019 by The Exelixis Lab.
Developed by: Alexey M. Kozlov and Alexandros Stamatakis.
Contributors: Diego Darriba, Tomas Flouri, Benoit Morel, Sarah Lutteropp, Ben Bettisworth.
Latest version: https://github.com/amkozlov/raxml-ng
Questions/problems/suggestions? Please visit: https://groups.google.com/forum/#!forum/raxml

RAxML-NG was called at 15-Jul-2023 21:08:59 as follows:

raxml-ng --all --model Blosum62+G --msa results/windows/window_position_2830_2930.fa --prefix results/RaxMl/2830_2930 --msa-format FASTA --tree pars{5} --seed 239 --threads 2 --force --bs-trees 100 --bs-metric fbp

Analysis options:
  run mode: ML tree search + bootstrapping (Felsenstein Bootstrap)
  start tree(s): parsimony (5)
  bootstrap replicates: 100
  random seed: 239
  tip-inner: OFF
  pattern compression: ON
  per-rate scalers: OFF
  site repeats: ON
  branch lengths: proportional (ML estimate, algorithm: NR-FAST)
  SIMD kernels: SSE3
  parallelization: PTHREADS (2 threads), thread pinning: OFF

WARNING: Running in FORCE mode: all safety checks are disabled!

[00:00:00] Reading alignment from file: results/windows/window_position_2830_2930.fa
[00:00:00] Loaded alignment with 47 taxa and 100 sites

Alignment comprises 1 partitions and 59 patterns

Partition 0: noname
Model: BLOSUM62+G4m
Alignment sites / patterns: 100 / 59
Gaps: 0.00 %
Invariant sites: 56.00 %


NOTE: Binary MSA file created: results/RaxMl/2830_2930.raxml.rba

[00:00:00] Generating 5 parsimony starting tree(s) with 47 taxa
[00:00:00] Data distribution: max. partitions/sites/weight per thread: 1 / 30 / 2400

Starting ML tree search with 5 distinct starting trees

[00:00:36] ML tree search #1, logLikelihood: -566.046900
[00:01:13] ML tree search #2, logLikelihood: -566.046904
[00:01:50] ML tree search #3, logLikelihood: -566.051057
[00:02:26] ML tree search #4, logLikelihood: -566.092306
[00:03:01] ML tree search #5, logLikelihood: -566.046981

[00:03:01] ML tree search completed, best tree logLH: -566.046900

[00:03:01] Starting bootstrapping analysis with 100 replicates.

[00:03:53] Bootstrap tree #1, logLikelihood: -552.464228
[00:04:40] Bootstrap tree #2, logLikelihood: -499.254042
[00:05:55] Bootstrap tree #3, logLikelihood: -554.629389
[00:06:43] Bootstrap tree #4, logLikelihood: -526.116245
[00:07:34] Bootstrap tree #5, logLikelihood: -555.432533
[00:08:22] Bootstrap tree #6, logLikelihood: -569.551961
[00:09:12] Bootstrap tree #7, logLikelihood: -519.849981
[00:10:44] Bootstrap tree #8, logLikelihood: -563.757230
[00:11:25] Bootstrap tree #9, logLikelihood: -530.106916
[00:12:19] Bootstrap tree #10, logLikelihood: -587.668178
[00:13:06] Bootstrap tree #11, logLikelihood: -564.363023
[00:13:54] Bootstrap tree #12, logLikelihood: -572.295192
[00:14:40] Bootstrap tree #13, logLikelihood: -563.624479
[00:15:23] Bootstrap tree #14, logLikelihood: -550.647128
[00:16:17] Bootstrap tree #15, logLikelihood: -616.071302
[00:17:10] Bootstrap tree #16, logLikelihood: -574.459623
[00:18:11] Bootstrap tree #17, logLikelihood: -531.581566
[00:19:03] Bootstrap tree #18, logLikelihood: -523.704897
[00:20:06] Bootstrap tree #19, logLikelihood: -588.056681
[00:20:51] Bootstrap tree #20, logLikelihood: -572.046838
[00:21:42] Bootstrap tree #21, logLikelihood: -624.048872
[00:22:25] Bootstrap tree #22, logLikelihood: -488.437292
[00:23:17] Bootstrap tree #23, logLikelihood: -529.538304
[00:24:07] Bootstrap tree #24, logLikelihood: -567.609651
[00:24:54] Bootstrap tree #25, logLikelihood: -565.822084
[00:25:49] Bootstrap tree #26, logLikelihood: -579.205544
[00:26:37] Bootstrap tree #27, logLikelihood: -600.950197
[00:27:49] Bootstrap tree #28, logLikelihood: -548.867101
[00:28:46] Bootstrap tree #29, logLikelihood: -537.789044
[00:29:31] Bootstrap tree #30, logLikelihood: -516.088276
[00:30:24] Bootstrap tree #31, logLikelihood: -569.786087
[00:31:51] Bootstrap tree #32, logLikelihood: -548.314879
[00:32:32] Bootstrap tree #33, logLikelihood: -517.530180
[00:33:27] Bootstrap tree #34, logLikelihood: -620.178153
[00:34:13] Bootstrap tree #35, logLikelihood: -593.169644
[00:35:01] Bootstrap tree #36, logLikelihood: -642.639342
[00:35:55] Bootstrap tree #37, logLikelihood: -496.696861
[00:37:00] Bootstrap tree #38, logLikelihood: -539.113338
[00:37:45] Bootstrap tree #39, logLikelihood: -535.709825
[00:38:31] Bootstrap tree #40, logLikelihood: -553.812706
[00:39:39] Bootstrap tree #41, logLikelihood: -591.526325
[00:40:32] Bootstrap tree #42, logLikelihood: -538.922486
[00:41:30] Bootstrap tree #43, logLikelihood: -521.771868
[00:42:22] Bootstrap tree #44, logLikelihood: -556.434681
[00:43:15] Bootstrap tree #45, logLikelihood: -644.014612
[00:44:02] Bootstrap tree #46, logLikelihood: -592.985988
[00:44:55] Bootstrap tree #47, logLikelihood: -587.235920
[00:45:46] Bootstrap tree #48, logLikelihood: -475.969939
[00:46:39] Bootstrap tree #49, logLikelihood: -561.297948
[00:47:37] Bootstrap tree #50, logLikelihood: -564.303962
[00:48:31] Bootstrap tree #51, logLikelihood: -502.154715
[00:49:11] Bootstrap tree #52, logLikelihood: -534.962367
[00:50:00] Bootstrap tree #53, logLikelihood: -555.158887
[00:50:42] Bootstrap tree #54, logLikelihood: -608.835130
[00:51:29] Bootstrap tree #55, logLikelihood: -518.595116
[00:52:08] Bootstrap tree #56, logLikelihood: -551.615770
[00:52:51] Bootstrap tree #57, logLikelihood: -536.625868
[00:53:51] Bootstrap tree #58, logLikelihood: -585.056816
[00:54:59] Bootstrap tree #59, logLikelihood: -575.346955
[00:55:53] Bootstrap tree #60, logLikelihood: -568.295142
[00:56:43] Bootstrap tree #61, logLikelihood: -585.621898
[00:57:32] Bootstrap tree #62, logLikelihood: -602.809505
[00:58:15] Bootstrap tree #63, logLikelihood: -589.770330
[00:59:03] Bootstrap tree #64, logLikelihood: -545.132162
[01:00:02] Bootstrap tree #65, logLikelihood: -585.297391
[01:00:55] Bootstrap tree #66, logLikelihood: -535.496412
[01:01:43] Bootstrap tree #67, logLikelihood: -584.596586
[01:02:34] Bootstrap tree #68, logLikelihood: -508.071473
[01:03:28] Bootstrap tree #69, logLikelihood: -597.076778
[01:04:19] Bootstrap tree #70, logLikelihood: -549.720914
[01:05:14] Bootstrap tree #71, logLikelihood: -544.744579
[01:06:11] Bootstrap tree #72, logLikelihood: -594.650210
[01:07:03] Bootstrap tree #73, logLikelihood: -615.254840
[01:08:41] Bootstrap tree #74, logLikelihood: -550.654031
[01:09:48] Bootstrap tree #75, logLikelihood: -572.131155
[01:10:58] Bootstrap tree #76, logLikelihood: -504.480081
[01:11:55] Bootstrap tree #77, logLikelihood: -544.691695
[01:12:42] Bootstrap tree #78, logLikelihood: -596.542011
[01:13:32] Bootstrap tree #79, logLikelihood: -575.516539
[01:14:19] Bootstrap tree #80, logLikelihood: -586.741371
[01:15:05] Bootstrap tree #81, logLikelihood: -580.658920
[01:16:02] Bootstrap tree #82, logLikelihood: -600.091330
