
RAxML-NG v. 0.9.0 released on 20.05.2019 by The Exelixis Lab.
Developed by: Alexey M. Kozlov and Alexandros Stamatakis.
Contributors: Diego Darriba, Tomas Flouri, Benoit Morel, Sarah Lutteropp, Ben Bettisworth.
Latest version: https://github.com/amkozlov/raxml-ng
Questions/problems/suggestions? Please visit: https://groups.google.com/forum/#!forum/raxml

RAxML-NG was called at 13-Jul-2023 11:27:29 as follows:

raxml-ng --all --model Blosum62+G --msa results/windows/window_position_2950_3050.fa --prefix results/RaxMl/2950_3050 --msa-format FASTA --tree pars{5} --seed 239 --threads 2 --force --bs-trees 100 --bs-metric fbp

Analysis options:
  run mode: ML tree search + bootstrapping (Felsenstein Bootstrap)
  start tree(s): parsimony (5)
  bootstrap replicates: 100
  random seed: 239
  tip-inner: OFF
  pattern compression: ON
  per-rate scalers: OFF
  site repeats: ON
  branch lengths: proportional (ML estimate, algorithm: NR-FAST)
  SIMD kernels: SSE3
  parallelization: PTHREADS (2 threads), thread pinning: OFF

WARNING: Running in FORCE mode: all safety checks are disabled!

[00:00:00] Reading alignment from file: results/windows/window_position_2950_3050.fa
[00:00:00] Loaded alignment with 47 taxa and 100 sites

Alignment comprises 1 partitions and 76 patterns

Partition 0: noname
Model: BLOSUM62+G4m
Alignment sites / patterns: 100 / 76
Gaps: 0.00 %
Invariant sites: 39.00 %


NOTE: Binary MSA file created: results/RaxMl/2950_3050.raxml.rba

[00:00:00] Generating 5 parsimony starting tree(s) with 47 taxa
[00:00:00] Data distribution: max. partitions/sites/weight per thread: 1 / 38 / 3040

Starting ML tree search with 5 distinct starting trees

[00:01:00] ML tree search #1, logLikelihood: -797.638288
[00:02:01] ML tree search #2, logLikelihood: -797.638364
[00:16:55] ML tree search #3, logLikelihood: -797.638293
[00:18:50] ML tree search #4, logLikelihood: -797.639894
[00:20:01] ML tree search #5, logLikelihood: -797.638497

[00:20:01] ML tree search completed, best tree logLH: -797.638288

[00:20:01] Starting bootstrapping analysis with 100 replicates.

[00:23:33] Bootstrap tree #1, logLikelihood: -782.257669
[00:35:17] Bootstrap tree #2, logLikelihood: -706.451705
[00:45:18] Bootstrap tree #3, logLikelihood: -746.054242
[00:46:21] Bootstrap tree #4, logLikelihood: -854.011662
[00:47:14] Bootstrap tree #5, logLikelihood: -751.552547
[00:48:07] Bootstrap tree #6, logLikelihood: -773.894159
[00:49:05] Bootstrap tree #7, logLikelihood: -787.941485
[00:49:59] Bootstrap tree #8, logLikelihood: -780.648217
[00:50:52] Bootstrap tree #9, logLikelihood: -755.075849
[00:51:47] Bootstrap tree #10, logLikelihood: -844.613936
[00:52:43] Bootstrap tree #11, logLikelihood: -717.621856
[00:53:38] Bootstrap tree #12, logLikelihood: -837.031131
[00:54:33] Bootstrap tree #13, logLikelihood: -772.652268
[00:55:44] Bootstrap tree #14, logLikelihood: -779.763333
[00:56:30] Bootstrap tree #15, logLikelihood: -696.806192
[00:57:41] Bootstrap tree #16, logLikelihood: -838.682933
[00:58:33] Bootstrap tree #17, logLikelihood: -785.928116
[00:59:25] Bootstrap tree #18, logLikelihood: -785.100058
[01:00:19] Bootstrap tree #19, logLikelihood: -771.479978
[01:01:08] Bootstrap tree #20, logLikelihood: -802.945369
[01:01:55] Bootstrap tree #21, logLikelihood: -722.089266
[01:02:47] Bootstrap tree #22, logLikelihood: -852.536060
[01:04:00] Bootstrap tree #23, logLikelihood: -825.352716
[01:04:52] Bootstrap tree #24, logLikelihood: -820.582826
[01:05:48] Bootstrap tree #25, logLikelihood: -789.660669
[01:06:44] Bootstrap tree #26, logLikelihood: -830.248212
[01:07:34] Bootstrap tree #27, logLikelihood: -759.190786
[01:08:23] Bootstrap tree #28, logLikelihood: -708.746711
[01:09:18] Bootstrap tree #29, logLikelihood: -873.033029
[01:10:14] Bootstrap tree #30, logLikelihood: -749.121162
[01:11:07] Bootstrap tree #31, logLikelihood: -795.570916
[01:11:58] Bootstrap tree #32, logLikelihood: -862.715318
[01:12:51] Bootstrap tree #33, logLikelihood: -773.800154
[01:13:44] Bootstrap tree #34, logLikelihood: -754.406853
[01:14:37] Bootstrap tree #35, logLikelihood: -827.622146
[01:15:49] Bootstrap tree #36, logLikelihood: -820.216113
[01:16:33] Bootstrap tree #37, logLikelihood: -769.805584
[01:17:43] Bootstrap tree #38, logLikelihood: -773.397160
[01:18:32] Bootstrap tree #39, logLikelihood: -753.329858
[01:19:26] Bootstrap tree #40, logLikelihood: -804.444500
[01:20:23] Bootstrap tree #41, logLikelihood: -758.813263
[01:21:25] Bootstrap tree #42, logLikelihood: -788.780862
[01:22:16] Bootstrap tree #43, logLikelihood: -787.561623
[01:23:05] Bootstrap tree #44, logLikelihood: -719.798233
[01:24:02] Bootstrap tree #45, logLikelihood: -755.443639
[01:25:59] Bootstrap tree #46, logLikelihood: -717.589985
[01:26:59] Bootstrap tree #47, logLikelihood: -814.252325
[01:27:55] Bootstrap tree #48, logLikelihood: -818.438641
[01:28:51] Bootstrap tree #49, logLikelihood: -798.531443
[01:29:39] Bootstrap tree #50, logLikelihood: -779.515469
[01:30:30] Bootstrap tree #51, logLikelihood: -820.586467
