
RAxML-NG v. 0.9.0 released on 20.05.2019 by The Exelixis Lab.
Developed by: Alexey M. Kozlov and Alexandros Stamatakis.
Contributors: Diego Darriba, Tomas Flouri, Benoit Morel, Sarah Lutteropp, Ben Bettisworth.
Latest version: https://github.com/amkozlov/raxml-ng
Questions/problems/suggestions? Please visit: https://groups.google.com/forum/#!forum/raxml

RAxML-NG was called at 13-Jul-2023 21:38:29 as follows:

raxml-ng --all --model Blosum62+G --msa results/windows/window_position_2960_3060.fa --prefix results/RaxMl/2960_3060 --msa-format FASTA --tree pars{5} --seed 239 --threads 2 --force --bs-trees 100 --bs-metric fbp

Analysis options:
  run mode: ML tree search + bootstrapping (Felsenstein Bootstrap)
  start tree(s): parsimony (5)
  bootstrap replicates: 100
  random seed: 239
  tip-inner: OFF
  pattern compression: ON
  per-rate scalers: OFF
  site repeats: ON
  branch lengths: proportional (ML estimate, algorithm: NR-FAST)
  SIMD kernels: SSE3
  parallelization: PTHREADS (2 threads), thread pinning: OFF

WARNING: Running in FORCE mode: all safety checks are disabled!

[00:00:00] Reading alignment from file: results/windows/window_position_2960_3060.fa
[00:00:00] Loaded alignment with 47 taxa and 100 sites

Alignment comprises 1 partitions and 78 patterns

Partition 0: noname
Model: BLOSUM62+G4m
Alignment sites / patterns: 100 / 78
Gaps: 0.00 %
Invariant sites: 39.00 %


NOTE: Binary MSA file created: results/RaxMl/2960_3060.raxml.rba

[00:00:00] Generating 5 parsimony starting tree(s) with 47 taxa
[00:00:00] Data distribution: max. partitions/sites/weight per thread: 1 / 39 / 3120

Starting ML tree search with 5 distinct starting trees

[00:01:01] ML tree search #1, logLikelihood: -798.273699
[00:02:06] ML tree search #2, logLikelihood: -797.237398
[00:03:09] ML tree search #3, logLikelihood: -798.273695
[00:04:56] ML tree search #4, logLikelihood: -798.275169
[00:05:58] ML tree search #5, logLikelihood: -798.273842

[00:05:58] ML tree search completed, best tree logLH: -797.237398

[00:05:58] Starting bootstrapping analysis with 100 replicates.

[00:06:53] Bootstrap tree #1, logLikelihood: -759.332523
[00:07:48] Bootstrap tree #2, logLikelihood: -775.838994
[00:09:19] Bootstrap tree #3, logLikelihood: -734.724965
[00:10:22] Bootstrap tree #4, logLikelihood: -776.186771
[00:11:15] Bootstrap tree #5, logLikelihood: -746.147158
[00:12:06] Bootstrap tree #6, logLikelihood: -767.229163
[00:13:12] Bootstrap tree #7, logLikelihood: -859.105198
[00:14:10] Bootstrap tree #8, logLikelihood: -756.788914
[00:15:11] Bootstrap tree #9, logLikelihood: -868.073072
[00:16:05] Bootstrap tree #10, logLikelihood: -759.193068
[00:17:09] Bootstrap tree #11, logLikelihood: -785.028475
[00:18:01] Bootstrap tree #12, logLikelihood: -819.557223
[00:19:24] Bootstrap tree #13, logLikelihood: -777.072225
[00:20:22] Bootstrap tree #14, logLikelihood: -742.338693
[00:21:28] Bootstrap tree #15, logLikelihood: -727.471386
[00:22:22] Bootstrap tree #16, logLikelihood: -776.028993
[00:23:20] Bootstrap tree #17, logLikelihood: -831.604111
[00:24:40] Bootstrap tree #18, logLikelihood: -826.641591
[00:25:48] Bootstrap tree #19, logLikelihood: -759.934960
[00:27:01] Bootstrap tree #20, logLikelihood: -788.228994
[00:28:03] Bootstrap tree #21, logLikelihood: -710.375161
[00:29:01] Bootstrap tree #22, logLikelihood: -861.432116
[00:30:25] Bootstrap tree #23, logLikelihood: -727.176926
