
RAxML-NG v. 0.9.0 released on 20.05.2019 by The Exelixis Lab.
Developed by: Alexey M. Kozlov and Alexandros Stamatakis.
Contributors: Diego Darriba, Tomas Flouri, Benoit Morel, Sarah Lutteropp, Ben Bettisworth.
Latest version: https://github.com/amkozlov/raxml-ng
Questions/problems/suggestions? Please visit: https://groups.google.com/forum/#!forum/raxml

RAxML-NG was called at 14-Jul-2023 06:42:11 as follows:

raxml-ng --all --model Blosum62+G --msa results/windows/window_position_2970_3070.fa --prefix results/RaxMl/2970_3070 --msa-format FASTA --tree pars{5} --seed 239 --threads 2 --force --bs-trees 100 --bs-metric fbp

Analysis options:
  run mode: ML tree search + bootstrapping (Felsenstein Bootstrap)
  start tree(s): parsimony (5)
  bootstrap replicates: 100
  random seed: 239
  tip-inner: OFF
  pattern compression: ON
  per-rate scalers: OFF
  site repeats: ON
  branch lengths: proportional (ML estimate, algorithm: NR-FAST)
  SIMD kernels: SSE3
  parallelization: PTHREADS (2 threads), thread pinning: OFF

WARNING: Running in FORCE mode: all safety checks are disabled!

[00:00:00] Reading alignment from file: results/windows/window_position_2970_3070.fa
[00:00:00] Loaded alignment with 47 taxa and 100 sites

Alignment comprises 1 partitions and 77 patterns

Partition 0: noname
Model: BLOSUM62+G4m
Alignment sites / patterns: 100 / 77
Gaps: 0.00 %
Invariant sites: 40.00 %


NOTE: Binary MSA file created: results/RaxMl/2970_3070.raxml.rba

[00:00:00] Generating 5 parsimony starting tree(s) with 47 taxa
[00:00:00] Data distribution: max. partitions/sites/weight per thread: 1 / 39 / 3120

Starting ML tree search with 5 distinct starting trees

[00:02:18] ML tree search #1, logLikelihood: -795.389083
[00:03:32] ML tree search #2, logLikelihood: -795.389299
[00:05:45] ML tree search #3, logLikelihood: -795.389231
[00:06:44] ML tree search #4, logLikelihood: -796.425098
[00:07:43] ML tree search #5, logLikelihood: -796.425095

[00:07:43] ML tree search completed, best tree logLH: -795.389083

[00:07:43] Starting bootstrapping analysis with 100 replicates.

[00:08:39] Bootstrap tree #1, logLikelihood: -845.960210
[00:10:04] Bootstrap tree #2, logLikelihood: -731.231728
[00:10:58] Bootstrap tree #3, logLikelihood: -775.288881
[00:12:24] Bootstrap tree #4, logLikelihood: -684.225259
[00:13:23] Bootstrap tree #5, logLikelihood: -756.981391
[00:14:15] Bootstrap tree #6, logLikelihood: -744.808064
[00:15:27] Bootstrap tree #7, logLikelihood: -773.569256
[00:16:31] Bootstrap tree #8, logLikelihood: -803.714988
[00:17:29] Bootstrap tree #9, logLikelihood: -778.049360
[00:18:15] Bootstrap tree #10, logLikelihood: -815.572254
[00:19:06] Bootstrap tree #11, logLikelihood: -745.142868
[00:20:06] Bootstrap tree #12, logLikelihood: -699.729561
[00:21:12] Bootstrap tree #13, logLikelihood: -835.414806
[00:22:14] Bootstrap tree #14, logLikelihood: -811.250462
[00:23:10] Bootstrap tree #15, logLikelihood: -726.421079
[00:24:38] Bootstrap tree #16, logLikelihood: -745.113206
[00:25:34] Bootstrap tree #17, logLikelihood: -832.831307
[00:27:02] Bootstrap tree #18, logLikelihood: -774.043088
