
RAxML-NG v. 0.9.0 released on 20.05.2019 by The Exelixis Lab.
Developed by: Alexey M. Kozlov and Alexandros Stamatakis.
Contributors: Diego Darriba, Tomas Flouri, Benoit Morel, Sarah Lutteropp, Ben Bettisworth.
Latest version: https://github.com/amkozlov/raxml-ng
Questions/problems/suggestions? Please visit: https://groups.google.com/forum/#!forum/raxml

RAxML-NG was called at 12-Jul-2023 15:23:55 as follows:

raxml-ng --all --model Blosum62+G --msa results/windows/window_position_2980_3080.fa --prefix results/RaxMl/2980_3080 --msa-format FASTA --tree pars{5} --seed 239 --threads 2 --force --bs-trees 100 --bs-metric fbp

Analysis options:
  run mode: ML tree search + bootstrapping (Felsenstein Bootstrap)
  start tree(s): parsimony (5)
  bootstrap replicates: 100
  random seed: 239
  tip-inner: OFF
  pattern compression: ON
  per-rate scalers: OFF
  site repeats: ON
  branch lengths: proportional (ML estimate, algorithm: NR-FAST)
  SIMD kernels: SSE3
  parallelization: PTHREADS (2 threads), thread pinning: OFF

WARNING: Running in FORCE mode: all safety checks are disabled!

[00:00:00] Reading alignment from file: results/windows/window_position_2980_3080.fa
[00:00:00] Loaded alignment with 47 taxa and 100 sites

Alignment comprises 1 partitions and 75 patterns

Partition 0: noname
Model: BLOSUM62+G4m
Alignment sites / patterns: 100 / 75
Gaps: 0.00 %
Invariant sites: 41.00 %


NOTE: Binary MSA file created: results/RaxMl/2980_3080.raxml.rba

[00:00:00] Generating 5 parsimony starting tree(s) with 47 taxa
[00:00:00] Data distribution: max. partitions/sites/weight per thread: 1 / 38 / 3040

Starting ML tree search with 5 distinct starting trees

[00:01:38] ML tree search #1, logLikelihood: -766.590199
[00:03:01] ML tree search #2, logLikelihood: -766.590196
[00:04:32] ML tree search #3, logLikelihood: -766.590164
[00:05:28] ML tree search #4, logLikelihood: -766.589560
[00:06:21] ML tree search #5, logLikelihood: -766.936340

[00:06:21] ML tree search completed, best tree logLH: -766.589560

[00:06:21] Starting bootstrapping analysis with 100 replicates.

[00:07:15] Bootstrap tree #1, logLikelihood: -756.434015
[00:08:18] Bootstrap tree #2, logLikelihood: -740.787277
[00:09:55] Bootstrap tree #3, logLikelihood: -690.098608
[00:10:50] Bootstrap tree #4, logLikelihood: -856.469126
[00:11:57] Bootstrap tree #5, logLikelihood: -811.331391
[00:12:45] Bootstrap tree #6, logLikelihood: -739.685296
[00:13:40] Bootstrap tree #7, logLikelihood: -762.712687
[00:14:41] Bootstrap tree #8, logLikelihood: -723.922259
[00:15:27] Bootstrap tree #9, logLikelihood: -764.598455
[00:16:20] Bootstrap tree #10, logLikelihood: -788.527206
[00:17:10] Bootstrap tree #11, logLikelihood: -667.169165
[00:18:02] Bootstrap tree #12, logLikelihood: -704.905918
[00:18:59] Bootstrap tree #13, logLikelihood: -806.927725
[00:19:58] Bootstrap tree #14, logLikelihood: -800.218721
[00:20:52] Bootstrap tree #15, logLikelihood: -657.095364
[00:21:49] Bootstrap tree #16, logLikelihood: -730.990343
[00:22:40] Bootstrap tree #17, logLikelihood: -707.014649
[00:24:07] Bootstrap tree #18, logLikelihood: -674.933577
[00:31:08] Bootstrap tree #19, logLikelihood: -755.178768
[00:32:10] Bootstrap tree #20, logLikelihood: -818.714853
[00:33:30] Bootstrap tree #21, logLikelihood: -695.516931
[00:34:37] Bootstrap tree #22, logLikelihood: -747.499149
[00:35:58] Bootstrap tree #23, logLikelihood: -870.935977
[00:36:50] Bootstrap tree #24, logLikelihood: -720.603885
[00:37:48] Bootstrap tree #25, logLikelihood: -733.504184
[00:38:44] Bootstrap tree #26, logLikelihood: -782.637375
[00:39:40] Bootstrap tree #27, logLikelihood: -752.012767
[00:40:39] Bootstrap tree #28, logLikelihood: -782.681710
[00:41:33] Bootstrap tree #29, logLikelihood: -752.215695
[00:42:21] Bootstrap tree #30, logLikelihood: -684.072323
[00:43:22] Bootstrap tree #31, logLikelihood: -739.897665
[00:44:18] Bootstrap tree #32, logLikelihood: -766.486213
[00:45:10] Bootstrap tree #33, logLikelihood: -722.405427
[00:45:56] Bootstrap tree #34, logLikelihood: -776.817023
[00:47:09] Bootstrap tree #35, logLikelihood: -815.684116
[00:48:04] Bootstrap tree #36, logLikelihood: -688.183483
[00:49:00] Bootstrap tree #37, logLikelihood: -712.698779
[00:49:55] Bootstrap tree #38, logLikelihood: -819.875422
[00:51:07] Bootstrap tree #39, logLikelihood: -770.357713
[00:51:54] Bootstrap tree #40, logLikelihood: -757.412706
[00:52:47] Bootstrap tree #41, logLikelihood: -797.503943
[00:53:45] Bootstrap tree #42, logLikelihood: -828.490116
[00:54:39] Bootstrap tree #43, logLikelihood: -664.880382
[00:55:31] Bootstrap tree #44, logLikelihood: -701.530591
[00:56:38] Bootstrap tree #45, logLikelihood: -749.658750
[00:57:55] Bootstrap tree #46, logLikelihood: -741.687217
[00:58:59] Bootstrap tree #47, logLikelihood: -727.455423
[00:59:55] Bootstrap tree #48, logLikelihood: -772.921102
[01:00:46] Bootstrap tree #49, logLikelihood: -797.081138
[01:01:33] Bootstrap tree #50, logLikelihood: -682.818094
[01:02:24] Bootstrap tree #51, logLikelihood: -796.774138
[01:03:50] Bootstrap tree #52, logLikelihood: -802.652879
[01:04:56] Bootstrap tree #53, logLikelihood: -808.563951
[01:06:01] Bootstrap tree #54, logLikelihood: -752.484438
[01:06:58] Bootstrap tree #55, logLikelihood: -678.489774
[01:07:54] Bootstrap tree #56, logLikelihood: -712.357749
[01:08:42] Bootstrap tree #57, logLikelihood: -725.112559
[01:09:35] Bootstrap tree #58, logLikelihood: -714.907448
[01:10:32] Bootstrap tree #59, logLikelihood: -720.730464
[01:11:31] Bootstrap tree #60, logLikelihood: -662.774717
[01:12:18] Bootstrap tree #61, logLikelihood: -705.788463
[01:13:14] Bootstrap tree #62, logLikelihood: -743.050647
[01:14:02] Bootstrap tree #63, logLikelihood: -719.418096
[01:14:54] Bootstrap tree #64, logLikelihood: -760.116080
[01:16:15] Bootstrap tree #65, logLikelihood: -784.001494
[01:17:19] Bootstrap tree #66, logLikelihood: -748.457597
