
RAxML-NG v. 0.9.0 released on 20.05.2019 by The Exelixis Lab.
Developed by: Alexey M. Kozlov and Alexandros Stamatakis.
Contributors: Diego Darriba, Tomas Flouri, Benoit Morel, Sarah Lutteropp, Ben Bettisworth.
Latest version: https://github.com/amkozlov/raxml-ng
Questions/problems/suggestions? Please visit: https://groups.google.com/forum/#!forum/raxml

RAxML-NG was called at 12-Jul-2023 15:36:48 as follows:

raxml-ng --all --model Blosum62+G --msa results/windows/window_position_3000_3100.fa --prefix results/RaxMl/3000_3100 --msa-format FASTA --tree pars{5} --seed 239 --threads 2 --force --bs-trees 100 --bs-metric fbp

Analysis options:
  run mode: ML tree search + bootstrapping (Felsenstein Bootstrap)
  start tree(s): parsimony (5)
  bootstrap replicates: 100
  random seed: 239
  tip-inner: OFF
  pattern compression: ON
  per-rate scalers: OFF
  site repeats: ON
  branch lengths: proportional (ML estimate, algorithm: NR-FAST)
  SIMD kernels: SSE3
  parallelization: PTHREADS (2 threads), thread pinning: OFF

WARNING: Running in FORCE mode: all safety checks are disabled!

[00:00:00] Reading alignment from file: results/windows/window_position_3000_3100.fa
[00:00:00] Loaded alignment with 47 taxa and 100 sites

Alignment comprises 1 partitions and 74 patterns

Partition 0: noname
Model: BLOSUM62+G4m
Alignment sites / patterns: 100 / 74
Gaps: 0.00 %
Invariant sites: 42.00 %


NOTE: Binary MSA file created: results/RaxMl/3000_3100.raxml.rba

[00:00:00] Generating 5 parsimony starting tree(s) with 47 taxa
[00:00:00] Data distribution: max. partitions/sites/weight per thread: 1 / 37 / 2960

Starting ML tree search with 5 distinct starting trees

[00:01:06] ML tree search #1, logLikelihood: -781.296299
[00:02:23] ML tree search #2, logLikelihood: -781.296638
[00:03:36] ML tree search #3, logLikelihood: -781.296650
[00:04:24] ML tree search #4, logLikelihood: -781.296222
[00:05:25] ML tree search #5, logLikelihood: -781.609332

[00:05:25] ML tree search completed, best tree logLH: -781.296222

[00:05:25] Starting bootstrapping analysis with 100 replicates.

[00:06:15] Bootstrap tree #1, logLikelihood: -764.708412
[00:07:09] Bootstrap tree #2, logLikelihood: -762.495894
[00:08:03] Bootstrap tree #3, logLikelihood: -755.125296
[00:09:01] Bootstrap tree #4, logLikelihood: -716.532222
[00:09:59] Bootstrap tree #5, logLikelihood: -730.995025
[00:11:16] Bootstrap tree #6, logLikelihood: -714.275009
[00:18:28] Bootstrap tree #7, logLikelihood: -705.011732
[00:19:24] Bootstrap tree #8, logLikelihood: -768.336499
[00:20:37] Bootstrap tree #9, logLikelihood: -889.434907
[00:21:42] Bootstrap tree #10, logLikelihood: -743.850680
[00:22:44] Bootstrap tree #11, logLikelihood: -716.748238
[00:23:44] Bootstrap tree #12, logLikelihood: -734.707719
[00:24:38] Bootstrap tree #13, logLikelihood: -787.684437
[00:25:31] Bootstrap tree #14, logLikelihood: -707.739480
[00:26:27] Bootstrap tree #15, logLikelihood: -720.697421
[00:27:40] Bootstrap tree #16, logLikelihood: -754.762703
[00:28:32] Bootstrap tree #17, logLikelihood: -775.109253
[00:29:19] Bootstrap tree #18, logLikelihood: -717.322486
[00:30:16] Bootstrap tree #19, logLikelihood: -768.135493
[00:31:06] Bootstrap tree #20, logLikelihood: -739.861928
[00:31:53] Bootstrap tree #21, logLikelihood: -667.333009
[00:32:47] Bootstrap tree #22, logLikelihood: -780.557076
[00:33:36] Bootstrap tree #23, logLikelihood: -805.513938
[00:35:06] Bootstrap tree #24, logLikelihood: -722.902536
[00:35:53] Bootstrap tree #25, logLikelihood: -807.434390
[00:36:42] Bootstrap tree #26, logLikelihood: -781.379567
[00:37:34] Bootstrap tree #27, logLikelihood: -825.639157
[00:38:34] Bootstrap tree #28, logLikelihood: -767.352874
[00:39:13] Bootstrap tree #29, logLikelihood: -739.301556
[00:40:04] Bootstrap tree #30, logLikelihood: -774.910693
[00:40:56] Bootstrap tree #31, logLikelihood: -772.419033
[00:41:51] Bootstrap tree #32, logLikelihood: -742.665207
[00:42:47] Bootstrap tree #33, logLikelihood: -801.541650
[00:43:41] Bootstrap tree #34, logLikelihood: -816.366808
[00:45:12] Bootstrap tree #35, logLikelihood: -746.082026
[00:46:06] Bootstrap tree #36, logLikelihood: -754.726863
[00:47:20] Bootstrap tree #37, logLikelihood: -755.673343
[00:48:15] Bootstrap tree #38, logLikelihood: -712.772432
[00:49:03] Bootstrap tree #39, logLikelihood: -860.614887
[00:49:56] Bootstrap tree #40, logLikelihood: -703.997108
[00:51:06] Bootstrap tree #41, logLikelihood: -865.165501
[00:51:51] Bootstrap tree #42, logLikelihood: -708.328522
[00:53:06] Bootstrap tree #43, logLikelihood: -764.954355
[00:54:04] Bootstrap tree #44, logLikelihood: -720.185636
[00:54:57] Bootstrap tree #45, logLikelihood: -765.888419
[00:55:53] Bootstrap tree #46, logLikelihood: -797.426287
[00:56:51] Bootstrap tree #47, logLikelihood: -769.092235
[00:57:52] Bootstrap tree #48, logLikelihood: -838.292013
[00:58:49] Bootstrap tree #49, logLikelihood: -805.790119
[00:59:50] Bootstrap tree #50, logLikelihood: -873.196292
[01:00:36] Bootstrap tree #51, logLikelihood: -752.716823
[01:01:29] Bootstrap tree #52, logLikelihood: -833.512005
[01:02:21] Bootstrap tree #53, logLikelihood: -758.741711
[01:03:30] Bootstrap tree #54, logLikelihood: -780.778910
[01:04:33] Bootstrap tree #55, logLikelihood: -740.318157
