
RAxML-NG v. 0.9.0 released on 20.05.2019 by The Exelixis Lab.
Developed by: Alexey M. Kozlov and Alexandros Stamatakis.
Contributors: Diego Darriba, Tomas Flouri, Benoit Morel, Sarah Lutteropp, Ben Bettisworth.
Latest version: https://github.com/amkozlov/raxml-ng
Questions/problems/suggestions? Please visit: https://groups.google.com/forum/#!forum/raxml

RAxML-NG was called at 13-Jul-2023 20:33:22 as follows:

raxml-ng --all --model Blosum62+G --msa results/windows/window_position_300_400.fa --prefix results/RaxMl/300_400 --msa-format FASTA --tree pars{5} --seed 239 --threads 2 --force --bs-trees 100 --bs-metric fbp

Analysis options:
  run mode: ML tree search + bootstrapping (Felsenstein Bootstrap)
  start tree(s): parsimony (5)
  bootstrap replicates: 100
  random seed: 239
  tip-inner: OFF
  pattern compression: ON
  per-rate scalers: OFF
  site repeats: ON
  branch lengths: proportional (ML estimate, algorithm: NR-FAST)
  SIMD kernels: SSE3
  parallelization: PTHREADS (2 threads), thread pinning: OFF

WARNING: Running in FORCE mode: all safety checks are disabled!

[00:00:00] Reading alignment from file: results/windows/window_position_300_400.fa
[00:00:00] Loaded alignment with 47 taxa and 100 sites

Alignment comprises 1 partitions and 100 patterns

Partition 0: noname
Model: BLOSUM62+G4m
Alignment sites / patterns: 100 / 100
Gaps: 0.00 %
Invariant sites: 3.00 %


NOTE: Binary MSA file created: results/RaxMl/300_400.raxml.rba

[00:00:00] Generating 5 parsimony starting tree(s) with 47 taxa
[00:00:00] Data distribution: max. partitions/sites/weight per thread: 1 / 50 / 4000

Starting ML tree search with 5 distinct starting trees

[00:01:09] ML tree search #1, logLikelihood: -1412.977566
[00:02:15] ML tree search #2, logLikelihood: -1412.977509
[00:04:02] ML tree search #3, logLikelihood: -1412.977537
[00:05:11] ML tree search #4, logLikelihood: -1413.756368
[00:06:19] ML tree search #5, logLikelihood: -1413.756368

[00:06:19] ML tree search completed, best tree logLH: -1412.977509

[00:06:19] Starting bootstrapping analysis with 100 replicates.

[00:07:23] Bootstrap tree #1, logLikelihood: -1394.795216
[00:08:46] Bootstrap tree #2, logLikelihood: -1378.741082
[00:10:00] Bootstrap tree #3, logLikelihood: -1360.132169
[00:11:06] Bootstrap tree #4, logLikelihood: -1426.918006
[00:12:28] Bootstrap tree #5, logLikelihood: -1461.902342
[00:13:21] Bootstrap tree #6, logLikelihood: -1281.667404
[00:14:27] Bootstrap tree #7, logLikelihood: -1258.475998
[00:15:27] Bootstrap tree #8, logLikelihood: -1355.933634
[00:16:28] Bootstrap tree #9, logLikelihood: -1462.897953
[00:17:27] Bootstrap tree #10, logLikelihood: -1419.613004
[00:18:32] Bootstrap tree #11, logLikelihood: -1362.615151
[00:20:16] Bootstrap tree #12, logLikelihood: -1399.899350
[00:21:37] Bootstrap tree #13, logLikelihood: -1421.171998
[00:22:39] Bootstrap tree #14, logLikelihood: -1457.325870
[00:23:46] Bootstrap tree #15, logLikelihood: -1408.743076
[00:24:46] Bootstrap tree #16, logLikelihood: -1475.063890
[00:25:51] Bootstrap tree #17, logLikelihood: -1370.033009
[00:26:48] Bootstrap tree #18, logLikelihood: -1287.864262
[00:27:45] Bootstrap tree #19, logLikelihood: -1372.552805
[00:28:39] Bootstrap tree #20, logLikelihood: -1450.923861
[00:29:40] Bootstrap tree #21, logLikelihood: -1394.890270
[00:30:48] Bootstrap tree #22, logLikelihood: -1347.530265
[00:32:05] Bootstrap tree #23, logLikelihood: -1388.270384
[00:33:18] Bootstrap tree #24, logLikelihood: -1355.322736
[00:34:21] Bootstrap tree #25, logLikelihood: -1441.517369
[00:35:27] Bootstrap tree #26, logLikelihood: -1348.030745
[00:36:19] Bootstrap tree #27, logLikelihood: -1390.346440
[00:37:38] Bootstrap tree #28, logLikelihood: -1414.988531
[00:38:44] Bootstrap tree #29, logLikelihood: -1390.225546
[00:39:46] Bootstrap tree #30, logLikelihood: -1358.284793
[00:40:56] Bootstrap tree #31, logLikelihood: -1374.395831
[00:41:52] Bootstrap tree #32, logLikelihood: -1384.084854
[00:43:13] Bootstrap tree #33, logLikelihood: -1397.941871
[00:44:15] Bootstrap tree #34, logLikelihood: -1449.888675
[00:45:17] Bootstrap tree #35, logLikelihood: -1463.165855
[00:46:33] Bootstrap tree #36, logLikelihood: -1379.429784
[00:47:38] Bootstrap tree #37, logLikelihood: -1301.632266
[00:48:37] Bootstrap tree #38, logLikelihood: -1352.031318
[00:49:39] Bootstrap tree #39, logLikelihood: -1367.810968
[00:50:35] Bootstrap tree #40, logLikelihood: -1345.953487
[00:51:35] Bootstrap tree #41, logLikelihood: -1328.468117
[00:52:41] Bootstrap tree #42, logLikelihood: -1364.752135
[00:53:46] Bootstrap tree #43, logLikelihood: -1485.470953
[00:54:47] Bootstrap tree #44, logLikelihood: -1378.775465
[00:55:50] Bootstrap tree #45, logLikelihood: -1366.285056
[00:56:57] Bootstrap tree #46, logLikelihood: -1316.554520
[00:57:57] Bootstrap tree #47, logLikelihood: -1421.622421
[00:59:05] Bootstrap tree #48, logLikelihood: -1340.005390
[01:00:22] Bootstrap tree #49, logLikelihood: -1365.480405
[01:01:23] Bootstrap tree #50, logLikelihood: -1375.538059
[01:02:29] Bootstrap tree #51, logLikelihood: -1371.687580
[01:03:33] Bootstrap tree #52, logLikelihood: -1423.256450
[01:04:29] Bootstrap tree #53, logLikelihood: -1451.480315
[01:05:33] Bootstrap tree #54, logLikelihood: -1401.611003
[01:06:33] Bootstrap tree #55, logLikelihood: -1372.441924
[01:07:47] Bootstrap tree #56, logLikelihood: -1394.034540
[01:08:55] Bootstrap tree #57, logLikelihood: -1398.809451
[01:10:04] Bootstrap tree #58, logLikelihood: -1372.438400
[01:11:23] Bootstrap tree #59, logLikelihood: -1300.813213
[01:12:28] Bootstrap tree #60, logLikelihood: -1303.895938
[01:13:33] Bootstrap tree #61, logLikelihood: -1393.564541
[01:14:31] Bootstrap tree #62, logLikelihood: -1351.996771
[01:15:25] Bootstrap tree #63, logLikelihood: -1421.495489
[01:16:27] Bootstrap tree #64, logLikelihood: -1391.698365
[01:17:32] Bootstrap tree #65, logLikelihood: -1446.677251
[01:19:36] Bootstrap tree #66, logLikelihood: -1342.438041
[01:20:55] Bootstrap tree #67, logLikelihood: -1385.559058
[01:22:09] Bootstrap tree #68, logLikelihood: -1377.503765
[01:23:24] Bootstrap tree #69, logLikelihood: -1482.322399
[01:24:35] Bootstrap tree #70, logLikelihood: -1370.244107
[01:25:55] Bootstrap tree #71, logLikelihood: -1365.530698
[01:27:12] Bootstrap tree #72, logLikelihood: -1397.643796
[01:28:43] Bootstrap tree #73, logLikelihood: -1435.451241
[01:29:45] Bootstrap tree #74, logLikelihood: -1377.409146
[01:30:42] Bootstrap tree #75, logLikelihood: -1373.393998
[01:32:00] Bootstrap tree #76, logLikelihood: -1275.958378
[01:33:13] Bootstrap tree #77, logLikelihood: -1432.214143
[01:34:14] Bootstrap tree #78, logLikelihood: -1323.929332
[01:35:16] Bootstrap tree #79, logLikelihood: -1345.006516
