
RAxML-NG v. 0.9.0 released on 20.05.2019 by The Exelixis Lab.
Developed by: Alexey M. Kozlov and Alexandros Stamatakis.
Contributors: Diego Darriba, Tomas Flouri, Benoit Morel, Sarah Lutteropp, Ben Bettisworth.
Latest version: https://github.com/amkozlov/raxml-ng
Questions/problems/suggestions? Please visit: https://groups.google.com/forum/#!forum/raxml

RAxML-NG was called at 13-Jul-2023 21:10:28 as follows:

raxml-ng --all --model Blosum62+G --msa results/windows/window_position_3050_3150.fa --prefix results/RaxMl/3050_3150 --msa-format FASTA --tree pars{5} --seed 239 --threads 2 --force --bs-trees 100 --bs-metric fbp

Analysis options:
  run mode: ML tree search + bootstrapping (Felsenstein Bootstrap)
  start tree(s): parsimony (5)
  bootstrap replicates: 100
  random seed: 239
  tip-inner: OFF
  pattern compression: ON
  per-rate scalers: OFF
  site repeats: ON
  branch lengths: proportional (ML estimate, algorithm: NR-FAST)
  SIMD kernels: SSE3
  parallelization: PTHREADS (2 threads), thread pinning: OFF

WARNING: Running in FORCE mode: all safety checks are disabled!

[00:00:00] Reading alignment from file: results/windows/window_position_3050_3150.fa
[00:00:00] Loaded alignment with 47 taxa and 100 sites

Alignment comprises 1 partitions and 59 patterns

Partition 0: noname
Model: BLOSUM62+G4m
Alignment sites / patterns: 100 / 59
Gaps: 0.00 %
Invariant sites: 57.00 %


NOTE: Binary MSA file created: results/RaxMl/3050_3150.raxml.rba

[00:00:00] Generating 5 parsimony starting tree(s) with 47 taxa
[00:00:00] Data distribution: max. partitions/sites/weight per thread: 1 / 30 / 2400

Starting ML tree search with 5 distinct starting trees

[00:00:41] ML tree search #1, logLikelihood: -630.749099
[00:01:25] ML tree search #2, logLikelihood: -630.749082
[00:02:05] ML tree search #3, logLikelihood: -630.749173
[00:02:46] ML tree search #4, logLikelihood: -630.750085
[00:03:28] ML tree search #5, logLikelihood: -630.749174

[00:03:28] ML tree search completed, best tree logLH: -630.749082

[00:03:28] Starting bootstrapping analysis with 100 replicates.

[00:04:21] Bootstrap tree #1, logLikelihood: -577.385512
[00:05:09] Bootstrap tree #2, logLikelihood: -599.669511
[00:05:57] Bootstrap tree #3, logLikelihood: -696.411361
[00:06:47] Bootstrap tree #4, logLikelihood: -612.395373
[00:07:36] Bootstrap tree #5, logLikelihood: -612.491404
[00:08:26] Bootstrap tree #6, logLikelihood: -631.995191
[00:09:15] Bootstrap tree #7, logLikelihood: -603.899231
[00:09:57] Bootstrap tree #8, logLikelihood: -621.981842
[00:10:47] Bootstrap tree #9, logLikelihood: -630.106421
[00:11:35] Bootstrap tree #10, logLikelihood: -627.941210
[00:12:24] Bootstrap tree #11, logLikelihood: -637.050386
[00:13:07] Bootstrap tree #12, logLikelihood: -687.620422
[00:14:03] Bootstrap tree #13, logLikelihood: -621.670233
[00:15:07] Bootstrap tree #14, logLikelihood: -617.078691
[00:16:04] Bootstrap tree #15, logLikelihood: -619.274351
[00:16:55] Bootstrap tree #16, logLikelihood: -617.283384
[00:17:39] Bootstrap tree #17, logLikelihood: -644.650035
[00:18:28] Bootstrap tree #18, logLikelihood: -542.330921
[00:19:20] Bootstrap tree #19, logLikelihood: -649.600824
[00:20:10] Bootstrap tree #20, logLikelihood: -653.028744
[00:21:02] Bootstrap tree #21, logLikelihood: -641.452704
[00:21:49] Bootstrap tree #22, logLikelihood: -606.180188
[00:22:44] Bootstrap tree #23, logLikelihood: -636.776114
[00:23:28] Bootstrap tree #24, logLikelihood: -585.034121
[00:24:19] Bootstrap tree #25, logLikelihood: -609.582516
[00:25:08] Bootstrap tree #26, logLikelihood: -599.386850
[00:26:05] Bootstrap tree #27, logLikelihood: -585.414521
[00:26:56] Bootstrap tree #28, logLikelihood: -683.766158
[00:27:52] Bootstrap tree #29, logLikelihood: -592.504305
[00:28:43] Bootstrap tree #30, logLikelihood: -622.564109
[00:29:36] Bootstrap tree #31, logLikelihood: -564.203769
[00:30:29] Bootstrap tree #32, logLikelihood: -571.386315
[00:31:17] Bootstrap tree #33, logLikelihood: -577.629428
[00:32:05] Bootstrap tree #34, logLikelihood: -650.935197
[00:32:49] Bootstrap tree #35, logLikelihood: -660.641053
[00:33:25] Bootstrap tree #36, logLikelihood: -675.891216
[00:34:07] Bootstrap tree #37, logLikelihood: -623.077656
[00:34:59] Bootstrap tree #38, logLikelihood: -606.019444
[00:35:53] Bootstrap tree #39, logLikelihood: -688.302820
[00:36:50] Bootstrap tree #40, logLikelihood: -654.408809
[00:37:36] Bootstrap tree #41, logLikelihood: -620.697580
[00:38:34] Bootstrap tree #42, logLikelihood: -617.680126
[00:40:07] Bootstrap tree #43, logLikelihood: -640.032682
[00:40:55] Bootstrap tree #44, logLikelihood: -619.807475
[00:41:42] Bootstrap tree #45, logLikelihood: -625.104349
[00:42:32] Bootstrap tree #46, logLikelihood: -634.744091
[00:43:22] Bootstrap tree #47, logLikelihood: -703.525643
[00:44:09] Bootstrap tree #48, logLikelihood: -648.679339
[00:44:59] Bootstrap tree #49, logLikelihood: -573.982052
[00:45:46] Bootstrap tree #50, logLikelihood: -623.494844
[00:46:35] Bootstrap tree #51, logLikelihood: -617.217445
[00:47:21] Bootstrap tree #52, logLikelihood: -587.303907
[00:48:06] Bootstrap tree #53, logLikelihood: -680.350732
[00:48:57] Bootstrap tree #54, logLikelihood: -645.509716
[00:49:52] Bootstrap tree #55, logLikelihood: -584.354438
[00:50:34] Bootstrap tree #56, logLikelihood: -560.822253
[00:51:18] Bootstrap tree #57, logLikelihood: -594.121815
[00:52:07] Bootstrap tree #58, logLikelihood: -591.144829
[00:52:57] Bootstrap tree #59, logLikelihood: -688.708204
[00:53:40] Bootstrap tree #60, logLikelihood: -595.745728
[00:54:30] Bootstrap tree #61, logLikelihood: -585.161956
[00:55:23] Bootstrap tree #62, logLikelihood: -594.910660
[00:56:10] Bootstrap tree #63, logLikelihood: -618.079854
[00:57:00] Bootstrap tree #64, logLikelihood: -651.972062
[00:57:50] Bootstrap tree #65, logLikelihood: -584.902811
