
RAxML-NG v. 0.9.0 released on 20.05.2019 by The Exelixis Lab.
Developed by: Alexey M. Kozlov and Alexandros Stamatakis.
Contributors: Diego Darriba, Tomas Flouri, Benoit Morel, Sarah Lutteropp, Ben Bettisworth.
Latest version: https://github.com/amkozlov/raxml-ng
Questions/problems/suggestions? Please visit: https://groups.google.com/forum/#!forum/raxml

RAxML-NG was called at 14-Jul-2023 14:12:16 as follows:

raxml-ng --all --model Blosum62+G --msa results/windows/window_position_3070_3170.fa --prefix results/RaxMl/3070_3170 --msa-format FASTA --tree pars{5} --seed 239 --threads 2 --force --bs-trees 100 --bs-metric fbp

Analysis options:
  run mode: ML tree search + bootstrapping (Felsenstein Bootstrap)
  start tree(s): parsimony (5)
  bootstrap replicates: 100
  random seed: 239
  tip-inner: OFF
  pattern compression: ON
  per-rate scalers: OFF
  site repeats: ON
  branch lengths: proportional (ML estimate, algorithm: NR-FAST)
  SIMD kernels: SSE3
  parallelization: PTHREADS (2 threads), thread pinning: OFF

WARNING: Running in FORCE mode: all safety checks are disabled!

[00:00:00] Reading alignment from file: results/windows/window_position_3070_3170.fa
[00:00:00] Loaded alignment with 47 taxa and 100 sites

Alignment comprises 1 partitions and 65 patterns

Partition 0: noname
Model: BLOSUM62+G4m
Alignment sites / patterns: 100 / 65
Gaps: 0.00 %
Invariant sites: 53.00 %


NOTE: Binary MSA file created: results/RaxMl/3070_3170.raxml.rba

[00:00:00] Generating 5 parsimony starting tree(s) with 47 taxa
[00:00:00] Data distribution: max. partitions/sites/weight per thread: 1 / 33 / 2640

Starting ML tree search with 5 distinct starting trees

[00:00:43] ML tree search #1, logLikelihood: -692.237532
[00:01:27] ML tree search #2, logLikelihood: -692.237533
[00:02:14] ML tree search #3, logLikelihood: -692.238439
[00:03:03] ML tree search #4, logLikelihood: -692.237532
[00:03:46] ML tree search #5, logLikelihood: -692.237532

[00:03:46] ML tree search completed, best tree logLH: -692.237532

[00:03:46] Starting bootstrapping analysis with 100 replicates.

[00:04:33] Bootstrap tree #1, logLikelihood: -650.178260
[00:05:42] Bootstrap tree #2, logLikelihood: -644.693825
[00:06:40] Bootstrap tree #3, logLikelihood: -676.933164
[00:07:29] Bootstrap tree #4, logLikelihood: -654.514084
[00:08:19] Bootstrap tree #5, logLikelihood: -665.214150
[00:09:11] Bootstrap tree #6, logLikelihood: -673.772305
[00:10:18] Bootstrap tree #7, logLikelihood: -662.427100
[00:11:19] Bootstrap tree #8, logLikelihood: -726.313758
[00:12:38] Bootstrap tree #9, logLikelihood: -704.891590
[00:13:27] Bootstrap tree #10, logLikelihood: -589.354026
[00:14:21] Bootstrap tree #11, logLikelihood: -697.065888
[00:15:15] Bootstrap tree #12, logLikelihood: -739.059207
[00:16:09] Bootstrap tree #13, logLikelihood: -658.731985
[00:17:04] Bootstrap tree #14, logLikelihood: -687.332621
[00:18:01] Bootstrap tree #15, logLikelihood: -692.987716
[00:18:50] Bootstrap tree #16, logLikelihood: -704.096260
[00:19:37] Bootstrap tree #17, logLikelihood: -701.193337
[00:20:31] Bootstrap tree #18, logLikelihood: -599.905427
[00:21:25] Bootstrap tree #19, logLikelihood: -689.073986
[00:22:12] Bootstrap tree #20, logLikelihood: -690.877194
[00:22:59] Bootstrap tree #21, logLikelihood: -665.249352
[00:23:48] Bootstrap tree #22, logLikelihood: -727.578758
[00:24:37] Bootstrap tree #23, logLikelihood: -631.246888
[00:25:28] Bootstrap tree #24, logLikelihood: -658.124610
[00:26:21] Bootstrap tree #25, logLikelihood: -696.725351
[00:27:17] Bootstrap tree #26, logLikelihood: -720.773715
[00:28:04] Bootstrap tree #27, logLikelihood: -652.864945
[00:28:57] Bootstrap tree #28, logLikelihood: -680.122576
[00:29:48] Bootstrap tree #29, logLikelihood: -671.438070
[00:30:44] Bootstrap tree #30, logLikelihood: -685.380492
[00:31:26] Bootstrap tree #31, logLikelihood: -670.921686
[00:32:12] Bootstrap tree #32, logLikelihood: -679.089192
[00:33:06] Bootstrap tree #33, logLikelihood: -695.900203
[00:33:54] Bootstrap tree #34, logLikelihood: -711.458254
[00:34:45] Bootstrap tree #35, logLikelihood: -644.248690
[00:35:35] Bootstrap tree #36, logLikelihood: -718.922583
[00:36:22] Bootstrap tree #37, logLikelihood: -672.919117
[00:37:09] Bootstrap tree #38, logLikelihood: -724.971924
[00:37:56] Bootstrap tree #39, logLikelihood: -676.703249
[00:38:49] Bootstrap tree #40, logLikelihood: -622.852560
[00:39:38] Bootstrap tree #41, logLikelihood: -668.883953
[00:40:35] Bootstrap tree #42, logLikelihood: -628.772111
[00:41:20] Bootstrap tree #43, logLikelihood: -677.276451
[00:42:48] Bootstrap tree #44, logLikelihood: -701.585365
[00:43:37] Bootstrap tree #45, logLikelihood: -702.888810
[00:44:36] Bootstrap tree #46, logLikelihood: -735.423339
[00:45:28] Bootstrap tree #47, logLikelihood: -644.415769
[00:46:26] Bootstrap tree #48, logLikelihood: -711.890178
[00:47:19] Bootstrap tree #49, logLikelihood: -701.572838
[00:48:07] Bootstrap tree #50, logLikelihood: -647.265263
[00:48:54] Bootstrap tree #51, logLikelihood: -667.315253
[00:49:49] Bootstrap tree #52, logLikelihood: -673.694933
[00:50:46] Bootstrap tree #53, logLikelihood: -736.233482
[00:51:41] Bootstrap tree #54, logLikelihood: -665.633567
[00:52:37] Bootstrap tree #55, logLikelihood: -622.191499
[00:53:29] Bootstrap tree #56, logLikelihood: -665.007219
[00:54:21] Bootstrap tree #57, logLikelihood: -643.626243
[00:55:20] Bootstrap tree #58, logLikelihood: -690.870672
[00:56:12] Bootstrap tree #59, logLikelihood: -727.269686
[00:57:04] Bootstrap tree #60, logLikelihood: -713.004047
[00:57:55] Bootstrap tree #61, logLikelihood: -702.875780
[00:58:49] Bootstrap tree #62, logLikelihood: -614.565435
[00:59:39] Bootstrap tree #63, logLikelihood: -644.999381
[01:00:36] Bootstrap tree #64, logLikelihood: -675.484310
[01:01:29] Bootstrap tree #65, logLikelihood: -620.420519
[01:02:21] Bootstrap tree #66, logLikelihood: -738.003760
[01:03:14] Bootstrap tree #67, logLikelihood: -652.558556
[01:04:00] Bootstrap tree #68, logLikelihood: -669.975607
[01:04:57] Bootstrap tree #69, logLikelihood: -688.837487
[01:05:51] Bootstrap tree #70, logLikelihood: -667.052588
[01:06:40] Bootstrap tree #71, logLikelihood: -682.670829
[01:07:36] Bootstrap tree #72, logLikelihood: -624.004437
[01:08:32] Bootstrap tree #73, logLikelihood: -658.040594
[01:09:23] Bootstrap tree #74, logLikelihood: -679.467202
[01:10:15] Bootstrap tree #75, logLikelihood: -685.510707
[01:11:20] Bootstrap tree #76, logLikelihood: -708.536530
[01:12:33] Bootstrap tree #77, logLikelihood: -706.218929
[01:13:26] Bootstrap tree #78, logLikelihood: -668.669809
[01:14:22] Bootstrap tree #79, logLikelihood: -704.501298
[01:15:12] Bootstrap tree #80, logLikelihood: -656.793215
[01:16:07] Bootstrap tree #81, logLikelihood: -699.430522
[01:16:49] Bootstrap tree #82, logLikelihood: -704.579700
[01:17:50] Bootstrap tree #83, logLikelihood: -651.518839
[01:18:47] Bootstrap tree #84, logLikelihood: -668.834127
[01:19:46] Bootstrap tree #85, logLikelihood: -678.203207
[01:20:39] Bootstrap tree #86, logLikelihood: -690.055344
[01:21:33] Bootstrap tree #87, logLikelihood: -630.512738
[01:22:28] Bootstrap tree #88, logLikelihood: -791.942998
