
RAxML-NG v. 0.9.0 released on 20.05.2019 by The Exelixis Lab.
Developed by: Alexey M. Kozlov and Alexandros Stamatakis.
Contributors: Diego Darriba, Tomas Flouri, Benoit Morel, Sarah Lutteropp, Ben Bettisworth.
Latest version: https://github.com/amkozlov/raxml-ng
Questions/problems/suggestions? Please visit: https://groups.google.com/forum/#!forum/raxml

RAxML-NG was called at 14-Jul-2023 10:29:59 as follows:

raxml-ng --all --model Blosum62+G --msa results/windows/window_position_3160_3260.fa --prefix results/RaxMl/3160_3260 --msa-format FASTA --tree pars{5} --seed 239 --threads 2 --force --bs-trees 100 --bs-metric fbp

Analysis options:
  run mode: ML tree search + bootstrapping (Felsenstein Bootstrap)
  start tree(s): parsimony (5)
  bootstrap replicates: 100
  random seed: 239
  tip-inner: OFF
  pattern compression: ON
  per-rate scalers: OFF
  site repeats: ON
  branch lengths: proportional (ML estimate, algorithm: NR-FAST)
  SIMD kernels: SSE3
  parallelization: PTHREADS (2 threads), thread pinning: OFF

WARNING: Running in FORCE mode: all safety checks are disabled!

[00:00:00] Reading alignment from file: results/windows/window_position_3160_3260.fa
[00:00:00] Loaded alignment with 47 taxa and 100 sites

Alignment comprises 1 partitions and 67 patterns

Partition 0: noname
Model: BLOSUM62+G4m
Alignment sites / patterns: 100 / 67
Gaps: 0.00 %
Invariant sites: 46.00 %


NOTE: Binary MSA file created: results/RaxMl/3160_3260.raxml.rba

[00:00:00] Generating 5 parsimony starting tree(s) with 47 taxa
[00:00:00] Data distribution: max. partitions/sites/weight per thread: 1 / 34 / 2720

Starting ML tree search with 5 distinct starting trees

[00:01:06] ML tree search #1, logLikelihood: -742.486711
[00:02:09] ML tree search #2, logLikelihood: -742.486710
[00:03:17] ML tree search #3, logLikelihood: -742.486675
[00:04:46] ML tree search #4, logLikelihood: -742.484827
[00:06:09] ML tree search #5, logLikelihood: -742.486710

[00:06:09] ML tree search completed, best tree logLH: -742.484827

[00:06:09] Starting bootstrapping analysis with 100 replicates.

[00:07:00] Bootstrap tree #1, logLikelihood: -718.563630
[00:07:57] Bootstrap tree #2, logLikelihood: -807.478880
[00:08:51] Bootstrap tree #3, logLikelihood: -748.677739
[00:10:06] Bootstrap tree #4, logLikelihood: -705.115079
[00:11:00] Bootstrap tree #5, logLikelihood: -732.239256
[00:11:58] Bootstrap tree #6, logLikelihood: -813.988617
[00:12:49] Bootstrap tree #7, logLikelihood: -716.108511
[00:13:35] Bootstrap tree #8, logLikelihood: -667.258147
[00:14:34] Bootstrap tree #9, logLikelihood: -783.086112
[00:15:29] Bootstrap tree #10, logLikelihood: -750.848230
[00:16:27] Bootstrap tree #11, logLikelihood: -637.677456
[00:17:25] Bootstrap tree #12, logLikelihood: -686.100811
[00:18:36] Bootstrap tree #13, logLikelihood: -807.558983
[00:19:35] Bootstrap tree #14, logLikelihood: -790.537415
[00:20:51] Bootstrap tree #15, logLikelihood: -725.674561
[00:21:38] Bootstrap tree #16, logLikelihood: -747.076550
[00:22:19] Bootstrap tree #17, logLikelihood: -794.605634
[00:23:13] Bootstrap tree #18, logLikelihood: -701.654212
[00:24:11] Bootstrap tree #19, logLikelihood: -724.915812
[00:24:57] Bootstrap tree #20, logLikelihood: -758.973750
[00:25:49] Bootstrap tree #21, logLikelihood: -647.884500
[00:26:44] Bootstrap tree #22, logLikelihood: -748.449432
[00:27:35] Bootstrap tree #23, logLikelihood: -647.242776
[00:29:14] Bootstrap tree #24, logLikelihood: -701.284757
[00:30:09] Bootstrap tree #25, logLikelihood: -794.847977
[00:31:04] Bootstrap tree #26, logLikelihood: -766.202111
[00:31:57] Bootstrap tree #27, logLikelihood: -669.404522
[00:32:48] Bootstrap tree #28, logLikelihood: -685.719883
[00:33:41] Bootstrap tree #29, logLikelihood: -727.081636
[00:35:27] Bootstrap tree #30, logLikelihood: -768.664596
[00:36:12] Bootstrap tree #31, logLikelihood: -736.492069
[00:37:28] Bootstrap tree #32, logLikelihood: -653.279746
[00:38:31] Bootstrap tree #33, logLikelihood: -761.877743
[00:39:36] Bootstrap tree #34, logLikelihood: -868.128430
[00:41:05] Bootstrap tree #35, logLikelihood: -725.969428
[00:42:00] Bootstrap tree #36, logLikelihood: -712.663431
[00:43:23] Bootstrap tree #37, logLikelihood: -615.898566
[00:44:13] Bootstrap tree #38, logLikelihood: -713.728066
[00:45:05] Bootstrap tree #39, logLikelihood: -726.163786
[00:45:54] Bootstrap tree #40, logLikelihood: -730.142520
[00:46:58] Bootstrap tree #41, logLikelihood: -724.021868
[00:48:24] Bootstrap tree #42, logLikelihood: -684.495441
[00:49:24] Bootstrap tree #43, logLikelihood: -736.004191
[00:50:24] Bootstrap tree #44, logLikelihood: -736.279842
[00:51:28] Bootstrap tree #45, logLikelihood: -710.439724
[00:52:20] Bootstrap tree #46, logLikelihood: -731.856692
[00:53:48] Bootstrap tree #47, logLikelihood: -808.868476
[00:55:58] Bootstrap tree #48, logLikelihood: -762.481109
[00:56:54] Bootstrap tree #49, logLikelihood: -801.672008
[00:57:49] Bootstrap tree #50, logLikelihood: -897.882889
[00:58:35] Bootstrap tree #51, logLikelihood: -686.309159
[00:59:42] Bootstrap tree #52, logLikelihood: -904.516287
[01:00:35] Bootstrap tree #53, logLikelihood: -739.332666
[01:01:24] Bootstrap tree #54, logLikelihood: -708.343030
[01:02:19] Bootstrap tree #55, logLikelihood: -738.623038
[01:03:23] Bootstrap tree #56, logLikelihood: -753.885475
[01:04:10] Bootstrap tree #57, logLikelihood: -740.410710
[01:05:04] Bootstrap tree #58, logLikelihood: -690.086508
[01:05:54] Bootstrap tree #59, logLikelihood: -686.652142
[01:06:50] Bootstrap tree #60, logLikelihood: -785.488724
[01:07:41] Bootstrap tree #61, logLikelihood: -802.971595
[01:08:29] Bootstrap tree #62, logLikelihood: -706.108313
[01:09:28] Bootstrap tree #63, logLikelihood: -750.770009
[01:10:41] Bootstrap tree #64, logLikelihood: -727.608078
[01:12:13] Bootstrap tree #65, logLikelihood: -730.946376
[01:13:12] Bootstrap tree #66, logLikelihood: -698.721549
[01:14:13] Bootstrap tree #67, logLikelihood: -728.050389
[01:15:03] Bootstrap tree #68, logLikelihood: -678.524524
[01:16:28] Bootstrap tree #69, logLikelihood: -821.352115
[01:17:50] Bootstrap tree #70, logLikelihood: -665.066963
[01:18:42] Bootstrap tree #71, logLikelihood: -698.200527
[01:19:54] Bootstrap tree #72, logLikelihood: -713.434704
[01:21:23] Bootstrap tree #73, logLikelihood: -725.411525
[01:23:36] Bootstrap tree #74, logLikelihood: -729.451595
[01:24:27] Bootstrap tree #75, logLikelihood: -657.788703
[01:25:24] Bootstrap tree #76, logLikelihood: -614.677839
[01:26:58] Bootstrap tree #77, logLikelihood: -791.625988
[01:27:54] Bootstrap tree #78, logLikelihood: -741.161123
[01:28:44] Bootstrap tree #79, logLikelihood: -714.891666
[01:30:06] Bootstrap tree #80, logLikelihood: -656.266422
[01:31:04] Bootstrap tree #81, logLikelihood: -829.421995
[01:32:03] Bootstrap tree #82, logLikelihood: -807.296938
[01:32:51] Bootstrap tree #83, logLikelihood: -779.159530
[01:33:36] Bootstrap tree #84, logLikelihood: -730.294807
