
RAxML-NG v. 0.9.0 released on 20.05.2019 by The Exelixis Lab.
Developed by: Alexey M. Kozlov and Alexandros Stamatakis.
Contributors: Diego Darriba, Tomas Flouri, Benoit Morel, Sarah Lutteropp, Ben Bettisworth.
Latest version: https://github.com/amkozlov/raxml-ng
Questions/problems/suggestions? Please visit: https://groups.google.com/forum/#!forum/raxml

RAxML-NG was called at 16-Jul-2023 00:55:54 as follows:

raxml-ng --all --model Blosum62+G --msa results/windows/window_position_3210_3310.fa --prefix results/RaxMl/3210_3310 --msa-format FASTA --tree pars{5} --seed 239 --threads 2 --force --bs-trees 100 --bs-metric fbp

Analysis options:
  run mode: ML tree search + bootstrapping (Felsenstein Bootstrap)
  start tree(s): parsimony (5)
  bootstrap replicates: 100
  random seed: 239
  tip-inner: OFF
  pattern compression: ON
  per-rate scalers: OFF
  site repeats: ON
  branch lengths: proportional (ML estimate, algorithm: NR-FAST)
  SIMD kernels: SSE3
  parallelization: PTHREADS (2 threads), thread pinning: OFF

WARNING: Running in FORCE mode: all safety checks are disabled!

[00:00:00] Reading alignment from file: results/windows/window_position_3210_3310.fa
[00:00:00] Loaded alignment with 47 taxa and 100 sites

Alignment comprises 1 partitions and 57 patterns

Partition 0: noname
Model: BLOSUM62+G4m
Alignment sites / patterns: 100 / 57
Gaps: 0.00 %
Invariant sites: 53.00 %


NOTE: Binary MSA file created: results/RaxMl/3210_3310.raxml.rba

[00:00:00] Generating 5 parsimony starting tree(s) with 47 taxa
[00:00:00] Data distribution: max. partitions/sites/weight per thread: 1 / 29 / 2320

Starting ML tree search with 5 distinct starting trees

[00:01:07] ML tree search #1, logLikelihood: -577.533819
[00:02:01] ML tree search #2, logLikelihood: -577.533819
[00:03:04] ML tree search #3, logLikelihood: -577.533820
[00:04:13] ML tree search #4, logLikelihood: -577.533819
[00:04:48] ML tree search #5, logLikelihood: -577.863895

[00:04:48] ML tree search completed, best tree logLH: -577.533819

[00:04:48] Starting bootstrapping analysis with 100 replicates.

[00:05:34] Bootstrap tree #1, logLikelihood: -526.061200
[00:06:43] Bootstrap tree #2, logLikelihood: -581.167163
[00:07:28] Bootstrap tree #3, logLikelihood: -603.292635
[00:08:12] Bootstrap tree #4, logLikelihood: -566.653588
[00:08:57] Bootstrap tree #5, logLikelihood: -572.707286
[00:09:45] Bootstrap tree #6, logLikelihood: -551.214155
[00:10:28] Bootstrap tree #7, logLikelihood: -537.039202
[00:11:19] Bootstrap tree #8, logLikelihood: -591.632861
[00:11:56] Bootstrap tree #9, logLikelihood: -498.695989
[00:12:35] Bootstrap tree #10, logLikelihood: -622.266486
[00:14:06] Bootstrap tree #11, logLikelihood: -625.498495
[00:14:54] Bootstrap tree #12, logLikelihood: -575.093074
[00:15:43] Bootstrap tree #13, logLikelihood: -584.380795
[00:16:23] Bootstrap tree #14, logLikelihood: -579.372570
[00:17:16] Bootstrap tree #15, logLikelihood: -559.607029
[00:18:08] Bootstrap tree #16, logLikelihood: -588.607297
[00:19:18] Bootstrap tree #17, logLikelihood: -615.942636
[00:20:03] Bootstrap tree #18, logLikelihood: -612.860024
[00:21:11] Bootstrap tree #19, logLikelihood: -572.814324
[00:22:03] Bootstrap tree #20, logLikelihood: -593.332422
[00:22:52] Bootstrap tree #21, logLikelihood: -616.355336
[00:23:54] Bootstrap tree #22, logLikelihood: -543.017502
[00:24:37] Bootstrap tree #23, logLikelihood: -578.867763
[00:25:11] Bootstrap tree #24, logLikelihood: -607.228328
[00:25:57] Bootstrap tree #25, logLikelihood: -574.472822
[00:26:44] Bootstrap tree #26, logLikelihood: -598.350791
[00:27:26] Bootstrap tree #27, logLikelihood: -537.035841
[00:28:11] Bootstrap tree #28, logLikelihood: -575.893418
[00:29:19] Bootstrap tree #29, logLikelihood: -542.156108
[00:30:11] Bootstrap tree #30, logLikelihood: -534.905315
[00:30:54] Bootstrap tree #31, logLikelihood: -576.870248
[00:31:44] Bootstrap tree #32, logLikelihood: -554.739905
[00:32:36] Bootstrap tree #33, logLikelihood: -609.265437
[00:33:18] Bootstrap tree #34, logLikelihood: -613.394191
[00:33:56] Bootstrap tree #35, logLikelihood: -564.815931
[00:35:21] Bootstrap tree #36, logLikelihood: -513.862379
[00:36:11] Bootstrap tree #37, logLikelihood: -559.181417
[00:36:57] Bootstrap tree #38, logLikelihood: -545.626871
[00:37:37] Bootstrap tree #39, logLikelihood: -576.013720
[00:38:21] Bootstrap tree #40, logLikelihood: -567.459327
[00:39:00] Bootstrap tree #41, logLikelihood: -553.893089
[00:39:53] Bootstrap tree #42, logLikelihood: -561.596358
[00:41:09] Bootstrap tree #43, logLikelihood: -511.128114
[00:41:56] Bootstrap tree #44, logLikelihood: -570.880364
[00:42:48] Bootstrap tree #45, logLikelihood: -542.075356
[00:43:42] Bootstrap tree #46, logLikelihood: -589.437724
[00:44:36] Bootstrap tree #47, logLikelihood: -561.045553
[00:45:35] Bootstrap tree #48, logLikelihood: -591.639109
[00:46:13] Bootstrap tree #49, logLikelihood: -552.922961
[00:47:27] Bootstrap tree #50, logLikelihood: -540.587690
[00:48:14] Bootstrap tree #51, logLikelihood: -567.989208
[00:49:22] Bootstrap tree #52, logLikelihood: -520.566992
[00:50:13] Bootstrap tree #53, logLikelihood: -613.514234
[00:51:05] Bootstrap tree #54, logLikelihood: -631.052565
[00:51:57] Bootstrap tree #55, logLikelihood: -541.308638
[00:52:42] Bootstrap tree #56, logLikelihood: -667.205072
[00:53:26] Bootstrap tree #57, logLikelihood: -547.146189
[00:54:14] Bootstrap tree #58, logLikelihood: -504.037187
[00:55:02] Bootstrap tree #59, logLikelihood: -529.305394
[00:55:54] Bootstrap tree #60, logLikelihood: -551.609717
[00:56:39] Bootstrap tree #61, logLikelihood: -592.387600
[00:57:32] Bootstrap tree #62, logLikelihood: -522.250172
[00:58:19] Bootstrap tree #63, logLikelihood: -529.642354
