
RAxML-NG v. 0.9.0 released on 20.05.2019 by The Exelixis Lab.
Developed by: Alexey M. Kozlov and Alexandros Stamatakis.
Contributors: Diego Darriba, Tomas Flouri, Benoit Morel, Sarah Lutteropp, Ben Bettisworth.
Latest version: https://github.com/amkozlov/raxml-ng
Questions/problems/suggestions? Please visit: https://groups.google.com/forum/#!forum/raxml

RAxML-NG was called at 14-Jul-2023 15:15:01 as follows:

raxml-ng --all --model Blosum62+G --msa results/windows/window_position_3310_3410.fa --prefix results/RaxMl/3310_3410 --msa-format FASTA --tree pars{5} --seed 239 --threads 2 --force --bs-trees 100 --bs-metric fbp

Analysis options:
  run mode: ML tree search + bootstrapping (Felsenstein Bootstrap)
  start tree(s): parsimony (5)
  bootstrap replicates: 100
  random seed: 239
  tip-inner: OFF
  pattern compression: ON
  per-rate scalers: OFF
  site repeats: ON
  branch lengths: proportional (ML estimate, algorithm: NR-FAST)
  SIMD kernels: SSE3
  parallelization: PTHREADS (2 threads), thread pinning: OFF

WARNING: Running in FORCE mode: all safety checks are disabled!

[00:00:00] Reading alignment from file: results/windows/window_position_3310_3410.fa
[00:00:00] Loaded alignment with 47 taxa and 100 sites

Alignment comprises 1 partitions and 58 patterns

Partition 0: noname
Model: BLOSUM62+G4m
Alignment sites / patterns: 100 / 58
Gaps: 0.00 %
Invariant sites: 57.00 %


NOTE: Binary MSA file created: results/RaxMl/3310_3410.raxml.rba

[00:00:00] Generating 5 parsimony starting tree(s) with 47 taxa
[00:00:00] Data distribution: max. partitions/sites/weight per thread: 1 / 29 / 2320

Starting ML tree search with 5 distinct starting trees

[00:00:58] ML tree search #1, logLikelihood: -546.012740
[00:01:35] ML tree search #2, logLikelihood: -546.664589
[00:02:39] ML tree search #3, logLikelihood: -546.012681
[00:03:32] ML tree search #4, logLikelihood: -546.012113
[00:05:03] ML tree search #5, logLikelihood: -546.012503

[00:05:03] ML tree search completed, best tree logLH: -546.012113

[00:05:03] Starting bootstrapping analysis with 100 replicates.

[00:05:43] Bootstrap tree #1, logLikelihood: -545.477789
[00:06:34] Bootstrap tree #2, logLikelihood: -514.649903
[00:07:27] Bootstrap tree #3, logLikelihood: -537.720693
[00:08:17] Bootstrap tree #4, logLikelihood: -550.049822
[00:09:05] Bootstrap tree #5, logLikelihood: -522.921664
[00:09:55] Bootstrap tree #6, logLikelihood: -570.100143
[00:10:47] Bootstrap tree #7, logLikelihood: -551.726166
[00:11:37] Bootstrap tree #8, logLikelihood: -563.354358
[00:12:28] Bootstrap tree #9, logLikelihood: -555.562215
[00:13:14] Bootstrap tree #10, logLikelihood: -521.812786
[00:14:01] Bootstrap tree #11, logLikelihood: -545.279107
[00:14:54] Bootstrap tree #12, logLikelihood: -543.060710
[00:15:59] Bootstrap tree #13, logLikelihood: -510.264848
[00:16:46] Bootstrap tree #14, logLikelihood: -532.462536
[00:17:35] Bootstrap tree #15, logLikelihood: -556.191501
[00:18:32] Bootstrap tree #16, logLikelihood: -610.093661
[00:19:19] Bootstrap tree #17, logLikelihood: -500.245716
