
RAxML-NG v. 0.9.0 released on 20.05.2019 by The Exelixis Lab.
Developed by: Alexey M. Kozlov and Alexandros Stamatakis.
Contributors: Diego Darriba, Tomas Flouri, Benoit Morel, Sarah Lutteropp, Ben Bettisworth.
Latest version: https://github.com/amkozlov/raxml-ng
Questions/problems/suggestions? Please visit: https://groups.google.com/forum/#!forum/raxml

RAxML-NG was called at 13-Jul-2023 21:12:38 as follows:

raxml-ng --all --model Blosum62+G --msa results/windows/window_position_3380_3480.fa --prefix results/RaxMl/3380_3480 --msa-format FASTA --tree pars{5} --seed 239 --threads 2 --force --bs-trees 100 --bs-metric fbp

Analysis options:
  run mode: ML tree search + bootstrapping (Felsenstein Bootstrap)
  start tree(s): parsimony (5)
  bootstrap replicates: 100
  random seed: 239
  tip-inner: OFF
  pattern compression: ON
  per-rate scalers: OFF
  site repeats: ON
  branch lengths: proportional (ML estimate, algorithm: NR-FAST)
  SIMD kernels: SSE3
  parallelization: PTHREADS (2 threads), thread pinning: OFF

WARNING: Running in FORCE mode: all safety checks are disabled!

[00:00:00] Reading alignment from file: results/windows/window_position_3380_3480.fa
[00:00:00] Loaded alignment with 47 taxa and 100 sites

Alignment comprises 1 partitions and 50 patterns

Partition 0: noname
Model: BLOSUM62+G4m
Alignment sites / patterns: 100 / 50
Gaps: 0.00 %
Invariant sites: 61.00 %


NOTE: Binary MSA file created: results/RaxMl/3380_3480.raxml.rba

[00:00:00] Generating 5 parsimony starting tree(s) with 47 taxa
[00:00:00] Data distribution: max. partitions/sites/weight per thread: 1 / 25 / 2000

Starting ML tree search with 5 distinct starting trees

[00:00:51] ML tree search #1, logLikelihood: -502.543430
[00:01:26] ML tree search #2, logLikelihood: -503.489260
[00:02:24] ML tree search #3, logLikelihood: -502.543545
[00:03:18] ML tree search #4, logLikelihood: -502.542814
[00:04:13] ML tree search #5, logLikelihood: -503.242085

[00:04:13] ML tree search completed, best tree logLH: -502.542814

[00:04:13] Starting bootstrapping analysis with 100 replicates.

[00:05:13] Bootstrap tree #1, logLikelihood: -501.101678
[00:05:59] Bootstrap tree #2, logLikelihood: -497.191425
[00:06:47] Bootstrap tree #3, logLikelihood: -530.303872
[00:07:45] Bootstrap tree #4, logLikelihood: -528.615461
[00:08:33] Bootstrap tree #5, logLikelihood: -533.363180
[00:09:14] Bootstrap tree #6, logLikelihood: -500.099814
[00:10:01] Bootstrap tree #7, logLikelihood: -492.918657
[00:10:49] Bootstrap tree #8, logLikelihood: -518.150769
[00:11:30] Bootstrap tree #9, logLikelihood: -505.788421
[00:12:15] Bootstrap tree #10, logLikelihood: -506.695719
[00:13:11] Bootstrap tree #11, logLikelihood: -505.316896
[00:14:01] Bootstrap tree #12, logLikelihood: -506.252102
[00:14:50] Bootstrap tree #13, logLikelihood: -519.082339
[00:15:29] Bootstrap tree #14, logLikelihood: -514.795502
[00:16:21] Bootstrap tree #15, logLikelihood: -516.017702
[00:17:08] Bootstrap tree #16, logLikelihood: -516.592696
[00:17:55] Bootstrap tree #17, logLikelihood: -519.679510
[00:18:42] Bootstrap tree #18, logLikelihood: -527.168436
[00:19:57] Bootstrap tree #19, logLikelihood: -487.133569
[00:21:16] Bootstrap tree #20, logLikelihood: -529.815114
[00:22:09] Bootstrap tree #21, logLikelihood: -508.171979
[00:22:48] Bootstrap tree #22, logLikelihood: -481.344567
[00:23:45] Bootstrap tree #23, logLikelihood: -476.352641
[00:24:29] Bootstrap tree #24, logLikelihood: -448.332009
[00:25:07] Bootstrap tree #25, logLikelihood: -511.581974
[00:25:50] Bootstrap tree #26, logLikelihood: -469.622475
[00:26:37] Bootstrap tree #27, logLikelihood: -473.624252
[00:27:23] Bootstrap tree #28, logLikelihood: -513.475022
[00:28:15] Bootstrap tree #29, logLikelihood: -457.954509
[00:29:07] Bootstrap tree #30, logLikelihood: -509.401980
[00:29:49] Bootstrap tree #31, logLikelihood: -528.981218
[00:31:10] Bootstrap tree #32, logLikelihood: -464.694887
[00:32:15] Bootstrap tree #33, logLikelihood: -507.124209
[00:33:07] Bootstrap tree #34, logLikelihood: -550.153112
[00:33:55] Bootstrap tree #35, logLikelihood: -515.839418
[00:34:42] Bootstrap tree #36, logLikelihood: -484.427744
[00:35:25] Bootstrap tree #37, logLikelihood: -503.048233
[00:36:10] Bootstrap tree #38, logLikelihood: -510.206858
[00:36:54] Bootstrap tree #39, logLikelihood: -505.294524
[00:37:51] Bootstrap tree #40, logLikelihood: -510.702302
[00:39:11] Bootstrap tree #41, logLikelihood: -498.168717
[00:39:55] Bootstrap tree #42, logLikelihood: -509.415373
[00:40:39] Bootstrap tree #43, logLikelihood: -457.040647
[00:41:30] Bootstrap tree #44, logLikelihood: -474.138363
[00:42:08] Bootstrap tree #45, logLikelihood: -455.869206
[00:43:00] Bootstrap tree #46, logLikelihood: -500.684728
[00:43:45] Bootstrap tree #47, logLikelihood: -495.602209
[00:44:36] Bootstrap tree #48, logLikelihood: -517.202004
[00:45:40] Bootstrap tree #49, logLikelihood: -490.320756
[00:46:26] Bootstrap tree #50, logLikelihood: -479.974583
[00:47:12] Bootstrap tree #51, logLikelihood: -511.644240
[00:47:48] Bootstrap tree #52, logLikelihood: -438.264764
[00:48:37] Bootstrap tree #53, logLikelihood: -519.296302
[00:49:26] Bootstrap tree #54, logLikelihood: -502.534406
[00:50:16] Bootstrap tree #55, logLikelihood: -522.099181
[00:51:09] Bootstrap tree #56, logLikelihood: -493.024967
[00:52:11] Bootstrap tree #57, logLikelihood: -460.931244
[00:53:22] Bootstrap tree #58, logLikelihood: -463.779790
[00:54:06] Bootstrap tree #59, logLikelihood: -463.218277
[00:54:50] Bootstrap tree #60, logLikelihood: -511.005462
[00:55:42] Bootstrap tree #61, logLikelihood: -480.555371
