
RAxML-NG v. 0.9.0 released on 20.05.2019 by The Exelixis Lab.
Developed by: Alexey M. Kozlov and Alexandros Stamatakis.
Contributors: Diego Darriba, Tomas Flouri, Benoit Morel, Sarah Lutteropp, Ben Bettisworth.
Latest version: https://github.com/amkozlov/raxml-ng
Questions/problems/suggestions? Please visit: https://groups.google.com/forum/#!forum/raxml

RAxML-NG was called at 14-Jul-2023 07:04:41 as follows:

raxml-ng --all --model Blosum62+G --msa results/windows/window_position_3390_3490.fa --prefix results/RaxMl/3390_3490 --msa-format FASTA --tree pars{5} --seed 239 --threads 2 --force --bs-trees 100 --bs-metric fbp

Analysis options:
  run mode: ML tree search + bootstrapping (Felsenstein Bootstrap)
  start tree(s): parsimony (5)
  bootstrap replicates: 100
  random seed: 239
  tip-inner: OFF
  pattern compression: ON
  per-rate scalers: OFF
  site repeats: ON
  branch lengths: proportional (ML estimate, algorithm: NR-FAST)
  SIMD kernels: SSE3
  parallelization: PTHREADS (2 threads), thread pinning: OFF

WARNING: Running in FORCE mode: all safety checks are disabled!

[00:00:00] Reading alignment from file: results/windows/window_position_3390_3490.fa
[00:00:00] Loaded alignment with 47 taxa and 100 sites

Alignment comprises 1 partitions and 50 patterns

Partition 0: noname
Model: BLOSUM62+G4m
Alignment sites / patterns: 100 / 50
Gaps: 0.00 %
Invariant sites: 62.00 %


NOTE: Binary MSA file created: results/RaxMl/3390_3490.raxml.rba

[00:00:00] Generating 5 parsimony starting tree(s) with 47 taxa
[00:00:00] Data distribution: max. partitions/sites/weight per thread: 1 / 25 / 2000

Starting ML tree search with 5 distinct starting trees

[00:00:52] ML tree search #1, logLikelihood: -499.599190
[00:01:27] ML tree search #2, logLikelihood: -500.511034
[00:02:26] ML tree search #3, logLikelihood: -499.599306
[00:03:09] ML tree search #4, logLikelihood: -499.598381
[00:04:10] ML tree search #5, logLikelihood: -500.281342

[00:04:10] ML tree search completed, best tree logLH: -499.598381

[00:04:10] Starting bootstrapping analysis with 100 replicates.

