
RAxML-NG v. 0.9.0 released on 20.05.2019 by The Exelixis Lab.
Developed by: Alexey M. Kozlov and Alexandros Stamatakis.
Contributors: Diego Darriba, Tomas Flouri, Benoit Morel, Sarah Lutteropp, Ben Bettisworth.
Latest version: https://github.com/amkozlov/raxml-ng
Questions/problems/suggestions? Please visit: https://groups.google.com/forum/#!forum/raxml

RAxML-NG was called at 13-Jul-2023 22:40:14 as follows:

raxml-ng --all --model Blosum62+G --msa results/windows/window_position_3610_3710.fa --prefix results/RaxMl/3610_3710 --msa-format FASTA --tree pars{5} --seed 239 --threads 2 --force --bs-trees 100 --bs-metric fbp

Analysis options:
  run mode: ML tree search + bootstrapping (Felsenstein Bootstrap)
  start tree(s): parsimony (5)
  bootstrap replicates: 100
  random seed: 239
  tip-inner: OFF
  pattern compression: ON
  per-rate scalers: OFF
  site repeats: ON
  branch lengths: proportional (ML estimate, algorithm: NR-FAST)
  SIMD kernels: SSE3
  parallelization: PTHREADS (2 threads), thread pinning: OFF

WARNING: Running in FORCE mode: all safety checks are disabled!

[00:00:00] Reading alignment from file: results/windows/window_position_3610_3710.fa
[00:00:00] Loaded alignment with 47 taxa and 100 sites

Alignment comprises 1 partitions and 56 patterns

Partition 0: noname
Model: BLOSUM62+G4m
Alignment sites / patterns: 100 / 56
Gaps: 0.00 %
Invariant sites: 59.00 %


NOTE: Binary MSA file created: results/RaxMl/3610_3710.raxml.rba

[00:00:00] Generating 5 parsimony starting tree(s) with 47 taxa
[00:00:00] Data distribution: max. partitions/sites/weight per thread: 1 / 28 / 2240

Starting ML tree search with 5 distinct starting trees

[00:01:15] ML tree search #1, logLikelihood: -598.865317
[00:02:24] ML tree search #2, logLikelihood: -598.865373
[00:03:14] ML tree search #3, logLikelihood: -602.940582
[00:04:34] ML tree search #4, logLikelihood: -598.865266
[00:05:46] ML tree search #5, logLikelihood: -598.865264

[00:05:46] ML tree search completed, best tree logLH: -598.865264

[00:05:46] Starting bootstrapping analysis with 100 replicates.

[00:06:44] Bootstrap tree #1, logLikelihood: -576.428853
[00:07:31] Bootstrap tree #2, logLikelihood: -557.597011
[00:08:32] Bootstrap tree #3, logLikelihood: -563.521387
[00:09:23] Bootstrap tree #4, logLikelihood: -612.327858
[00:10:16] Bootstrap tree #5, logLikelihood: -609.296680
[00:11:10] Bootstrap tree #6, logLikelihood: -562.449564
[00:11:59] Bootstrap tree #7, logLikelihood: -576.448364
[00:12:46] Bootstrap tree #8, logLikelihood: -630.598855
[00:13:41] Bootstrap tree #9, logLikelihood: -633.690884
[00:14:27] Bootstrap tree #10, logLikelihood: -598.975115
[00:15:11] Bootstrap tree #11, logLikelihood: -601.182592
[00:15:56] Bootstrap tree #12, logLikelihood: -631.345439
[00:17:22] Bootstrap tree #13, logLikelihood: -623.152272
[00:18:51] Bootstrap tree #14, logLikelihood: -574.587029
[00:19:31] Bootstrap tree #15, logLikelihood: -556.064973
[00:20:32] Bootstrap tree #16, logLikelihood: -627.170158
[00:21:51] Bootstrap tree #17, logLikelihood: -677.911070
[00:22:40] Bootstrap tree #18, logLikelihood: -535.452219
[00:23:41] Bootstrap tree #19, logLikelihood: -568.872225
[00:24:47] Bootstrap tree #20, logLikelihood: -673.000531
[00:25:45] Bootstrap tree #21, logLikelihood: -584.521694
[00:27:04] Bootstrap tree #22, logLikelihood: -547.792573
[00:27:47] Bootstrap tree #23, logLikelihood: -710.889494
[00:28:26] Bootstrap tree #24, logLikelihood: -632.377844
[00:29:29] Bootstrap tree #25, logLikelihood: -614.455159
[00:30:09] Bootstrap tree #26, logLikelihood: -550.383793
[00:31:05] Bootstrap tree #27, logLikelihood: -578.442325
[00:31:55] Bootstrap tree #28, logLikelihood: -661.609796
[00:33:01] Bootstrap tree #29, logLikelihood: -606.004693
[00:33:55] Bootstrap tree #30, logLikelihood: -591.790568
[00:35:01] Bootstrap tree #31, logLikelihood: -560.351148
[00:36:23] Bootstrap tree #32, logLikelihood: -504.871443
[00:37:51] Bootstrap tree #33, logLikelihood: -501.528899
[00:38:34] Bootstrap tree #34, logLikelihood: -651.124772
[00:39:23] Bootstrap tree #35, logLikelihood: -698.080775
[00:40:13] Bootstrap tree #36, logLikelihood: -620.242871
[00:40:59] Bootstrap tree #37, logLikelihood: -577.707999
[00:41:49] Bootstrap tree #38, logLikelihood: -624.436953
[00:42:47] Bootstrap tree #39, logLikelihood: -596.582192
[00:43:36] Bootstrap tree #40, logLikelihood: -634.954334
