
RAxML-NG v. 0.9.0 released on 20.05.2019 by The Exelixis Lab.
Developed by: Alexey M. Kozlov and Alexandros Stamatakis.
Contributors: Diego Darriba, Tomas Flouri, Benoit Morel, Sarah Lutteropp, Ben Bettisworth.
Latest version: https://github.com/amkozlov/raxml-ng
Questions/problems/suggestions? Please visit: https://groups.google.com/forum/#!forum/raxml

RAxML-NG was called at 13-Jul-2023 09:58:59 as follows:

raxml-ng --all --model Blosum62+G --msa results/windows/window_position_3690_3790.fa --prefix results/RaxMl/3690_3790 --msa-format FASTA --tree pars{5} --seed 239 --threads 2 --force --bs-trees 100 --bs-metric fbp

Analysis options:
  run mode: ML tree search + bootstrapping (Felsenstein Bootstrap)
  start tree(s): parsimony (5)
  bootstrap replicates: 100
  random seed: 239
  tip-inner: OFF
  pattern compression: ON
  per-rate scalers: OFF
  site repeats: ON
  branch lengths: proportional (ML estimate, algorithm: NR-FAST)
  SIMD kernels: SSE3
  parallelization: PTHREADS (2 threads), thread pinning: OFF

WARNING: Running in FORCE mode: all safety checks are disabled!

[00:00:00] Reading alignment from file: results/windows/window_position_3690_3790.fa
[00:00:00] Loaded alignment with 47 taxa and 100 sites

Alignment comprises 1 partitions and 55 patterns

Partition 0: noname
Model: BLOSUM62+G4m
Alignment sites / patterns: 100 / 55
Gaps: 0.00 %
Invariant sites: 64.00 %


NOTE: Binary MSA file created: results/RaxMl/3690_3790.raxml.rba

[00:00:00] Generating 5 parsimony starting tree(s) with 47 taxa
[00:00:00] Data distribution: max. partitions/sites/weight per thread: 1 / 28 / 2240

Starting ML tree search with 5 distinct starting trees

[00:00:34] ML tree search #1, logLikelihood: -495.437231
[00:01:10] ML tree search #2, logLikelihood: -495.437229
[00:01:49] ML tree search #3, logLikelihood: -495.437227
[00:02:27] ML tree search #4, logLikelihood: -495.437231
[00:03:04] ML tree search #5, logLikelihood: -495.437231

[00:03:04] ML tree search completed, best tree logLH: -495.437227

[00:03:04] Starting bootstrapping analysis with 100 replicates.

[00:03:44] Bootstrap tree #1, logLikelihood: -473.422296
[00:04:59] Bootstrap tree #2, logLikelihood: -493.430845
[00:05:55] Bootstrap tree #3, logLikelihood: -485.194642
[00:06:35] Bootstrap tree #4, logLikelihood: -524.679236
[00:07:51] Bootstrap tree #5, logLikelihood: -513.833600
[00:08:39] Bootstrap tree #6, logLikelihood: -494.667829
[00:09:17] Bootstrap tree #7, logLikelihood: -490.270306
[00:09:55] Bootstrap tree #8, logLikelihood: -513.050190
[00:10:42] Bootstrap tree #9, logLikelihood: -519.644269
[00:11:33] Bootstrap tree #10, logLikelihood: -474.113079
[00:12:20] Bootstrap tree #11, logLikelihood: -432.257878
[00:13:00] Bootstrap tree #12, logLikelihood: -511.957407
[00:14:14] Bootstrap tree #13, logLikelihood: -529.846520
[00:14:57] Bootstrap tree #14, logLikelihood: -469.764754
[00:15:44] Bootstrap tree #15, logLikelihood: -449.492769
[00:16:29] Bootstrap tree #16, logLikelihood: -493.732179
[00:17:10] Bootstrap tree #17, logLikelihood: -486.390616
[00:18:01] Bootstrap tree #18, logLikelihood: -467.141421
[00:18:45] Bootstrap tree #19, logLikelihood: -480.846379
[00:19:29] Bootstrap tree #20, logLikelihood: -487.422272
[00:21:00] Bootstrap tree #21, logLikelihood: -464.855031
[00:21:42] Bootstrap tree #22, logLikelihood: -499.895187
