
RAxML-NG v. 0.9.0 released on 20.05.2019 by The Exelixis Lab.
Developed by: Alexey M. Kozlov and Alexandros Stamatakis.
Contributors: Diego Darriba, Tomas Flouri, Benoit Morel, Sarah Lutteropp, Ben Bettisworth.
Latest version: https://github.com/amkozlov/raxml-ng
Questions/problems/suggestions? Please visit: https://groups.google.com/forum/#!forum/raxml

RAxML-NG was called at 14-Jul-2023 14:12:32 as follows:

raxml-ng --all --model Blosum62+G --msa results/windows/window_position_370_470.fa --prefix results/RaxMl/370_470 --msa-format FASTA --tree pars{5} --seed 239 --threads 2 --force --bs-trees 100 --bs-metric fbp

Analysis options:
  run mode: ML tree search + bootstrapping (Felsenstein Bootstrap)
  start tree(s): parsimony (5)
  bootstrap replicates: 100
  random seed: 239
  tip-inner: OFF
  pattern compression: ON
  per-rate scalers: OFF
  site repeats: ON
  branch lengths: proportional (ML estimate, algorithm: NR-FAST)
  SIMD kernels: SSE3
  parallelization: PTHREADS (2 threads), thread pinning: OFF

WARNING: Running in FORCE mode: all safety checks are disabled!

[00:00:00] Reading alignment from file: results/windows/window_position_370_470.fa
[00:00:00] Loaded alignment with 47 taxa and 100 sites

Alignment comprises 1 partitions and 98 patterns

Partition 0: noname
Model: BLOSUM62+G4m
Alignment sites / patterns: 100 / 98
Gaps: 0.00 %
Invariant sites: 4.00 %


NOTE: Binary MSA file created: results/RaxMl/370_470.raxml.rba

[00:00:00] Generating 5 parsimony starting tree(s) with 47 taxa
[00:00:00] Data distribution: max. partitions/sites/weight per thread: 1 / 49 / 3920

Starting ML tree search with 5 distinct starting trees

[00:01:38] ML tree search #1, logLikelihood: -1466.578363
[00:02:48] ML tree search #2, logLikelihood: -1467.486369
[00:04:03] ML tree search #3, logLikelihood: -1467.614632
[00:05:58] ML tree search #4, logLikelihood: -1467.490086
[00:07:09] ML tree search #5, logLikelihood: -1466.578196

[00:07:09] ML tree search completed, best tree logLH: -1466.578196

[00:07:09] Starting bootstrapping analysis with 100 replicates.

[00:08:22] Bootstrap tree #1, logLikelihood: -1352.646703
[00:09:35] Bootstrap tree #2, logLikelihood: -1459.343800
[00:11:30] Bootstrap tree #3, logLikelihood: -1430.555503
[00:12:48] Bootstrap tree #4, logLikelihood: -1423.357958
[00:14:01] Bootstrap tree #5, logLikelihood: -1475.625510
[00:15:44] Bootstrap tree #6, logLikelihood: -1519.967712
[00:17:04] Bootstrap tree #7, logLikelihood: -1437.643012
[00:18:27] Bootstrap tree #8, logLikelihood: -1490.483070
[00:20:16] Bootstrap tree #9, logLikelihood: -1469.035201
[00:21:27] Bootstrap tree #10, logLikelihood: -1451.020738
[00:22:32] Bootstrap tree #11, logLikelihood: -1409.254364
[00:23:40] Bootstrap tree #12, logLikelihood: -1540.382729
[00:24:45] Bootstrap tree #13, logLikelihood: -1436.548933
[00:25:57] Bootstrap tree #14, logLikelihood: -1444.281496
[00:28:06] Bootstrap tree #15, logLikelihood: -1480.030522
[00:29:25] Bootstrap tree #16, logLikelihood: -1587.699040
[00:30:24] Bootstrap tree #17, logLikelihood: -1403.063720
[00:31:40] Bootstrap tree #18, logLikelihood: -1471.617891
[00:32:43] Bootstrap tree #19, logLikelihood: -1436.741232
[00:33:57] Bootstrap tree #20, logLikelihood: -1417.922086
[00:35:27] Bootstrap tree #21, logLikelihood: -1420.107476
[00:37:18] Bootstrap tree #22, logLikelihood: -1427.718933
[00:38:41] Bootstrap tree #23, logLikelihood: -1447.353537
[00:39:59] Bootstrap tree #24, logLikelihood: -1453.355933
[00:41:10] Bootstrap tree #25, logLikelihood: -1375.646697
[00:42:18] Bootstrap tree #26, logLikelihood: -1360.129616
[00:43:36] Bootstrap tree #27, logLikelihood: -1329.251834
[00:44:42] Bootstrap tree #28, logLikelihood: -1406.707920
[00:46:00] Bootstrap tree #29, logLikelihood: -1339.488224
[00:47:41] Bootstrap tree #30, logLikelihood: -1422.264907
[00:48:53] Bootstrap tree #31, logLikelihood: -1408.370539
[00:49:51] Bootstrap tree #32, logLikelihood: -1412.719073
[00:50:56] Bootstrap tree #33, logLikelihood: -1454.423320
[00:52:37] Bootstrap tree #34, logLikelihood: -1460.883136
[00:54:15] Bootstrap tree #35, logLikelihood: -1384.708796
[00:55:28] Bootstrap tree #36, logLikelihood: -1413.594025
[00:56:32] Bootstrap tree #37, logLikelihood: -1434.014802
[00:57:34] Bootstrap tree #38, logLikelihood: -1336.516213
[00:58:41] Bootstrap tree #39, logLikelihood: -1446.083327
[00:59:44] Bootstrap tree #40, logLikelihood: -1458.624066
[01:01:10] Bootstrap tree #41, logLikelihood: -1481.522666
[01:02:15] Bootstrap tree #42, logLikelihood: -1331.779676
[01:03:22] Bootstrap tree #43, logLikelihood: -1493.162459
[01:04:25] Bootstrap tree #44, logLikelihood: -1399.374258
[01:05:37] Bootstrap tree #45, logLikelihood: -1564.104226
[01:06:43] Bootstrap tree #46, logLikelihood: -1471.632799
[01:07:50] Bootstrap tree #47, logLikelihood: -1479.004280
[01:09:36] Bootstrap tree #48, logLikelihood: -1412.327549
[01:10:44] Bootstrap tree #49, logLikelihood: -1474.891946
[01:11:53] Bootstrap tree #50, logLikelihood: -1410.156400
[01:12:52] Bootstrap tree #51, logLikelihood: -1456.581101
[01:14:25] Bootstrap tree #52, logLikelihood: -1367.846990
[01:15:38] Bootstrap tree #53, logLikelihood: -1501.941880
[01:17:01] Bootstrap tree #54, logLikelihood: -1491.038240
[01:18:06] Bootstrap tree #55, logLikelihood: -1389.334910
[01:19:20] Bootstrap tree #56, logLikelihood: -1372.158936
[01:20:35] Bootstrap tree #57, logLikelihood: -1478.801909
[01:21:57] Bootstrap tree #58, logLikelihood: -1422.913483
