
RAxML-NG v. 0.9.0 released on 20.05.2019 by The Exelixis Lab.
Developed by: Alexey M. Kozlov and Alexandros Stamatakis.
Contributors: Diego Darriba, Tomas Flouri, Benoit Morel, Sarah Lutteropp, Ben Bettisworth.
Latest version: https://github.com/amkozlov/raxml-ng
Questions/problems/suggestions? Please visit: https://groups.google.com/forum/#!forum/raxml

RAxML-NG was called at 13-Jul-2023 12:50:10 as follows:

raxml-ng --all --model Blosum62+G --msa results/windows/window_position_3740_3840.fa --prefix results/RaxMl/3740_3840 --msa-format FASTA --tree pars{5} --seed 239 --threads 2 --force --bs-trees 100 --bs-metric fbp

Analysis options:
  run mode: ML tree search + bootstrapping (Felsenstein Bootstrap)
  start tree(s): parsimony (5)
  bootstrap replicates: 100
  random seed: 239
  tip-inner: OFF
  pattern compression: ON
  per-rate scalers: OFF
  site repeats: ON
  branch lengths: proportional (ML estimate, algorithm: NR-FAST)
  SIMD kernels: SSE3
  parallelization: PTHREADS (2 threads), thread pinning: OFF

WARNING: Running in FORCE mode: all safety checks are disabled!

[00:00:00] Reading alignment from file: results/windows/window_position_3740_3840.fa
[00:00:00] Loaded alignment with 47 taxa and 100 sites

Alignment comprises 1 partitions and 57 patterns

Partition 0: noname
Model: BLOSUM62+G4m
Alignment sites / patterns: 100 / 57
Gaps: 0.00 %
Invariant sites: 59.00 %


NOTE: Binary MSA file created: results/RaxMl/3740_3840.raxml.rba

[00:00:00] Generating 5 parsimony starting tree(s) with 47 taxa
[00:00:00] Data distribution: max. partitions/sites/weight per thread: 1 / 29 / 2320

Starting ML tree search with 5 distinct starting trees

[00:00:32] ML tree search #1, logLikelihood: -477.034143
[00:01:05] ML tree search #2, logLikelihood: -477.034144
[00:01:39] ML tree search #3, logLikelihood: -477.034144
[00:02:16] ML tree search #4, logLikelihood: -477.034142
[00:02:51] ML tree search #5, logLikelihood: -477.034143

[00:02:51] ML tree search completed, best tree logLH: -477.034142

[00:02:51] Starting bootstrapping analysis with 100 replicates.

[00:03:29] Bootstrap tree #1, logLikelihood: -473.042427
[00:04:15] Bootstrap tree #2, logLikelihood: -515.200539
[00:05:13] Bootstrap tree #3, logLikelihood: -471.376181
[00:06:14] Bootstrap tree #4, logLikelihood: -497.080975
[00:07:12] Bootstrap tree #5, logLikelihood: -483.724991
[00:07:56] Bootstrap tree #6, logLikelihood: -476.102264
