
RAxML-NG v. 0.9.0 released on 20.05.2019 by The Exelixis Lab.
Developed by: Alexey M. Kozlov and Alexandros Stamatakis.
Contributors: Diego Darriba, Tomas Flouri, Benoit Morel, Sarah Lutteropp, Ben Bettisworth.
Latest version: https://github.com/amkozlov/raxml-ng
Questions/problems/suggestions? Please visit: https://groups.google.com/forum/#!forum/raxml

RAxML-NG was called at 13-Jul-2023 22:33:52 as follows:

raxml-ng --all --model Blosum62+G --msa results/windows/window_position_3750_3850.fa --prefix results/RaxMl/3750_3850 --msa-format FASTA --tree pars{5} --seed 239 --threads 2 --force --bs-trees 100 --bs-metric fbp

Analysis options:
  run mode: ML tree search + bootstrapping (Felsenstein Bootstrap)
  start tree(s): parsimony (5)
  bootstrap replicates: 100
  random seed: 239
  tip-inner: OFF
  pattern compression: ON
  per-rate scalers: OFF
  site repeats: ON
  branch lengths: proportional (ML estimate, algorithm: NR-FAST)
  SIMD kernels: SSE3
  parallelization: PTHREADS (2 threads), thread pinning: OFF

WARNING: Running in FORCE mode: all safety checks are disabled!

[00:00:00] Reading alignment from file: results/windows/window_position_3750_3850.fa
[00:00:00] Loaded alignment with 47 taxa and 100 sites

Alignment comprises 1 partitions and 60 patterns

Partition 0: noname
Model: BLOSUM62+G4m
Alignment sites / patterns: 100 / 60
Gaps: 0.00 %
Invariant sites: 51.00 %


NOTE: Binary MSA file created: results/RaxMl/3750_3850.raxml.rba

[00:00:00] Generating 5 parsimony starting tree(s) with 47 taxa
[00:00:00] Data distribution: max. partitions/sites/weight per thread: 1 / 30 / 2400

Starting ML tree search with 5 distinct starting trees

[00:00:35] ML tree search #1, logLikelihood: -507.424218
[00:01:12] ML tree search #2, logLikelihood: -507.424225
[00:01:48] ML tree search #3, logLikelihood: -507.424225
[00:02:24] ML tree search #4, logLikelihood: -507.424218
[00:03:00] ML tree search #5, logLikelihood: -507.424218

[00:03:00] ML tree search completed, best tree logLH: -507.424218

[00:03:00] Starting bootstrapping analysis with 100 replicates.

[00:03:41] Bootstrap tree #1, logLikelihood: -506.322594
[00:04:25] Bootstrap tree #2, logLikelihood: -478.621540
[00:05:12] Bootstrap tree #3, logLikelihood: -520.219064
[00:06:38] Bootstrap tree #4, logLikelihood: -503.370650
[00:07:28] Bootstrap tree #5, logLikelihood: -499.516965
[00:08:19] Bootstrap tree #6, logLikelihood: -499.516631
[00:09:11] Bootstrap tree #7, logLikelihood: -540.475302
[00:10:19] Bootstrap tree #8, logLikelihood: -503.088127
[00:11:00] Bootstrap tree #9, logLikelihood: -496.523438
[00:11:40] Bootstrap tree #10, logLikelihood: -495.161499
[00:12:25] Bootstrap tree #11, logLikelihood: -513.076126
[00:13:19] Bootstrap tree #12, logLikelihood: -526.097988
[00:14:07] Bootstrap tree #13, logLikelihood: -495.294178
[00:14:49] Bootstrap tree #14, logLikelihood: -506.865095
[00:15:38] Bootstrap tree #15, logLikelihood: -506.265854
[00:16:31] Bootstrap tree #16, logLikelihood: -572.830096
[00:17:16] Bootstrap tree #17, logLikelihood: -562.213086
[00:18:22] Bootstrap tree #18, logLikelihood: -477.647779
[00:19:19] Bootstrap tree #19, logLikelihood: -489.549647
[00:20:25] Bootstrap tree #20, logLikelihood: -535.203500
[00:21:14] Bootstrap tree #21, logLikelihood: -499.877504
[00:21:58] Bootstrap tree #22, logLikelihood: -453.909235
[00:22:46] Bootstrap tree #23, logLikelihood: -503.689969
[00:23:26] Bootstrap tree #24, logLikelihood: -504.836350
[00:24:07] Bootstrap tree #25, logLikelihood: -531.312816
[00:24:53] Bootstrap tree #26, logLikelihood: -518.306154
[00:25:42] Bootstrap tree #27, logLikelihood: -517.079734
[00:26:36] Bootstrap tree #28, logLikelihood: -504.300561
[00:27:23] Bootstrap tree #29, logLikelihood: -499.836746
[00:28:14] Bootstrap tree #30, logLikelihood: -490.944446
[00:28:57] Bootstrap tree #31, logLikelihood: -525.277273
[00:29:44] Bootstrap tree #32, logLikelihood: -515.947026
[00:30:46] Bootstrap tree #33, logLikelihood: -500.706416
[00:31:28] Bootstrap tree #34, logLikelihood: -521.303394
[00:32:19] Bootstrap tree #35, logLikelihood: -512.502451
[00:33:12] Bootstrap tree #36, logLikelihood: -495.741037
[00:33:59] Bootstrap tree #37, logLikelihood: -501.066357
[00:34:39] Bootstrap tree #38, logLikelihood: -526.282910
[00:35:26] Bootstrap tree #39, logLikelihood: -482.412294
[00:36:21] Bootstrap tree #40, logLikelihood: -510.116348
[00:37:08] Bootstrap tree #41, logLikelihood: -492.476486
[00:37:58] Bootstrap tree #42, logLikelihood: -515.297130
[00:38:45] Bootstrap tree #43, logLikelihood: -516.615688
[00:39:57] Bootstrap tree #44, logLikelihood: -520.623828
[00:40:56] Bootstrap tree #45, logLikelihood: -503.887910
[00:42:37] Bootstrap tree #46, logLikelihood: -507.278022
[00:43:29] Bootstrap tree #47, logLikelihood: -525.720167
[00:44:20] Bootstrap tree #48, logLikelihood: -498.430822
[00:45:08] Bootstrap tree #49, logLikelihood: -531.373212
[00:46:01] Bootstrap tree #50, logLikelihood: -519.840397
[00:46:48] Bootstrap tree #51, logLikelihood: -513.335828
[00:47:32] Bootstrap tree #52, logLikelihood: -530.969923
[00:48:17] Bootstrap tree #53, logLikelihood: -514.695946
[00:49:12] Bootstrap tree #54, logLikelihood: -492.318290
[00:50:03] Bootstrap tree #55, logLikelihood: -533.338520
