
RAxML-NG v. 0.9.0 released on 20.05.2019 by The Exelixis Lab.
Developed by: Alexey M. Kozlov and Alexandros Stamatakis.
Contributors: Diego Darriba, Tomas Flouri, Benoit Morel, Sarah Lutteropp, Ben Bettisworth.
Latest version: https://github.com/amkozlov/raxml-ng
Questions/problems/suggestions? Please visit: https://groups.google.com/forum/#!forum/raxml

RAxML-NG was called at 14-Jul-2023 06:18:40 as follows:

raxml-ng --all --model Blosum62+G --msa results/windows/window_position_3760_3860.fa --prefix results/RaxMl/3760_3860 --msa-format FASTA --tree pars{5} --seed 239 --threads 2 --force --bs-trees 100 --bs-metric fbp

Analysis options:
  run mode: ML tree search + bootstrapping (Felsenstein Bootstrap)
  start tree(s): parsimony (5)
  bootstrap replicates: 100
  random seed: 239
  tip-inner: OFF
  pattern compression: ON
  per-rate scalers: OFF
  site repeats: ON
  branch lengths: proportional (ML estimate, algorithm: NR-FAST)
  SIMD kernels: SSE3
  parallelization: PTHREADS (2 threads), thread pinning: OFF

WARNING: Running in FORCE mode: all safety checks are disabled!

[00:00:00] Reading alignment from file: results/windows/window_position_3760_3860.fa
[00:00:00] Loaded alignment with 47 taxa and 100 sites

Alignment comprises 1 partitions and 59 patterns

Partition 0: noname
Model: BLOSUM62+G4m
Alignment sites / patterns: 100 / 59
Gaps: 0.00 %
Invariant sites: 52.00 %


NOTE: Binary MSA file created: results/RaxMl/3760_3860.raxml.rba

[00:00:00] Generating 5 parsimony starting tree(s) with 47 taxa
[00:00:00] Data distribution: max. partitions/sites/weight per thread: 1 / 30 / 2400

Starting ML tree search with 5 distinct starting trees

[00:00:34] ML tree search #1, logLikelihood: -511.878321
[00:01:09] ML tree search #2, logLikelihood: -511.878413
[00:01:44] ML tree search #3, logLikelihood: -511.878413
[00:02:19] ML tree search #4, logLikelihood: -511.878325
[00:02:54] ML tree search #5, logLikelihood: -511.878413

[00:02:54] ML tree search completed, best tree logLH: -511.878321

[00:02:54] Starting bootstrapping analysis with 100 replicates.

[00:03:34] Bootstrap tree #1, logLikelihood: -515.848054
[00:04:22] Bootstrap tree #2, logLikelihood: -507.014316
[00:05:19] Bootstrap tree #3, logLikelihood: -494.210611
[00:06:43] Bootstrap tree #4, logLikelihood: -495.859301
[00:07:29] Bootstrap tree #5, logLikelihood: -506.694911
[00:08:15] Bootstrap tree #6, logLikelihood: -526.195945
[00:09:01] Bootstrap tree #7, logLikelihood: -513.610574
[00:09:46] Bootstrap tree #8, logLikelihood: -488.018097
[00:10:28] Bootstrap tree #9, logLikelihood: -497.083990
[00:11:14] Bootstrap tree #10, logLikelihood: -499.272396
[00:11:57] Bootstrap tree #11, logLikelihood: -482.218024
[00:12:44] Bootstrap tree #12, logLikelihood: -529.734791
[00:13:29] Bootstrap tree #13, logLikelihood: -472.562805
[00:14:10] Bootstrap tree #14, logLikelihood: -510.283200
[00:14:56] Bootstrap tree #15, logLikelihood: -522.783388
[00:15:46] Bootstrap tree #16, logLikelihood: -546.516389
[00:16:32] Bootstrap tree #17, logLikelihood: -548.123669
[00:17:16] Bootstrap tree #18, logLikelihood: -479.649462
[00:18:04] Bootstrap tree #19, logLikelihood: -534.081317
[00:19:16] Bootstrap tree #20, logLikelihood: -540.587457
[00:19:59] Bootstrap tree #21, logLikelihood: -516.374438
[00:20:44] Bootstrap tree #22, logLikelihood: -487.073330
[00:21:35] Bootstrap tree #23, logLikelihood: -527.630921
[00:22:16] Bootstrap tree #24, logLikelihood: -514.354471
[00:22:57] Bootstrap tree #25, logLikelihood: -523.802991
[00:23:35] Bootstrap tree #26, logLikelihood: -527.077071
[00:24:23] Bootstrap tree #27, logLikelihood: -509.631621
[00:25:06] Bootstrap tree #28, logLikelihood: -471.572297
[00:26:14] Bootstrap tree #29, logLikelihood: -673.927661
[00:27:00] Bootstrap tree #30, logLikelihood: -511.992403
[00:27:43] Bootstrap tree #31, logLikelihood: -524.873400
[00:28:25] Bootstrap tree #32, logLikelihood: -506.149018
[00:29:24] Bootstrap tree #33, logLikelihood: -481.658423
[00:30:10] Bootstrap tree #34, logLikelihood: -538.765388
[00:30:59] Bootstrap tree #35, logLikelihood: -516.928018
[00:31:45] Bootstrap tree #36, logLikelihood: -471.837230
[00:32:38] Bootstrap tree #37, logLikelihood: -497.178799
[00:33:26] Bootstrap tree #38, logLikelihood: -500.380049
[00:34:14] Bootstrap tree #39, logLikelihood: -526.454757
[00:35:04] Bootstrap tree #40, logLikelihood: -561.601142
[00:35:50] Bootstrap tree #41, logLikelihood: -505.566451
[00:36:32] Bootstrap tree #42, logLikelihood: -526.964876
[00:37:13] Bootstrap tree #43, logLikelihood: -519.458563
[00:38:07] Bootstrap tree #44, logLikelihood: -514.944026
[00:38:52] Bootstrap tree #45, logLikelihood: -501.215064
[00:39:37] Bootstrap tree #46, logLikelihood: -511.435088
[00:40:22] Bootstrap tree #47, logLikelihood: -487.784717
[00:41:45] Bootstrap tree #48, logLikelihood: -471.701616
[00:42:39] Bootstrap tree #49, logLikelihood: -534.745968
[00:43:29] Bootstrap tree #50, logLikelihood: -549.322868
[00:44:23] Bootstrap tree #51, logLikelihood: -511.394043
[00:45:03] Bootstrap tree #52, logLikelihood: -529.712563
[00:45:54] Bootstrap tree #53, logLikelihood: -505.627831
[00:46:41] Bootstrap tree #54, logLikelihood: -499.427416
[00:47:28] Bootstrap tree #55, logLikelihood: -499.147355
[00:48:09] Bootstrap tree #56, logLikelihood: -530.799586
[00:48:49] Bootstrap tree #57, logLikelihood: -515.895869
[00:49:32] Bootstrap tree #58, logLikelihood: -492.477414
[00:50:51] Bootstrap tree #59, logLikelihood: -543.277389
