
RAxML-NG v. 0.9.0 released on 20.05.2019 by The Exelixis Lab.
Developed by: Alexey M. Kozlov and Alexandros Stamatakis.
Contributors: Diego Darriba, Tomas Flouri, Benoit Morel, Sarah Lutteropp, Ben Bettisworth.
Latest version: https://github.com/amkozlov/raxml-ng
Questions/problems/suggestions? Please visit: https://groups.google.com/forum/#!forum/raxml

RAxML-NG was called at 15-Jul-2023 00:09:42 as follows:

raxml-ng --all --model Blosum62+G --msa results/windows/window_position_3880_3980.fa --prefix results/RaxMl/3880_3980 --msa-format FASTA --tree pars{5} --seed 239 --threads 2 --force --bs-trees 100 --bs-metric fbp

Analysis options:
  run mode: ML tree search + bootstrapping (Felsenstein Bootstrap)
  start tree(s): parsimony (5)
  bootstrap replicates: 100
  random seed: 239
  tip-inner: OFF
  pattern compression: ON
  per-rate scalers: OFF
  site repeats: ON
  branch lengths: proportional (ML estimate, algorithm: NR-FAST)
  SIMD kernels: SSE3
  parallelization: PTHREADS (2 threads), thread pinning: OFF

WARNING: Running in FORCE mode: all safety checks are disabled!

[00:00:00] Reading alignment from file: results/windows/window_position_3880_3980.fa
[00:00:00] Loaded alignment with 47 taxa and 100 sites

Alignment comprises 1 partitions and 55 patterns

Partition 0: noname
Model: BLOSUM62+G4m
Alignment sites / patterns: 100 / 55
Gaps: 0.00 %
Invariant sites: 57.00 %


NOTE: Binary MSA file created: results/RaxMl/3880_3980.raxml.rba

[00:00:00] Generating 5 parsimony starting tree(s) with 47 taxa
[00:00:00] Data distribution: max. partitions/sites/weight per thread: 1 / 28 / 2240

Starting ML tree search with 5 distinct starting trees

[00:01:08] ML tree search #1, logLikelihood: -582.392339
[00:02:10] ML tree search #2, logLikelihood: -582.392342
[00:02:48] ML tree search #3, logLikelihood: -582.392290
[00:03:32] ML tree search #4, logLikelihood: -582.392290
[00:04:06] ML tree search #5, logLikelihood: -582.392291

[00:04:06] ML tree search completed, best tree logLH: -582.392290

[00:04:06] Starting bootstrapping analysis with 100 replicates.

[00:04:52] Bootstrap tree #1, logLikelihood: -576.473499
[00:06:14] Bootstrap tree #2, logLikelihood: -585.603376
[00:06:56] Bootstrap tree #3, logLikelihood: -547.816699
[00:07:45] Bootstrap tree #4, logLikelihood: -600.834157
[00:08:33] Bootstrap tree #5, logLikelihood: -518.600150
[00:09:25] Bootstrap tree #6, logLikelihood: -569.663867
[00:10:14] Bootstrap tree #7, logLikelihood: -592.206284
[00:11:25] Bootstrap tree #8, logLikelihood: -529.597842
[00:12:29] Bootstrap tree #9, logLikelihood: -581.894253
[00:13:14] Bootstrap tree #10, logLikelihood: -606.312804
[00:14:07] Bootstrap tree #11, logLikelihood: -512.988582
[00:14:51] Bootstrap tree #12, logLikelihood: -571.273296
[00:15:45] Bootstrap tree #13, logLikelihood: -621.502764
[00:16:26] Bootstrap tree #14, logLikelihood: -558.523936
[00:17:10] Bootstrap tree #15, logLikelihood: -550.770505
[00:17:54] Bootstrap tree #16, logLikelihood: -552.303025
[00:18:39] Bootstrap tree #17, logLikelihood: -615.036067
[00:19:18] Bootstrap tree #18, logLikelihood: -545.746199
