
RAxML-NG v. 0.9.0 released on 20.05.2019 by The Exelixis Lab.
Developed by: Alexey M. Kozlov and Alexandros Stamatakis.
Contributors: Diego Darriba, Tomas Flouri, Benoit Morel, Sarah Lutteropp, Ben Bettisworth.
Latest version: https://github.com/amkozlov/raxml-ng
Questions/problems/suggestions? Please visit: https://groups.google.com/forum/#!forum/raxml

RAxML-NG was called at 16-Jul-2023 01:25:01 as follows:

raxml-ng --all --model Blosum62+G --msa results/windows/window_position_390_490.fa --prefix results/RaxMl/390_490 --msa-format FASTA --tree pars{5} --seed 239 --threads 2 --force --bs-trees 100 --bs-metric fbp

Analysis options:
  run mode: ML tree search + bootstrapping (Felsenstein Bootstrap)
  start tree(s): parsimony (5)
  bootstrap replicates: 100
  random seed: 239
  tip-inner: OFF
  pattern compression: ON
  per-rate scalers: OFF
  site repeats: ON
  branch lengths: proportional (ML estimate, algorithm: NR-FAST)
  SIMD kernels: SSE3
  parallelization: PTHREADS (2 threads), thread pinning: OFF

WARNING: Running in FORCE mode: all safety checks are disabled!

[00:00:00] Reading alignment from file: results/windows/window_position_390_490.fa
[00:00:00] Loaded alignment with 47 taxa and 100 sites

Alignment comprises 1 partitions and 96 patterns

Partition 0: noname
Model: BLOSUM62+G4m
Alignment sites / patterns: 100 / 96
Gaps: 0.00 %
Invariant sites: 7.00 %


NOTE: Binary MSA file created: results/RaxMl/390_490.raxml.rba

[00:00:00] Generating 5 parsimony starting tree(s) with 47 taxa
[00:00:00] Data distribution: max. partitions/sites/weight per thread: 1 / 48 / 3840

Starting ML tree search with 5 distinct starting trees

[00:01:10] ML tree search #1, logLikelihood: -1338.881100
[00:02:23] ML tree search #2, logLikelihood: -1338.883902
[00:03:57] ML tree search #3, logLikelihood: -1338.894937
[00:05:44] ML tree search #4, logLikelihood: -1338.888916
[00:07:13] ML tree search #5, logLikelihood: -1338.884399

[00:07:13] ML tree search completed, best tree logLH: -1338.881100

[00:07:13] Starting bootstrapping analysis with 100 replicates.

[00:08:08] Bootstrap tree #1, logLikelihood: -1282.582591
[00:09:11] Bootstrap tree #2, logLikelihood: -1247.217197
[00:10:29] Bootstrap tree #3, logLikelihood: -1230.928546
[00:11:29] Bootstrap tree #4, logLikelihood: -1323.061519
[00:12:32] Bootstrap tree #5, logLikelihood: -1306.666516
[00:13:51] Bootstrap tree #6, logLikelihood: -1386.684438
[00:14:55] Bootstrap tree #7, logLikelihood: -1335.074631
[00:16:26] Bootstrap tree #8, logLikelihood: -1298.021415
[00:17:41] Bootstrap tree #9, logLikelihood: -1304.993326
[00:18:51] Bootstrap tree #10, logLikelihood: -1404.836975
[00:20:14] Bootstrap tree #11, logLikelihood: -1276.545274
[00:21:24] Bootstrap tree #12, logLikelihood: -1272.797071
[00:23:09] Bootstrap tree #13, logLikelihood: -1364.238343
[00:24:11] Bootstrap tree #14, logLikelihood: -1329.791196
[00:25:13] Bootstrap tree #15, logLikelihood: -1405.610637
[00:26:09] Bootstrap tree #16, logLikelihood: -1426.681250
[00:27:16] Bootstrap tree #17, logLikelihood: -1186.270746
[00:28:17] Bootstrap tree #18, logLikelihood: -1362.440994
[00:29:31] Bootstrap tree #19, logLikelihood: -1359.011810
