
RAxML-NG v. 0.9.0 released on 20.05.2019 by The Exelixis Lab.
Developed by: Alexey M. Kozlov and Alexandros Stamatakis.
Contributors: Diego Darriba, Tomas Flouri, Benoit Morel, Sarah Lutteropp, Ben Bettisworth.
Latest version: https://github.com/amkozlov/raxml-ng
Questions/problems/suggestions? Please visit: https://groups.google.com/forum/#!forum/raxml

RAxML-NG was called at 13-Jul-2023 11:50:53 as follows:

raxml-ng --all --model Blosum62+G --msa results/windows/window_position_4020_4120.fa --prefix results/RaxMl/4020_4120 --msa-format FASTA --tree pars{5} --seed 239 --threads 2 --force --bs-trees 100 --bs-metric fbp

Analysis options:
  run mode: ML tree search + bootstrapping (Felsenstein Bootstrap)
  start tree(s): parsimony (5)
  bootstrap replicates: 100
  random seed: 239
  tip-inner: OFF
  pattern compression: ON
  per-rate scalers: OFF
  site repeats: ON
  branch lengths: proportional (ML estimate, algorithm: NR-FAST)
  SIMD kernels: SSE3
  parallelization: PTHREADS (2 threads), thread pinning: OFF

WARNING: Running in FORCE mode: all safety checks are disabled!

[00:00:00] Reading alignment from file: results/windows/window_position_4020_4120.fa
[00:00:00] Loaded alignment with 47 taxa and 100 sites

Alignment comprises 1 partitions and 61 patterns

Partition 0: noname
Model: BLOSUM62+G4m
Alignment sites / patterns: 100 / 61
Gaps: 0.00 %
Invariant sites: 53.00 %


NOTE: Binary MSA file created: results/RaxMl/4020_4120.raxml.rba

[00:00:00] Generating 5 parsimony starting tree(s) with 47 taxa
[00:00:00] Data distribution: max. partitions/sites/weight per thread: 1 / 31 / 2480

Starting ML tree search with 5 distinct starting trees

[00:05:59] ML tree search #1, logLikelihood: -601.175012
[00:12:03] ML tree search #2, logLikelihood: -600.387498
[00:21:48] ML tree search #3, logLikelihood: -600.387502
[00:22:35] ML tree search #4, logLikelihood: -600.387508
[00:23:18] ML tree search #5, logLikelihood: -600.387507

[00:23:18] ML tree search completed, best tree logLH: -600.387498

[00:23:18] Starting bootstrapping analysis with 100 replicates.

[00:24:00] Bootstrap tree #1, logLikelihood: -529.508081
[00:24:48] Bootstrap tree #2, logLikelihood: -600.841079
[00:25:33] Bootstrap tree #3, logLikelihood: -553.592372
[00:26:19] Bootstrap tree #4, logLikelihood: -558.774283
[00:27:11] Bootstrap tree #5, logLikelihood: -566.219332
[00:28:18] Bootstrap tree #6, logLikelihood: -607.081694
[00:29:10] Bootstrap tree #7, logLikelihood: -609.247070
[00:29:45] Bootstrap tree #8, logLikelihood: -568.183714
[00:31:20] Bootstrap tree #9, logLikelihood: -658.248771
[00:32:06] Bootstrap tree #10, logLikelihood: -570.259104
[00:32:52] Bootstrap tree #11, logLikelihood: -581.643316
[00:33:34] Bootstrap tree #12, logLikelihood: -598.426565
[00:34:16] Bootstrap tree #13, logLikelihood: -617.886478
[00:35:02] Bootstrap tree #14, logLikelihood: -618.537655
[00:35:52] Bootstrap tree #15, logLikelihood: -577.685609
[00:36:39] Bootstrap tree #16, logLikelihood: -630.820930
[00:37:25] Bootstrap tree #17, logLikelihood: -618.510895
[00:38:06] Bootstrap tree #18, logLikelihood: -546.497573
[00:39:12] Bootstrap tree #19, logLikelihood: -570.806807
[00:39:58] Bootstrap tree #20, logLikelihood: -539.907756
[00:40:47] Bootstrap tree #21, logLikelihood: -564.012568
[00:41:28] Bootstrap tree #22, logLikelihood: -537.318316
[00:42:12] Bootstrap tree #23, logLikelihood: -573.778093
[00:43:05] Bootstrap tree #24, logLikelihood: -603.556113
[00:43:53] Bootstrap tree #25, logLikelihood: -666.486752
[00:44:39] Bootstrap tree #26, logLikelihood: -631.056177
[00:45:44] Bootstrap tree #27, logLikelihood: -577.826544
[00:46:31] Bootstrap tree #28, logLikelihood: -627.751526
[00:47:25] Bootstrap tree #29, logLikelihood: -584.333830
[00:48:13] Bootstrap tree #30, logLikelihood: -583.297305
[00:49:01] Bootstrap tree #31, logLikelihood: -567.042693
[00:49:50] Bootstrap tree #32, logLikelihood: -598.246104
[00:51:32] Bootstrap tree #33, logLikelihood: -616.773922
[00:52:38] Bootstrap tree #34, logLikelihood: -652.236433
[00:53:24] Bootstrap tree #35, logLikelihood: -563.259389
[00:54:10] Bootstrap tree #36, logLikelihood: -624.621051
[00:55:25] Bootstrap tree #37, logLikelihood: -554.508287
[00:56:13] Bootstrap tree #38, logLikelihood: -570.764239
[00:56:54] Bootstrap tree #39, logLikelihood: -595.753787
[00:57:41] Bootstrap tree #40, logLikelihood: -625.747662
[00:58:33] Bootstrap tree #41, logLikelihood: -677.543351
[00:59:21] Bootstrap tree #42, logLikelihood: -619.303313
[01:00:43] Bootstrap tree #43, logLikelihood: -558.794380
[01:01:29] Bootstrap tree #44, logLikelihood: -600.848686
[01:02:29] Bootstrap tree #45, logLikelihood: -610.137421
[01:03:40] Bootstrap tree #46, logLikelihood: -612.516559
[01:04:30] Bootstrap tree #47, logLikelihood: -620.923248
[01:05:11] Bootstrap tree #48, logLikelihood: -545.355212
[01:06:29] Bootstrap tree #49, logLikelihood: -603.661408
[01:07:18] Bootstrap tree #50, logLikelihood: -692.934700
