
RAxML-NG v. 0.9.0 released on 20.05.2019 by The Exelixis Lab.
Developed by: Alexey M. Kozlov and Alexandros Stamatakis.
Contributors: Diego Darriba, Tomas Flouri, Benoit Morel, Sarah Lutteropp, Ben Bettisworth.
Latest version: https://github.com/amkozlov/raxml-ng
Questions/problems/suggestions? Please visit: https://groups.google.com/forum/#!forum/raxml

RAxML-NG was called at 13-Jul-2023 21:43:49 as follows:

raxml-ng --all --model Blosum62+G --msa results/windows/window_position_4030_4130.fa --prefix results/RaxMl/4030_4130 --msa-format FASTA --tree pars{5} --seed 239 --threads 2 --force --bs-trees 100 --bs-metric fbp

Analysis options:
  run mode: ML tree search + bootstrapping (Felsenstein Bootstrap)
  start tree(s): parsimony (5)
  bootstrap replicates: 100
  random seed: 239
  tip-inner: OFF
  pattern compression: ON
  per-rate scalers: OFF
  site repeats: ON
  branch lengths: proportional (ML estimate, algorithm: NR-FAST)
  SIMD kernels: SSE3
  parallelization: PTHREADS (2 threads), thread pinning: OFF

WARNING: Running in FORCE mode: all safety checks are disabled!

[00:00:00] Reading alignment from file: results/windows/window_position_4030_4130.fa
[00:00:00] Loaded alignment with 47 taxa and 100 sites

Alignment comprises 1 partitions and 63 patterns

Partition 0: noname
Model: BLOSUM62+G4m
Alignment sites / patterns: 100 / 63
Gaps: 0.00 %
Invariant sites: 53.00 %


NOTE: Binary MSA file created: results/RaxMl/4030_4130.raxml.rba

[00:00:00] Generating 5 parsimony starting tree(s) with 47 taxa
[00:00:00] Data distribution: max. partitions/sites/weight per thread: 1 / 32 / 2560

Starting ML tree search with 5 distinct starting trees

[00:01:09] ML tree search #1, logLikelihood: -616.006308
[00:01:49] ML tree search #2, logLikelihood: -616.005709
[00:02:30] ML tree search #3, logLikelihood: -616.005637
[00:03:18] ML tree search #4, logLikelihood: -616.006181
[00:03:55] ML tree search #5, logLikelihood: -616.005709

[00:03:55] ML tree search completed, best tree logLH: -616.005637

[00:03:55] Starting bootstrapping analysis with 100 replicates.

[00:05:15] Bootstrap tree #1, logLikelihood: -581.522611
[00:06:07] Bootstrap tree #2, logLikelihood: -614.066494
[00:07:10] Bootstrap tree #3, logLikelihood: -613.266431
[00:08:01] Bootstrap tree #4, logLikelihood: -543.900669
[00:08:55] Bootstrap tree #5, logLikelihood: -604.379585
[00:09:57] Bootstrap tree #6, logLikelihood: -630.196001
[00:11:00] Bootstrap tree #7, logLikelihood: -603.416991
[00:11:56] Bootstrap tree #8, logLikelihood: -590.258287
[00:12:48] Bootstrap tree #9, logLikelihood: -652.826880
[00:13:37] Bootstrap tree #10, logLikelihood: -609.503163
[00:14:33] Bootstrap tree #11, logLikelihood: -590.363014
[00:15:17] Bootstrap tree #12, logLikelihood: -635.447064
[00:16:12] Bootstrap tree #13, logLikelihood: -627.924929
[00:17:07] Bootstrap tree #14, logLikelihood: -574.663801
[00:18:01] Bootstrap tree #15, logLikelihood: -600.972027
[00:18:52] Bootstrap tree #16, logLikelihood: -615.922526
[00:19:34] Bootstrap tree #17, logLikelihood: -626.604796
[00:20:24] Bootstrap tree #18, logLikelihood: -543.825383
[00:21:17] Bootstrap tree #19, logLikelihood: -605.794575
[00:21:59] Bootstrap tree #20, logLikelihood: -572.356337
[00:23:01] Bootstrap tree #21, logLikelihood: -586.387920
[00:23:46] Bootstrap tree #22, logLikelihood: -548.565098
[00:24:42] Bootstrap tree #23, logLikelihood: -624.411853
