
RAxML-NG v. 0.9.0 released on 20.05.2019 by The Exelixis Lab.
Developed by: Alexey M. Kozlov and Alexandros Stamatakis.
Contributors: Diego Darriba, Tomas Flouri, Benoit Morel, Sarah Lutteropp, Ben Bettisworth.
Latest version: https://github.com/amkozlov/raxml-ng
Questions/problems/suggestions? Please visit: https://groups.google.com/forum/#!forum/raxml

RAxML-NG was called at 14-Jul-2023 06:44:53 as follows:

raxml-ng --all --model Blosum62+G --msa results/windows/window_position_4040_4140.fa --prefix results/RaxMl/4040_4140 --msa-format FASTA --tree pars{5} --seed 239 --threads 2 --force --bs-trees 100 --bs-metric fbp

Analysis options:
  run mode: ML tree search + bootstrapping (Felsenstein Bootstrap)
  start tree(s): parsimony (5)
  bootstrap replicates: 100
  random seed: 239
  tip-inner: OFF
  pattern compression: ON
  per-rate scalers: OFF
  site repeats: ON
  branch lengths: proportional (ML estimate, algorithm: NR-FAST)
  SIMD kernels: SSE3
  parallelization: PTHREADS (2 threads), thread pinning: OFF

WARNING: Running in FORCE mode: all safety checks are disabled!

[00:00:00] Reading alignment from file: results/windows/window_position_4040_4140.fa
[00:00:00] Loaded alignment with 47 taxa and 100 sites

Alignment comprises 1 partitions and 65 patterns

Partition 0: noname
Model: BLOSUM62+G4m
Alignment sites / patterns: 100 / 65
Gaps: 0.00 %
Invariant sites: 50.00 %


NOTE: Binary MSA file created: results/RaxMl/4040_4140.raxml.rba

[00:00:00] Generating 5 parsimony starting tree(s) with 47 taxa
[00:00:00] Data distribution: max. partitions/sites/weight per thread: 1 / 33 / 2640

Starting ML tree search with 5 distinct starting trees

[00:01:06] ML tree search #1, logLikelihood: -625.716851
[00:02:34] ML tree search #2, logLikelihood: -625.718261
[00:03:19] ML tree search #3, logLikelihood: -625.715846
[00:04:55] ML tree search #4, logLikelihood: -625.716880
[00:05:38] ML tree search #5, logLikelihood: -626.932637

[00:05:38] ML tree search completed, best tree logLH: -625.715846

[00:05:38] Starting bootstrapping analysis with 100 replicates.

[00:06:23] Bootstrap tree #1, logLikelihood: -531.050604
[00:07:13] Bootstrap tree #2, logLikelihood: -637.376478
[00:08:08] Bootstrap tree #3, logLikelihood: -655.364734
[00:08:58] Bootstrap tree #4, logLikelihood: -593.930300
[00:09:53] Bootstrap tree #5, logLikelihood: -592.566456
[00:10:45] Bootstrap tree #6, logLikelihood: -645.136848
[00:11:29] Bootstrap tree #7, logLikelihood: -596.793158
[00:12:20] Bootstrap tree #8, logLikelihood: -637.913844
[00:13:08] Bootstrap tree #9, logLikelihood: -674.595652
[00:13:58] Bootstrap tree #10, logLikelihood: -618.161944
[00:14:50] Bootstrap tree #11, logLikelihood: -605.715162
[00:15:36] Bootstrap tree #12, logLikelihood: -595.428624
[00:16:55] Bootstrap tree #13, logLikelihood: -641.154025
[00:17:48] Bootstrap tree #14, logLikelihood: -615.311760
[00:18:38] Bootstrap tree #15, logLikelihood: -610.684103
[00:20:22] Bootstrap tree #16, logLikelihood: -652.962471
[00:21:05] Bootstrap tree #17, logLikelihood: -627.840937
[00:21:58] Bootstrap tree #18, logLikelihood: -592.482141
[00:22:45] Bootstrap tree #19, logLikelihood: -625.476200
[00:23:38] Bootstrap tree #20, logLikelihood: -565.339502
[00:24:34] Bootstrap tree #21, logLikelihood: -612.051548
