
RAxML-NG v. 0.9.0 released on 20.05.2019 by The Exelixis Lab.
Developed by: Alexey M. Kozlov and Alexandros Stamatakis.
Contributors: Diego Darriba, Tomas Flouri, Benoit Morel, Sarah Lutteropp, Ben Bettisworth.
Latest version: https://github.com/amkozlov/raxml-ng
Questions/problems/suggestions? Please visit: https://groups.google.com/forum/#!forum/raxml

RAxML-NG was called at 13-Jul-2023 09:08:46 as follows:

raxml-ng --all --model Blosum62+G --msa results/windows/window_position_4390_4490.fa --prefix results/RaxMl/4390_4490 --msa-format FASTA --tree pars{5} --seed 239 --threads 2 --force --bs-trees 100 --bs-metric fbp

Analysis options:
  run mode: ML tree search + bootstrapping (Felsenstein Bootstrap)
  start tree(s): parsimony (5)
  bootstrap replicates: 100
  random seed: 239
  tip-inner: OFF
  pattern compression: ON
  per-rate scalers: OFF
  site repeats: ON
  branch lengths: proportional (ML estimate, algorithm: NR-FAST)
  SIMD kernels: SSE3
  parallelization: PTHREADS (2 threads), thread pinning: OFF

WARNING: Running in FORCE mode: all safety checks are disabled!

[00:00:00] Reading alignment from file: results/windows/window_position_4390_4490.fa
[00:00:00] Loaded alignment with 47 taxa and 100 sites

Alignment comprises 1 partitions and 61 patterns

Partition 0: noname
Model: BLOSUM62+G4m
Alignment sites / patterns: 100 / 61
Gaps: 0.00 %
Invariant sites: 58.00 %


NOTE: Binary MSA file created: results/RaxMl/4390_4490.raxml.rba

[00:00:00] Generating 5 parsimony starting tree(s) with 47 taxa
[00:00:00] Data distribution: max. partitions/sites/weight per thread: 1 / 31 / 2480

Starting ML tree search with 5 distinct starting trees

[00:01:15] ML tree search #1, logLikelihood: -588.021125
[00:01:58] ML tree search #2, logLikelihood: -588.021130
[00:02:34] ML tree search #3, logLikelihood: -588.021131
[00:03:14] ML tree search #4, logLikelihood: -588.021124
[00:03:58] ML tree search #5, logLikelihood: -588.021134

[00:03:58] ML tree search completed, best tree logLH: -588.021124

[00:03:58] Starting bootstrapping analysis with 100 replicates.

[00:04:47] Bootstrap tree #1, logLikelihood: -607.393626
[00:05:35] Bootstrap tree #2, logLikelihood: -602.104030
[00:06:32] Bootstrap tree #3, logLikelihood: -535.942220
[00:07:18] Bootstrap tree #4, logLikelihood: -565.130633
[00:08:36] Bootstrap tree #5, logLikelihood: -554.094906
[00:09:30] Bootstrap tree #6, logLikelihood: -558.377280
[00:10:16] Bootstrap tree #7, logLikelihood: -568.368465
[00:11:11] Bootstrap tree #8, logLikelihood: -541.944939
[00:11:56] Bootstrap tree #9, logLikelihood: -596.427841
[00:13:00] Bootstrap tree #10, logLikelihood: -571.739412
[00:14:14] Bootstrap tree #11, logLikelihood: -580.499789
[00:15:20] Bootstrap tree #12, logLikelihood: -616.836882
[00:16:17] Bootstrap tree #13, logLikelihood: -619.176217
[00:17:44] Bootstrap tree #14, logLikelihood: -627.951632
[00:18:36] Bootstrap tree #15, logLikelihood: -650.563032
[00:19:24] Bootstrap tree #16, logLikelihood: -614.638543
[00:20:11] Bootstrap tree #17, logLikelihood: -642.668979
[00:21:10] Bootstrap tree #18, logLikelihood: -548.541080
[00:22:06] Bootstrap tree #19, logLikelihood: -605.704497
[00:22:48] Bootstrap tree #20, logLikelihood: -586.124209
[00:23:42] Bootstrap tree #21, logLikelihood: -610.922608
[00:24:39] Bootstrap tree #22, logLikelihood: -545.148449
[00:25:45] Bootstrap tree #23, logLikelihood: -595.372373
[00:26:32] Bootstrap tree #24, logLikelihood: -566.891907
[00:27:25] Bootstrap tree #25, logLikelihood: -618.374708
[00:28:12] Bootstrap tree #26, logLikelihood: -588.164334
[00:29:02] Bootstrap tree #27, logLikelihood: -572.087821
[00:30:02] Bootstrap tree #28, logLikelihood: -659.204518
[00:31:27] Bootstrap tree #29, logLikelihood: -601.645919
[00:32:13] Bootstrap tree #30, logLikelihood: -587.472937
[00:33:14] Bootstrap tree #31, logLikelihood: -620.757984
[00:34:18] Bootstrap tree #32, logLikelihood: -520.033775
[00:35:28] Bootstrap tree #33, logLikelihood: -559.809375
[00:36:14] Bootstrap tree #34, logLikelihood: -638.550841
[00:36:59] Bootstrap tree #35, logLikelihood: -541.761896
[00:37:52] Bootstrap tree #36, logLikelihood: -570.898518
[00:38:32] Bootstrap tree #37, logLikelihood: -517.752539
[00:39:31] Bootstrap tree #38, logLikelihood: -602.605080
[00:40:16] Bootstrap tree #39, logLikelihood: -599.893407
[00:41:34] Bootstrap tree #40, logLikelihood: -550.928282
[00:42:31] Bootstrap tree #41, logLikelihood: -607.749551
[00:43:27] Bootstrap tree #42, logLikelihood: -610.358214
[00:44:17] Bootstrap tree #43, logLikelihood: -588.773857
[00:45:04] Bootstrap tree #44, logLikelihood: -608.224958
[00:46:00] Bootstrap tree #45, logLikelihood: -621.113591
[00:46:46] Bootstrap tree #46, logLikelihood: -552.828959
[00:47:32] Bootstrap tree #47, logLikelihood: -535.959407
[00:48:17] Bootstrap tree #48, logLikelihood: -552.369779
[00:49:08] Bootstrap tree #49, logLikelihood: -619.868570
[00:49:55] Bootstrap tree #50, logLikelihood: -623.959838
[00:50:48] Bootstrap tree #51, logLikelihood: -577.525940
[00:51:34] Bootstrap tree #52, logLikelihood: -593.712540
[00:52:28] Bootstrap tree #53, logLikelihood: -605.173517
[00:53:40] Bootstrap tree #54, logLikelihood: -538.759831
[00:54:32] Bootstrap tree #55, logLikelihood: -599.364833
[00:55:23] Bootstrap tree #56, logLikelihood: -588.224858
[00:56:08] Bootstrap tree #57, logLikelihood: -605.563525
[00:57:02] Bootstrap tree #58, logLikelihood: -576.950245
[00:57:54] Bootstrap tree #59, logLikelihood: -623.330420
[00:58:48] Bootstrap tree #60, logLikelihood: -581.048611
[00:59:37] Bootstrap tree #61, logLikelihood: -644.840857
[01:00:27] Bootstrap tree #62, logLikelihood: -555.161217
[01:01:16] Bootstrap tree #63, logLikelihood: -577.391092
[01:02:05] Bootstrap tree #64, logLikelihood: -536.312047
[01:03:12] Bootstrap tree #65, logLikelihood: -577.099899
[01:04:10] Bootstrap tree #66, logLikelihood: -587.931719
[01:05:01] Bootstrap tree #67, logLikelihood: -621.336816
[01:06:28] Bootstrap tree #68, logLikelihood: -608.807753
[01:07:21] Bootstrap tree #69, logLikelihood: -596.331824
[01:08:08] Bootstrap tree #70, logLikelihood: -543.508642
[01:08:58] Bootstrap tree #71, logLikelihood: -593.353575
[01:09:45] Bootstrap tree #72, logLikelihood: -571.655907
[01:10:39] Bootstrap tree #73, logLikelihood: -586.521182
[01:11:45] Bootstrap tree #74, logLikelihood: -612.955485
