
RAxML-NG v. 0.9.0 released on 20.05.2019 by The Exelixis Lab.
Developed by: Alexey M. Kozlov and Alexandros Stamatakis.
Contributors: Diego Darriba, Tomas Flouri, Benoit Morel, Sarah Lutteropp, Ben Bettisworth.
Latest version: https://github.com/amkozlov/raxml-ng
Questions/problems/suggestions? Please visit: https://groups.google.com/forum/#!forum/raxml

RAxML-NG was called at 15-Jul-2023 21:21:05 as follows:

raxml-ng --all --model Blosum62+G --msa results/windows/window_position_440_540.fa --prefix results/RaxMl/440_540 --msa-format FASTA --tree pars{5} --seed 239 --threads 2 --force --bs-trees 100 --bs-metric fbp

Analysis options:
  run mode: ML tree search + bootstrapping (Felsenstein Bootstrap)
  start tree(s): parsimony (5)
  bootstrap replicates: 100
  random seed: 239
  tip-inner: OFF
  pattern compression: ON
  per-rate scalers: OFF
  site repeats: ON
  branch lengths: proportional (ML estimate, algorithm: NR-FAST)
  SIMD kernels: SSE3
  parallelization: PTHREADS (2 threads), thread pinning: OFF

WARNING: Running in FORCE mode: all safety checks are disabled!

[00:00:00] Reading alignment from file: results/windows/window_position_440_540.fa
[00:00:00] Loaded alignment with 47 taxa and 100 sites

Alignment comprises 1 partitions and 92 patterns

Partition 0: noname
Model: BLOSUM62+G4m
Alignment sites / patterns: 100 / 92
Gaps: 0.00 %
Invariant sites: 9.00 %


NOTE: Binary MSA file created: results/RaxMl/440_540.raxml.rba

[00:00:00] Generating 5 parsimony starting tree(s) with 47 taxa
[00:00:00] Data distribution: max. partitions/sites/weight per thread: 1 / 46 / 3680

Starting ML tree search with 5 distinct starting trees

[00:01:04] ML tree search #1, logLikelihood: -1124.060200
[00:02:44] ML tree search #2, logLikelihood: -1124.061851
[00:03:50] ML tree search #3, logLikelihood: -1124.068374
[00:05:01] ML tree search #4, logLikelihood: -1124.066235
[00:06:08] ML tree search #5, logLikelihood: -1124.063963

[00:06:08] ML tree search completed, best tree logLH: -1124.060200

[00:06:08] Starting bootstrapping analysis with 100 replicates.

[00:07:10] Bootstrap tree #1, logLikelihood: -996.762116
[00:08:06] Bootstrap tree #2, logLikelihood: -1046.760287
[00:09:12] Bootstrap tree #3, logLikelihood: -1029.413474
[00:10:19] Bootstrap tree #4, logLikelihood: -1131.205170
[00:12:03] Bootstrap tree #5, logLikelihood: -1089.234989
[00:13:07] Bootstrap tree #6, logLikelihood: -1066.877219
[00:14:33] Bootstrap tree #7, logLikelihood: -1059.157231
[00:16:09] Bootstrap tree #8, logLikelihood: -1183.294803
[00:17:06] Bootstrap tree #9, logLikelihood: -1120.288633
[00:18:09] Bootstrap tree #10, logLikelihood: -1044.101596
[00:19:12] Bootstrap tree #11, logLikelihood: -1131.779965
[00:20:12] Bootstrap tree #12, logLikelihood: -1103.734549
[00:21:22] Bootstrap tree #13, logLikelihood: -1120.897057
[00:22:44] Bootstrap tree #14, logLikelihood: -1158.513148
[00:23:50] Bootstrap tree #15, logLikelihood: -1100.385206
[00:24:57] Bootstrap tree #16, logLikelihood: -1143.727316
[00:26:18] Bootstrap tree #17, logLikelihood: -1094.445023
[00:27:24] Bootstrap tree #18, logLikelihood: -1038.920278
[00:28:46] Bootstrap tree #19, logLikelihood: -1186.554481
[00:29:40] Bootstrap tree #20, logLikelihood: -1015.556298
[00:30:40] Bootstrap tree #21, logLikelihood: -1232.550175
[00:31:49] Bootstrap tree #22, logLikelihood: -1121.622285
[00:33:16] Bootstrap tree #23, logLikelihood: -1057.993811
[00:34:06] Bootstrap tree #24, logLikelihood: -1136.561406
[00:35:30] Bootstrap tree #25, logLikelihood: -1191.648681
[00:37:09] Bootstrap tree #26, logLikelihood: -1092.784825
[00:38:05] Bootstrap tree #27, logLikelihood: -1095.974592
[00:39:07] Bootstrap tree #28, logLikelihood: -1069.808476
[00:40:14] Bootstrap tree #29, logLikelihood: -1062.696332
[00:41:31] Bootstrap tree #30, logLikelihood: -1071.822927
[00:42:32] Bootstrap tree #31, logLikelihood: -1051.124089
[00:43:30] Bootstrap tree #32, logLikelihood: -1142.344820
[00:44:30] Bootstrap tree #33, logLikelihood: -1156.047296
[00:45:29] Bootstrap tree #34, logLikelihood: -1241.746757
[00:46:18] Bootstrap tree #35, logLikelihood: -1112.574381
[00:47:27] Bootstrap tree #36, logLikelihood: -1181.678278
[00:48:26] Bootstrap tree #37, logLikelihood: -1072.382151
[00:49:30] Bootstrap tree #38, logLikelihood: -1079.813712
[00:50:48] Bootstrap tree #39, logLikelihood: -1111.404653
[00:51:38] Bootstrap tree #40, logLikelihood: -1082.971532
[00:52:33] Bootstrap tree #41, logLikelihood: -1028.091203
[00:53:35] Bootstrap tree #42, logLikelihood: -1076.310245
[00:54:46] Bootstrap tree #43, logLikelihood: -1135.569848
[00:55:46] Bootstrap tree #44, logLikelihood: -1161.296476
[00:57:06] Bootstrap tree #45, logLikelihood: -1102.660296
[00:58:12] Bootstrap tree #46, logLikelihood: -1245.393276
[00:59:20] Bootstrap tree #47, logLikelihood: -1138.818691
[01:00:28] Bootstrap tree #48, logLikelihood: -1048.643594
[01:01:28] Bootstrap tree #49, logLikelihood: -1090.846186
[01:02:33] Bootstrap tree #50, logLikelihood: -1012.882548
[01:03:36] Bootstrap tree #51, logLikelihood: -1050.114065
[01:04:31] Bootstrap tree #52, logLikelihood: -1084.122371
