
RAxML-NG v. 0.9.0 released on 20.05.2019 by The Exelixis Lab.
Developed by: Alexey M. Kozlov and Alexandros Stamatakis.
Contributors: Diego Darriba, Tomas Flouri, Benoit Morel, Sarah Lutteropp, Ben Bettisworth.
Latest version: https://github.com/amkozlov/raxml-ng
Questions/problems/suggestions? Please visit: https://groups.google.com/forum/#!forum/raxml

RAxML-NG was called at 13-Jul-2023 12:21:56 as follows:

raxml-ng --all --model Blosum62+G --msa results/windows/window_position_4440_4540.fa --prefix results/RaxMl/4440_4540 --msa-format FASTA --tree pars{5} --seed 239 --threads 2 --force --bs-trees 100 --bs-metric fbp

Analysis options:
  run mode: ML tree search + bootstrapping (Felsenstein Bootstrap)
  start tree(s): parsimony (5)
  bootstrap replicates: 100
  random seed: 239
  tip-inner: OFF
  pattern compression: ON
  per-rate scalers: OFF
  site repeats: ON
  branch lengths: proportional (ML estimate, algorithm: NR-FAST)
  SIMD kernels: SSE3
  parallelization: PTHREADS (2 threads), thread pinning: OFF

WARNING: Running in FORCE mode: all safety checks are disabled!

[00:00:00] Reading alignment from file: results/windows/window_position_4440_4540.fa
[00:00:00] Loaded alignment with 47 taxa and 100 sites

Alignment comprises 1 partitions and 74 patterns

Partition 0: noname
Model: BLOSUM62+G4m
Alignment sites / patterns: 100 / 74
Gaps: 0.00 %
Invariant sites: 38.00 %


NOTE: Binary MSA file created: results/RaxMl/4440_4540.raxml.rba

[00:00:00] Generating 5 parsimony starting tree(s) with 47 taxa
[00:00:00] Data distribution: max. partitions/sites/weight per thread: 1 / 37 / 2960

Starting ML tree search with 5 distinct starting trees

[00:01:20] ML tree search #1, logLikelihood: -674.776320
[00:02:07] ML tree search #2, logLikelihood: -674.775619
[00:02:51] ML tree search #3, logLikelihood: -674.775464
[00:03:32] ML tree search #4, logLikelihood: -674.775419
[00:04:15] ML tree search #5, logLikelihood: -674.775472

[00:04:15] ML tree search completed, best tree logLH: -674.775419

[00:04:15] Starting bootstrapping analysis with 100 replicates.

[00:04:57] Bootstrap tree #1, logLikelihood: -653.482861
[00:05:48] Bootstrap tree #2, logLikelihood: -647.083103
[00:06:37] Bootstrap tree #3, logLikelihood: -679.824238
[00:07:23] Bootstrap tree #4, logLikelihood: -671.497799
[00:08:45] Bootstrap tree #5, logLikelihood: -678.855122
[00:09:33] Bootstrap tree #6, logLikelihood: -670.553548
[00:10:22] Bootstrap tree #7, logLikelihood: -665.526221
[00:11:14] Bootstrap tree #8, logLikelihood: -681.147126
[00:12:08] Bootstrap tree #9, logLikelihood: -635.603822
[00:13:30] Bootstrap tree #10, logLikelihood: -694.837274
[00:14:26] Bootstrap tree #11, logLikelihood: -656.193224
[00:15:19] Bootstrap tree #12, logLikelihood: -685.932686
[00:16:24] Bootstrap tree #13, logLikelihood: -692.341695
[00:17:22] Bootstrap tree #14, logLikelihood: -755.141628
[00:18:23] Bootstrap tree #15, logLikelihood: -659.592194
[00:19:14] Bootstrap tree #16, logLikelihood: -680.968911
[00:20:08] Bootstrap tree #17, logLikelihood: -701.608223
[00:21:37] Bootstrap tree #18, logLikelihood: -698.059937
[00:23:24] Bootstrap tree #19, logLikelihood: -687.610428
[00:24:17] Bootstrap tree #20, logLikelihood: -707.585124
[00:25:16] Bootstrap tree #21, logLikelihood: -667.282547
[00:26:15] Bootstrap tree #22, logLikelihood: -694.973587
[00:27:05] Bootstrap tree #23, logLikelihood: -656.393140
[00:27:59] Bootstrap tree #24, logLikelihood: -661.875552
[00:28:50] Bootstrap tree #25, logLikelihood: -730.178014
[00:29:48] Bootstrap tree #26, logLikelihood: -702.897358
[00:31:19] Bootstrap tree #27, logLikelihood: -695.486651
[00:32:12] Bootstrap tree #28, logLikelihood: -700.688239
[00:33:12] Bootstrap tree #29, logLikelihood: -679.932501
[00:34:22] Bootstrap tree #30, logLikelihood: -685.592481
[00:35:12] Bootstrap tree #31, logLikelihood: -679.306089
[00:36:02] Bootstrap tree #32, logLikelihood: -652.452203
