
RAxML-NG v. 0.9.0 released on 20.05.2019 by The Exelixis Lab.
Developed by: Alexey M. Kozlov and Alexandros Stamatakis.
Contributors: Diego Darriba, Tomas Flouri, Benoit Morel, Sarah Lutteropp, Ben Bettisworth.
Latest version: https://github.com/amkozlov/raxml-ng
Questions/problems/suggestions? Please visit: https://groups.google.com/forum/#!forum/raxml

RAxML-NG was called at 14-Jul-2023 06:56:20 as follows:

raxml-ng --all --model Blosum62+G --msa results/windows/window_position_4460_4560.fa --prefix results/RaxMl/4460_4560 --msa-format FASTA --tree pars{5} --seed 239 --threads 2 --force --bs-trees 100 --bs-metric fbp

Analysis options:
  run mode: ML tree search + bootstrapping (Felsenstein Bootstrap)
  start tree(s): parsimony (5)
  bootstrap replicates: 100
  random seed: 239
  tip-inner: OFF
  pattern compression: ON
  per-rate scalers: OFF
  site repeats: ON
  branch lengths: proportional (ML estimate, algorithm: NR-FAST)
  SIMD kernels: SSE3
  parallelization: PTHREADS (2 threads), thread pinning: OFF

WARNING: Running in FORCE mode: all safety checks are disabled!

[00:00:00] Reading alignment from file: results/windows/window_position_4460_4560.fa
[00:00:00] Loaded alignment with 47 taxa and 100 sites

Alignment comprises 1 partitions and 75 patterns

Partition 0: noname
Model: BLOSUM62+G4m
Alignment sites / patterns: 100 / 75
Gaps: 0.00 %
Invariant sites: 40.00 %


NOTE: Binary MSA file created: results/RaxMl/4460_4560.raxml.rba

[00:00:00] Generating 5 parsimony starting tree(s) with 47 taxa
[00:00:00] Data distribution: max. partitions/sites/weight per thread: 1 / 38 / 3040

Starting ML tree search with 5 distinct starting trees

[00:00:41] ML tree search #1, logLikelihood: -651.629663
[00:01:25] ML tree search #2, logLikelihood: -651.629872
[00:02:08] ML tree search #3, logLikelihood: -651.629868
[00:02:52] ML tree search #4, logLikelihood: -651.629663
[00:03:34] ML tree search #5, logLikelihood: -651.629660

[00:03:34] ML tree search completed, best tree logLH: -651.629660

[00:03:34] Starting bootstrapping analysis with 100 replicates.

[00:04:26] Bootstrap tree #1, logLikelihood: -604.082383
[00:05:18] Bootstrap tree #2, logLikelihood: -610.228795
[00:06:30] Bootstrap tree #3, logLikelihood: -615.968705
[00:07:25] Bootstrap tree #4, logLikelihood: -632.666121
[00:09:07] Bootstrap tree #5, logLikelihood: -606.722915
[00:10:07] Bootstrap tree #6, logLikelihood: -644.671940
[00:10:56] Bootstrap tree #7, logLikelihood: -635.717632
[00:11:51] Bootstrap tree #8, logLikelihood: -618.012752
[00:12:48] Bootstrap tree #9, logLikelihood: -653.232222
