
RAxML-NG v. 0.9.0 released on 20.05.2019 by The Exelixis Lab.
Developed by: Alexey M. Kozlov and Alexandros Stamatakis.
Contributors: Diego Darriba, Tomas Flouri, Benoit Morel, Sarah Lutteropp, Ben Bettisworth.
Latest version: https://github.com/amkozlov/raxml-ng
Questions/problems/suggestions? Please visit: https://groups.google.com/forum/#!forum/raxml

RAxML-NG was called at 14-Jul-2023 22:57:06 as follows:

raxml-ng --all --model Blosum62+G --msa results/windows/window_position_4600_4700.fa --prefix results/RaxMl/4600_4700 --msa-format FASTA --tree pars{5} --seed 239 --threads 2 --force --bs-trees 100 --bs-metric fbp

Analysis options:
  run mode: ML tree search + bootstrapping (Felsenstein Bootstrap)
  start tree(s): parsimony (5)
  bootstrap replicates: 100
  random seed: 239
  tip-inner: OFF
  pattern compression: ON
  per-rate scalers: OFF
  site repeats: ON
  branch lengths: proportional (ML estimate, algorithm: NR-FAST)
  SIMD kernels: SSE3
  parallelization: PTHREADS (2 threads), thread pinning: OFF

WARNING: Running in FORCE mode: all safety checks are disabled!

[00:00:00] Reading alignment from file: results/windows/window_position_4600_4700.fa
[00:00:00] Loaded alignment with 47 taxa and 100 sites

Alignment comprises 1 partitions and 68 patterns

Partition 0: noname
Model: BLOSUM62+G4m
Alignment sites / patterns: 100 / 68
Gaps: 0.00 %
Invariant sites: 49.00 %


NOTE: Binary MSA file created: results/RaxMl/4600_4700.raxml.rba

[00:00:00] Generating 5 parsimony starting tree(s) with 47 taxa
[00:00:00] Data distribution: max. partitions/sites/weight per thread: 1 / 34 / 2720

Starting ML tree search with 5 distinct starting trees

[00:01:06] ML tree search #1, logLikelihood: -658.412465
[00:02:16] ML tree search #2, logLikelihood: -658.412474
[00:03:32] ML tree search #3, logLikelihood: -658.412433
[00:04:42] ML tree search #4, logLikelihood: -658.711223
[00:06:17] ML tree search #5, logLikelihood: -658.412445

[00:06:17] ML tree search completed, best tree logLH: -658.412433

[00:06:17] Starting bootstrapping analysis with 100 replicates.

[00:07:07] Bootstrap tree #1, logLikelihood: -591.808055
[00:08:02] Bootstrap tree #2, logLikelihood: -678.783866
[00:08:57] Bootstrap tree #3, logLikelihood: -659.488330
[00:09:46] Bootstrap tree #4, logLikelihood: -693.682762
[00:10:50] Bootstrap tree #5, logLikelihood: -589.438222
[00:11:39] Bootstrap tree #6, logLikelihood: -614.942055
[00:12:51] Bootstrap tree #7, logLikelihood: -624.152812
[00:13:38] Bootstrap tree #8, logLikelihood: -590.165442
[00:14:32] Bootstrap tree #9, logLikelihood: -635.507312
[00:15:20] Bootstrap tree #10, logLikelihood: -634.818657
[00:16:11] Bootstrap tree #11, logLikelihood: -610.744288
[00:17:03] Bootstrap tree #12, logLikelihood: -624.189186
[00:17:59] Bootstrap tree #13, logLikelihood: -685.555439
[00:19:04] Bootstrap tree #14, logLikelihood: -668.428074
[00:20:00] Bootstrap tree #15, logLikelihood: -606.042530
[00:21:05] Bootstrap tree #16, logLikelihood: -678.632016
[00:21:58] Bootstrap tree #17, logLikelihood: -723.791031
[00:22:44] Bootstrap tree #18, logLikelihood: -674.606551
[00:23:34] Bootstrap tree #19, logLikelihood: -628.947182
[00:24:33] Bootstrap tree #20, logLikelihood: -623.807757
[00:25:21] Bootstrap tree #21, logLikelihood: -609.630025
[00:26:24] Bootstrap tree #22, logLikelihood: -675.714342
[00:27:35] Bootstrap tree #23, logLikelihood: -693.183565
[00:28:19] Bootstrap tree #24, logLikelihood: -669.699888
[00:29:15] Bootstrap tree #25, logLikelihood: -688.198711
[00:30:06] Bootstrap tree #26, logLikelihood: -729.379877
[00:30:49] Bootstrap tree #27, logLikelihood: -645.397832
[00:31:43] Bootstrap tree #28, logLikelihood: -636.707336
[00:32:35] Bootstrap tree #29, logLikelihood: -669.739984
[00:33:43] Bootstrap tree #30, logLikelihood: -627.681119
[00:34:41] Bootstrap tree #31, logLikelihood: -631.093099
[00:35:39] Bootstrap tree #32, logLikelihood: -633.955405
[00:36:37] Bootstrap tree #33, logLikelihood: -647.520317
[00:37:29] Bootstrap tree #34, logLikelihood: -599.709649
[00:38:17] Bootstrap tree #35, logLikelihood: -701.307428
[00:39:10] Bootstrap tree #36, logLikelihood: -671.445114
[00:40:29] Bootstrap tree #37, logLikelihood: -664.397370
[00:41:21] Bootstrap tree #38, logLikelihood: -636.119681
[00:42:13] Bootstrap tree #39, logLikelihood: -645.534493
[00:43:06] Bootstrap tree #40, logLikelihood: -650.802455
[00:43:57] Bootstrap tree #41, logLikelihood: -673.178350
[00:44:46] Bootstrap tree #42, logLikelihood: -640.160041
[00:45:37] Bootstrap tree #43, logLikelihood: -631.095013
[00:46:25] Bootstrap tree #44, logLikelihood: -686.710152
[00:47:17] Bootstrap tree #45, logLikelihood: -657.380047
[00:48:12] Bootstrap tree #46, logLikelihood: -642.633950
[00:49:03] Bootstrap tree #47, logLikelihood: -730.219178
[00:49:51] Bootstrap tree #48, logLikelihood: -630.325530
[00:50:45] Bootstrap tree #49, logLikelihood: -675.357948
[00:51:37] Bootstrap tree #50, logLikelihood: -623.762518
[00:52:24] Bootstrap tree #51, logLikelihood: -688.795880
[00:53:32] Bootstrap tree #52, logLikelihood: -751.925670
[00:54:24] Bootstrap tree #53, logLikelihood: -670.716211
[00:55:18] Bootstrap tree #54, logLikelihood: -653.075142
[00:56:07] Bootstrap tree #55, logLikelihood: -583.773566
[00:56:59] Bootstrap tree #56, logLikelihood: -715.940995
[00:57:53] Bootstrap tree #57, logLikelihood: -660.341058
[00:58:41] Bootstrap tree #58, logLikelihood: -602.790724
[00:59:31] Bootstrap tree #59, logLikelihood: -705.657862
[01:00:31] Bootstrap tree #60, logLikelihood: -596.368039
[01:01:23] Bootstrap tree #61, logLikelihood: -629.186647
[01:02:13] Bootstrap tree #62, logLikelihood: -670.937570
[01:03:06] Bootstrap tree #63, logLikelihood: -652.864446
[01:04:03] Bootstrap tree #64, logLikelihood: -690.668332
[01:05:01] Bootstrap tree #65, logLikelihood: -621.483158
[01:05:47] Bootstrap tree #66, logLikelihood: -652.123420
[01:06:39] Bootstrap tree #67, logLikelihood: -592.286556
[01:07:31] Bootstrap tree #68, logLikelihood: -609.285204
[01:08:22] Bootstrap tree #69, logLikelihood: -614.392743
[01:09:27] Bootstrap tree #70, logLikelihood: -706.083575
[01:10:45] Bootstrap tree #71, logLikelihood: -635.104678
[01:11:41] Bootstrap tree #72, logLikelihood: -641.137178
[01:12:37] Bootstrap tree #73, logLikelihood: -626.137943
[01:13:24] Bootstrap tree #74, logLikelihood: -614.324222
[01:14:18] Bootstrap tree #75, logLikelihood: -631.562476
[01:15:13] Bootstrap tree #76, logLikelihood: -623.957181
[01:16:14] Bootstrap tree #77, logLikelihood: -617.464987
[01:17:00] Bootstrap tree #78, logLikelihood: -599.897921
[01:17:52] Bootstrap tree #79, logLikelihood: -625.031352
[01:19:28] Bootstrap tree #80, logLikelihood: -659.900796
[01:20:25] Bootstrap tree #81, logLikelihood: -668.413900
[01:21:17] Bootstrap tree #82, logLikelihood: -629.303462
[01:22:08] Bootstrap tree #83, logLikelihood: -646.459936
[01:23:47] Bootstrap tree #84, logLikelihood: -607.336372
[01:24:41] Bootstrap tree #85, logLikelihood: -659.617894
[01:26:08] Bootstrap tree #86, logLikelihood: -667.478744
[01:26:53] Bootstrap tree #87, logLikelihood: -632.830896
[01:28:01] Bootstrap tree #88, logLikelihood: -624.550573
[01:28:46] Bootstrap tree #89, logLikelihood: -661.621289
[01:30:40] Bootstrap tree #90, logLikelihood: -664.406052
[01:31:39] Bootstrap tree #91, logLikelihood: -683.600577
