
RAxML-NG v. 0.9.0 released on 20.05.2019 by The Exelixis Lab.
Developed by: Alexey M. Kozlov and Alexandros Stamatakis.
Contributors: Diego Darriba, Tomas Flouri, Benoit Morel, Sarah Lutteropp, Ben Bettisworth.
Latest version: https://github.com/amkozlov/raxml-ng
Questions/problems/suggestions? Please visit: https://groups.google.com/forum/#!forum/raxml

RAxML-NG was called at 13-Jul-2023 15:23:43 as follows:

raxml-ng --all --model Blosum62+G --msa results/windows/window_position_4630_4730.fa --prefix results/RaxMl/4630_4730 --msa-format FASTA --tree pars{5} --seed 239 --threads 2 --force --bs-trees 100 --bs-metric fbp

Analysis options:
  run mode: ML tree search + bootstrapping (Felsenstein Bootstrap)
  start tree(s): parsimony (5)
  bootstrap replicates: 100
  random seed: 239
  tip-inner: OFF
  pattern compression: ON
  per-rate scalers: OFF
  site repeats: ON
  branch lengths: proportional (ML estimate, algorithm: NR-FAST)
  SIMD kernels: SSE3
  parallelization: PTHREADS (2 threads), thread pinning: OFF

WARNING: Running in FORCE mode: all safety checks are disabled!

[00:00:00] Reading alignment from file: results/windows/window_position_4630_4730.fa
[00:00:00] Loaded alignment with 47 taxa and 100 sites

Alignment comprises 1 partitions and 64 patterns

Partition 0: noname
Model: BLOSUM62+G4m
Alignment sites / patterns: 100 / 64
Gaps: 0.00 %
Invariant sites: 50.00 %


NOTE: Binary MSA file created: results/RaxMl/4630_4730.raxml.rba

[00:00:00] Generating 5 parsimony starting tree(s) with 47 taxa
[00:00:00] Data distribution: max. partitions/sites/weight per thread: 1 / 32 / 2560

Starting ML tree search with 5 distinct starting trees

[00:01:09] ML tree search #1, logLikelihood: -658.100098
[00:01:58] ML tree search #2, logLikelihood: -658.098250
[00:02:47] ML tree search #3, logLikelihood: -658.956810
[00:03:41] ML tree search #4, logLikelihood: -658.099108
[00:04:30] ML tree search #5, logLikelihood: -658.098405

[00:04:30] ML tree search completed, best tree logLH: -658.098250

[00:04:30] Starting bootstrapping analysis with 100 replicates.

[00:05:34] Bootstrap tree #1, logLikelihood: -599.243336
[00:06:34] Bootstrap tree #2, logLikelihood: -569.032353
[00:07:34] Bootstrap tree #3, logLikelihood: -621.262008
[00:08:44] Bootstrap tree #4, logLikelihood: -772.788340
[00:09:38] Bootstrap tree #5, logLikelihood: -637.273518
[00:10:43] Bootstrap tree #6, logLikelihood: -669.742989
[00:11:32] Bootstrap tree #7, logLikelihood: -603.178934
[00:12:23] Bootstrap tree #8, logLikelihood: -681.427963
[00:13:15] Bootstrap tree #9, logLikelihood: -643.695789
[00:13:59] Bootstrap tree #10, logLikelihood: -640.974988
[00:14:55] Bootstrap tree #11, logLikelihood: -644.334329
[00:15:56] Bootstrap tree #12, logLikelihood: -621.850824
[00:17:11] Bootstrap tree #13, logLikelihood: -640.419342
[00:18:04] Bootstrap tree #14, logLikelihood: -657.377170
[00:18:56] Bootstrap tree #15, logLikelihood: -558.619225
[00:19:49] Bootstrap tree #16, logLikelihood: -636.659356
[00:20:47] Bootstrap tree #17, logLikelihood: -666.464933
[00:21:43] Bootstrap tree #18, logLikelihood: -666.267175
[00:22:41] Bootstrap tree #19, logLikelihood: -606.626257
[00:23:39] Bootstrap tree #20, logLikelihood: -669.585121
[00:24:37] Bootstrap tree #21, logLikelihood: -634.538032
[00:25:27] Bootstrap tree #22, logLikelihood: -702.266845
[00:26:30] Bootstrap tree #23, logLikelihood: -647.292046
[00:27:44] Bootstrap tree #24, logLikelihood: -619.751219
[00:28:30] Bootstrap tree #25, logLikelihood: -694.211928
[00:29:22] Bootstrap tree #26, logLikelihood: -676.574526
[00:30:48] Bootstrap tree #27, logLikelihood: -579.252891
[00:31:38] Bootstrap tree #28, logLikelihood: -585.337000
[00:33:01] Bootstrap tree #29, logLikelihood: -673.865899
[00:33:59] Bootstrap tree #30, logLikelihood: -645.376276
[00:35:03] Bootstrap tree #31, logLikelihood: -671.131924
[00:35:56] Bootstrap tree #32, logLikelihood: -641.433648
[00:36:55] Bootstrap tree #33, logLikelihood: -619.994216
[00:37:48] Bootstrap tree #34, logLikelihood: -675.694598
[00:38:42] Bootstrap tree #35, logLikelihood: -717.858064
[00:40:00] Bootstrap tree #36, logLikelihood: -710.052061
[00:40:54] Bootstrap tree #37, logLikelihood: -690.469489
[00:41:39] Bootstrap tree #38, logLikelihood: -636.022569
[00:42:33] Bootstrap tree #39, logLikelihood: -575.212600
[00:43:34] Bootstrap tree #40, logLikelihood: -653.387145
[00:45:03] Bootstrap tree #41, logLikelihood: -662.691877
[00:46:03] Bootstrap tree #42, logLikelihood: -668.453878
[00:46:59] Bootstrap tree #43, logLikelihood: -644.412944
[00:47:59] Bootstrap tree #44, logLikelihood: -617.442672
