
RAxML-NG v. 0.9.0 released on 20.05.2019 by The Exelixis Lab.
Developed by: Alexey M. Kozlov and Alexandros Stamatakis.
Contributors: Diego Darriba, Tomas Flouri, Benoit Morel, Sarah Lutteropp, Ben Bettisworth.
Latest version: https://github.com/amkozlov/raxml-ng
Questions/problems/suggestions? Please visit: https://groups.google.com/forum/#!forum/raxml

RAxML-NG was called at 10-Jul-2023 22:35:35 as follows:

raxml-ng --all --model Blosum62+G --msa results/windows/window_position_470_570.fa --prefix results/RaxMl/470_570 --msa-format FASTA --tree pars{5} --seed 239 --threads 2 --force --bs-trees 100 --bs-metric fbp

Analysis options:
  run mode: ML tree search + bootstrapping (Felsenstein Bootstrap)
  start tree(s): parsimony (5)
  bootstrap replicates: 100
  random seed: 239
  tip-inner: OFF
  pattern compression: ON
  per-rate scalers: OFF
  site repeats: ON
  branch lengths: proportional (ML estimate, algorithm: NR-FAST)
  SIMD kernels: SSE3
  parallelization: PTHREADS (2 threads), thread pinning: OFF

WARNING: Running in FORCE mode: all safety checks are disabled!

[00:00:00] Reading alignment from file: results/windows/window_position_470_570.fa
[00:00:00] Loaded alignment with 47 taxa and 100 sites

Alignment comprises 1 partitions and 95 patterns

Partition 0: noname
Model: BLOSUM62+G4m
Alignment sites / patterns: 100 / 95
Gaps: 0.00 %
Invariant sites: 10.00 %


NOTE: Binary MSA file created: results/RaxMl/470_570.raxml.rba

[00:00:00] Generating 5 parsimony starting tree(s) with 47 taxa
[00:00:00] Data distribution: max. partitions/sites/weight per thread: 1 / 48 / 3840

Starting ML tree search with 5 distinct starting trees

[00:01:52] ML tree search #1, logLikelihood: -1039.468839
[00:02:54] ML tree search #2, logLikelihood: -1039.464806
[00:03:56] ML tree search #3, logLikelihood: -1039.461986
[00:05:40] ML tree search #4, logLikelihood: -1039.463980
[00:07:13] ML tree search #5, logLikelihood: -1039.464909

[00:07:13] ML tree search completed, best tree logLH: -1039.461986

[00:07:13] Starting bootstrapping analysis with 100 replicates.

[00:08:05] Bootstrap tree #1, logLikelihood: -952.843874
[00:08:59] Bootstrap tree #2, logLikelihood: -1037.734493
[00:10:30] Bootstrap tree #3, logLikelihood: -1089.242688
[00:11:34] Bootstrap tree #4, logLikelihood: -1034.945708
[00:12:35] Bootstrap tree #5, logLikelihood: -982.679773
[00:13:34] Bootstrap tree #6, logLikelihood: -1029.800659
[00:14:56] Bootstrap tree #7, logLikelihood: -921.031624
[00:16:12] Bootstrap tree #8, logLikelihood: -1084.820667
[00:17:43] Bootstrap tree #9, logLikelihood: -1020.942340
[00:18:49] Bootstrap tree #10, logLikelihood: -1013.200470
[00:20:42] Bootstrap tree #11, logLikelihood: -926.762255
[00:21:54] Bootstrap tree #12, logLikelihood: -1032.756090
[00:23:06] Bootstrap tree #13, logLikelihood: -1056.697141
[00:24:41] Bootstrap tree #14, logLikelihood: -1089.549548
[00:26:49] Bootstrap tree #15, logLikelihood: -953.646184
[00:27:58] Bootstrap tree #16, logLikelihood: -1001.253505
[00:29:09] Bootstrap tree #17, logLikelihood: -1049.271218
[00:30:25] Bootstrap tree #18, logLikelihood: -956.207373
[00:31:56] Bootstrap tree #19, logLikelihood: -971.334567
[00:33:00] Bootstrap tree #20, logLikelihood: -1002.404652
[00:34:25] Bootstrap tree #21, logLikelihood: -1070.204717
[00:35:37] Bootstrap tree #22, logLikelihood: -1044.664051
[00:37:10] Bootstrap tree #23, logLikelihood: -1009.179195
[00:38:29] Bootstrap tree #24, logLikelihood: -1046.022529
[00:39:59] Bootstrap tree #25, logLikelihood: -1058.328211
[00:41:26] Bootstrap tree #26, logLikelihood: -985.718242
[00:42:33] Bootstrap tree #27, logLikelihood: -1007.125872
[00:43:41] Bootstrap tree #28, logLikelihood: -953.938474
[00:44:46] Bootstrap tree #29, logLikelihood: -1025.524697
[00:45:57] Bootstrap tree #30, logLikelihood: -934.148226
[00:47:05] Bootstrap tree #31, logLikelihood: -1078.986733
[00:48:08] Bootstrap tree #32, logLikelihood: -1019.042974
[00:49:13] Bootstrap tree #33, logLikelihood: -935.870485
[00:50:22] Bootstrap tree #34, logLikelihood: -1059.373938
[00:51:30] Bootstrap tree #35, logLikelihood: -1011.619856
[00:53:11] Bootstrap tree #36, logLikelihood: -1076.962230
[00:55:04] Bootstrap tree #37, logLikelihood: -1073.778410
[00:56:18] Bootstrap tree #38, logLikelihood: -1097.625316
[00:57:24] Bootstrap tree #39, logLikelihood: -1021.134590
