
RAxML-NG v. 0.9.0 released on 20.05.2019 by The Exelixis Lab.
Developed by: Alexey M. Kozlov and Alexandros Stamatakis.
Contributors: Diego Darriba, Tomas Flouri, Benoit Morel, Sarah Lutteropp, Ben Bettisworth.
Latest version: https://github.com/amkozlov/raxml-ng
Questions/problems/suggestions? Please visit: https://groups.google.com/forum/#!forum/raxml

RAxML-NG was called at 14-Jul-2023 15:07:27 as follows:

raxml-ng --all --model Blosum62+G --msa results/windows/window_position_4800_4900.fa --prefix results/RaxMl/4800_4900 --msa-format FASTA --tree pars{5} --seed 239 --threads 2 --force --bs-trees 100 --bs-metric fbp

Analysis options:
  run mode: ML tree search + bootstrapping (Felsenstein Bootstrap)
  start tree(s): parsimony (5)
  bootstrap replicates: 100
  random seed: 239
  tip-inner: OFF
  pattern compression: ON
  per-rate scalers: OFF
  site repeats: ON
  branch lengths: proportional (ML estimate, algorithm: NR-FAST)
  SIMD kernels: SSE3
  parallelization: PTHREADS (2 threads), thread pinning: OFF

WARNING: Running in FORCE mode: all safety checks are disabled!

[00:00:00] Reading alignment from file: results/windows/window_position_4800_4900.fa
[00:00:00] Loaded alignment with 47 taxa and 100 sites

Alignment comprises 1 partitions and 61 patterns

Partition 0: noname
Model: BLOSUM62+G4m
Alignment sites / patterns: 100 / 61
Gaps: 0.00 %
Invariant sites: 54.00 %


NOTE: Binary MSA file created: results/RaxMl/4800_4900.raxml.rba

[00:00:00] Generating 5 parsimony starting tree(s) with 47 taxa
[00:00:00] Data distribution: max. partitions/sites/weight per thread: 1 / 31 / 2480

Starting ML tree search with 5 distinct starting trees

[00:01:08] ML tree search #1, logLikelihood: -645.025539
[00:02:21] ML tree search #2, logLikelihood: -645.021999
[00:03:46] ML tree search #3, logLikelihood: -645.024378
[00:04:29] ML tree search #4, logLikelihood: -645.021044
[00:05:17] ML tree search #5, logLikelihood: -645.021081

[00:05:17] ML tree search completed, best tree logLH: -645.021044

[00:05:17] Starting bootstrapping analysis with 100 replicates.

[00:05:59] Bootstrap tree #1, logLikelihood: -554.679727
[00:06:56] Bootstrap tree #2, logLikelihood: -689.683100
[00:07:53] Bootstrap tree #3, logLikelihood: -643.717548
[00:08:49] Bootstrap tree #4, logLikelihood: -611.695587
[00:09:41] Bootstrap tree #5, logLikelihood: -596.167294
[00:10:39] Bootstrap tree #6, logLikelihood: -619.050115
[00:11:26] Bootstrap tree #7, logLikelihood: -590.592883
[00:12:24] Bootstrap tree #8, logLikelihood: -619.809744
[00:13:18] Bootstrap tree #9, logLikelihood: -718.939910
[00:14:09] Bootstrap tree #10, logLikelihood: -637.449436
[00:14:58] Bootstrap tree #11, logLikelihood: -652.044632
[00:15:48] Bootstrap tree #12, logLikelihood: -660.435810
[00:16:39] Bootstrap tree #13, logLikelihood: -639.606871
[00:17:32] Bootstrap tree #14, logLikelihood: -652.920588
[00:18:20] Bootstrap tree #15, logLikelihood: -650.781935
[00:19:11] Bootstrap tree #16, logLikelihood: -703.927541
[00:19:57] Bootstrap tree #17, logLikelihood: -650.953271
[00:20:41] Bootstrap tree #18, logLikelihood: -597.617497
[00:21:43] Bootstrap tree #19, logLikelihood: -648.607023
[00:22:33] Bootstrap tree #20, logLikelihood: -599.683621
[00:23:28] Bootstrap tree #21, logLikelihood: -585.236032
[00:24:30] Bootstrap tree #22, logLikelihood: -647.241133
[00:25:24] Bootstrap tree #23, logLikelihood: -596.841618
[00:26:12] Bootstrap tree #24, logLikelihood: -656.142131
[00:27:01] Bootstrap tree #25, logLikelihood: -633.854204
