
RAxML-NG v. 0.9.0 released on 20.05.2019 by The Exelixis Lab.
Developed by: Alexey M. Kozlov and Alexandros Stamatakis.
Contributors: Diego Darriba, Tomas Flouri, Benoit Morel, Sarah Lutteropp, Ben Bettisworth.
Latest version: https://github.com/amkozlov/raxml-ng
Questions/problems/suggestions? Please visit: https://groups.google.com/forum/#!forum/raxml

RAxML-NG was called at 13-Jul-2023 12:50:12 as follows:

raxml-ng --all --model Blosum62+G --msa results/windows/window_position_480_580.fa --prefix results/RaxMl/480_580 --msa-format FASTA --tree pars{5} --seed 239 --threads 2 --force --bs-trees 100 --bs-metric fbp

Analysis options:
  run mode: ML tree search + bootstrapping (Felsenstein Bootstrap)
  start tree(s): parsimony (5)
  bootstrap replicates: 100
  random seed: 239
  tip-inner: OFF
  pattern compression: ON
  per-rate scalers: OFF
  site repeats: ON
  branch lengths: proportional (ML estimate, algorithm: NR-FAST)
  SIMD kernels: SSE3
  parallelization: PTHREADS (2 threads), thread pinning: OFF

WARNING: Running in FORCE mode: all safety checks are disabled!

[00:00:00] Reading alignment from file: results/windows/window_position_480_580.fa
[00:00:00] Loaded alignment with 47 taxa and 100 sites

Alignment comprises 1 partitions and 95 patterns

Partition 0: noname
Model: BLOSUM62+G4m
Alignment sites / patterns: 100 / 95
Gaps: 0.00 %
Invariant sites: 10.00 %


NOTE: Binary MSA file created: results/RaxMl/480_580.raxml.rba

[00:00:00] Generating 5 parsimony starting tree(s) with 47 taxa
[00:00:00] Data distribution: max. partitions/sites/weight per thread: 1 / 48 / 3840

Starting ML tree search with 5 distinct starting trees

[00:01:12] ML tree search #1, logLikelihood: -1106.206527
[00:02:15] ML tree search #2, logLikelihood: -1106.205280
[00:03:25] ML tree search #3, logLikelihood: -1106.207486
[00:04:53] ML tree search #4, logLikelihood: -1106.204077
[00:05:57] ML tree search #5, logLikelihood: -1106.206211

[00:05:57] ML tree search completed, best tree logLH: -1106.204077

[00:05:57] Starting bootstrapping analysis with 100 replicates.

[00:06:58] Bootstrap tree #1, logLikelihood: -1057.952864
[00:07:55] Bootstrap tree #2, logLikelihood: -1121.554873
