
RAxML-NG v. 0.9.0 released on 20.05.2019 by The Exelixis Lab.
Developed by: Alexey M. Kozlov and Alexandros Stamatakis.
Contributors: Diego Darriba, Tomas Flouri, Benoit Morel, Sarah Lutteropp, Ben Bettisworth.
Latest version: https://github.com/amkozlov/raxml-ng
Questions/problems/suggestions? Please visit: https://groups.google.com/forum/#!forum/raxml

RAxML-NG was called at 16-Jul-2023 01:00:05 as follows:

raxml-ng --all --model Blosum62+G --msa results/windows/window_position_4840_4940.fa --prefix results/RaxMl/4840_4940 --msa-format FASTA --tree pars{5} --seed 239 --threads 2 --force --bs-trees 100 --bs-metric fbp

Analysis options:
  run mode: ML tree search + bootstrapping (Felsenstein Bootstrap)
  start tree(s): parsimony (5)
  bootstrap replicates: 100
  random seed: 239
  tip-inner: OFF
  pattern compression: ON
  per-rate scalers: OFF
  site repeats: ON
  branch lengths: proportional (ML estimate, algorithm: NR-FAST)
  SIMD kernels: SSE3
  parallelization: PTHREADS (2 threads), thread pinning: OFF

WARNING: Running in FORCE mode: all safety checks are disabled!

[00:00:00] Reading alignment from file: results/windows/window_position_4840_4940.fa
[00:00:00] Loaded alignment with 47 taxa and 100 sites

Alignment comprises 1 partitions and 54 patterns

Partition 0: noname
Model: BLOSUM62+G4m
Alignment sites / patterns: 100 / 54
Gaps: 0.00 %
Invariant sites: 59.00 %


NOTE: Binary MSA file created: results/RaxMl/4840_4940.raxml.rba

[00:00:00] Generating 5 parsimony starting tree(s) with 47 taxa
[00:00:00] Data distribution: max. partitions/sites/weight per thread: 1 / 27 / 2160

Starting ML tree search with 5 distinct starting trees

[00:00:38] ML tree search #1, logLikelihood: -590.664124
[00:01:17] ML tree search #2, logLikelihood: -590.664100
[00:01:57] ML tree search #3, logLikelihood: -590.664101
[00:02:55] ML tree search #4, logLikelihood: -590.664100
[00:04:06] ML tree search #5, logLikelihood: -590.664099

[00:04:06] ML tree search completed, best tree logLH: -590.664099

[00:04:06] Starting bootstrapping analysis with 100 replicates.

[00:05:22] Bootstrap tree #1, logLikelihood: -538.767796
[00:06:12] Bootstrap tree #2, logLikelihood: -587.936782
[00:07:30] Bootstrap tree #3, logLikelihood: -651.136766
[00:08:19] Bootstrap tree #4, logLikelihood: -594.113583
[00:09:41] Bootstrap tree #5, logLikelihood: -586.641631
[00:10:29] Bootstrap tree #6, logLikelihood: -612.875426
[00:11:26] Bootstrap tree #7, logLikelihood: -524.855025
[00:12:16] Bootstrap tree #8, logLikelihood: -609.752765
[00:12:59] Bootstrap tree #9, logLikelihood: -586.587938
[00:13:53] Bootstrap tree #10, logLikelihood: -619.895018
[00:14:38] Bootstrap tree #11, logLikelihood: -632.707924
[00:15:30] Bootstrap tree #12, logLikelihood: -611.110776
[00:16:16] Bootstrap tree #13, logLikelihood: -582.369196
[00:17:12] Bootstrap tree #14, logLikelihood: -659.074818
[00:17:56] Bootstrap tree #15, logLikelihood: -561.179734
[00:18:38] Bootstrap tree #16, logLikelihood: -558.369611
[00:19:26] Bootstrap tree #17, logLikelihood: -595.831632
[00:20:12] Bootstrap tree #18, logLikelihood: -597.575298
[00:20:58] Bootstrap tree #19, logLikelihood: -604.234252
[00:21:43] Bootstrap tree #20, logLikelihood: -574.224043
[00:22:29] Bootstrap tree #21, logLikelihood: -650.069146
[00:23:29] Bootstrap tree #22, logLikelihood: -588.497301
[00:24:19] Bootstrap tree #23, logLikelihood: -633.274708
[00:25:04] Bootstrap tree #24, logLikelihood: -535.370388
[00:26:17] Bootstrap tree #25, logLikelihood: -588.927844
[00:27:37] Bootstrap tree #26, logLikelihood: -538.455710
[00:28:28] Bootstrap tree #27, logLikelihood: -499.791376
[00:29:13] Bootstrap tree #28, logLikelihood: -566.302778
[00:30:25] Bootstrap tree #29, logLikelihood: -537.359224
[00:31:14] Bootstrap tree #30, logLikelihood: -580.146040
[00:31:57] Bootstrap tree #31, logLikelihood: -594.847835
[00:32:57] Bootstrap tree #32, logLikelihood: -576.685462
[00:33:43] Bootstrap tree #33, logLikelihood: -574.294336
[00:34:31] Bootstrap tree #34, logLikelihood: -649.039870
[00:35:36] Bootstrap tree #35, logLikelihood: -627.283095
[00:36:18] Bootstrap tree #36, logLikelihood: -610.967285
[00:37:09] Bootstrap tree #37, logLikelihood: -610.697730
[00:38:47] Bootstrap tree #38, logLikelihood: -542.292823
[00:39:25] Bootstrap tree #39, logLikelihood: -616.254783
[00:40:17] Bootstrap tree #40, logLikelihood: -540.943519
[00:41:24] Bootstrap tree #41, logLikelihood: -573.066234
[00:42:13] Bootstrap tree #42, logLikelihood: -544.382974
[00:43:06] Bootstrap tree #43, logLikelihood: -632.162050
[00:43:47] Bootstrap tree #44, logLikelihood: -609.758361
[00:44:28] Bootstrap tree #45, logLikelihood: -562.859327
[00:45:08] Bootstrap tree #46, logLikelihood: -626.333690
[00:45:54] Bootstrap tree #47, logLikelihood: -678.156527
[00:46:46] Bootstrap tree #48, logLikelihood: -572.330029
[00:47:32] Bootstrap tree #49, logLikelihood: -549.064768
[00:48:18] Bootstrap tree #50, logLikelihood: -527.272225
[00:49:06] Bootstrap tree #51, logLikelihood: -591.511819
[00:50:22] Bootstrap tree #52, logLikelihood: -589.978369
[00:51:08] Bootstrap tree #53, logLikelihood: -555.358515
[00:51:52] Bootstrap tree #54, logLikelihood: -620.893679
[00:52:45] Bootstrap tree #55, logLikelihood: -594.768813
[00:53:30] Bootstrap tree #56, logLikelihood: -574.257532
[00:54:10] Bootstrap tree #57, logLikelihood: -546.950813
[00:55:07] Bootstrap tree #58, logLikelihood: -514.720295
