
RAxML-NG v. 0.9.0 released on 20.05.2019 by The Exelixis Lab.
Developed by: Alexey M. Kozlov and Alexandros Stamatakis.
Contributors: Diego Darriba, Tomas Flouri, Benoit Morel, Sarah Lutteropp, Ben Bettisworth.
Latest version: https://github.com/amkozlov/raxml-ng
Questions/problems/suggestions? Please visit: https://groups.google.com/forum/#!forum/raxml

RAxML-NG was called at 13-Jul-2023 07:02:38 as follows:

raxml-ng --all --model Blosum62+G --msa results/windows/window_position_4900_5000.fa --prefix results/RaxMl/4900_5000 --msa-format FASTA --tree pars{5} --seed 239 --threads 2 --force --bs-trees 100 --bs-metric fbp

Analysis options:
  run mode: ML tree search + bootstrapping (Felsenstein Bootstrap)
  start tree(s): parsimony (5)
  bootstrap replicates: 100
  random seed: 239
  tip-inner: OFF
  pattern compression: ON
  per-rate scalers: OFF
  site repeats: ON
  branch lengths: proportional (ML estimate, algorithm: NR-FAST)
  SIMD kernels: SSE3
  parallelization: PTHREADS (2 threads), thread pinning: OFF

WARNING: Running in FORCE mode: all safety checks are disabled!

[00:00:00] Reading alignment from file: results/windows/window_position_4900_5000.fa
[00:00:00] Loaded alignment with 47 taxa and 100 sites

Alignment comprises 1 partitions and 67 patterns

Partition 0: noname
Model: BLOSUM62+G4m
Alignment sites / patterns: 100 / 67
Gaps: 0.00 %
Invariant sites: 48.00 %


NOTE: Binary MSA file created: results/RaxMl/4900_5000.raxml.rba

[00:00:00] Generating 5 parsimony starting tree(s) with 47 taxa
[00:00:00] Data distribution: max. partitions/sites/weight per thread: 1 / 34 / 2720

Starting ML tree search with 5 distinct starting trees

[00:02:11] ML tree search #1, logLikelihood: -684.900533
[00:04:40] ML tree search #2, logLikelihood: -684.900537
[00:07:02] ML tree search #3, logLikelihood: -684.900847
[00:08:26] ML tree search #4, logLikelihood: -684.901086
[00:09:46] ML tree search #5, logLikelihood: -684.900531

[00:09:46] ML tree search completed, best tree logLH: -684.900531

[00:09:46] Starting bootstrapping analysis with 100 replicates.

[00:10:37] Bootstrap tree #1, logLikelihood: -613.948193
[00:11:29] Bootstrap tree #2, logLikelihood: -664.156529
[00:13:11] Bootstrap tree #3, logLikelihood: -695.956148
[00:14:09] Bootstrap tree #4, logLikelihood: -736.689649
[00:15:32] Bootstrap tree #5, logLikelihood: -644.856753
[00:16:33] Bootstrap tree #6, logLikelihood: -645.239641
[00:17:22] Bootstrap tree #7, logLikelihood: -569.374624
[00:18:06] Bootstrap tree #8, logLikelihood: -669.899864
[00:19:02] Bootstrap tree #9, logLikelihood: -662.527854
[00:19:58] Bootstrap tree #10, logLikelihood: -647.710991
[00:20:49] Bootstrap tree #11, logLikelihood: -711.943029
[00:21:56] Bootstrap tree #12, logLikelihood: -590.674827
[00:23:04] Bootstrap tree #13, logLikelihood: -635.382979
[00:24:06] Bootstrap tree #14, logLikelihood: -688.732355
[00:25:03] Bootstrap tree #15, logLikelihood: -712.551432
[00:26:08] Bootstrap tree #16, logLikelihood: -614.342556
[00:27:26] Bootstrap tree #17, logLikelihood: -717.570065
[00:28:30] Bootstrap tree #18, logLikelihood: -678.793620
[00:29:28] Bootstrap tree #19, logLikelihood: -711.638282
[00:30:27] Bootstrap tree #20, logLikelihood: -831.448436
[00:31:56] Bootstrap tree #21, logLikelihood: -746.850606
[00:32:47] Bootstrap tree #22, logLikelihood: -678.566916
[00:33:53] Bootstrap tree #23, logLikelihood: -616.039063
[00:34:56] Bootstrap tree #24, logLikelihood: -750.632040
[00:35:54] Bootstrap tree #25, logLikelihood: -692.292234
[00:36:52] Bootstrap tree #26, logLikelihood: -606.600376
[00:37:49] Bootstrap tree #27, logLikelihood: -674.767770
[00:38:35] Bootstrap tree #28, logLikelihood: -590.240563
[00:39:36] Bootstrap tree #29, logLikelihood: -671.353821
[00:40:33] Bootstrap tree #30, logLikelihood: -650.265073
[00:41:32] Bootstrap tree #31, logLikelihood: -671.394960
[00:42:36] Bootstrap tree #32, logLikelihood: -709.994648
[00:44:32] Bootstrap tree #33, logLikelihood: -641.949939
[00:45:31] Bootstrap tree #34, logLikelihood: -727.627236
[00:46:36] Bootstrap tree #35, logLikelihood: -710.285864
[00:47:29] Bootstrap tree #36, logLikelihood: -677.707048
[00:48:36] Bootstrap tree #37, logLikelihood: -689.125632
[00:49:47] Bootstrap tree #38, logLikelihood: -623.513888
[00:50:49] Bootstrap tree #39, logLikelihood: -639.768714
[00:51:33] Bootstrap tree #40, logLikelihood: -637.489651
[00:52:37] Bootstrap tree #41, logLikelihood: -626.467533
[00:53:38] Bootstrap tree #42, logLikelihood: -583.638764
[00:54:37] Bootstrap tree #43, logLikelihood: -675.718946
[00:55:56] Bootstrap tree #44, logLikelihood: -599.145639
[00:56:46] Bootstrap tree #45, logLikelihood: -680.056760
[00:57:41] Bootstrap tree #46, logLikelihood: -638.165389
[00:58:42] Bootstrap tree #47, logLikelihood: -692.979287
[00:59:34] Bootstrap tree #48, logLikelihood: -624.867080
[01:00:46] Bootstrap tree #49, logLikelihood: -629.101303
[01:01:38] Bootstrap tree #50, logLikelihood: -648.636258
[01:02:33] Bootstrap tree #51, logLikelihood: -632.791493
[01:03:21] Bootstrap tree #52, logLikelihood: -662.844644
[01:04:50] Bootstrap tree #53, logLikelihood: -639.121660
[01:05:38] Bootstrap tree #54, logLikelihood: -722.185002
[01:06:35] Bootstrap tree #55, logLikelihood: -715.589479
[01:07:31] Bootstrap tree #56, logLikelihood: -802.355332
[01:08:30] Bootstrap tree #57, logLikelihood: -682.804510
[01:09:27] Bootstrap tree #58, logLikelihood: -631.364597
[01:11:03] Bootstrap tree #59, logLikelihood: -720.843110
[01:11:56] Bootstrap tree #60, logLikelihood: -617.375202
[01:12:56] Bootstrap tree #61, logLikelihood: -733.465709
[01:13:55] Bootstrap tree #62, logLikelihood: -627.417602
[01:14:52] Bootstrap tree #63, logLikelihood: -695.918452
[01:16:40] Bootstrap tree #64, logLikelihood: -701.012596
[01:17:38] Bootstrap tree #65, logLikelihood: -666.457332
[01:18:35] Bootstrap tree #66, logLikelihood: -574.950267
[01:20:10] Bootstrap tree #67, logLikelihood: -710.957402
[01:22:12] Bootstrap tree #68, logLikelihood: -616.551927
[01:23:07] Bootstrap tree #69, logLikelihood: -630.278338
[01:23:59] Bootstrap tree #70, logLikelihood: -663.015486
[01:33:35] Bootstrap tree #71, logLikelihood: -704.907777
[01:34:30] Bootstrap tree #72, logLikelihood: -773.337066
[01:35:27] Bootstrap tree #73, logLikelihood: -639.797555
[01:36:16] Bootstrap tree #74, logLikelihood: -585.564069
[01:37:20] Bootstrap tree #75, logLikelihood: -709.640972
[01:38:19] Bootstrap tree #76, logLikelihood: -699.171979
[01:39:10] Bootstrap tree #77, logLikelihood: -709.846186
[01:40:03] Bootstrap tree #78, logLikelihood: -661.391955
[01:40:57] Bootstrap tree #79, logLikelihood: -669.604614
[01:42:01] Bootstrap tree #80, logLikelihood: -716.589938
[01:43:47] Bootstrap tree #81, logLikelihood: -632.656692
[01:44:45] Bootstrap tree #82, logLikelihood: -673.530417
[01:45:58] Bootstrap tree #83, logLikelihood: -721.737037
