
RAxML-NG v. 0.9.0 released on 20.05.2019 by The Exelixis Lab.
Developed by: Alexey M. Kozlov and Alexandros Stamatakis.
Contributors: Diego Darriba, Tomas Flouri, Benoit Morel, Sarah Lutteropp, Ben Bettisworth.
Latest version: https://github.com/amkozlov/raxml-ng
Questions/problems/suggestions? Please visit: https://groups.google.com/forum/#!forum/raxml

RAxML-NG was called at 13-Jul-2023 15:57:32 as follows:

raxml-ng --all --model Blosum62+G --msa results/windows/window_position_4910_5010.fa --prefix results/RaxMl/4910_5010 --msa-format FASTA --tree pars{5} --seed 239 --threads 2 --force --bs-trees 100 --bs-metric fbp

Analysis options:
  run mode: ML tree search + bootstrapping (Felsenstein Bootstrap)
  start tree(s): parsimony (5)
  bootstrap replicates: 100
  random seed: 239
  tip-inner: OFF
  pattern compression: ON
  per-rate scalers: OFF
  site repeats: ON
  branch lengths: proportional (ML estimate, algorithm: NR-FAST)
  SIMD kernels: SSE3
  parallelization: PTHREADS (2 threads), thread pinning: OFF

WARNING: Running in FORCE mode: all safety checks are disabled!

[00:00:00] Reading alignment from file: results/windows/window_position_4910_5010.fa
[00:00:00] Loaded alignment with 47 taxa and 100 sites

Alignment comprises 1 partitions and 70 patterns

Partition 0: noname
Model: BLOSUM62+G4m
Alignment sites / patterns: 100 / 70
Gaps: 0.00 %
Invariant sites: 45.00 %


NOTE: Binary MSA file created: results/RaxMl/4910_5010.raxml.rba

[00:00:00] Generating 5 parsimony starting tree(s) with 47 taxa
[00:00:00] Data distribution: max. partitions/sites/weight per thread: 1 / 35 / 2800

Starting ML tree search with 5 distinct starting trees

[00:01:27] ML tree search #1, logLikelihood: -743.877064
[00:02:28] ML tree search #2, logLikelihood: -743.876726
[00:03:28] ML tree search #3, logLikelihood: -743.876729
[00:05:21] ML tree search #4, logLikelihood: -743.877099
[00:07:53] ML tree search #5, logLikelihood: -746.006074

[00:07:53] ML tree search completed, best tree logLH: -743.876726

[00:07:53] Starting bootstrapping analysis with 100 replicates.

[00:08:41] Bootstrap tree #1, logLikelihood: -666.732782
[00:09:35] Bootstrap tree #2, logLikelihood: -711.327374
[00:10:38] Bootstrap tree #3, logLikelihood: -746.040058
[00:11:39] Bootstrap tree #4, logLikelihood: -784.319198
[00:12:34] Bootstrap tree #5, logLikelihood: -705.966966
[00:13:58] Bootstrap tree #6, logLikelihood: -722.885634
[00:14:46] Bootstrap tree #7, logLikelihood: -640.937570
