
RAxML-NG v. 0.9.0 released on 20.05.2019 by The Exelixis Lab.
Developed by: Alexey M. Kozlov and Alexandros Stamatakis.
Contributors: Diego Darriba, Tomas Flouri, Benoit Morel, Sarah Lutteropp, Ben Bettisworth.
Latest version: https://github.com/amkozlov/raxml-ng
Questions/problems/suggestions? Please visit: https://groups.google.com/forum/#!forum/raxml

RAxML-NG was called at 14-Jul-2023 11:43:29 as follows:

raxml-ng --all --model Blosum62+G --msa results/windows/window_position_4930_5030.fa --prefix results/RaxMl/4930_5030 --msa-format FASTA --tree pars{5} --seed 239 --threads 2 --force --bs-trees 100 --bs-metric fbp

Analysis options:
  run mode: ML tree search + bootstrapping (Felsenstein Bootstrap)
  start tree(s): parsimony (5)
  bootstrap replicates: 100
  random seed: 239
  tip-inner: OFF
  pattern compression: ON
  per-rate scalers: OFF
  site repeats: ON
  branch lengths: proportional (ML estimate, algorithm: NR-FAST)
  SIMD kernels: SSE3
  parallelization: PTHREADS (2 threads), thread pinning: OFF

WARNING: Running in FORCE mode: all safety checks are disabled!

[00:00:00] Reading alignment from file: results/windows/window_position_4930_5030.fa
[00:00:00] Loaded alignment with 47 taxa and 100 sites

Alignment comprises 1 partitions and 67 patterns

Partition 0: noname
Model: BLOSUM62+G4m
Alignment sites / patterns: 100 / 67
Gaps: 0.00 %
Invariant sites: 48.00 %


NOTE: Binary MSA file created: results/RaxMl/4930_5030.raxml.rba

[00:00:00] Generating 5 parsimony starting tree(s) with 47 taxa
[00:00:00] Data distribution: max. partitions/sites/weight per thread: 1 / 34 / 2720

Starting ML tree search with 5 distinct starting trees

[00:00:55] ML tree search #1, logLikelihood: -725.522740
[00:01:55] ML tree search #2, logLikelihood: -725.522714
[00:02:57] ML tree search #3, logLikelihood: -725.522727
[00:04:06] ML tree search #4, logLikelihood: -725.522731
[00:06:21] ML tree search #5, logLikelihood: -725.524501

[00:06:21] ML tree search completed, best tree logLH: -725.522714

[00:06:21] Starting bootstrapping analysis with 100 replicates.

[00:07:09] Bootstrap tree #1, logLikelihood: -633.576402
[00:08:03] Bootstrap tree #2, logLikelihood: -758.825218
[00:09:00] Bootstrap tree #3, logLikelihood: -739.190844
[00:09:57] Bootstrap tree #4, logLikelihood: -682.201450
[00:11:15] Bootstrap tree #5, logLikelihood: -736.357437
[00:12:01] Bootstrap tree #6, logLikelihood: -644.123626
[00:12:56] Bootstrap tree #7, logLikelihood: -561.556096
[00:13:47] Bootstrap tree #8, logLikelihood: -724.817492
[00:14:36] Bootstrap tree #9, logLikelihood: -685.000283
[00:15:33] Bootstrap tree #10, logLikelihood: -727.942145
[00:16:24] Bootstrap tree #11, logLikelihood: -789.605518
[00:17:20] Bootstrap tree #12, logLikelihood: -684.159383
[00:18:12] Bootstrap tree #13, logLikelihood: -728.546300
[00:19:07] Bootstrap tree #14, logLikelihood: -711.240312
[00:20:00] Bootstrap tree #15, logLikelihood: -787.924454
[00:20:55] Bootstrap tree #16, logLikelihood: -716.744164
