
RAxML-NG v. 0.9.0 released on 20.05.2019 by The Exelixis Lab.
Developed by: Alexey M. Kozlov and Alexandros Stamatakis.
Contributors: Diego Darriba, Tomas Flouri, Benoit Morel, Sarah Lutteropp, Ben Bettisworth.
Latest version: https://github.com/amkozlov/raxml-ng
Questions/problems/suggestions? Please visit: https://groups.google.com/forum/#!forum/raxml

RAxML-NG was called at 12-Jul-2023 15:29:31 as follows:

raxml-ng --all --model Blosum62+G --msa results/windows/window_position_5030_5130.fa --prefix results/RaxMl/5030_5130 --msa-format FASTA --tree pars{5} --seed 239 --threads 2 --force --bs-trees 100 --bs-metric fbp

Analysis options:
  run mode: ML tree search + bootstrapping (Felsenstein Bootstrap)
  start tree(s): parsimony (5)
  bootstrap replicates: 100
  random seed: 239
  tip-inner: OFF
  pattern compression: ON
  per-rate scalers: OFF
  site repeats: ON
  branch lengths: proportional (ML estimate, algorithm: NR-FAST)
  SIMD kernels: SSE3
  parallelization: PTHREADS (2 threads), thread pinning: OFF

WARNING: Running in FORCE mode: all safety checks are disabled!

[00:00:00] Reading alignment from file: results/windows/window_position_5030_5130.fa
[00:00:00] Loaded alignment with 47 taxa and 100 sites

Alignment comprises 1 partitions and 83 patterns

Partition 0: noname
Model: BLOSUM62+G4m
Alignment sites / patterns: 100 / 83
Gaps: 0.00 %
Invariant sites: 26.00 %


NOTE: Binary MSA file created: results/RaxMl/5030_5130.raxml.rba

[00:00:00] Generating 5 parsimony starting tree(s) with 47 taxa
[00:00:00] Data distribution: max. partitions/sites/weight per thread: 1 / 42 / 3360

Starting ML tree search with 5 distinct starting trees

[00:01:27] ML tree search #1, logLikelihood: -922.771303
[00:03:02] ML tree search #2, logLikelihood: -921.404678
[00:04:10] ML tree search #3, logLikelihood: -922.771588
[00:06:41] ML tree search #4, logLikelihood: -922.574258
[00:07:40] ML tree search #5, logLikelihood: -922.771434

[00:07:41] ML tree search completed, best tree logLH: -921.404678

[00:07:41] Starting bootstrapping analysis with 100 replicates.

[00:08:38] Bootstrap tree #1, logLikelihood: -919.435549
[00:09:37] Bootstrap tree #2, logLikelihood: -898.771104
[00:11:08] Bootstrap tree #3, logLikelihood: -808.507124
[00:12:00] Bootstrap tree #4, logLikelihood: -893.889050
[00:13:00] Bootstrap tree #5, logLikelihood: -957.403785
[00:14:01] Bootstrap tree #6, logLikelihood: -765.001022
[00:14:50] Bootstrap tree #7, logLikelihood: -786.245640
[00:15:46] Bootstrap tree #8, logLikelihood: -906.668952
[00:16:47] Bootstrap tree #9, logLikelihood: -816.139138
[00:18:30] Bootstrap tree #10, logLikelihood: -1059.159766
[00:26:41] Bootstrap tree #11, logLikelihood: -865.685541
[00:28:25] Bootstrap tree #12, logLikelihood: -971.522014
[00:30:25] Bootstrap tree #13, logLikelihood: -995.848163
[00:31:17] Bootstrap tree #14, logLikelihood: -878.225045
[00:32:24] Bootstrap tree #15, logLikelihood: -873.033598
[00:33:19] Bootstrap tree #16, logLikelihood: -956.584618
[00:34:16] Bootstrap tree #17, logLikelihood: -881.829921
[00:35:08] Bootstrap tree #18, logLikelihood: -933.514937
[00:36:24] Bootstrap tree #19, logLikelihood: -943.122646
[00:37:21] Bootstrap tree #20, logLikelihood: -969.131042
[00:38:26] Bootstrap tree #21, logLikelihood: -858.969235
[00:39:25] Bootstrap tree #22, logLikelihood: -995.401454
[00:40:16] Bootstrap tree #23, logLikelihood: -910.014913
[00:41:17] Bootstrap tree #24, logLikelihood: -892.737770
[00:42:10] Bootstrap tree #25, logLikelihood: -933.611618
[00:43:07] Bootstrap tree #26, logLikelihood: -949.562810
[00:44:05] Bootstrap tree #27, logLikelihood: -833.878061
[00:45:01] Bootstrap tree #28, logLikelihood: -887.827309
[00:46:03] Bootstrap tree #29, logLikelihood: -783.152719
[00:47:17] Bootstrap tree #30, logLikelihood: -859.004515
[00:48:10] Bootstrap tree #31, logLikelihood: -922.115661
[00:49:00] Bootstrap tree #32, logLikelihood: -998.168838
[00:50:03] Bootstrap tree #33, logLikelihood: -919.680572
[00:51:02] Bootstrap tree #34, logLikelihood: -913.793289
[00:52:24] Bootstrap tree #35, logLikelihood: -992.909334
[00:53:16] Bootstrap tree #36, logLikelihood: -1031.966777
[00:54:14] Bootstrap tree #37, logLikelihood: -852.186862
[00:55:39] Bootstrap tree #38, logLikelihood: -858.986268
[00:56:34] Bootstrap tree #39, logLikelihood: -813.154546
[00:57:35] Bootstrap tree #40, logLikelihood: -835.342244
[00:58:21] Bootstrap tree #41, logLikelihood: -892.983089
[00:59:50] Bootstrap tree #42, logLikelihood: -856.610191
[01:00:43] Bootstrap tree #43, logLikelihood: -882.569806
[01:01:38] Bootstrap tree #44, logLikelihood: -908.227283
[01:02:31] Bootstrap tree #45, logLikelihood: -836.339102
[01:03:37] Bootstrap tree #46, logLikelihood: -820.298091
[01:04:37] Bootstrap tree #47, logLikelihood: -916.553587
[01:05:25] Bootstrap tree #48, logLikelihood: -892.477509
[01:06:34] Bootstrap tree #49, logLikelihood: -955.304240
[01:07:44] Bootstrap tree #50, logLikelihood: -948.846765
[01:08:50] Bootstrap tree #51, logLikelihood: -879.683003
[01:09:53] Bootstrap tree #52, logLikelihood: -978.845039
[01:11:05] Bootstrap tree #53, logLikelihood: -878.291443
