
RAxML-NG v. 0.9.0 released on 20.05.2019 by The Exelixis Lab.
Developed by: Alexey M. Kozlov and Alexandros Stamatakis.
Contributors: Diego Darriba, Tomas Flouri, Benoit Morel, Sarah Lutteropp, Ben Bettisworth.
Latest version: https://github.com/amkozlov/raxml-ng
Questions/problems/suggestions? Please visit: https://groups.google.com/forum/#!forum/raxml

RAxML-NG was called at 12-Jul-2023 16:32:47 as follows:

raxml-ng --all --model Blosum62+G --msa results/windows/window_position_5050_5150.fa --prefix results/RaxMl/5050_5150 --msa-format FASTA --tree pars{5} --seed 239 --threads 2 --force --bs-trees 100 --bs-metric fbp

Analysis options:
  run mode: ML tree search + bootstrapping (Felsenstein Bootstrap)
  start tree(s): parsimony (5)
  bootstrap replicates: 100
  random seed: 239
  tip-inner: OFF
  pattern compression: ON
  per-rate scalers: OFF
  site repeats: ON
  branch lengths: proportional (ML estimate, algorithm: NR-FAST)
  SIMD kernels: SSE3
  parallelization: PTHREADS (2 threads), thread pinning: OFF

WARNING: Running in FORCE mode: all safety checks are disabled!

[00:00:00] Reading alignment from file: results/windows/window_position_5050_5150.fa
[00:00:00] Loaded alignment with 47 taxa and 100 sites

Alignment comprises 1 partitions and 88 patterns

Partition 0: noname
Model: BLOSUM62+G4m
Alignment sites / patterns: 100 / 88
Gaps: 0.00 %
Invariant sites: 21.00 %


NOTE: Binary MSA file created: results/RaxMl/5050_5150.raxml.rba

[00:00:00] Generating 5 parsimony starting tree(s) with 47 taxa
[00:00:00] Data distribution: max. partitions/sites/weight per thread: 1 / 44 / 3520

Starting ML tree search with 5 distinct starting trees

[00:01:08] ML tree search #1, logLikelihood: -944.570296
[00:02:28] ML tree search #2, logLikelihood: -944.522411
[00:03:35] ML tree search #3, logLikelihood: -944.143080
[00:04:43] ML tree search #4, logLikelihood: -944.570068
[00:05:43] ML tree search #5, logLikelihood: -944.142221

[00:05:43] ML tree search completed, best tree logLH: -944.142221

[00:05:43] Starting bootstrapping analysis with 100 replicates.

[00:06:42] Bootstrap tree #1, logLikelihood: -919.344185
[00:08:10] Bootstrap tree #2, logLikelihood: -915.058924
