
RAxML-NG v. 0.9.0 released on 20.05.2019 by The Exelixis Lab.
Developed by: Alexey M. Kozlov and Alexandros Stamatakis.
Contributors: Diego Darriba, Tomas Flouri, Benoit Morel, Sarah Lutteropp, Ben Bettisworth.
Latest version: https://github.com/amkozlov/raxml-ng
Questions/problems/suggestions? Please visit: https://groups.google.com/forum/#!forum/raxml

RAxML-NG was called at 13-Jul-2023 09:52:42 as follows:

raxml-ng --all --model Blosum62+G --msa results/windows/window_position_5090_5190.fa --prefix results/RaxMl/5090_5190 --msa-format FASTA --tree pars{5} --seed 239 --threads 2 --force --bs-trees 100 --bs-metric fbp

Analysis options:
  run mode: ML tree search + bootstrapping (Felsenstein Bootstrap)
  start tree(s): parsimony (5)
  bootstrap replicates: 100
  random seed: 239
  tip-inner: OFF
  pattern compression: ON
  per-rate scalers: OFF
  site repeats: ON
  branch lengths: proportional (ML estimate, algorithm: NR-FAST)
  SIMD kernels: SSE3
  parallelization: PTHREADS (2 threads), thread pinning: OFF

WARNING: Running in FORCE mode: all safety checks are disabled!

[00:00:00] Reading alignment from file: results/windows/window_position_5090_5190.fa
[00:00:00] Loaded alignment with 47 taxa and 100 sites

Alignment comprises 1 partitions and 86 patterns

Partition 0: noname
Model: BLOSUM62+G4m
Alignment sites / patterns: 100 / 86
Gaps: 0.00 %
Invariant sites: 28.00 %


NOTE: Binary MSA file created: results/RaxMl/5090_5190.raxml.rba

[00:00:00] Generating 5 parsimony starting tree(s) with 47 taxa
[00:00:00] Data distribution: max. partitions/sites/weight per thread: 1 / 43 / 3440

Starting ML tree search with 5 distinct starting trees

[00:00:59] ML tree search #1, logLikelihood: -899.818118
[00:02:44] ML tree search #2, logLikelihood: -899.818218
[00:03:45] ML tree search #3, logLikelihood: -899.818122
[00:04:47] ML tree search #4, logLikelihood: -899.818078
[00:05:45] ML tree search #5, logLikelihood: -899.818050

[00:05:45] ML tree search completed, best tree logLH: -899.818050

[00:05:45] Starting bootstrapping analysis with 100 replicates.

[00:06:41] Bootstrap tree #1, logLikelihood: -841.984995
[00:07:36] Bootstrap tree #2, logLikelihood: -875.485899
[00:08:32] Bootstrap tree #3, logLikelihood: -833.519316
[00:09:39] Bootstrap tree #4, logLikelihood: -957.157766
[00:10:40] Bootstrap tree #5, logLikelihood: -915.867499
[00:11:35] Bootstrap tree #6, logLikelihood: -872.259144
[00:12:28] Bootstrap tree #7, logLikelihood: -913.204133
[00:13:32] Bootstrap tree #8, logLikelihood: -858.568613
[00:14:27] Bootstrap tree #9, logLikelihood: -875.074860
[00:15:32] Bootstrap tree #10, logLikelihood: -865.982249
[00:16:26] Bootstrap tree #11, logLikelihood: -769.929908
[00:17:37] Bootstrap tree #12, logLikelihood: -936.167405
[00:19:08] Bootstrap tree #13, logLikelihood: -901.984164
[00:20:11] Bootstrap tree #14, logLikelihood: -952.761801
[00:21:12] Bootstrap tree #15, logLikelihood: -886.555124
[00:22:46] Bootstrap tree #16, logLikelihood: -939.025564
[00:23:41] Bootstrap tree #17, logLikelihood: -834.894672
[00:24:44] Bootstrap tree #18, logLikelihood: -906.547743
[00:25:49] Bootstrap tree #19, logLikelihood: -961.004796
[00:26:51] Bootstrap tree #20, logLikelihood: -955.949600
[00:27:50] Bootstrap tree #21, logLikelihood: -951.326367
