
RAxML-NG v. 0.9.0 released on 20.05.2019 by The Exelixis Lab.
Developed by: Alexey M. Kozlov and Alexandros Stamatakis.
Contributors: Diego Darriba, Tomas Flouri, Benoit Morel, Sarah Lutteropp, Ben Bettisworth.
Latest version: https://github.com/amkozlov/raxml-ng
Questions/problems/suggestions? Please visit: https://groups.google.com/forum/#!forum/raxml

RAxML-NG was called at 15-Jul-2023 21:47:49 as follows:

raxml-ng --all --model Blosum62+G --msa results/windows/window_position_5490_5590.fa --prefix results/RaxMl/5490_5590 --msa-format FASTA --tree pars{5} --seed 239 --threads 2 --force --bs-trees 100 --bs-metric fbp

Analysis options:
  run mode: ML tree search + bootstrapping (Felsenstein Bootstrap)
  start tree(s): parsimony (5)
  bootstrap replicates: 100
  random seed: 239
  tip-inner: OFF
  pattern compression: ON
  per-rate scalers: OFF
  site repeats: ON
  branch lengths: proportional (ML estimate, algorithm: NR-FAST)
  SIMD kernels: SSE3
  parallelization: PTHREADS (2 threads), thread pinning: OFF

WARNING: Running in FORCE mode: all safety checks are disabled!

[00:00:00] Reading alignment from file: results/windows/window_position_5490_5590.fa
[00:00:00] Loaded alignment with 47 taxa and 100 sites

Alignment comprises 1 partitions and 70 patterns

Partition 0: noname
Model: BLOSUM62+G4m
Alignment sites / patterns: 100 / 70
Gaps: 0.00 %
Invariant sites: 43.00 %


NOTE: Binary MSA file created: results/RaxMl/5490_5590.raxml.rba

[00:00:00] Generating 5 parsimony starting tree(s) with 47 taxa
[00:00:00] Data distribution: max. partitions/sites/weight per thread: 1 / 35 / 2800

Starting ML tree search with 5 distinct starting trees

[00:00:52] ML tree search #1, logLikelihood: -696.642470
[00:01:51] ML tree search #2, logLikelihood: -696.642383
[00:03:06] ML tree search #3, logLikelihood: -696.642387
[00:03:58] ML tree search #4, logLikelihood: -696.642300
[00:05:22] ML tree search #5, logLikelihood: -696.643457

[00:05:22] ML tree search completed, best tree logLH: -696.642300

[00:05:22] Starting bootstrapping analysis with 100 replicates.

[00:06:33] Bootstrap tree #1, logLikelihood: -642.158656
[00:07:26] Bootstrap tree #2, logLikelihood: -669.665058
[00:08:32] Bootstrap tree #3, logLikelihood: -683.459575
[00:09:42] Bootstrap tree #4, logLikelihood: -692.075113
[00:10:46] Bootstrap tree #5, logLikelihood: -725.016963
[00:11:37] Bootstrap tree #6, logLikelihood: -677.610367
[00:12:22] Bootstrap tree #7, logLikelihood: -632.598925
[00:13:13] Bootstrap tree #8, logLikelihood: -760.901754
[00:14:07] Bootstrap tree #9, logLikelihood: -624.121802
[00:14:55] Bootstrap tree #10, logLikelihood: -626.757850
[00:15:47] Bootstrap tree #11, logLikelihood: -672.971307
[00:16:36] Bootstrap tree #12, logLikelihood: -659.716199
[00:17:25] Bootstrap tree #13, logLikelihood: -642.719949
[00:18:19] Bootstrap tree #14, logLikelihood: -690.306737
[00:19:47] Bootstrap tree #15, logLikelihood: -673.216011
[00:20:35] Bootstrap tree #16, logLikelihood: -714.367535
[00:21:26] Bootstrap tree #17, logLikelihood: -678.535711
[00:22:14] Bootstrap tree #18, logLikelihood: -720.370202
[00:23:07] Bootstrap tree #19, logLikelihood: -726.875526
[00:24:04] Bootstrap tree #20, logLikelihood: -651.219537
[00:24:57] Bootstrap tree #21, logLikelihood: -731.876298
[00:25:44] Bootstrap tree #22, logLikelihood: -658.785748
[00:26:33] Bootstrap tree #23, logLikelihood: -681.639095
[00:27:18] Bootstrap tree #24, logLikelihood: -670.030097
[00:28:28] Bootstrap tree #25, logLikelihood: -702.894496
[00:29:22] Bootstrap tree #26, logLikelihood: -666.307015
[00:30:44] Bootstrap tree #27, logLikelihood: -694.774110
[00:31:37] Bootstrap tree #28, logLikelihood: -688.380103
[00:32:42] Bootstrap tree #29, logLikelihood: -659.748313
[00:33:25] Bootstrap tree #30, logLikelihood: -664.175730
[00:34:20] Bootstrap tree #31, logLikelihood: -669.968333
[00:35:04] Bootstrap tree #32, logLikelihood: -712.107025
[00:36:45] Bootstrap tree #33, logLikelihood: -702.399765
[00:37:43] Bootstrap tree #34, logLikelihood: -616.513139
