
RAxML-NG v. 0.9.0 released on 20.05.2019 by The Exelixis Lab.
Developed by: Alexey M. Kozlov and Alexandros Stamatakis.
Contributors: Diego Darriba, Tomas Flouri, Benoit Morel, Sarah Lutteropp, Ben Bettisworth.
Latest version: https://github.com/amkozlov/raxml-ng
Questions/problems/suggestions? Please visit: https://groups.google.com/forum/#!forum/raxml

RAxML-NG was called at 14-Jul-2023 15:13:42 as follows:

raxml-ng --all --model Blosum62+G --msa results/windows/window_position_5500_5600.fa --prefix results/RaxMl/5500_5600 --msa-format FASTA --tree pars{5} --seed 239 --threads 2 --force --bs-trees 100 --bs-metric fbp

Analysis options:
  run mode: ML tree search + bootstrapping (Felsenstein Bootstrap)
  start tree(s): parsimony (5)
  bootstrap replicates: 100
  random seed: 239
  tip-inner: OFF
  pattern compression: ON
  per-rate scalers: OFF
  site repeats: ON
  branch lengths: proportional (ML estimate, algorithm: NR-FAST)
  SIMD kernels: SSE3
  parallelization: PTHREADS (2 threads), thread pinning: OFF

WARNING: Running in FORCE mode: all safety checks are disabled!

[00:00:00] Reading alignment from file: results/windows/window_position_5500_5600.fa
[00:00:00] Loaded alignment with 47 taxa and 100 sites

Alignment comprises 1 partitions and 73 patterns

Partition 0: noname
Model: BLOSUM62+G4m
Alignment sites / patterns: 100 / 73
Gaps: 0.00 %
Invariant sites: 40.00 %


NOTE: Binary MSA file created: results/RaxMl/5500_5600.raxml.rba

[00:00:00] Generating 5 parsimony starting tree(s) with 47 taxa
[00:00:00] Data distribution: max. partitions/sites/weight per thread: 1 / 37 / 2960

Starting ML tree search with 5 distinct starting trees

[00:00:59] ML tree search #1, logLikelihood: -777.314379
[00:03:09] ML tree search #2, logLikelihood: -776.471106
[00:04:10] ML tree search #3, logLikelihood: -776.468554
[00:05:36] ML tree search #4, logLikelihood: -776.468582
[00:06:45] ML tree search #5, logLikelihood: -777.316291

[00:06:45] ML tree search completed, best tree logLH: -776.468554

[00:06:45] Starting bootstrapping analysis with 100 replicates.

[00:08:06] Bootstrap tree #1, logLikelihood: -751.782447
[00:09:03] Bootstrap tree #2, logLikelihood: -736.389515
[00:10:08] Bootstrap tree #3, logLikelihood: -805.050124
[00:11:01] Bootstrap tree #4, logLikelihood: -671.043175
[00:11:56] Bootstrap tree #5, logLikelihood: -692.528598
[00:12:56] Bootstrap tree #6, logLikelihood: -742.580921
[00:13:56] Bootstrap tree #7, logLikelihood: -694.547556
[00:15:38] Bootstrap tree #8, logLikelihood: -883.291808
[00:16:37] Bootstrap tree #9, logLikelihood: -760.100852
[00:17:43] Bootstrap tree #10, logLikelihood: -802.303474
[00:18:41] Bootstrap tree #11, logLikelihood: -703.798474
[00:19:39] Bootstrap tree #12, logLikelihood: -711.789199
[00:20:46] Bootstrap tree #13, logLikelihood: -718.370797
