
RAxML-NG v. 0.9.0 released on 20.05.2019 by The Exelixis Lab.
Developed by: Alexey M. Kozlov and Alexandros Stamatakis.
Contributors: Diego Darriba, Tomas Flouri, Benoit Morel, Sarah Lutteropp, Ben Bettisworth.
Latest version: https://github.com/amkozlov/raxml-ng
Questions/problems/suggestions? Please visit: https://groups.google.com/forum/#!forum/raxml

RAxML-NG was called at 15-Jul-2023 21:53:29 as follows:

raxml-ng --all --model Blosum62+G --msa results/windows/window_position_690_790.fa --prefix results/RaxMl/690_790 --msa-format FASTA --tree pars{5} --seed 239 --threads 2 --force --bs-trees 100 --bs-metric fbp

Analysis options:
  run mode: ML tree search + bootstrapping (Felsenstein Bootstrap)
  start tree(s): parsimony (5)
  bootstrap replicates: 100
  random seed: 239
  tip-inner: OFF
  pattern compression: ON
  per-rate scalers: OFF
  site repeats: ON
  branch lengths: proportional (ML estimate, algorithm: NR-FAST)
  SIMD kernels: SSE3
  parallelization: PTHREADS (2 threads), thread pinning: OFF

WARNING: Running in FORCE mode: all safety checks are disabled!

[00:00:00] Reading alignment from file: results/windows/window_position_690_790.fa
[00:00:00] Loaded alignment with 47 taxa and 100 sites

Alignment comprises 1 partitions and 98 patterns

Partition 0: noname
Model: BLOSUM62+G4m
Alignment sites / patterns: 100 / 98
Gaps: 0.00 %
Invariant sites: 5.00 %


NOTE: Binary MSA file created: results/RaxMl/690_790.raxml.rba

[00:00:00] Generating 5 parsimony starting tree(s) with 47 taxa
[00:00:00] Data distribution: max. partitions/sites/weight per thread: 1 / 49 / 3920

Starting ML tree search with 5 distinct starting trees

[00:01:10] ML tree search #1, logLikelihood: -1372.916729
[00:02:19] ML tree search #2, logLikelihood: -1372.916117
[00:03:22] ML tree search #3, logLikelihood: -1372.917100
[00:05:14] ML tree search #4, logLikelihood: -1372.890158
[00:06:24] ML tree search #5, logLikelihood: -1373.982677

[00:06:24] ML tree search completed, best tree logLH: -1372.890158

[00:06:24] Starting bootstrapping analysis with 100 replicates.

[00:07:29] Bootstrap tree #1, logLikelihood: -1322.309048
[00:08:26] Bootstrap tree #2, logLikelihood: -1418.162297
[00:09:38] Bootstrap tree #3, logLikelihood: -1302.023153
[00:10:34] Bootstrap tree #4, logLikelihood: -1395.517088
[00:11:43] Bootstrap tree #5, logLikelihood: -1324.835264
[00:12:36] Bootstrap tree #6, logLikelihood: -1315.711645
[00:13:43] Bootstrap tree #7, logLikelihood: -1250.942584
[00:14:47] Bootstrap tree #8, logLikelihood: -1409.290151
[00:15:56] Bootstrap tree #9, logLikelihood: -1384.493775
[00:16:59] Bootstrap tree #10, logLikelihood: -1418.894825
[00:18:04] Bootstrap tree #11, logLikelihood: -1342.547798
[00:19:02] Bootstrap tree #12, logLikelihood: -1238.678113
[00:20:41] Bootstrap tree #13, logLikelihood: -1413.477941
[00:23:00] Bootstrap tree #14, logLikelihood: -1341.687506
[00:24:11] Bootstrap tree #15, logLikelihood: -1379.653983
[00:25:22] Bootstrap tree #16, logLikelihood: -1226.549264
[00:26:26] Bootstrap tree #17, logLikelihood: -1360.277983
[00:27:35] Bootstrap tree #18, logLikelihood: -1326.511175
[00:28:36] Bootstrap tree #19, logLikelihood: -1384.214968
[00:29:27] Bootstrap tree #20, logLikelihood: -1325.587137
[00:30:31] Bootstrap tree #21, logLikelihood: -1269.850533
[00:31:51] Bootstrap tree #22, logLikelihood: -1326.881108
