
RAxML-NG v. 0.9.0 released on 20.05.2019 by The Exelixis Lab.
Developed by: Alexey M. Kozlov and Alexandros Stamatakis.
Contributors: Diego Darriba, Tomas Flouri, Benoit Morel, Sarah Lutteropp, Ben Bettisworth.
Latest version: https://github.com/amkozlov/raxml-ng
Questions/problems/suggestions? Please visit: https://groups.google.com/forum/#!forum/raxml

RAxML-NG was called at 10-Jul-2023 21:30:04 as follows:

raxml-ng --all --model Blosum62+G --msa results/windows/window_position_840_940.fa --prefix results/RaxMl/840_940 --msa-format FASTA --tree pars{5} --seed 239 --threads 2 --force --bs-trees 100 --bs-metric fbp

Analysis options:
  run mode: ML tree search + bootstrapping (Felsenstein Bootstrap)
  start tree(s): parsimony (5)
  bootstrap replicates: 100
  random seed: 239
  tip-inner: OFF
  pattern compression: ON
  per-rate scalers: OFF
  site repeats: ON
  branch lengths: proportional (ML estimate, algorithm: NR-FAST)
  SIMD kernels: SSE3
  parallelization: PTHREADS (2 threads), thread pinning: OFF

WARNING: Running in FORCE mode: all safety checks are disabled!

[00:00:00] Reading alignment from file: results/windows/window_position_840_940.fa
[00:00:00] Loaded alignment with 47 taxa and 100 sites

Alignment comprises 1 partitions and 90 patterns

Partition 0: noname
Model: BLOSUM62+G4m
Alignment sites / patterns: 100 / 90
Gaps: 0.00 %
Invariant sites: 13.00 %


NOTE: Binary MSA file created: results/RaxMl/840_940.raxml.rba

[00:00:00] Generating 5 parsimony starting tree(s) with 47 taxa
[00:00:00] Data distribution: max. partitions/sites/weight per thread: 1 / 45 / 3600

Starting ML tree search with 5 distinct starting trees

[00:01:33] ML tree search #1, logLikelihood: -914.383497
[00:02:32] ML tree search #2, logLikelihood: -914.399359
[00:03:30] ML tree search #3, logLikelihood: -914.399283
[00:05:14] ML tree search #4, logLikelihood: -914.383443
[00:06:51] ML tree search #5, logLikelihood: -914.383450

[00:06:52] ML tree search completed, best tree logLH: -914.383443

[00:06:52] Starting bootstrapping analysis with 100 replicates.

[00:07:52] Bootstrap tree #1, logLikelihood: -907.616899
[00:08:48] Bootstrap tree #2, logLikelihood: -943.972090
[00:09:51] Bootstrap tree #3, logLikelihood: -852.660788
[00:10:57] Bootstrap tree #4, logLikelihood: -853.141038
[00:12:03] Bootstrap tree #5, logLikelihood: -909.669860
[00:13:16] Bootstrap tree #6, logLikelihood: -885.364831
[00:14:32] Bootstrap tree #7, logLikelihood: -888.158217
[00:15:28] Bootstrap tree #8, logLikelihood: -847.916258
[00:16:28] Bootstrap tree #9, logLikelihood: -920.735813
[00:17:31] Bootstrap tree #10, logLikelihood: -871.222070
[00:18:41] Bootstrap tree #11, logLikelihood: -925.602806
[00:19:34] Bootstrap tree #12, logLikelihood: -1005.110148
[00:20:31] Bootstrap tree #13, logLikelihood: -911.503535
[00:21:33] Bootstrap tree #14, logLikelihood: -850.951242
[00:22:33] Bootstrap tree #15, logLikelihood: -919.884782
[00:23:34] Bootstrap tree #16, logLikelihood: -943.895554
[00:24:47] Bootstrap tree #17, logLikelihood: -1013.186135
[00:25:46] Bootstrap tree #18, logLikelihood: -843.421968
[00:26:49] Bootstrap tree #19, logLikelihood: -901.612999
[00:27:44] Bootstrap tree #20, logLikelihood: -893.699352
[00:28:39] Bootstrap tree #21, logLikelihood: -896.578175
[00:29:47] Bootstrap tree #22, logLikelihood: -907.383964
[00:30:44] Bootstrap tree #23, logLikelihood: -940.136185
[00:31:45] Bootstrap tree #24, logLikelihood: -948.800447
[00:32:47] Bootstrap tree #25, logLikelihood: -934.950317
[00:33:57] Bootstrap tree #26, logLikelihood: -867.611217
[00:34:55] Bootstrap tree #27, logLikelihood: -899.316839
[00:35:49] Bootstrap tree #28, logLikelihood: -948.984650
[00:36:53] Bootstrap tree #29, logLikelihood: -927.450618
[00:38:02] Bootstrap tree #30, logLikelihood: -843.928608
[00:39:09] Bootstrap tree #31, logLikelihood: -909.919074
[00:40:09] Bootstrap tree #32, logLikelihood: -850.730603
[00:41:16] Bootstrap tree #33, logLikelihood: -885.024478
[00:42:18] Bootstrap tree #34, logLikelihood: -887.919406
[00:43:25] Bootstrap tree #35, logLikelihood: -913.762119
[00:44:52] Bootstrap tree #36, logLikelihood: -919.939706
[00:45:53] Bootstrap tree #37, logLikelihood: -869.773408
[00:46:55] Bootstrap tree #38, logLikelihood: -886.636378
[00:47:56] Bootstrap tree #39, logLikelihood: -842.976368
[00:48:59] Bootstrap tree #40, logLikelihood: -854.233373
[00:49:58] Bootstrap tree #41, logLikelihood: -936.611798
[00:51:02] Bootstrap tree #42, logLikelihood: -880.504819
[00:51:59] Bootstrap tree #43, logLikelihood: -946.740936
[00:52:54] Bootstrap tree #44, logLikelihood: -859.123427
[00:54:15] Bootstrap tree #45, logLikelihood: -973.354360
[00:55:26] Bootstrap tree #46, logLikelihood: -917.748062
[00:56:44] Bootstrap tree #47, logLikelihood: -966.010739
[00:57:52] Bootstrap tree #48, logLikelihood: -887.335757
[00:59:04] Bootstrap tree #49, logLikelihood: -882.716101
[01:00:09] Bootstrap tree #50, logLikelihood: -862.195342
[01:01:15] Bootstrap tree #51, logLikelihood: -873.177337
[01:02:24] Bootstrap tree #52, logLikelihood: -903.568798
[01:03:25] Bootstrap tree #53, logLikelihood: -883.604649
[01:04:20] Bootstrap tree #54, logLikelihood: -928.958897
[01:05:15] Bootstrap tree #55, logLikelihood: -875.486461
[01:06:18] Bootstrap tree #56, logLikelihood: -930.272950
[01:07:24] Bootstrap tree #57, logLikelihood: -953.320966
[01:08:27] Bootstrap tree #58, logLikelihood: -917.415837
[01:09:25] Bootstrap tree #59, logLikelihood: -896.547584
[01:10:21] Bootstrap tree #60, logLikelihood: -868.759757
[01:11:43] Bootstrap tree #61, logLikelihood: -935.232553
[01:12:52] Bootstrap tree #62, logLikelihood: -904.060984
[01:14:00] Bootstrap tree #63, logLikelihood: -971.046914
[01:15:11] Bootstrap tree #64, logLikelihood: -879.776944
[01:16:17] Bootstrap tree #65, logLikelihood: -857.640637
[01:18:13] Bootstrap tree #66, logLikelihood: -874.340395
[01:19:46] Bootstrap tree #67, logLikelihood: -976.756706
[01:20:55] Bootstrap tree #68, logLikelihood: -857.112219
[01:22:05] Bootstrap tree #69, logLikelihood: -872.181714
[01:23:23] Bootstrap tree #70, logLikelihood: -920.954383
[01:24:43] Bootstrap tree #71, logLikelihood: -932.980543
[01:26:49] Bootstrap tree #72, logLikelihood: -938.156832
[01:27:56] Bootstrap tree #73, logLikelihood: -962.477175
[01:29:25] Bootstrap tree #74, logLikelihood: -893.947722
[01:31:02] Bootstrap tree #75, logLikelihood: -921.583976
[01:32:19] Bootstrap tree #76, logLikelihood: -914.968229
[01:34:56] Bootstrap tree #77, logLikelihood: -891.633154
[01:36:18] Bootstrap tree #78, logLikelihood: -867.352935
[01:37:30] Bootstrap tree #79, logLikelihood: -922.526782
[01:38:53] Bootstrap tree #80, logLikelihood: -912.507463
[01:40:55] Bootstrap tree #81, logLikelihood: -923.751049
[01:42:07] Bootstrap tree #82, logLikelihood: -904.932086
[01:43:41] Bootstrap tree #83, logLikelihood: -907.578584
[01:45:16] Bootstrap tree #84, logLikelihood: -953.952472
[01:46:51] Bootstrap tree #85, logLikelihood: -867.056086
[01:48:08] Bootstrap tree #86, logLikelihood: -894.272442
[01:49:25] Bootstrap tree #87, logLikelihood: -885.354545
[01:50:37] Bootstrap tree #88, logLikelihood: -892.739023
[01:51:35] Bootstrap tree #89, logLikelihood: -873.264104
[01:52:52] Bootstrap tree #90, logLikelihood: -884.696844
[01:54:14] Bootstrap tree #91, logLikelihood: -873.481249
[01:55:21] Bootstrap tree #92, logLikelihood: -890.995304
[01:57:13] Bootstrap tree #93, logLikelihood: -881.974823
[01:58:22] Bootstrap tree #94, logLikelihood: -870.632075
[01:59:23] Bootstrap tree #95, logLikelihood: -918.384466
[02:00:32] Bootstrap tree #96, logLikelihood: -916.464231
[02:01:40] Bootstrap tree #97, logLikelihood: -884.241163
[02:02:50] Bootstrap tree #98, logLikelihood: -882.955333
[02:03:49] Bootstrap tree #99, logLikelihood: -848.421410
