
RAxML-NG v. 0.9.0 released on 20.05.2019 by The Exelixis Lab.
Developed by: Alexey M. Kozlov and Alexandros Stamatakis.
Contributors: Diego Darriba, Tomas Flouri, Benoit Morel, Sarah Lutteropp, Ben Bettisworth.
Latest version: https://github.com/amkozlov/raxml-ng
Questions/problems/suggestions? Please visit: https://groups.google.com/forum/#!forum/raxml

RAxML-NG was called at 13-Jul-2023 20:33:54 as follows:

raxml-ng --all --model Blosum62+G --msa results/windows/window_position_860_960.fa --prefix results/RaxMl/860_960 --msa-format FASTA --tree pars{5} --seed 239 --threads 2 --force --bs-trees 100 --bs-metric fbp

Analysis options:
  run mode: ML tree search + bootstrapping (Felsenstein Bootstrap)
  start tree(s): parsimony (5)
  bootstrap replicates: 100
  random seed: 239
  tip-inner: OFF
  pattern compression: ON
  per-rate scalers: OFF
  site repeats: ON
  branch lengths: proportional (ML estimate, algorithm: NR-FAST)
  SIMD kernels: SSE3
  parallelization: PTHREADS (2 threads), thread pinning: OFF

WARNING: Running in FORCE mode: all safety checks are disabled!

[00:00:00] Reading alignment from file: results/windows/window_position_860_960.fa
[00:00:00] Loaded alignment with 47 taxa and 100 sites

Alignment comprises 1 partitions and 91 patterns

Partition 0: noname
Model: BLOSUM62+G4m
Alignment sites / patterns: 100 / 91
Gaps: 0.00 %
Invariant sites: 13.00 %


NOTE: Binary MSA file created: results/RaxMl/860_960.raxml.rba

[00:00:00] Generating 5 parsimony starting tree(s) with 47 taxa
[00:00:00] Data distribution: max. partitions/sites/weight per thread: 1 / 46 / 3680

Starting ML tree search with 5 distinct starting trees

[00:01:32] ML tree search #1, logLikelihood: -939.773325
[00:02:35] ML tree search #2, logLikelihood: -939.773236
[00:03:41] ML tree search #3, logLikelihood: -939.773269
[00:05:20] ML tree search #4, logLikelihood: -939.773290
[00:07:00] ML tree search #5, logLikelihood: -939.773240

[00:07:00] ML tree search completed, best tree logLH: -939.773236

[00:07:00] Starting bootstrapping analysis with 100 replicates.

[00:08:00] Bootstrap tree #1, logLikelihood: -914.857141
[00:09:28] Bootstrap tree #2, logLikelihood: -1034.068646
[00:10:46] Bootstrap tree #3, logLikelihood: -914.918292
[00:12:01] Bootstrap tree #4, logLikelihood: -883.801129
[00:13:34] Bootstrap tree #5, logLikelihood: -889.718692
[00:14:42] Bootstrap tree #6, logLikelihood: -905.584619
[00:15:54] Bootstrap tree #7, logLikelihood: -909.840234
[00:17:00] Bootstrap tree #8, logLikelihood: -965.653750
[00:17:59] Bootstrap tree #9, logLikelihood: -938.052004
[00:19:32] Bootstrap tree #10, logLikelihood: -943.182457
[00:20:37] Bootstrap tree #11, logLikelihood: -865.218879
[00:21:57] Bootstrap tree #12, logLikelihood: -937.071330
[00:23:00] Bootstrap tree #13, logLikelihood: -919.873929
[00:24:08] Bootstrap tree #14, logLikelihood: -907.134837
[00:25:19] Bootstrap tree #15, logLikelihood: -943.007410
[00:26:26] Bootstrap tree #16, logLikelihood: -968.697143
[00:27:27] Bootstrap tree #17, logLikelihood: -997.341112
[00:28:22] Bootstrap tree #18, logLikelihood: -903.970805
[00:29:39] Bootstrap tree #19, logLikelihood: -960.292242
[00:30:33] Bootstrap tree #20, logLikelihood: -949.675183
[00:31:34] Bootstrap tree #21, logLikelihood: -887.940705
[00:32:37] Bootstrap tree #22, logLikelihood: -920.089227
[00:33:32] Bootstrap tree #23, logLikelihood: -950.126963
[00:35:02] Bootstrap tree #24, logLikelihood: -960.579138
[00:36:07] Bootstrap tree #25, logLikelihood: -911.515502
[00:37:10] Bootstrap tree #26, logLikelihood: -918.456866
[00:38:18] Bootstrap tree #27, logLikelihood: -967.705973
[00:39:31] Bootstrap tree #28, logLikelihood: -923.871730
[00:40:34] Bootstrap tree #29, logLikelihood: -943.141133
[00:41:54] Bootstrap tree #30, logLikelihood: -946.051675
[00:42:49] Bootstrap tree #31, logLikelihood: -946.604634
[00:44:18] Bootstrap tree #32, logLikelihood: -891.812497
[00:45:21] Bootstrap tree #33, logLikelihood: -923.537595
[00:46:23] Bootstrap tree #34, logLikelihood: -928.738770
[00:47:34] Bootstrap tree #35, logLikelihood: -902.293686
[00:48:35] Bootstrap tree #36, logLikelihood: -933.459059
[00:50:09] Bootstrap tree #37, logLikelihood: -907.514567
[00:51:07] Bootstrap tree #38, logLikelihood: -929.025012
[00:52:01] Bootstrap tree #39, logLikelihood: -953.085834
[00:53:02] Bootstrap tree #40, logLikelihood: -896.014640
[00:54:16] Bootstrap tree #41, logLikelihood: -1021.823289
[00:55:14] Bootstrap tree #42, logLikelihood: -890.367618
[00:56:19] Bootstrap tree #43, logLikelihood: -961.187278
[00:57:26] Bootstrap tree #44, logLikelihood: -886.218274
[00:58:44] Bootstrap tree #45, logLikelihood: -928.005454
[00:59:40] Bootstrap tree #46, logLikelihood: -910.073791
[01:00:46] Bootstrap tree #47, logLikelihood: -893.100503
[01:02:18] Bootstrap tree #48, logLikelihood: -952.667595
[01:03:37] Bootstrap tree #49, logLikelihood: -919.495797
[01:04:37] Bootstrap tree #50, logLikelihood: -912.150133
[01:05:52] Bootstrap tree #51, logLikelihood: -940.314673
[01:07:00] Bootstrap tree #52, logLikelihood: -955.698494
[01:08:04] Bootstrap tree #53, logLikelihood: -909.182911
[01:09:20] Bootstrap tree #54, logLikelihood: -986.243282
[01:10:34] Bootstrap tree #55, logLikelihood: -942.905400
[01:11:44] Bootstrap tree #56, logLikelihood: -980.153956
[01:13:23] Bootstrap tree #57, logLikelihood: -988.998254
[01:14:23] Bootstrap tree #58, logLikelihood: -938.565759
[01:15:24] Bootstrap tree #59, logLikelihood: -972.686230
[01:16:29] Bootstrap tree #60, logLikelihood: -953.383722
[01:18:08] Bootstrap tree #61, logLikelihood: -928.778990
[01:19:11] Bootstrap tree #62, logLikelihood: -919.252215
[01:20:43] Bootstrap tree #63, logLikelihood: -994.982562
[01:22:18] Bootstrap tree #64, logLikelihood: -926.194319
[01:24:30] Bootstrap tree #65, logLikelihood: -906.147253
[01:25:52] Bootstrap tree #66, logLikelihood: -941.450372
[01:26:47] Bootstrap tree #67, logLikelihood: -909.062347
[01:28:00] Bootstrap tree #68, logLikelihood: -966.718454
[01:29:01] Bootstrap tree #69, logLikelihood: -949.267858
[01:29:54] Bootstrap tree #70, logLikelihood: -936.963030
[01:30:55] Bootstrap tree #71, logLikelihood: -964.614012
[01:32:11] Bootstrap tree #72, logLikelihood: -935.330194
[01:33:11] Bootstrap tree #73, logLikelihood: -919.549553
[01:34:16] Bootstrap tree #74, logLikelihood: -978.173600
