
RAxML-NG v. 0.9.0 released on 20.05.2019 by The Exelixis Lab.
Developed by: Alexey M. Kozlov and Alexandros Stamatakis.
Contributors: Diego Darriba, Tomas Flouri, Benoit Morel, Sarah Lutteropp, Ben Bettisworth.
Latest version: https://github.com/amkozlov/raxml-ng
Questions/problems/suggestions? Please visit: https://groups.google.com/forum/#!forum/raxml

RAxML-NG was called at 14-Jul-2023 13:54:32 as follows:

raxml-ng --all --model Blosum62+G --msa results/windows/window_position_880_980.fa --prefix results/RaxMl/880_980 --msa-format FASTA --tree pars{5} --seed 239 --threads 2 --force --bs-trees 100 --bs-metric fbp

Analysis options:
  run mode: ML tree search + bootstrapping (Felsenstein Bootstrap)
  start tree(s): parsimony (5)
  bootstrap replicates: 100
  random seed: 239
  tip-inner: OFF
  pattern compression: ON
  per-rate scalers: OFF
  site repeats: ON
  branch lengths: proportional (ML estimate, algorithm: NR-FAST)
  SIMD kernels: SSE3
  parallelization: PTHREADS (2 threads), thread pinning: OFF

WARNING: Running in FORCE mode: all safety checks are disabled!

[00:00:00] Reading alignment from file: results/windows/window_position_880_980.fa
[00:00:00] Loaded alignment with 47 taxa and 100 sites

Alignment comprises 1 partitions and 93 patterns

Partition 0: noname
Model: BLOSUM62+G4m
Alignment sites / patterns: 100 / 93
Gaps: 0.00 %
Invariant sites: 11.00 %


NOTE: Binary MSA file created: results/RaxMl/880_980.raxml.rba

[00:00:00] Generating 5 parsimony starting tree(s) with 47 taxa
[00:00:00] Data distribution: max. partitions/sites/weight per thread: 1 / 47 / 3760

Starting ML tree search with 5 distinct starting trees

[00:01:36] ML tree search #1, logLikelihood: -970.264454
[00:02:53] ML tree search #2, logLikelihood: -970.264455
[00:03:59] ML tree search #3, logLikelihood: -970.264488
[00:05:01] ML tree search #4, logLikelihood: -970.264454
[00:06:02] ML tree search #5, logLikelihood: -970.264464

[00:06:02] ML tree search completed, best tree logLH: -970.264454

[00:06:02] Starting bootstrapping analysis with 100 replicates.

[00:06:57] Bootstrap tree #1, logLikelihood: -845.810231
[00:08:28] Bootstrap tree #2, logLikelihood: -909.201267
[00:09:31] Bootstrap tree #3, logLikelihood: -1021.798506
[00:10:37] Bootstrap tree #4, logLikelihood: -938.577684
[00:11:43] Bootstrap tree #5, logLikelihood: -969.303628
[00:13:05] Bootstrap tree #6, logLikelihood: -1011.898992
[00:14:35] Bootstrap tree #7, logLikelihood: -919.360392
[00:15:42] Bootstrap tree #8, logLikelihood: -972.682216
[00:16:48] Bootstrap tree #9, logLikelihood: -972.051560
[00:18:15] Bootstrap tree #10, logLikelihood: -1018.554058
[00:19:32] Bootstrap tree #11, logLikelihood: -949.138432
[00:21:10] Bootstrap tree #12, logLikelihood: -969.924383
[00:22:34] Bootstrap tree #13, logLikelihood: -951.455279
[00:23:34] Bootstrap tree #14, logLikelihood: -1052.320319
[00:25:43] Bootstrap tree #15, logLikelihood: -992.746779
[00:27:18] Bootstrap tree #16, logLikelihood: -962.022143
[00:28:51] Bootstrap tree #17, logLikelihood: -898.821298
[00:29:57] Bootstrap tree #18, logLikelihood: -1006.646133
[00:30:57] Bootstrap tree #19, logLikelihood: -966.127986
[00:32:04] Bootstrap tree #20, logLikelihood: -1002.364515
[00:33:12] Bootstrap tree #21, logLikelihood: -989.363218
[00:34:29] Bootstrap tree #22, logLikelihood: -954.222104
[00:35:42] Bootstrap tree #23, logLikelihood: -977.977714
[00:36:53] Bootstrap tree #24, logLikelihood: -969.275253
[00:37:55] Bootstrap tree #25, logLikelihood: -942.190839
[00:39:11] Bootstrap tree #26, logLikelihood: -927.144469
[00:40:10] Bootstrap tree #27, logLikelihood: -893.266431
[00:41:11] Bootstrap tree #28, logLikelihood: -914.147983
[00:42:29] Bootstrap tree #29, logLikelihood: -935.635210
[00:44:22] Bootstrap tree #30, logLikelihood: -951.983163
[00:45:30] Bootstrap tree #31, logLikelihood: -939.455211
[00:46:35] Bootstrap tree #32, logLikelihood: -932.907439
[00:47:31] Bootstrap tree #33, logLikelihood: -962.314997
[00:48:30] Bootstrap tree #34, logLikelihood: -1006.273914
[00:50:04] Bootstrap tree #35, logLikelihood: -909.130913
[00:51:14] Bootstrap tree #36, logLikelihood: -991.929954
[00:52:18] Bootstrap tree #37, logLikelihood: -932.799392
[00:53:12] Bootstrap tree #38, logLikelihood: -908.776159
[00:54:28] Bootstrap tree #39, logLikelihood: -1005.060427
[00:55:25] Bootstrap tree #40, logLikelihood: -886.312264
[00:57:17] Bootstrap tree #41, logLikelihood: -965.133460
[00:58:17] Bootstrap tree #42, logLikelihood: -898.876686
[00:59:19] Bootstrap tree #43, logLikelihood: -876.566993
[01:00:20] Bootstrap tree #44, logLikelihood: -1019.981784
[01:01:24] Bootstrap tree #45, logLikelihood: -981.836252
[01:02:31] Bootstrap tree #46, logLikelihood: -1044.733345
[01:03:45] Bootstrap tree #47, logLikelihood: -939.922346
[01:04:48] Bootstrap tree #48, logLikelihood: -975.183200
[01:05:56] Bootstrap tree #49, logLikelihood: -962.236615
[01:06:55] Bootstrap tree #50, logLikelihood: -906.237610
[01:08:07] Bootstrap tree #51, logLikelihood: -970.957602
[01:09:02] Bootstrap tree #52, logLikelihood: -888.503604
[01:10:14] Bootstrap tree #53, logLikelihood: -946.933040
[01:11:31] Bootstrap tree #54, logLikelihood: -1001.072450
[01:12:30] Bootstrap tree #55, logLikelihood: -956.470814
[01:14:01] Bootstrap tree #56, logLikelihood: -966.621685
[01:15:31] Bootstrap tree #57, logLikelihood: -1010.634278
[01:16:48] Bootstrap tree #58, logLikelihood: -904.000781
[01:17:58] Bootstrap tree #59, logLikelihood: -1043.992264
[01:19:04] Bootstrap tree #60, logLikelihood: -994.816421
[01:20:11] Bootstrap tree #61, logLikelihood: -912.271600
[01:21:20] Bootstrap tree #62, logLikelihood: -850.614106
[01:22:29] Bootstrap tree #63, logLikelihood: -842.947714
[01:24:19] Bootstrap tree #64, logLikelihood: -996.512988
[01:25:26] Bootstrap tree #65, logLikelihood: -922.605543
[01:26:33] Bootstrap tree #66, logLikelihood: -877.832275
[01:27:45] Bootstrap tree #67, logLikelihood: -1003.256454
[01:28:55] Bootstrap tree #68, logLikelihood: -949.406292
[01:29:59] Bootstrap tree #69, logLikelihood: -960.675551
[01:31:21] Bootstrap tree #70, logLikelihood: -989.437078
[01:32:25] Bootstrap tree #71, logLikelihood: -1007.655692
[01:33:31] Bootstrap tree #72, logLikelihood: -950.492000
[01:34:40] Bootstrap tree #73, logLikelihood: -898.018994
[01:35:53] Bootstrap tree #74, logLikelihood: -885.837391
[01:36:54] Bootstrap tree #75, logLikelihood: -968.322548
[01:38:20] Bootstrap tree #76, logLikelihood: -970.697887
[01:39:44] Bootstrap tree #77, logLikelihood: -989.169838
